#
# There is insufficient memory for the Java Runtime Environment to continue.
# Native memory allocation (mmap) failed to map 545259520 bytes for G1 virtual space
# Possible reasons:
#   The system is out of physical RAM or swap space
#   The process is running with CompressedOops enabled, and the Java Heap may be blocking the growth of the native heap
# Possible solutions:
#   Reduce memory load on the system
#   Increase physical memory or swap space
#   Check if swap backing store is full
#   Decrease Java heap size (-Xmx/-Xms)
#   Decrease number of Java threads
#   Decrease Java thread stack sizes (-Xss)
#   Set larger code cache with -XX:ReservedCodeCacheSize=
#   JVM is running with Zero Based Compressed Oops mode in which the Java heap is
#     placed in the first 32GB address space. The Java Heap base address is the
#     maximum limit for the native heap growth. Please use -XX:HeapBaseMinAddress
#     to set the Java Heap base and to place the Java Heap above 32GB virtual address.
# This output file may be truncated or incomplete.
#
#  Out of Memory Error (os_windows.cpp:3535), pid=113224, tid=116188
#
# JRE version: OpenJDK Runtime Environment Temurin-17.0.3+7 (17.0.3+7) (build 17.0.3+7)
# Java VM: OpenJDK 64-Bit Server VM Temurin-17.0.3+7 (17.0.3+7, mixed mode, emulated-client, tiered, compressed oops, compressed class ptrs, g1 gc, windows-amd64)
# No core dump will be written. Minidumps are not enabled by default on client versions of Windows
#

---------------  S U M M A R Y ------------

Command Line: -Dsts.lsp.client=vscode -Dsts.log.file=/dev/null -XX:TieredStopAtLevel=1 -Dspring.config.location=file:c:\Users\LENOVO\.vscode\extensions\pivotal.vscode-spring-boot-1.38.0\language-server\BOOT-INF\classes\application.properties org.springframework.ide.vscode.boot.app.BootLanguageServerBootApp

Host: AMD Ryzen 7 4700U with Radeon Graphics         , 8 cores, 19G,  Windows 11 , 64 bit Build 22000 (10.0.22000.708)
Time: Sat Aug 20 18:26:06 2022 Hora est. Pacífico, Sudamérica elapsed time: 3.163218 seconds (0d 0h 0m 3s)

---------------  T H R E A D  ---------------

Current thread (0x0000026e4b308cf0):  VMThread "VM Thread" [stack: 0x000000d2ca100000,0x000000d2ca200000] [id=116188]

Stack: [0x000000d2ca100000,0x000000d2ca200000]
Native frames: (J=compiled Java code, j=interpreted, Vv=VM code, C=native code)
V  [jvm.dll+0x675efa]
V  [jvm.dll+0x830a24]
V  [jvm.dll+0x8321ce]
V  [jvm.dll+0x832833]
V  [jvm.dll+0x2454b5]
V  [jvm.dll+0x672de9]
V  [jvm.dll+0x667732]
V  [jvm.dll+0x3043ab]
V  [jvm.dll+0x30b8f6]
V  [jvm.dll+0x35b62e]
V  [jvm.dll+0x35b85f]
V  [jvm.dll+0x2db248]
V  [jvm.dll+0x2d94fc]
V  [jvm.dll+0x2d8acc]
V  [jvm.dll+0x31ca2b]
V  [jvm.dll+0x836cdb]
V  [jvm.dll+0x837a14]
V  [jvm.dll+0x837f2c]
V  [jvm.dll+0x838304]
V  [jvm.dll+0x8383d0]
V  [jvm.dll+0x7e0cfa]
V  [jvm.dll+0x674d85]
C  [ucrtbase.dll+0x26c0c]
C  [KERNEL32.DLL+0x154e0]
C  [ntdll.dll+0x485b]

VM_Operation (0x000000d2cc7fe070): G1CollectForAllocation, mode: safepoint, requested by thread 0x0000026e4dde9c90


---------------  P R O C E S S  ---------------

Threads class SMR info:
_java_thread_list=0x0000026e4fa321e0, length=40, elements={
0x0000026e4bc15390, 0x0000026e4bc168b0, 0x0000026e4bc46130, 0x0000026e4bc48a00,
0x0000026e4bc492c0, 0x0000026e4bc49b80, 0x0000026e4bc4abe0, 0x0000026e4bc4ccb0,
0x0000026e4bd29ec0, 0x0000026e4be724a0, 0x0000026e4be7f560, 0x0000026e4c86d030,
0x0000026e4c648b90, 0x0000026e4dbc4760, 0x0000026e4db5e980, 0x0000026e4dd8ea80,
0x0000026e373040e0, 0x0000026e4dca6080, 0x0000026e4dde0240, 0x0000026e4dde0710,
0x0000026e4dde1bf0, 0x0000026e4dde92f0, 0x0000026e4ddea160, 0x0000026e4dde8e20,
0x0000026e4dde7fb0, 0x0000026e4dde7610, 0x0000026e4ddeab00, 0x0000026e4ddea630,
0x0000026e4dde9c90, 0x0000026e4dde8950, 0x0000026e4dde7ae0, 0x0000026e4dde8480,
0x0000026e4dde97c0, 0x0000026e4dde7140, 0x0000026e4f9c9670, 0x0000026e4f9ca4e0,
0x0000026e4f9c9b40, 0x0000026e4f9ca010, 0x0000026e4f9cc690, 0x0000026e4f9cbcf0
}

Java Threads: ( => current thread )
  0x0000026e4bc15390 JavaThread "Reference Handler" daemon [_thread_blocked, id=109220, stack(0x000000d2ca200000,0x000000d2ca300000)]
  0x0000026e4bc168b0 JavaThread "Finalizer" daemon [_thread_blocked, id=111364, stack(0x000000d2ca300000,0x000000d2ca400000)]
  0x0000026e4bc46130 JavaThread "Signal Dispatcher" daemon [_thread_blocked, id=100632, stack(0x000000d2ca400000,0x000000d2ca500000)]
  0x0000026e4bc48a00 JavaThread "Attach Listener" daemon [_thread_blocked, id=104872, stack(0x000000d2ca500000,0x000000d2ca600000)]
  0x0000026e4bc492c0 JavaThread "Service Thread" daemon [_thread_blocked, id=6388, stack(0x000000d2ca600000,0x000000d2ca700000)]
  0x0000026e4bc49b80 JavaThread "Monitor Deflation Thread" daemon [_thread_blocked, id=117284, stack(0x000000d2ca700000,0x000000d2ca800000)]
  0x0000026e4bc4abe0 JavaThread "C1 CompilerThread0" daemon [_thread_blocked, id=111944, stack(0x000000d2ca800000,0x000000d2ca900000)]
  0x0000026e4bc4ccb0 JavaThread "Sweeper thread" daemon [_thread_blocked, id=116172, stack(0x000000d2ca900000,0x000000d2caa00000)]
  0x0000026e4bd29ec0 JavaThread "C1 CompilerThread1" daemon [_thread_blocked, id=85740, stack(0x000000d2caa00000,0x000000d2cab00000)]
  0x0000026e4be724a0 JavaThread "Notification Thread" daemon [_thread_blocked, id=102304, stack(0x000000d2cab00000,0x000000d2cac00000)]
  0x0000026e4be7f560 JavaThread "Common-Cleaner" daemon [_thread_blocked, id=115580, stack(0x000000d2cad00000,0x000000d2cae00000)]
  0x0000026e4c86d030 JavaThread "C1 CompilerThread2" daemon [_thread_blocked, id=113180, stack(0x000000d2cae00000,0x000000d2caf00000)]
  0x0000026e4c648b90 JavaThread "C1 CompilerThread3" daemon [_thread_blocked, id=107584, stack(0x000000d2caf00000,0x000000d2cb000000)]
  0x0000026e4dbc4760 JavaThread "ForkJoinPool.commonPool-worker-1" daemon [_thread_blocked, id=116936, stack(0x000000d2cb800000,0x000000d2cb900000)]
  0x0000026e4db5e980 JavaThread "pool-7-thread-1" [_thread_blocked, id=79620, stack(0x000000d2cba00000,0x000000d2cbb00000)]
  0x0000026e4dd8ea80 JavaThread "LanguageServerApp-lifecycle" [_thread_blocked, id=106536, stack(0x000000d2cbb00000,0x000000d2cbc00000)]
  0x0000026e373040e0 JavaThread "DestroyJavaVM" [_thread_blocked, id=116176, stack(0x000000d2c9b00000,0x000000d2c9c00000)]
  0x0000026e4dca6080 JavaThread "ClassGraph-worker-0" daemon [_thread_blocked, id=80956, stack(0x000000d2cbc00000,0x000000d2cbd00000)]
  0x0000026e4dde0240 JavaThread "ClassGraph-worker-1" daemon [_thread_blocked, id=109556, stack(0x000000d2cbd00000,0x000000d2cbe00000)]
  0x0000026e4dde0710 JavaThread "ClassGraph-worker-2" daemon [_thread_blocked, id=117532, stack(0x000000d2cbe00000,0x000000d2cbf00000)]
  0x0000026e4dde1bf0 JavaThread "ClassGraph-worker-3" daemon [_thread_blocked, id=113320, stack(0x000000d2cbf00000,0x000000d2cc000000)]
  0x0000026e4dde92f0 JavaThread "ClassGraph-worker-4" daemon [_thread_blocked, id=113940, stack(0x000000d2cc000000,0x000000d2cc100000)]
  0x0000026e4ddea160 JavaThread "ClassGraph-worker-5" daemon [_thread_blocked, id=95740, stack(0x000000d2cc100000,0x000000d2cc200000)]
  0x0000026e4dde8e20 JavaThread "ClassGraph-worker-6" daemon [_thread_blocked, id=114036, stack(0x000000d2cc200000,0x000000d2cc300000)]
  0x0000026e4dde7fb0 JavaThread "ClassGraph-worker-7" daemon [_thread_blocked, id=103712, stack(0x000000d2cc300000,0x000000d2cc400000)]
  0x0000026e4dde7610 JavaThread "ClassGraph-worker-8" daemon [_thread_blocked, id=108616, stack(0x000000d2cc400000,0x000000d2cc500000)]
  0x0000026e4ddeab00 JavaThread "ClassGraph-worker-9" daemon [_thread_blocked, id=94892, stack(0x000000d2cc500000,0x000000d2cc600000)]
  0x0000026e4ddea630 JavaThread "ClassGraph-worker-10" daemon [_thread_blocked, id=99904, stack(0x000000d2cc600000,0x000000d2cc700000)]
  0x0000026e4dde9c90 JavaThread "ClassGraph-worker-11" daemon [_thread_blocked, id=113412, stack(0x000000d2cc700000,0x000000d2cc800000)]
  0x0000026e4dde8950 JavaThread "ClassGraph-worker-12" daemon [_thread_blocked, id=103536, stack(0x000000d2cc800000,0x000000d2cc900000)]
  0x0000026e4dde7ae0 JavaThread "ClassGraph-worker-13" daemon [_thread_blocked, id=114640, stack(0x000000d2cc900000,0x000000d2cca00000)]
  0x0000026e4dde8480 JavaThread "pool-8-thread-1" [_thread_in_native, id=101328, stack(0x000000d2cca00000,0x000000d2ccb00000)]
  0x0000026e4dde97c0 JavaThread "Simple-Language-Server main thread" daemon [_thread_blocked, id=78596, stack(0x000000d2ccb00000,0x000000d2ccc00000)]
  0x0000026e4dde7140 JavaThread "parallel-1" daemon [_thread_blocked, id=106300, stack(0x000000d2ccc00000,0x000000d2ccd00000)]
  0x0000026e4f9c9670 JavaThread "pool-2-thread-1" [_thread_blocked, id=72492, stack(0x000000d2ccd00000,0x000000d2cce00000)]
  0x0000026e4f9ca4e0 JavaThread "ForkJoinPool.commonPool-worker-2" daemon [_thread_blocked, id=111236, stack(0x000000d2cce00000,0x000000d2ccf00000)]
  0x0000026e4f9c9b40 JavaThread "pool-2-thread-2" [_thread_blocked, id=12024, stack(0x000000d2ccf00000,0x000000d2cd000000)]
  0x0000026e4f9ca010 JavaThread "pool-2-thread-3" [_thread_blocked, id=78980, stack(0x000000d2cd200000,0x000000d2cd300000)]
  0x0000026e4f9cc690 JavaThread "parallel-2" daemon [_thread_blocked, id=110296, stack(0x000000d2cd300000,0x000000d2cd400000)]
  0x0000026e4f9cbcf0 JavaThread "Reconciler-1" daemon [_thread_blocked, id=93892, stack(0x000000d2cd400000,0x000000d2cd500000)]

Other Threads:
=>0x0000026e4b308cf0 VMThread "VM Thread" [stack: 0x000000d2ca100000,0x000000d2ca200000] [id=116188]
  0x0000026e4be76990 WatcherThread [stack: 0x000000d2cac00000,0x000000d2cad00000] [id=104100]
  0x0000026e373764a0 GCTaskThread "GC Thread#0" [stack: 0x000000d2c9c00000,0x000000d2c9d00000] [id=114004]
  0x0000026e4c8e0c50 GCTaskThread "GC Thread#1" [stack: 0x000000d2cb000000,0x000000d2cb100000] [id=104064]
  0x0000026e4c8e0f00 GCTaskThread "GC Thread#2" [stack: 0x000000d2cb100000,0x000000d2cb200000] [id=115024]
  0x0000026e4c8e11b0 GCTaskThread "GC Thread#3" [stack: 0x000000d2cb200000,0x000000d2cb300000] [id=116652]
  0x0000026e4c8ebc90 GCTaskThread "GC Thread#4" [stack: 0x000000d2cb300000,0x000000d2cb400000] [id=95624]
  0x0000026e4c8ee350 GCTaskThread "GC Thread#5" [stack: 0x000000d2cb400000,0x000000d2cb500000] [id=102776]
  0x0000026e4c8ee600 GCTaskThread "GC Thread#6" [stack: 0x000000d2cb500000,0x000000d2cb600000] [id=102004]
  0x0000026e4d44d320 GCTaskThread "GC Thread#7" [stack: 0x000000d2cb700000,0x000000d2cb800000] [id=113340]
  0x0000026e37380df0 ConcurrentGCThread "G1 Main Marker" [stack: 0x000000d2c9d00000,0x000000d2c9e00000] [id=113368]
  0x0000026e37381f80 ConcurrentGCThread "G1 Conc#0" [stack: 0x000000d2c9e00000,0x000000d2c9f00000] [id=76968]
  0x0000026e4d7b9630 ConcurrentGCThread "G1 Conc#1" [stack: 0x000000d2cb900000,0x000000d2cba00000] [id=87596]
  0x0000026e373bdb60 ConcurrentGCThread "G1 Refine#0" [stack: 0x000000d2c9f00000,0x000000d2ca000000] [id=114380]
  0x0000026e4c8ef0c0 ConcurrentGCThread "G1 Refine#1" [stack: 0x000000d2cb600000,0x000000d2cb700000] [id=117708]
  0x0000026e4e36a380 ConcurrentGCThread "G1 Refine#2" [stack: 0x000000d2cd000000,0x000000d2cd100000] [id=113144]
  0x0000026e4f9e32d0 ConcurrentGCThread "G1 Refine#3" [stack: 0x000000d2cd100000,0x000000d2cd200000] [id=86116]
  0x0000026e373be490 ConcurrentGCThread "G1 Service" [stack: 0x000000d2ca000000,0x000000d2ca100000] [id=117632]

Threads with active compile tasks:

VM state: at safepoint (normal execution)

VM Mutex/Monitor currently owned by a thread:  ([mutex/lock_event])
[0x0000026e37300480] Threads_lock - owner thread: 0x0000026e4b308cf0
[0x0000026e372fefb0] Heap_lock - owner thread: 0x0000026e4dde9c90

Heap address: 0x00000006ca000000, size: 4960 MB, Compressed Oops mode: Zero based, Oop shift amount: 3

CDS archive(s) not mapped
Compressed class space mapped at: 0x0000000800000000-0x0000000840000000, reserved size: 1073741824
Narrow klass base: 0x0000000800000000, Narrow klass shift: 0, Narrow klass range: 0x40000000

GC Precious Log:
 CPUs: 8 total, 8 available
 Memory: 19830M
 Large Page Support: Disabled
 NUMA Support: Disabled
 Compressed Oops: Enabled (Zero based)
 Heap Region Size: 4M
 Heap Min Capacity: 8M
 Heap Initial Capacity: 312M
 Heap Max Capacity: 4960M
 Pre-touch: Disabled
 Parallel Workers: 8
 Concurrent Workers: 2
 Concurrent Refinement Workers: 8
 Periodic GC: Disabled

Heap:
 garbage-first heap   total 376832K, used 97100K [0x00000006ca000000, 0x0000000800000000)
  region size 4096K, 5 young (20480K), 5 survivors (20480K)
 Metaspace       used 35209K, committed 35520K, reserved 1081344K
  class space    used 4575K, committed 4736K, reserved 1048576K

Heap Regions: E=young(eden), S=young(survivor), O=old, HS=humongous(starts), HC=humongous(continues), CS=collection set, F=free, OA=open archive, CA=closed archive, TAMS=top-at-mark-start (previous, next)
|   0|0x00000006ca000000, 0x00000006ca400000, 0x00000006ca400000|100%| O|  |TAMS 0x00000006ca400000, 0x00000006ca000000| Untracked 
|   1|0x00000006ca400000, 0x00000006ca800000, 0x00000006ca800000|100%| O|  |TAMS 0x00000006ca400000, 0x00000006ca400000| Untracked 
|   2|0x00000006ca800000, 0x00000006cac00000, 0x00000006cac00000|100%| O|  |TAMS 0x00000006ca800000, 0x00000006ca800000| Untracked 
|   3|0x00000006cac00000, 0x00000006cb000000, 0x00000006cb000000|100%| O|  |TAMS 0x00000006cac00000, 0x00000006cac00000| Untracked 
|   4|0x00000006cb000000, 0x00000006cb400000, 0x00000006cb400000|100%| O|  |TAMS 0x00000006cb000000, 0x00000006cb000000| Untracked 
|   5|0x00000006cb400000, 0x00000006cb800000, 0x00000006cb800000|100%| O|  |TAMS 0x00000006cb400000, 0x00000006cb400000| Untracked 
|   6|0x00000006cb800000, 0x00000006cbc00000, 0x00000006cbc00000|100%| O|  |TAMS 0x00000006cb800000, 0x00000006cb800000| Untracked 
|   7|0x00000006cbc00000, 0x00000006cc000000, 0x00000006cc000000|100%| O|  |TAMS 0x00000006cbc00000, 0x00000006cbc00000| Untracked 
|   8|0x00000006cc000000, 0x00000006cc400000, 0x00000006cc400000|100%| O|  |TAMS 0x00000006cc000000, 0x00000006cc000000| Untracked 
|   9|0x00000006cc400000, 0x00000006cc800000, 0x00000006cc800000|100%| O|  |TAMS 0x00000006cc400000, 0x00000006cc400000| Untracked 
|  10|0x00000006cc800000, 0x00000006ccc00000, 0x00000006ccc00000|100%| O|  |TAMS 0x00000006cc800000, 0x00000006cc800000| Untracked 
|  11|0x00000006ccc00000, 0x00000006cd000000, 0x00000006cd000000|100%| O|  |TAMS 0x00000006ccc00000, 0x00000006ccc00000| Untracked 
|  12|0x00000006cd000000, 0x00000006cd400000, 0x00000006cd400000|100%| O|  |TAMS 0x00000006cd000000, 0x00000006cd000000| Untracked 
|  13|0x00000006cd400000, 0x00000006cd800000, 0x00000006cd800000|100%| O|  |TAMS 0x00000006cd400000, 0x00000006cd400000| Untracked 
|  14|0x00000006cd800000, 0x00000006cdc00000, 0x00000006cdc00000|100%| O|  |TAMS 0x00000006cd800000, 0x00000006cd800000| Untracked 
|  15|0x00000006cdc00000, 0x00000006ce000000, 0x00000006ce000000|100%| O|  |TAMS 0x00000006cdc00000, 0x00000006cdc00000| Untracked 
|  16|0x00000006ce000000, 0x00000006ce400000, 0x00000006ce400000|100%| O|  |TAMS 0x00000006ce000000, 0x00000006ce000000| Untracked 
|  17|0x00000006ce400000, 0x00000006ce800000, 0x00000006ce800000|100%| O|  |TAMS 0x00000006ce400000, 0x00000006ce400000| Untracked 
|  18|0x00000006ce800000, 0x00000006cec00000, 0x00000006cec00000|100%| O|  |TAMS 0x00000006ce800000, 0x00000006ce800000| Untracked 
|  19|0x00000006cec00000, 0x00000006cee00200, 0x00000006cf000000| 50%| O|  |TAMS 0x00000006cec00000, 0x00000006cec00000| Untracked 
|  20|0x00000006cf000000, 0x00000006cf000000, 0x00000006cf400000|  0%| F|  |TAMS 0x00000006cf000000, 0x00000006cf000000| Untracked 
|  21|0x00000006cf400000, 0x00000006cf400000, 0x00000006cf800000|  0%| F|  |TAMS 0x00000006cf400000, 0x00000006cf400000| Untracked 
|  22|0x00000006cf800000, 0x00000006cf800000, 0x00000006cfc00000|  0%| F|  |TAMS 0x00000006cf800000, 0x00000006cf800000| Untracked 
|  23|0x00000006cfc00000, 0x00000006cfc00000, 0x00000006d0000000|  0%| F|  |TAMS 0x00000006cfc00000, 0x00000006cfc00000| Untracked 
|  24|0x00000006d0000000, 0x00000006d0000000, 0x00000006d0400000|  0%| F|  |TAMS 0x00000006d0000000, 0x00000006d0000000| Untracked 
|  25|0x00000006d0400000, 0x00000006d0400000, 0x00000006d0800000|  0%| F|  |TAMS 0x00000006d0400000, 0x00000006d0400000| Untracked 
|  26|0x00000006d0800000, 0x00000006d0800000, 0x00000006d0c00000|  0%| F|  |TAMS 0x00000006d0800000, 0x00000006d0800000| Untracked 
|  27|0x00000006d0c00000, 0x00000006d0c00000, 0x00000006d1000000|  0%| F|  |TAMS 0x00000006d0c00000, 0x00000006d0c00000| Untracked 
|  28|0x00000006d1000000, 0x00000006d1000000, 0x00000006d1400000|  0%| F|  |TAMS 0x00000006d1000000, 0x00000006d1000000| Untracked 
|  29|0x00000006d1400000, 0x00000006d1400000, 0x00000006d1800000|  0%| F|  |TAMS 0x00000006d1400000, 0x00000006d1400000| Untracked 
|  30|0x00000006d1800000, 0x00000006d1800000, 0x00000006d1c00000|  0%| F|  |TAMS 0x00000006d1800000, 0x00000006d1800000| Untracked 
|  31|0x00000006d1c00000, 0x00000006d1c00000, 0x00000006d2000000|  0%| F|  |TAMS 0x00000006d1c00000, 0x00000006d1c00000| Untracked 
|  32|0x00000006d2000000, 0x00000006d20d30f0, 0x00000006d2400000| 20%| S|CS|TAMS 0x00000006d2000000, 0x00000006d2000000| Complete 
|  33|0x00000006d2400000, 0x00000006d2800000, 0x00000006d2800000|100%| S|CS|TAMS 0x00000006d2400000, 0x00000006d2400000| Complete 
|  34|0x00000006d2800000, 0x00000006d2c00000, 0x00000006d2c00000|100%| S|CS|TAMS 0x00000006d2800000, 0x00000006d2800000| Complete 
|  35|0x00000006d2c00000, 0x00000006d3000000, 0x00000006d3000000|100%| S|CS|TAMS 0x00000006d2c00000, 0x00000006d2c00000| Complete 
|  36|0x00000006d3000000, 0x00000006d3400000, 0x00000006d3400000|100%| S|CS|TAMS 0x00000006d3000000, 0x00000006d3000000| Complete 
|  37|0x00000006d3400000, 0x00000006d3400000, 0x00000006d3800000|  0%| F|  |TAMS 0x00000006d3400000, 0x00000006d3400000| Untracked 
|  38|0x00000006d3800000, 0x00000006d3800000, 0x00000006d3c00000|  0%| F|  |TAMS 0x00000006d3800000, 0x00000006d3800000| Untracked 
|  39|0x00000006d3c00000, 0x00000006d3c00000, 0x00000006d4000000|  0%| F|  |TAMS 0x00000006d3c00000, 0x00000006d3c00000| Untracked 
|  40|0x00000006d4000000, 0x00000006d4000000, 0x00000006d4400000|  0%| F|  |TAMS 0x00000006d4000000, 0x00000006d4000000| Untracked 
|  41|0x00000006d4400000, 0x00000006d4400000, 0x00000006d4800000|  0%| F|  |TAMS 0x00000006d4400000, 0x00000006d4400000| Untracked 
|  42|0x00000006d4800000, 0x00000006d4800000, 0x00000006d4c00000|  0%| F|  |TAMS 0x00000006d4800000, 0x00000006d4800000| Untracked 
|  43|0x00000006d4c00000, 0x00000006d4c00000, 0x00000006d5000000|  0%| F|  |TAMS 0x00000006d4c00000, 0x00000006d4c00000| Untracked 
|  44|0x00000006d5000000, 0x00000006d5000000, 0x00000006d5400000|  0%| F|  |TAMS 0x00000006d5000000, 0x00000006d5000000| Untracked 
|  45|0x00000006d5400000, 0x00000006d5400000, 0x00000006d5800000|  0%| F|  |TAMS 0x00000006d5400000, 0x00000006d5400000| Untracked 
|  46|0x00000006d5800000, 0x00000006d5800000, 0x00000006d5c00000|  0%| F|  |TAMS 0x00000006d5800000, 0x00000006d5800000| Untracked 
|  47|0x00000006d5c00000, 0x00000006d5c00000, 0x00000006d6000000|  0%| F|  |TAMS 0x00000006d5c00000, 0x00000006d5c00000| Untracked 
|  48|0x00000006d6000000, 0x00000006d6000000, 0x00000006d6400000|  0%| F|  |TAMS 0x00000006d6000000, 0x00000006d6000000| Untracked 
|  49|0x00000006d6400000, 0x00000006d6400000, 0x00000006d6800000|  0%| F|  |TAMS 0x00000006d6400000, 0x00000006d6400000| Untracked 
|  50|0x00000006d6800000, 0x00000006d6800000, 0x00000006d6c00000|  0%| F|  |TAMS 0x00000006d6800000, 0x00000006d6800000| Untracked 
|  51|0x00000006d6c00000, 0x00000006d6c00000, 0x00000006d7000000|  0%| F|  |TAMS 0x00000006d6c00000, 0x00000006d6c00000| Untracked 
|  52|0x00000006d7000000, 0x00000006d7000000, 0x00000006d7400000|  0%| F|  |TAMS 0x00000006d7000000, 0x00000006d7000000| Untracked 
|  53|0x00000006d7400000, 0x00000006d7400000, 0x00000006d7800000|  0%| F|  |TAMS 0x00000006d7400000, 0x00000006d7400000| Untracked 
|  54|0x00000006d7800000, 0x00000006d7800000, 0x00000006d7c00000|  0%| F|  |TAMS 0x00000006d7800000, 0x00000006d7800000| Untracked 
|  55|0x00000006d7c00000, 0x00000006d7c00000, 0x00000006d8000000|  0%| F|  |TAMS 0x00000006d7c00000, 0x00000006d7c00000| Untracked 
|  56|0x00000006d8000000, 0x00000006d8000000, 0x00000006d8400000|  0%| F|  |TAMS 0x00000006d8000000, 0x00000006d8000000| Untracked 
|  57|0x00000006d8400000, 0x00000006d8400000, 0x00000006d8800000|  0%| F|  |TAMS 0x00000006d8400000, 0x00000006d8400000| Untracked 
|  58|0x00000006d8800000, 0x00000006d8800000, 0x00000006d8c00000|  0%| F|  |TAMS 0x00000006d8800000, 0x00000006d8800000| Untracked 
|  59|0x00000006d8c00000, 0x00000006d8c00000, 0x00000006d9000000|  0%| F|  |TAMS 0x00000006d8c00000, 0x00000006d8c00000| Untracked 
|  60|0x00000006d9000000, 0x00000006d9000000, 0x00000006d9400000|  0%| F|  |TAMS 0x00000006d9000000, 0x00000006d9000000| Untracked 
|  61|0x00000006d9400000, 0x00000006d9400000, 0x00000006d9800000|  0%| F|  |TAMS 0x00000006d9400000, 0x00000006d9400000| Untracked 
|  62|0x00000006d9800000, 0x00000006d9800000, 0x00000006d9c00000|  0%| F|  |TAMS 0x00000006d9800000, 0x00000006d9800000| Untracked 
|  63|0x00000006d9c00000, 0x00000006d9c00000, 0x00000006da000000|  0%| F|  |TAMS 0x00000006d9c00000, 0x00000006d9c00000| Untracked 
|  64|0x00000006da000000, 0x00000006da000000, 0x00000006da400000|  0%| F|  |TAMS 0x00000006da000000, 0x00000006da000000| Untracked 
|  65|0x00000006da400000, 0x00000006da400000, 0x00000006da800000|  0%| F|  |TAMS 0x00000006da400000, 0x00000006da400000| Untracked 
|  66|0x00000006da800000, 0x00000006da800000, 0x00000006dac00000|  0%| F|  |TAMS 0x00000006da800000, 0x00000006da800000| Untracked 
|  67|0x00000006dac00000, 0x00000006dac00000, 0x00000006db000000|  0%| F|  |TAMS 0x00000006dac00000, 0x00000006dac00000| Untracked 
|  68|0x00000006db000000, 0x00000006db000000, 0x00000006db400000|  0%| F|  |TAMS 0x00000006db000000, 0x00000006db000000| Untracked 
|  69|0x00000006db400000, 0x00000006db400000, 0x00000006db800000|  0%| F|  |TAMS 0x00000006db400000, 0x00000006db400000| Untracked 
|  70|0x00000006db800000, 0x00000006db800000, 0x00000006dbc00000|  0%| F|  |TAMS 0x00000006db800000, 0x00000006db800000| Untracked 
|  71|0x00000006dbc00000, 0x00000006dbc00000, 0x00000006dc000000|  0%| F|  |TAMS 0x00000006dbc00000, 0x00000006dbc00000| Untracked 
|  72|0x00000006dc000000, 0x00000006dc000000, 0x00000006dc400000|  0%| F|  |TAMS 0x00000006dc000000, 0x00000006dc000000| Untracked 
|  73|0x00000006dc400000, 0x00000006dc400000, 0x00000006dc800000|  0%| F|  |TAMS 0x00000006dc400000, 0x00000006dc400000| Untracked 
|  74|0x00000006dc800000, 0x00000006dc800000, 0x00000006dcc00000|  0%| F|  |TAMS 0x00000006dc800000, 0x00000006dc800000| Untracked 
|  75|0x00000006dcc00000, 0x00000006dcc00000, 0x00000006dd000000|  0%| F|  |TAMS 0x00000006dcc00000, 0x00000006dcc00000| Untracked 
|  76|0x00000006dd000000, 0x00000006dd000000, 0x00000006dd400000|  0%| F|  |TAMS 0x00000006dd000000, 0x00000006dd000000| Untracked 
|  77|0x00000006dd400000, 0x00000006dd400000, 0x00000006dd800000|  0%| F|  |TAMS 0x00000006dd400000, 0x00000006dd400000| Untracked 
|  78|0x00000006dd800000, 0x00000006dd800000, 0x00000006ddc00000|  0%| F|  |TAMS 0x00000006dd800000, 0x00000006dd800000| Untracked 
|  79|0x00000006ddc00000, 0x00000006ddc00000, 0x00000006de000000|  0%| F|  |TAMS 0x00000006ddc00000, 0x00000006ddc00000| Untracked 
|  80|0x00000006de000000, 0x00000006de000000, 0x00000006de400000|  0%| F|  |TAMS 0x00000006de000000, 0x00000006de000000| Untracked 
|  81|0x00000006de400000, 0x00000006de400000, 0x00000006de800000|  0%| F|  |TAMS 0x00000006de400000, 0x00000006de400000| Untracked 
|  82|0x00000006de800000, 0x00000006de800000, 0x00000006dec00000|  0%| F|  |TAMS 0x00000006de800000, 0x00000006de800000| Untracked 
|  83|0x00000006dec00000, 0x00000006dec00000, 0x00000006df000000|  0%| F|  |TAMS 0x00000006dec00000, 0x00000006dec00000| Untracked 
|  84|0x00000006df000000, 0x00000006df000000, 0x00000006df400000|  0%| F|  |TAMS 0x00000006df000000, 0x00000006df000000| Untracked 
|  85|0x00000006df400000, 0x00000006df400000, 0x00000006df800000|  0%| F|  |TAMS 0x00000006df400000, 0x00000006df400000| Untracked 
|  86|0x00000006df800000, 0x00000006df800000, 0x00000006dfc00000|  0%| F|  |TAMS 0x00000006df800000, 0x00000006df800000| Untracked 
|  87|0x00000006dfc00000, 0x00000006dfc00000, 0x00000006e0000000|  0%| F|  |TAMS 0x00000006dfc00000, 0x00000006dfc00000| Untracked 
|  88|0x00000006e0000000, 0x00000006e0000000, 0x00000006e0400000|  0%| F|  |TAMS 0x00000006e0000000, 0x00000006e0000000| Untracked 
|  89|0x00000006e0400000, 0x00000006e0400000, 0x00000006e0800000|  0%| F|  |TAMS 0x00000006e0400000, 0x00000006e0400000| Untracked 
|  90|0x00000006e0800000, 0x00000006e0800000, 0x00000006e0c00000|  0%| F|  |TAMS 0x00000006e0800000, 0x00000006e0800000| Untracked 
|  91|0x00000006e0c00000, 0x00000006e0c00000, 0x00000006e1000000|  0%| F|  |TAMS 0x00000006e0c00000, 0x00000006e0c00000| Untracked 

Card table byte_map: [0x0000026e3da30000,0x0000026e3e3e0000] _byte_map_base: 0x0000026e3a3e0000

Marking Bits (Prev, Next): (CMBitMap*) 0x0000026e37376a00, (CMBitMap*) 0x0000026e373769c0
 Prev Bits: [0x0000026e43b10000, 0x0000026e48890000)
 Next Bits: [0x0000026e3ed90000, 0x0000026e43b10000)

Polling page: 0x0000026e36ac0000

Metaspace:

Usage:
  Non-class:     29.92 MB used.
      Class:      4.47 MB used.
       Both:     34.38 MB used.

Virtual space:
  Non-class space:       32.00 MB reserved,      30.06 MB ( 94%) committed,  4 nodes.
      Class space:        1.00 GB reserved,       4.62 MB ( <1%) committed,  1 nodes.
             Both:        1.03 GB reserved,      34.69 MB (  3%) committed. 

Chunk freelists:
   Non-Class:  1.53 MB
       Class:  3.33 MB
        Both:  4.86 MB

MaxMetaspaceSize: unlimited
CompressedClassSpaceSize: 1.00 GB
Initial GC threshold: 21.00 MB
Current GC threshold: 35.31 MB
CDS: off
MetaspaceReclaimPolicy: balanced
 - commit_granule_bytes: 65536.
 - commit_granule_words: 8192.
 - virtual_space_node_default_size: 1048576.
 - enlarge_chunks_in_place: 1.
 - new_chunks_are_fully_committed: 0.
 - uncommit_free_chunks: 1.
 - use_allocation_guard: 0.
 - handle_deallocations: 1.


Internal statistics:

num_allocs_failed_limit: 3.
num_arena_births: 312.
num_arena_deaths: 0.
num_vsnodes_births: 5.
num_vsnodes_deaths: 0.
num_space_committed: 555.
num_space_uncommitted: 0.
num_chunks_returned_to_freelist: 3.
num_chunks_taken_from_freelist: 1309.
num_chunk_merges: 3.
num_chunk_splits: 897.
num_chunks_enlarged: 708.
num_purges: 0.
num_inconsistent_stats: 0.

CodeCache: size=49152Kb used=9126Kb max_used=9126Kb free=40025Kb
 bounds [0x0000026e39f70000, 0x0000026e3a860000, 0x0000026e3cf70000]
 total_blobs=4213 nmethods=3685 adapters=452
 compilation: enabled
              stopped_count=0, restarted_count=0
 full_count=0

Compilation events (20 events):
Event: 3.018 Thread 0x0000026e4c86d030 3676       1       java.util.concurrent.locks.ReentrantLock$NonfairSync::tryAcquire (27 bytes)
Event: 3.018 Thread 0x0000026e4c86d030 nmethod 3676 0x0000026e3a856990 code [0x0000026e3a856b20, 0x0000026e3a856cb8]
Event: 3.062 Thread 0x0000026e4bc4abe0 3677       1       java.util.concurrent.locks.AbstractQueuedSynchronizer::acquireInterruptibly (36 bytes)
Event: 3.062 Thread 0x0000026e4bc4abe0 nmethod 3677 0x0000026e3a856d10 code [0x0000026e3a856ee0, 0x0000026e3a857158]
Event: 3.082 Thread 0x0000026e4bc4abe0 3678       1       io.github.classgraph.ModuleRef::getReference (5 bytes)
Event: 3.082 Thread 0x0000026e4bc4abe0 nmethod 3678 0x0000026e3a857290 code [0x0000026e3a857420, 0x0000026e3a8574f8]
Event: 3.093 Thread 0x0000026e4bd29ec0 3679   !   1       jdk.internal.module.ModuleReferenceImpl::open (19 bytes)
Event: 3.093 Thread 0x0000026e4bc4abe0 3680   !   1       jdk.internal.module.SystemModuleFinders$SystemModuleReader::checkPermissionToConnect (38 bytes)
Event: 3.093 Thread 0x0000026e4c648b90 3681       1       jdk.internal.module.SystemModuleFinders$2::get (5 bytes)
Event: 3.094 Thread 0x0000026e4bd29ec0 nmethod 3679 0x0000026e3a857590 code [0x0000026e3a857740, 0x0000026e3a8578d8]
Event: 3.094 Thread 0x0000026e4bc4abe0 nmethod 3680 0x0000026e3a857a10 code [0x0000026e3a857be0, 0x0000026e3a857e08]
Event: 3.094 Thread 0x0000026e4c648b90 nmethod 3681 0x0000026e3a858010 code [0x0000026e3a8581a0, 0x0000026e3a858348]
Event: 3.096 Thread 0x0000026e4c648b90 3682       1       jdk.internal.module.SystemModuleFinders$2::get (16 bytes)
Event: 3.096 Thread 0x0000026e4bc4abe0 3683       1       jdk.internal.module.SystemModuleFinders$SystemModuleReader::<init> (14 bytes)
Event: 3.097 Thread 0x0000026e4c648b90 nmethod 3682 0x0000026e3a858410 code [0x0000026e3a8585a0, 0x0000026e3a858748]
Event: 3.112 Thread 0x0000026e4bc4abe0 nmethod 3683 0x0000026e3a858810 code [0x0000026e3a8589a0, 0x0000026e3a858ae8]
Event: 3.144 Thread 0x0000026e4bc4abe0 3684       1       nonapi.io.github.classgraph.fastzipfilereader.NestedJarHandler$5$1::newInstance (5 bytes)
Event: 3.145 Thread 0x0000026e4bc4abe0 nmethod 3684 0x0000026e3a858b90 code [0x0000026e3a858d20, 0x0000026e3a858e68]
Event: 3.145 Thread 0x0000026e4bc4abe0 3685   !   1       io.github.classgraph.ModuleReaderProxy::<init> (74 bytes)
Event: 3.146 Thread 0x0000026e4bc4abe0 nmethod 3685 0x0000026e3a858f90 code [0x0000026e3a8591a0, 0x0000026e3a859758]

GC Heap History (20 events):
Event: 1.850 GC heap after
{Heap after GC invocations=6 (full 0):
 garbage-first heap   total 57344K, used 13088K [0x00000006ca000000, 0x0000000800000000)
  region size 4096K, 1 young (4096K), 1 survivors (4096K)
 Metaspace       used 26584K, committed 26816K, reserved 1073152K
  class space    used 3306K, committed 3392K, reserved 1048576K
}
Event: 2.112 GC heap before
{Heap before GC invocations=6 (full 0):
 garbage-first heap   total 57344K, used 29472K [0x00000006ca000000, 0x0000000800000000)
  region size 4096K, 6 young (24576K), 1 survivors (4096K)
 Metaspace       used 29792K, committed 30016K, reserved 1081344K
  class space    used 3738K, committed 3840K, reserved 1048576K
}
Event: 2.118 GC heap after
{Heap after GC invocations=7 (full 0):
 garbage-first heap   total 57344K, used 14919K [0x00000006ca000000, 0x0000000800000000)
  region size 4096K, 1 young (4096K), 1 survivors (4096K)
 Metaspace       used 29792K, committed 30016K, reserved 1081344K
  class space    used 3738K, committed 3840K, reserved 1048576K
}
Event: 2.312 GC heap before
{Heap before GC invocations=7 (full 0):
 garbage-first heap   total 57344K, used 31303K [0x00000006ca000000, 0x0000000800000000)
  region size 4096K, 6 young (24576K), 1 survivors (4096K)
 Metaspace       used 32713K, committed 33024K, reserved 1081344K
  class space    used 4146K, committed 4288K, reserved 1048576K
}
Event: 2.317 GC heap after
{Heap after GC invocations=8 (full 0):
 garbage-first heap   total 188416K, used 17838K [0x00000006ca000000, 0x0000000800000000)
  region size 4096K, 1 young (4096K), 1 survivors (4096K)
 Metaspace       used 32713K, committed 33024K, reserved 1081344K
  class space    used 4146K, committed 4288K, reserved 1048576K
}
Event: 2.573 GC heap before
{Heap before GC invocations=8 (full 0):
 garbage-first heap   total 188416K, used 120238K [0x00000006ca000000, 0x0000000800000000)
  region size 4096K, 27 young (110592K), 1 survivors (4096K)
 Metaspace       used 34356K, committed 34688K, reserved 1081344K
  class space    used 4405K, committed 4544K, reserved 1048576K
}
Event: 2.587 GC heap after
{Heap after GC invocations=9 (full 0):
 garbage-first heap   total 188416K, used 38605K [0x00000006ca000000, 0x0000000800000000)
  region size 4096K, 4 young (16384K), 4 survivors (16384K)
 Metaspace       used 34356K, committed 34688K, reserved 1081344K
  class space    used 4405K, committed 4544K, reserved 1048576K
}
Event: 2.872 GC heap before
{Heap before GC invocations=9 (full 0):
 garbage-first heap   total 188416K, used 112333K [0x00000006ca000000, 0x0000000800000000)
  region size 4096K, 22 young (90112K), 4 survivors (16384K)
 Metaspace       used 35097K, committed 35456K, reserved 1081344K
  class space    used 4560K, committed 4736K, reserved 1048576K
}
Event: 2.890 GC heap after
{Heap after GC invocations=10 (full 0):
 garbage-first heap   total 188416K, used 57344K [0x00000006ca000000, 0x0000000800000000)
  region size 4096K, 3 young (12288K), 3 survivors (12288K)
 Metaspace       used 35097K, committed 35456K, reserved 1081344K
  class space    used 4560K, committed 4736K, reserved 1048576K
}
Event: 2.910 GC heap before
{Heap before GC invocations=10 (full 0):
 garbage-first heap   total 188416K, used 114688K [0x00000006ca000000, 0x0000000800000000)
  region size 4096K, 18 young (73728K), 3 survivors (12288K)
 Metaspace       used 35106K, committed 35456K, reserved 1081344K
  class space    used 4562K, committed 4736K, reserved 1048576K
}
Event: 2.920 GC heap after
{Heap after GC invocations=11 (full 0):
 garbage-first heap   total 188416K, used 62739K [0x00000006ca000000, 0x0000000800000000)
  region size 4096K, 1 young (4096K), 1 survivors (4096K)
 Metaspace       used 35106K, committed 35456K, reserved 1081344K
  class space    used 4562K, committed 4736K, reserved 1048576K
}
Event: 2.935 GC heap before
{Heap before GC invocations=11 (full 0):
 garbage-first heap   total 188416K, used 124179K [0x00000006ca000000, 0x0000000800000000)
  region size 4096K, 17 young (69632K), 1 survivors (4096K)
 Metaspace       used 35113K, committed 35456K, reserved 1081344K
  class space    used 4562K, committed 4736K, reserved 1048576K
}
Event: 2.939 GC heap after
{Heap after GC invocations=12 (full 0):
 garbage-first heap   total 376832K, used 64353K [0x00000006ca000000, 0x0000000800000000)
  region size 4096K, 2 young (8192K), 2 survivors (8192K)
 Metaspace       used 35113K, committed 35456K, reserved 1081344K
  class space    used 4562K, committed 4736K, reserved 1048576K
}
Event: 3.005 GC heap before
{Heap before GC invocations=12 (full 0):
 garbage-first heap   total 376832K, used 256865K [0x00000006ca000000, 0x0000000800000000)
  region size 4096K, 50 young (204800K), 2 survivors (8192K)
 Metaspace       used 35209K, committed 35520K, reserved 1081344K
  class space    used 4575K, committed 4736K, reserved 1048576K
}
Event: 3.011 GC heap after
{Heap after GC invocations=13 (full 0):
 garbage-first heap   total 376832K, used 71490K [0x00000006ca000000, 0x0000000800000000)
  region size 4096K, 4 young (16384K), 4 survivors (16384K)
 Metaspace       used 35209K, committed 35520K, reserved 1081344K
  class space    used 4575K, committed 4736K, reserved 1048576K
}
Event: 3.051 GC heap before
{Heap before GC invocations=13 (full 0):
 garbage-first heap   total 376832K, used 276290K [0x00000006ca000000, 0x0000000800000000)
  region size 4096K, 55 young (225280K), 4 survivors (16384K)
 Metaspace       used 35209K, committed 35520K, reserved 1081344K
  class space    used 4575K, committed 4736K, reserved 1048576K
}
Event: 3.061 GC heap after
{Heap after GC invocations=14 (full 0):
 garbage-first heap   total 376832K, used 80221K [0x00000006ca000000, 0x0000000800000000)
  region size 4096K, 6 young (24576K), 6 survivors (24576K)
 Metaspace       used 35209K, committed 35520K, reserved 1081344K
  class space    used 4575K, committed 4736K, reserved 1048576K
}
Event: 3.097 GC heap before
{Heap before GC invocations=14 (full 0):
 garbage-first heap   total 376832K, used 276829K [0x00000006ca000000, 0x0000000800000000)
  region size 4096K, 55 young (225280K), 6 survivors (24576K)
 Metaspace       used 35209K, committed 35520K, reserved 1081344K
  class space    used 4575K, committed 4736K, reserved 1048576K
}
Event: 3.111 GC heap after
{Heap after GC invocations=15 (full 0):
 garbage-first heap   total 376832K, used 89458K [0x00000006ca000000, 0x0000000800000000)
  region size 4096K, 5 young (20480K), 5 survivors (20480K)
 Metaspace       used 35209K, committed 35520K, reserved 1081344K
  class space    used 4575K, committed 4736K, reserved 1048576K
}
Event: 3.150 GC heap before
{Heap before GC invocations=15 (full 0):
 garbage-first heap   total 376832K, used 290162K [0x00000006ca000000, 0x0000000800000000)
  region size 4096K, 55 young (225280K), 5 survivors (20480K)
 Metaspace       used 35209K, committed 35520K, reserved 1081344K
  class space    used 4575K, committed 4736K, reserved 1048576K
}

Deoptimization events (16 events):
Event: 0.671 Thread 0x0000026e373040e0 DEOPT PACKING pc=0x0000026e3a389981 sp=0x000000d2c9bfd980
Event: 0.671 Thread 0x0000026e373040e0 DEOPT UNPACKING pc=0x0000026e39fc2b43 sp=0x000000d2c9bfcdf0 mode 3
Event: 1.293 Thread 0x0000026e373040e0 DEOPT PACKING pc=0x0000026e3a4ac679 sp=0x000000d2c9bfd130
Event: 1.293 Thread 0x0000026e373040e0 DEOPT UNPACKING pc=0x0000026e39fc2b43 sp=0x000000d2c9bfc610 mode 3
Event: 1.620 Thread 0x0000026e373040e0 DEOPT PACKING pc=0x0000026e3a577781 sp=0x000000d2c9bfce00
Event: 1.620 Thread 0x0000026e373040e0 DEOPT UNPACKING pc=0x0000026e39fc2b43 sp=0x000000d2c9bfc270 mode 3
Event: 2.174 Thread 0x0000026e373040e0 DEOPT PACKING pc=0x0000026e3a61cff9 sp=0x000000d2c9bfc6a0
Event: 2.174 Thread 0x0000026e373040e0 DEOPT UNPACKING pc=0x0000026e39fc2b43 sp=0x000000d2c9bfbb80 mode 3
Event: 2.228 Thread 0x0000026e4dbc4760 DEOPT PACKING pc=0x0000026e3a67ab93 sp=0x000000d2cb8fe470
Event: 2.229 Thread 0x0000026e4dbc4760 DEOPT UNPACKING pc=0x0000026e39fc2b43 sp=0x000000d2cb8fd9b8 mode 3
Event: 2.411 Thread 0x0000026e4ddeab00 DEOPT PACKING pc=0x0000026e3a4a7d1f sp=0x000000d2cc5fedf0
Event: 2.411 Thread 0x0000026e4ddeab00 DEOPT UNPACKING pc=0x0000026e39fc2b43 sp=0x000000d2cc5fe248 mode 3
Event: 2.411 Thread 0x0000026e4dde92f0 DEOPT PACKING pc=0x0000026e3a4ad689 sp=0x000000d2cc0feee0
Event: 2.411 Thread 0x0000026e4dde92f0 DEOPT UNPACKING pc=0x0000026e39fc2b43 sp=0x000000d2cc0fe378 mode 3
Event: 2.531 Thread 0x0000026e4dde97c0 DEOPT PACKING pc=0x0000026e3a7d5b6d sp=0x000000d2ccbfdb80
Event: 2.531 Thread 0x0000026e4dde97c0 DEOPT UNPACKING pc=0x0000026e39fc2b43 sp=0x000000d2ccbfd0a8 mode 3

Classes unloaded (0 events):
No events

Classes redefined (0 events):
No events

Internal exceptions (20 events):
Event: 2.297 Thread 0x0000026e4dde0240 Exception <a 'sun/nio/fs/WindowsException'{0x00000006ccb480f8}> (0x00000006ccb480f8) 
thrown [e:\jenkins\tmp\workspace\build\src\src\hotspot\share\prims\jni.cpp, line 516]
Event: 2.297 Thread 0x0000026e4dde0240 Exception <a 'sun/nio/fs/WindowsException'{0x00000006ccb48af8}> (0x00000006ccb48af8) 
thrown [e:\jenkins\tmp\workspace\build\src\src\hotspot\share\prims\jni.cpp, line 516]
Event: 2.298 Thread 0x0000026e4dde0240 Exception <a 'sun/nio/fs/WindowsException'{0x00000006ccb48ea8}> (0x00000006ccb48ea8) 
thrown [e:\jenkins\tmp\workspace\build\src\src\hotspot\share\prims\jni.cpp, line 516]
Event: 2.298 Thread 0x0000026e4dde0240 Exception <a 'sun/nio/fs/WindowsException'{0x00000006ccb498b0}> (0x00000006ccb498b0) 
thrown [e:\jenkins\tmp\workspace\build\src\src\hotspot\share\prims\jni.cpp, line 516]
Event: 2.298 Thread 0x0000026e4dde0240 Exception <a 'sun/nio/fs/WindowsException'{0x00000006ccb49c70}> (0x00000006ccb49c70) 
thrown [e:\jenkins\tmp\workspace\build\src\src\hotspot\share\prims\jni.cpp, line 516]
Event: 2.298 Thread 0x0000026e4dde0240 Exception <a 'sun/nio/fs/WindowsException'{0x00000006ccb4a670}> (0x00000006ccb4a670) 
thrown [e:\jenkins\tmp\workspace\build\src\src\hotspot\share\prims\jni.cpp, line 516]
Event: 2.298 Thread 0x0000026e4dde0240 Exception <a 'sun/nio/fs/WindowsException'{0x00000006ccb4aa20}> (0x00000006ccb4aa20) 
thrown [e:\jenkins\tmp\workspace\build\src\src\hotspot\share\prims\jni.cpp, line 516]
Event: 2.298 Thread 0x0000026e4dde0240 Exception <a 'sun/nio/fs/WindowsException'{0x00000006ccb4b428}> (0x00000006ccb4b428) 
thrown [e:\jenkins\tmp\workspace\build\src\src\hotspot\share\prims\jni.cpp, line 516]
Event: 2.298 Thread 0x0000026e4dde0240 Exception <a 'sun/nio/fs/WindowsException'{0x00000006ccb4b7e8}> (0x00000006ccb4b7e8) 
thrown [e:\jenkins\tmp\workspace\build\src\src\hotspot\share\prims\jni.cpp, line 516]
Event: 2.298 Thread 0x0000026e4dde0240 Exception <a 'sun/nio/fs/WindowsException'{0x00000006ccb4c210}> (0x00000006ccb4c210) 
thrown [e:\jenkins\tmp\workspace\build\src\src\hotspot\share\prims\jni.cpp, line 516]
Event: 2.298 Thread 0x0000026e4dde0240 Exception <a 'sun/nio/fs/WindowsException'{0x00000006ccb4c5f0}> (0x00000006ccb4c5f0) 
thrown [e:\jenkins\tmp\workspace\build\src\src\hotspot\share\prims\jni.cpp, line 516]
Event: 2.299 Thread 0x0000026e4dde0240 Exception <a 'sun/nio/fs/WindowsException'{0x00000006ccb4d028}> (0x00000006ccb4d028) 
thrown [e:\jenkins\tmp\workspace\build\src\src\hotspot\share\prims\jni.cpp, line 516]
Event: 2.299 Thread 0x0000026e4dde0240 Exception <a 'sun/nio/fs/WindowsException'{0x00000006ccb4d418}> (0x00000006ccb4d418) 
thrown [e:\jenkins\tmp\workspace\build\src\src\hotspot\share\prims\jni.cpp, line 516]
Event: 2.299 Thread 0x0000026e4dde0240 Exception <a 'sun/nio/fs/WindowsException'{0x00000006ccb4de48}> (0x00000006ccb4de48) 
thrown [e:\jenkins\tmp\workspace\build\src\src\hotspot\share\prims\jni.cpp, line 516]
Event: 2.299 Thread 0x0000026e4dde0240 Exception <a 'sun/nio/fs/WindowsException'{0x00000006ccb4e238}> (0x00000006ccb4e238) 
thrown [e:\jenkins\tmp\workspace\build\src\src\hotspot\share\prims\jni.cpp, line 516]
Event: 2.528 Thread 0x0000026e4dde97c0 Exception <a 'java/lang/NoSuchMethodError'{0x00000006d0da5f18}: 'java.lang.Object java.lang.invoke.DirectMethodHandle$Holder.invokeStatic(java.lang.Object, int, java.lang.Object)'> (0x00000006d0da5f18) 
thrown [e:\jenkins\tmp\workspace\build\src\src\hotspot\share\interpreter\linkResolver.cpp, line 766]
Event: 2.530 Thread 0x0000026e4dde8480 Exception <a 'java/lang/NoSuchMethodError'{0x00000006d0fae9f0}: 'java.lang.Object java.lang.invoke.DirectMethodHandle$Holder.invokeStatic(java.lang.Object, java.lang.Object, java.lang.Object, int, java.lang.Object, java.lang.Object)'> (0x00000006d0fae9f0) 
thrown [e:\jenkins\tmp\workspace\build\src\src\hotspot\share\interpreter\linkResolver.cpp, line 766]
Event: 2.636 Thread 0x0000026e4dde97c0 Exception <a 'java/lang/NoSuchMethodError'{0x00000006d4321d80}: 'int java.lang.invoke.DirectMethodHandle$Holder.invokeStatic(java.lang.Object)'> (0x00000006d4321d80) 
thrown [e:\jenkins\tmp\workspace\build\src\src\hotspot\share\interpreter\linkResolver.cpp, line 766]
Event: 2.637 Thread 0x0000026e4dde97c0 Exception <a 'java/lang/NoSuchMethodError'{0x00000006d4325538}: 'int java.lang.invoke.DirectMethodHandle$Holder.invokeStaticInit(java.lang.Object)'> (0x00000006d4325538) 
thrown [e:\jenkins\tmp\workspace\build\src\src\hotspot\share\interpreter\linkResolver.cpp, line 766]
Event: 2.650 Thread 0x0000026e4dde8480 Exception <a 'java/lang/NoSuchMethodError'{0x00000006d3c49700}: 'int java.lang.invoke.DirectMethodHandle$Holder.invokeVirtual(java.lang.Object, java.lang.Object)'> (0x00000006d3c49700) 
thrown [e:\jenkins\tmp\workspace\build\src\src\hotspot\share\interpreter\linkResolver.cpp, line 766]

VM Operations (20 events):
Event: 2.939 Executing VM operation: G1CollectForAllocation done
Event: 2.944 Executing VM operation: HandshakeAllThreads
Event: 2.944 Executing VM operation: HandshakeAllThreads done
Event: 2.954 Executing VM operation: HandshakeAllThreads
Event: 2.957 Executing VM operation: HandshakeAllThreads done
Event: 3.004 Executing VM operation: G1CollectForAllocation
Event: 3.004 Executing VM operation: G1CollectForAllocation done
Event: 3.004 Executing VM operation: G1CollectForAllocation
Event: 3.011 Executing VM operation: G1CollectForAllocation done
Event: 3.050 Executing VM operation: G1CollectForAllocation
Event: 3.050 Executing VM operation: G1CollectForAllocation done
Event: 3.050 Executing VM operation: G1CollectForAllocation
Event: 3.061 Executing VM operation: G1CollectForAllocation done
Event: 3.096 Executing VM operation: G1CollectForAllocation
Event: 3.096 Executing VM operation: G1CollectForAllocation done
Event: 3.097 Executing VM operation: G1CollectForAllocation
Event: 3.112 Executing VM operation: G1CollectForAllocation done
Event: 3.149 Executing VM operation: G1CollectForAllocation
Event: 3.150 Executing VM operation: G1CollectForAllocation done
Event: 3.150 Executing VM operation: G1CollectForAllocation

Events (20 events):
Event: 2.571 loading class java/util/concurrent/CompletableFuture$UniCompose done
Event: 2.572 Thread 0x0000026e4f9ca4e0 Thread added: 0x0000026e4f9ca4e0
Event: 2.573 Thread 0x0000026e4f9c9b40 Thread added: 0x0000026e4f9c9b40
Event: 2.587 loading class java/util/concurrent/CompletableFuture$UniRelay
Event: 2.587 loading class java/util/concurrent/CompletableFuture$UniRelay done
Event: 2.590 Thread 0x0000026e4f9ca010 Thread added: 0x0000026e4f9ca010
Event: 2.642 Thread 0x0000026e4f9cc690 Thread added: 0x0000026e4f9cc690
Event: 2.646 loading class java/util/concurrent/CompletionException
Event: 2.646 loading class java/util/concurrent/CompletionException done
Event: 2.652 loading class java/io/PrintWriter
Event: 2.652 loading class java/io/PrintWriter done
Event: 2.653 loading class sun/nio/cs/StringUTF16
Event: 2.654 loading class sun/nio/cs/StringUTF16 done
Event: 2.655 loading class java/util/WeakHashMap$EntrySet
Event: 2.655 loading class java/util/WeakHashMap$EntrySet done
Event: 2.655 loading class java/util/WeakHashMap$EntryIterator
Event: 2.655 loading class java/util/WeakHashMap$HashIterator
Event: 2.655 loading class java/util/WeakHashMap$HashIterator done
Event: 2.655 loading class java/util/WeakHashMap$EntryIterator done
Event: 2.668 Thread 0x0000026e4f9cbcf0 Thread added: 0x0000026e4f9cbcf0


Dynamic libraries:
0x00007ff642e90000 - 0x00007ff642e9e000 	c:\Users\LENOVO\.vscode\extensions\redhat.java-1.9.0-win32-x64\jre\17.0.3-win32-x86_64\bin\java.exe
0x00007fffca2a0000 - 0x00007fffca4a9000 	C:\WINDOWS\SYSTEM32\ntdll.dll
0x00007fffbfb10000 - 0x00007fffbfb27000 	C:\Program Files\Avast Software\Avast\aswhook.dll
0x00007fffc9220000 - 0x00007fffc92dd000 	C:\WINDOWS\System32\KERNEL32.DLL
0x00007fffc7a80000 - 0x00007fffc7df9000 	C:\WINDOWS\System32\KERNELBASE.dll
0x00007fffc4970000 - 0x00007fffc4a01000 	C:\WINDOWS\SYSTEM32\apphelp.dll
0x00007fffc8010000 - 0x00007fffc8121000 	C:\WINDOWS\System32\ucrtbase.dll
0x00007fffb9960000 - 0x00007fffb9978000 	c:\Users\LENOVO\.vscode\extensions\redhat.java-1.9.0-win32-x64\jre\17.0.3-win32-x86_64\bin\jli.dll
0x00007fffb99a0000 - 0x00007fffb99b9000 	c:\Users\LENOVO\.vscode\extensions\redhat.java-1.9.0-win32-x64\jre\17.0.3-win32-x86_64\bin\VCRUNTIME140.dll
0x00007fffc8760000 - 0x00007fffc890c000 	C:\WINDOWS\System32\USER32.dll
0x00007fffc7e00000 - 0x00007fffc7e26000 	C:\WINDOWS\System32\win32u.dll
0x00007fffb8de0000 - 0x00007fffb9085000 	C:\WINDOWS\WinSxS\amd64_microsoft.windows.common-controls_6595b64144ccf1df_6.0.22000.120_none_9d947278b86cc467\COMCTL32.dll
0x00007fffc8610000 - 0x00007fffc8639000 	C:\WINDOWS\System32\GDI32.dll
0x00007fffc9050000 - 0x00007fffc90f3000 	C:\WINDOWS\System32\msvcrt.dll
0x00007fffc7e30000 - 0x00007fffc7f42000 	C:\WINDOWS\System32\gdi32full.dll
0x00007fffc7960000 - 0x00007fffc79fd000 	C:\WINDOWS\System32\msvcp_win.dll
0x00007fffca180000 - 0x00007fffca1b1000 	C:\WINDOWS\System32\IMM32.DLL
0x00007fffc3b80000 - 0x00007fffc3b8c000 	c:\Users\LENOVO\.vscode\extensions\redhat.java-1.9.0-win32-x64\jre\17.0.3-win32-x86_64\bin\vcruntime140_1.dll
0x00007fff94830000 - 0x00007fff948c1000 	c:\Users\LENOVO\.vscode\extensions\redhat.java-1.9.0-win32-x64\jre\17.0.3-win32-x86_64\bin\msvcp140.dll
0x00007fff643f0000 - 0x00007fff65038000 	c:\Users\LENOVO\.vscode\extensions\redhat.java-1.9.0-win32-x64\jre\17.0.3-win32-x86_64\bin\server\jvm.dll
0x00007fffc96c0000 - 0x00007fffc976e000 	C:\WINDOWS\System32\ADVAPI32.dll
0x00007fffca1c0000 - 0x00007fffca25e000 	C:\WINDOWS\System32\sechost.dll
0x00007fffc9520000 - 0x00007fffc9640000 	C:\WINDOWS\System32\RPCRT4.dll
0x00007fffc97d0000 - 0x00007fffc97d8000 	C:\WINDOWS\System32\PSAPI.DLL
0x00007fffc30e0000 - 0x00007fffc3113000 	C:\WINDOWS\SYSTEM32\WINMM.dll
0x00007fffbe580000 - 0x00007fffbe589000 	C:\WINDOWS\SYSTEM32\WSOCK32.dll
0x00007fffc1000000 - 0x00007fffc100a000 	C:\WINDOWS\SYSTEM32\VERSION.dll
0x00007fffc92f0000 - 0x00007fffc935f000 	C:\WINDOWS\System32\WS2_32.dll
0x00007fffc6860000 - 0x00007fffc6878000 	C:\WINDOWS\SYSTEM32\kernel.appcore.dll
0x00007fffba410000 - 0x00007fffba41a000 	c:\Users\LENOVO\.vscode\extensions\redhat.java-1.9.0-win32-x64\jre\17.0.3-win32-x86_64\bin\jimage.dll
0x00007fffc5390000 - 0x00007fffc55b1000 	C:\WINDOWS\SYSTEM32\DBGHELP.DLL
0x00007fffc0e40000 - 0x00007fffc0e71000 	C:\WINDOWS\SYSTEM32\dbgcore.DLL
0x00007fffc7a00000 - 0x00007fffc7a7f000 	C:\WINDOWS\System32\bcryptPrimitives.dll
0x00007fff9f440000 - 0x00007fff9f465000 	c:\Users\LENOVO\.vscode\extensions\redhat.java-1.9.0-win32-x64\jre\17.0.3-win32-x86_64\bin\java.dll
0x00007fffa0890000 - 0x00007fffa08a8000 	c:\Users\LENOVO\.vscode\extensions\redhat.java-1.9.0-win32-x64\jre\17.0.3-win32-x86_64\bin\zip.dll
0x00007fffc9840000 - 0x00007fffc9ff8000 	C:\WINDOWS\System32\SHELL32.dll
0x00007fffc58b0000 - 0x00007fffc6117000 	C:\WINDOWS\SYSTEM32\windows.storage.dll
0x00007fffc8a00000 - 0x00007fffc8d79000 	C:\WINDOWS\System32\combase.dll
0x00007fffc5740000 - 0x00007fffc58a6000 	C:\WINDOWS\SYSTEM32\wintypes.dll
0x00007fffca000000 - 0x00007fffca0ea000 	C:\WINDOWS\System32\SHCORE.dll
0x00007fffc8130000 - 0x00007fffc818d000 	C:\WINDOWS\System32\shlwapi.dll
0x00007fffc76b0000 - 0x00007fffc76d1000 	C:\WINDOWS\SYSTEM32\profapi.dll
0x00007fff9f5a0000 - 0x00007fff9f5b9000 	C:\Users\LENOVO\.vscode\extensions\redhat.java-1.9.0-win32-x64\jre\17.0.3-win32-x86_64\bin\net.dll
0x00007fffc2740000 - 0x00007fffc284c000 	C:\WINDOWS\SYSTEM32\WINHTTP.dll
0x00007fffc6d10000 - 0x00007fffc6d77000 	C:\WINDOWS\system32\mswsock.dll
0x00007fff9f4c0000 - 0x00007fff9f4d5000 	C:\Users\LENOVO\.vscode\extensions\redhat.java-1.9.0-win32-x64\jre\17.0.3-win32-x86_64\bin\nio.dll
0x00007fffb94d0000 - 0x00007fffb94e0000 	c:\Users\LENOVO\.vscode\extensions\redhat.java-1.9.0-win32-x64\jre\17.0.3-win32-x86_64\bin\verify.dll
0x00007fffb3b80000 - 0x00007fffb3b89000 	C:\Users\LENOVO\.vscode\extensions\redhat.java-1.9.0-win32-x64\jre\17.0.3-win32-x86_64\bin\management.dll
0x00007fffae350000 - 0x00007fffae35b000 	C:\Users\LENOVO\.vscode\extensions\redhat.java-1.9.0-win32-x64\jre\17.0.3-win32-x86_64\bin\management_ext.dll
0x00007fffafce0000 - 0x00007fffafcf7000 	C:\WINDOWS\system32\napinsp.dll
0x00007fffaf8f0000 - 0x00007fffaf90b000 	C:\WINDOWS\system32\pnrpnsp.dll
0x00007fffc63f0000 - 0x00007fffc64d8000 	C:\WINDOWS\SYSTEM32\DNSAPI.dll
0x00007fffc6380000 - 0x00007fffc63ad000 	C:\WINDOWS\SYSTEM32\IPHLPAPI.DLL
0x00007fffc8190000 - 0x00007fffc8199000 	C:\WINDOWS\System32\NSI.dll
0x00007fffac580000 - 0x00007fffac592000 	C:\WINDOWS\System32\winrnr.dll
0x00007fffac5a0000 - 0x00007fffac5b5000 	C:\WINDOWS\system32\wshbth.dll
0x00007fffac560000 - 0x00007fffac57f000 	C:\WINDOWS\system32\nlansp_c.dll
0x00007fffc14c0000 - 0x00007fffc14ca000 	C:\Windows\System32\rasadhlp.dll
0x00007fffc2850000 - 0x00007fffc28d1000 	C:\WINDOWS\System32\fwpuclnt.dll
0x00007fffc6f60000 - 0x00007fffc6f78000 	C:\WINDOWS\SYSTEM32\CRYPTSP.dll
0x00007fffc67b0000 - 0x00007fffc67e5000 	C:\WINDOWS\system32\rsaenh.dll
0x00007fffc6e10000 - 0x00007fffc6e39000 	C:\WINDOWS\SYSTEM32\USERENV.dll
0x00007fffc70e0000 - 0x00007fffc7107000 	C:\WINDOWS\SYSTEM32\bcrypt.dll
0x00007fffc6f80000 - 0x00007fffc6f8c000 	C:\WINDOWS\SYSTEM32\CRYPTBASE.dll
0x00007fffc2b50000 - 0x00007fffc2b69000 	C:\WINDOWS\SYSTEM32\dhcpcsvc6.DLL
0x00007fffc3120000 - 0x00007fffc313e000 	C:\WINDOWS\SYSTEM32\dhcpcsvc.DLL

dbghelp: loaded successfully - version: 4.0.5 - missing functions: none
symbol engine: initialized successfully - sym options: 0x614 - pdb path: .;c:\Users\LENOVO\.vscode\extensions\redhat.java-1.9.0-win32-x64\jre\17.0.3-win32-x86_64\bin;C:\WINDOWS\SYSTEM32;C:\Program Files\Avast Software\Avast;C:\WINDOWS\WinSxS\amd64_microsoft.windows.common-controls_6595b64144ccf1df_6.0.22000.120_none_9d947278b86cc467;c:\Users\LENOVO\.vscode\extensions\redhat.java-1.9.0-win32-x64\jre\17.0.3-win32-x86_64\bin\server

VM Arguments:
jvm_args: -Dsts.lsp.client=vscode -Dsts.log.file=/dev/null -XX:TieredStopAtLevel=1 -Dspring.config.location=file:c:\Users\LENOVO\.vscode\extensions\pivotal.vscode-spring-boot-1.38.0\language-server\BOOT-INF\classes\application.properties 
java_command: org.springframework.ide.vscode.boot.app.BootLanguageServerBootApp
java_class_path (initial): c:\Users\LENOVO\.vscode\extensions\pivotal.vscode-spring-boot-1.38.0\language-server\BOOT-INF\classes;c:\Users\LENOVO\.vscode\extensions\pivotal.vscode-spring-boot-1.38.0\language-server\BOOT-INF\lib\annotations-23.0.0.jar;c:\Users\LENOVO\.vscode\extensions\pivotal.vscode-spring-boot-1.38.0\language-server\BOOT-INF\lib\antlr-runtime-3.5.2.jar;c:\Users\LENOVO\.vscode\extensions\pivotal.vscode-spring-boot-1.38.0\language-server\BOOT-INF\lib\antlr4-4.9.3.jar;c:\Users\LENOVO\.vscode\extensions\pivotal.vscode-spring-boot-1.38.0\language-server\BOOT-INF\lib\antlr4-runtime-4.9.3.jar;c:\Users\LENOVO\.vscode\extensions\pivotal.vscode-spring-boot-1.38.0\language-server\BOOT-INF\lib\asm-9.3.jar;c:\Users\LENOVO\.vscode\extensions\pivotal.vscode-spring-boot-1.38.0\language-server\BOOT-INF\lib\asm-analysis-9.3.jar;c:\Users\LENOVO\.vscode\extensions\pivotal.vscode-spring-boot-1.38.0\language-server\BOOT-INF\lib\asm-tree-9.3.jar;c:\Users\LENOVO\.vscode\extensions\pivotal.vscode-spring-boot-1.38.0\language-server\BOOT-INF\lib\asm-util-9.3.jar;c:\Users\LENOVO\.vscode\extensions\pivotal.vscode-spring-boot-1.38.0\language-server\BOOT-INF\lib\byte-buddy-1.10.18.jar;c:\Users\LENOVO\.vscode\extensions\pivotal.vscode-spring-boot-1.38.0\language-server\BOOT-INF\lib\caffeine-2.8.6.jar;c:\Users\LENOVO\.vscode\extensions\pivotal.vscode-spring-boot-1.38.0\language-server\BOOT-INF\lib\checker-qual-3.12.0.jar;c:\Users\LENOVO\.vscode\extensions\pivotal.vscode-spring-boot-1.38.0\language-server\BOOT-INF\lib\classgraph-4.8.149.jar;c:\Users\LENOVO\.vscode\extensions\pivotal.vscode-spring-boot-1.38.0\language-server\BOOT-INF\lib\commons-codec-1.14.jar;c:\Users\LENOVO\.vscode\extensions\pivotal.vscode-spring-boot-1.38.0\language-server\BOOT-INF\lib\commons-compress-1.21.jar;c:\Users\LENOVO\.vscode\extensions\pivotal.vscode-spring-boot-1.38.0\language-server\BOOT-INF\lib\commons-exec-1.3.jar;c:\Users\LENOVO\.vscode\extensions\pivotal.vscode-spring-boot-1.38.0\language-server
Launcher Type: SUN_STANDARD

[Global flags]
     intx CICompilerCount                          = 4                                         {product} {ergonomic}
     uint ConcGCThreads                            = 2                                         {product} {ergonomic}
     uint G1ConcRefinementThreads                  = 8                                         {product} {ergonomic}
   size_t G1HeapRegionSize                         = 4194304                                   {product} {ergonomic}
    uintx GCDrainStackTargetSize                   = 64                                        {product} {ergonomic}
   size_t InitialHeapSize                          = 327155712                                 {product} {ergonomic}
   size_t MarkStackSize                            = 4194304                                   {product} {ergonomic}
   size_t MaxHeapSize                              = 5200936960                                {product} {ergonomic}
   size_t MaxNewSize                               = 3120562176                                {product} {ergonomic}
   size_t MinHeapDeltaBytes                        = 4194304                                   {product} {ergonomic}
   size_t MinHeapSize                              = 8388608                                   {product} {ergonomic}
    uintx NonProfiledCodeHeapSize                  = 0                                      {pd product} {ergonomic}
     bool ProfileInterpreter                       = false                                  {pd product} {command line}
    uintx ProfiledCodeHeapSize                     = 0                                      {pd product} {ergonomic}
   size_t SoftMaxHeapSize                          = 5200936960                             {manageable} {ergonomic}
     intx TieredStopAtLevel                        = 1                                         {product} {command line}
     bool UseCompressedClassPointers               = true                           {product lp64_product} {ergonomic}
     bool UseCompressedOops                        = true                           {product lp64_product} {ergonomic}
     bool UseG1GC                                  = true                                      {product} {ergonomic}
     bool UseLargePagesIndividualAllocation        = false                                  {pd product} {ergonomic}

Logging:
Log output configuration:
 #0: stdout all=warning uptime,level,tags
 #1: stderr all=off uptime,level,tags

Environment Variables:
JAVA_HOME=C:\Program Files\Java\jdk1.8.0_261
CLASSPATH=C:\Program Files\Java\jdk1.8.0_261\jre
PATH=C:\db_home\bin;C:\Program Files (x86)\Microsoft SDKs\Azure\CLI2\wbin;C:\Program Files\Java\jdk1.8.0_261\bin;C:\Program Files (x86)\Common Files\Oracle\Java\javapath;C:\Program Files\Common Files\Oracle\Java\javapath;C:\WINDOWS\system32;C:\WINDOWS;C:\WINDOWS\System32\Wbem;C:\WINDOWS\System32\WindowsPowerShell\v1.0\;C:\WINDOWS\System32\OpenSSH\;C:\Program Files\Java\jdk-11.0.10;C:\maven\apache-maven-3.6.3\bin;%M2_HOME%\bin;C:\xampp\php;C:\sonar-scanner-4.5.0.2216-windows\bin;C:\Program Files\PuTTY\;C:\Program Files\nodejs\;C:\Program Files\Git\cmd;C:\Program Files\Docker\Docker\resources\bin;C:\ProgramData\DockerDesktop\version-bin;C:\ProgramData\ComposerSetup\bin;C:\Users\LENOVO\.windows-build-tools\python27\;C:\Users\LENOVO\AppData\Roaming\npm\node_modules\windows-build-tools\node_modules\.bin;C:\Users\LENOVO\AppData\Roaming\npm\node_modules\node_modules\.bin;C:\Users\LENOVO\AppData\Roaming\npm\node_modules\.bin;C:\Users\LENOVO\AppData\Roaming\node_modules\.bin;C:\Users\LENOVO\AppData\node_modules\.bin;C:\Users\LENOVO\node_modules\.bin;C:\Users\node_modules\.bin;C:\node_modules\.bin;C:\Users\LENOVO\AppData\Roaming\npm\node_modules\npm\node_modules\@npmcli\run-script\lib\node-gyp-bin;C:\db_home\bin;C:\Program Files (x86)\Microsoft SDKs\Azure\CLI2\wbin;C:\Program Files\Java\jdk1.8.0_261\bin;C:\Program Files (x86)\Common Files\Oracle\Java\javapath;C:\Program Files\Common Files\Oracle\Java\javapath;C:\WINDOWS\system32;C:\WINDOWS;C:\WINDOWS\System32\Wbem;C:\WINDOWS\System32\WindowsPowerShell\v1.0\;C:\WINDOWS\System32\OpenSSH\;C:\Program Files\Java\jdk-11.0.10;C:\maven\apache-maven-3.6.3\bin;%M2_HOME%\bin;C:\xampp\php;C:\ProgramData\ComposerSetup\bin;C:\sonar-scanner-4.5.0.2216-windows\bin;C:\Program Files\PuTTY\;C:\Program Files\nodejs\;C:\Program Files\Git\cmd;C:\Program Files\Docker\Docker\resources\bin;C:\ProgramData\DockerDesktop\version-bin;C:\Users\LENOVO\AppData\Local\Microsoft\WindowsApps;C:\Users\LENOVO\AppData\Local\Programs\Microsoft VS Code\bin;C:\Users\LEN
USERNAME=LENOVO
OS=Windows_NT
PROCESSOR_IDENTIFIER=AMD64 Family 23 Model 96 Stepping 1, AuthenticAMD



---------------  S Y S T E M  ---------------

OS:
 Windows 11 , 64 bit Build 22000 (10.0.22000.708)
OS uptime: 12 days 22:15 hours
Hyper-V role detected

CPU: total 8 (initial active 8) (8 cores per cpu, 1 threads per core) family 23 model 96 stepping 1 microcode 0x0, cx8, cmov, fxsr, mmx, 3dnowpref, sse, sse2, sse3, ssse3, sse4a, sse4.1, sse4.2, popcnt, lzcnt, tsc, tscinvbit, avx, avx2, aes, clmul, bmi1, bmi2, adx, sha, fma, vzeroupper, clflush, clflushopt, hv

Memory: 4k page, system-wide physical 19830M (919M free)
TotalPageFile size 50547M (AvailPageFile size 163M)
current process WorkingSet (physical memory assigned to process): 485M, peak: 485M
current process commit charge ("private bytes"): 516M, peak: 1036M

vm_info: OpenJDK 64-Bit Server VM (17.0.3+7) for windows-amd64 JRE (17.0.3+7), built on Apr 19 2022 16:55:35 by "" with MS VC++ 16.7 (VS2019)

END.
