#
# There is insufficient memory for the Java Runtime Environment to continue.
# Native memory allocation (mmap) failed to map 864026624 bytes for G1 virtual space
# Possible reasons:
#   The system is out of physical RAM or swap space
#   The process is running with CompressedOops enabled, and the Java Heap may be blocking the growth of the native heap
# Possible solutions:
#   Reduce memory load on the system
#   Increase physical memory or swap space
#   Check if swap backing store is full
#   Decrease Java heap size (-Xmx/-Xms)
#   Decrease number of Java threads
#   Decrease Java thread stack sizes (-Xss)
#   Set larger code cache with -XX:ReservedCodeCacheSize=
#   JVM is running with Zero Based Compressed Oops mode in which the Java heap is
#     placed in the first 32GB address space. The Java Heap base address is the
#     maximum limit for the native heap growth. Please use -XX:HeapBaseMinAddress
#     to set the Java Heap base and to place the Java Heap above 32GB virtual address.
# This output file may be truncated or incomplete.
#
#  Out of Memory Error (os_windows.cpp:3535), pid=109428, tid=112076
#
# JRE version: OpenJDK Runtime Environment Temurin-17.0.3+7 (17.0.3+7) (build 17.0.3+7)
# Java VM: OpenJDK 64-Bit Server VM Temurin-17.0.3+7 (17.0.3+7, mixed mode, emulated-client, tiered, compressed oops, compressed class ptrs, g1 gc, windows-amd64)
# No core dump will be written. Minidumps are not enabled by default on client versions of Windows
#

---------------  S U M M A R Y ------------

Command Line: -Dsts.lsp.client=vscode -Dsts.log.file=/dev/null -XX:TieredStopAtLevel=1 -Dspring.config.location=file:c:\Users\LENOVO\.vscode\extensions\pivotal.vscode-spring-boot-1.38.0\language-server\BOOT-INF\classes\application.properties org.springframework.ide.vscode.boot.app.BootLanguageServerBootApp

Host: AMD Ryzen 7 4700U with Radeon Graphics         , 8 cores, 19G,  Windows 11 , 64 bit Build 22000 (10.0.22000.708)
Time: Sat Aug 20 19:01:07 2022 Hora est. Pacífico, Sudamérica elapsed time: 5.072348 seconds (0d 0h 0m 5s)

---------------  T H R E A D  ---------------

Current thread (0x000001d1679fdc90):  VMThread "VM Thread" [stack: 0x000000c578e00000,0x000000c578f00000] [id=112076]

Stack: [0x000000c578e00000,0x000000c578f00000]
Native frames: (J=compiled Java code, j=interpreted, Vv=VM code, C=native code)
V  [jvm.dll+0x675efa]
V  [jvm.dll+0x830a24]
V  [jvm.dll+0x8321ce]
V  [jvm.dll+0x832833]
V  [jvm.dll+0x2454b5]
V  [jvm.dll+0x672de9]
V  [jvm.dll+0x667732]
V  [jvm.dll+0x3043ab]
V  [jvm.dll+0x30b8f6]
V  [jvm.dll+0x35b62e]
V  [jvm.dll+0x35b85f]
V  [jvm.dll+0x2db248]
V  [jvm.dll+0x2d94fc]
V  [jvm.dll+0x2d8acc]
V  [jvm.dll+0x31ca2b]
V  [jvm.dll+0x836cdb]
V  [jvm.dll+0x837a14]
V  [jvm.dll+0x837f2c]
V  [jvm.dll+0x838304]
V  [jvm.dll+0x8383d0]
V  [jvm.dll+0x7e0cfa]
V  [jvm.dll+0x674d85]
C  [ucrtbase.dll+0x26c0c]
C  [KERNEL32.DLL+0x154e0]
C  [ntdll.dll+0x485b]

VM_Operation (0x000000c57abfe760): G1CollectForAllocation, mode: safepoint, requested by thread 0x000001d16a55a520


---------------  P R O C E S S  ---------------

Threads class SMR info:
_java_thread_list=0x000001d16a580550, length=36, elements={
0x000001d1684002c0, 0x000001d168402140, 0x000001d167a5c550, 0x000001d167a5df10,
0x000001d167a5e8c0, 0x000001d168432400, 0x000001d1684362f0, 0x000001d168436bf0,
0x000001d16867aeb0, 0x000001d1686867b0, 0x000001d16a4999a0, 0x000001d16a502320,
0x000001d16a55a050, 0x000001d1539ef750, 0x000001d16868a2b0, 0x000001d1686a3200,
0x000001d16a55a520, 0x000001d16a55a9f0, 0x000001d16a4b05c0, 0x000001d16a61b560,
0x000001d16a618540, 0x000001d16a61b090, 0x000001d16a61a6f0, 0x000001d16a6193b0,
0x000001d16a61abc0, 0x000001d16a61ba30, 0x000001d16a618070, 0x000001d16a618a10,
0x000001d16a618ee0, 0x000001d16a619880, 0x000001d16a619d50, 0x000001d16a61a220,
0x000001d16c228ab0, 0x000001d16c225a90, 0x000001d16c2250f0, 0x000001d16c22a2c0
}

Java Threads: ( => current thread )
  0x000001d1684002c0 JavaThread "Reference Handler" daemon [_thread_blocked, id=115776, stack(0x000000c578f00000,0x000000c579000000)]
  0x000001d168402140 JavaThread "Finalizer" daemon [_thread_blocked, id=114548, stack(0x000000c579000000,0x000000c579100000)]
  0x000001d167a5c550 JavaThread "Signal Dispatcher" daemon [_thread_blocked, id=117640, stack(0x000000c579100000,0x000000c579200000)]
  0x000001d167a5df10 JavaThread "Attach Listener" daemon [_thread_blocked, id=87376, stack(0x000000c579200000,0x000000c579300000)]
  0x000001d167a5e8c0 JavaThread "Service Thread" daemon [_thread_blocked, id=103248, stack(0x000000c579300000,0x000000c579400000)]
  0x000001d168432400 JavaThread "Monitor Deflation Thread" daemon [_thread_blocked, id=116956, stack(0x000000c579400000,0x000000c579500000)]
  0x000001d1684362f0 JavaThread "C1 CompilerThread0" daemon [_thread_blocked, id=50904, stack(0x000000c579500000,0x000000c579600000)]
  0x000001d168436bf0 JavaThread "Sweeper thread" daemon [_thread_blocked, id=113704, stack(0x000000c579600000,0x000000c579700000)]
  0x000001d16867aeb0 JavaThread "Notification Thread" daemon [_thread_blocked, id=43168, stack(0x000000c579800000,0x000000c579900000)]
  0x000001d1686867b0 JavaThread "Common-Cleaner" daemon [_thread_blocked, id=99564, stack(0x000000c579a00000,0x000000c579b00000)]
  0x000001d16a4999a0 JavaThread "ForkJoinPool.commonPool-worker-1" daemon [_thread_blocked, id=90424, stack(0x000000c57a600000,0x000000c57a700000)]
  0x000001d16a502320 JavaThread "pool-7-thread-1" [_thread_blocked, id=65700, stack(0x000000c57a700000,0x000000c57a800000)]
  0x000001d16a55a050 JavaThread "LanguageServerApp-lifecycle" [_thread_blocked, id=114428, stack(0x000000c57a800000,0x000000c57a900000)]
  0x000001d1539ef750 JavaThread "DestroyJavaVM" [_thread_blocked, id=113740, stack(0x000000c578800000,0x000000c578900000)]
  0x000001d16868a2b0 JavaThread "ClassGraph-worker-0" daemon [_thread_blocked, id=115292, stack(0x000000c57a900000,0x000000c57aa00000)]
  0x000001d1686a3200 JavaThread "ClassGraph-worker-1" daemon [_thread_blocked, id=114780, stack(0x000000c57aa00000,0x000000c57ab00000)]
  0x000001d16a55a520 JavaThread "ClassGraph-worker-2" daemon [_thread_blocked, id=114320, stack(0x000000c57ab00000,0x000000c57ac00000)]
  0x000001d16a55a9f0 JavaThread "ClassGraph-worker-3" daemon [_thread_blocked, id=79712, stack(0x000000c57ac00000,0x000000c57ad00000)]
  0x000001d16a4b05c0 JavaThread "ClassGraph-worker-4" daemon [_thread_blocked, id=2852, stack(0x000000c57ad00000,0x000000c57ae00000)]
  0x000001d16a61b560 JavaThread "ClassGraph-worker-5" daemon [_thread_blocked, id=113712, stack(0x000000c57ae00000,0x000000c57af00000)]
  0x000001d16a618540 JavaThread "ClassGraph-worker-6" daemon [_thread_blocked, id=111288, stack(0x000000c57af00000,0x000000c57b000000)]
  0x000001d16a61b090 JavaThread "ClassGraph-worker-7" daemon [_thread_blocked, id=114272, stack(0x000000c57b000000,0x000000c57b100000)]
  0x000001d16a61a6f0 JavaThread "ClassGraph-worker-8" daemon [_thread_blocked, id=112220, stack(0x000000c57b100000,0x000000c57b200000)]
  0x000001d16a6193b0 JavaThread "ClassGraph-worker-9" daemon [_thread_blocked, id=87396, stack(0x000000c57b200000,0x000000c57b300000)]
  0x000001d16a61abc0 JavaThread "ClassGraph-worker-10" daemon [_thread_blocked, id=5576, stack(0x000000c57b300000,0x000000c57b400000)]
  0x000001d16a61ba30 JavaThread "ClassGraph-worker-11" daemon [_thread_blocked, id=72492, stack(0x000000c57b400000,0x000000c57b500000)]
  0x000001d16a618070 JavaThread "ClassGraph-worker-12" daemon [_thread_blocked, id=109632, stack(0x000000c57b500000,0x000000c57b600000)]
  0x000001d16a618a10 JavaThread "ClassGraph-worker-13" daemon [_thread_blocked, id=102156, stack(0x000000c57b600000,0x000000c57b700000)]
  0x000001d16a618ee0 JavaThread "pool-8-thread-1" [_thread_in_native, id=114276, stack(0x000000c57b700000,0x000000c57b800000)]
  0x000001d16a619880 JavaThread "Simple-Language-Server main thread" daemon [_thread_blocked, id=10684, stack(0x000000c57b800000,0x000000c57b900000)]
  0x000001d16a619d50 JavaThread "parallel-1" daemon [_thread_blocked, id=59448, stack(0x000000c57b900000,0x000000c57ba00000)]
  0x000001d16a61a220 JavaThread "pool-2-thread-1" [_thread_blocked, id=97112, stack(0x000000c57ba00000,0x000000c57bb00000)]
  0x000001d16c228ab0 JavaThread "ForkJoinPool.commonPool-worker-2" daemon [_thread_blocked, id=113972, stack(0x000000c57bb00000,0x000000c57bc00000)]
  0x000001d16c225a90 JavaThread "pool-2-thread-2" [_thread_blocked, id=105432, stack(0x000000c57bc00000,0x000000c57bd00000)]
  0x000001d16c2250f0 JavaThread "parallel-2" daemon [_thread_blocked, id=13804, stack(0x000000c57c000000,0x000000c57c100000)]
  0x000001d16c22a2c0 JavaThread "Reconciler-1" daemon [_thread_blocked, id=110944, stack(0x000000c57c100000,0x000000c57c200000)]

Other Threads:
=>0x000001d1679fdc90 VMThread "VM Thread" [stack: 0x000000c578e00000,0x000000c578f00000] [id=112076]
  0x000001d16867d390 WatcherThread [stack: 0x000000c579900000,0x000000c579a00000] [id=114360]
  0x000001d153a65c50 GCTaskThread "GC Thread#0" [stack: 0x000000c578900000,0x000000c578a00000] [id=101996]
  0x000001d168eaad00 GCTaskThread "GC Thread#1" [stack: 0x000000c579d00000,0x000000c579e00000] [id=90536]
  0x000001d168eaafb0 GCTaskThread "GC Thread#2" [stack: 0x000000c579e00000,0x000000c579f00000] [id=108616]
  0x000001d168eab670 GCTaskThread "GC Thread#3" [stack: 0x000000c579f00000,0x000000c57a000000] [id=114672]
  0x000001d168eab920 GCTaskThread "GC Thread#4" [stack: 0x000000c57a000000,0x000000c57a100000] [id=102356]
  0x000001d168eabbd0 GCTaskThread "GC Thread#5" [stack: 0x000000c57a100000,0x000000c57a200000] [id=112328]
  0x000001d168f51020 GCTaskThread "GC Thread#6" [stack: 0x000000c57a200000,0x000000c57a300000] [id=110700]
  0x000001d168ffdda0 GCTaskThread "GC Thread#7" [stack: 0x000000c57a300000,0x000000c57a400000] [id=116216]
  0x000001d153a70690 ConcurrentGCThread "G1 Main Marker" [stack: 0x000000c578a00000,0x000000c578b00000] [id=111824]
  0x000001d153a72850 ConcurrentGCThread "G1 Conc#0" [stack: 0x000000c578b00000,0x000000c578c00000] [id=112732]
  0x000001d169fb6d40 ConcurrentGCThread "G1 Conc#1" [stack: 0x000000c57a500000,0x000000c57a600000] [id=104800]
  0x000001d153abe850 ConcurrentGCThread "G1 Refine#0" [stack: 0x000000c578c00000,0x000000c578d00000] [id=86756]
  0x000001d16a319b90 ConcurrentGCThread "G1 Refine#1" [stack: 0x000000c57a400000,0x000000c57a500000] [id=106264]
  0x000001d16a5393f0 ConcurrentGCThread "G1 Refine#2" [stack: 0x000000c57bd00000,0x000000c57be00000] [id=102472]
  0x000001d16a53a250 ConcurrentGCThread "G1 Refine#3" [stack: 0x000000c57be00000,0x000000c57bf00000] [id=114560]
  0x000001d16a539f70 ConcurrentGCThread "G1 Refine#4" [stack: 0x000000c57bf00000,0x000000c57c000000] [id=117472]
  0x000001d16a538e30 ConcurrentGCThread "G1 Refine#5" [stack: 0x000000c57c200000,0x000000c57c300000] [id=110880]
  0x000001d1678a4420 ConcurrentGCThread "G1 Service" [stack: 0x000000c578d00000,0x000000c578e00000] [id=111572]

Threads with active compile tasks:

VM state: at safepoint (normal execution)

VM Mutex/Monitor currently owned by a thread:  ([mutex/lock_event])
[0x000001d151819860] Threads_lock - owner thread: 0x000001d1679fdc90
[0x000001d1539edc70] Heap_lock - owner thread: 0x000001d16a55a520

Heap address: 0x00000006ca000000, size: 4960 MB, Compressed Oops mode: Zero based, Oop shift amount: 3

CDS archive(s) not mapped
Compressed class space mapped at: 0x0000000800000000-0x0000000840000000, reserved size: 1073741824
Narrow klass base: 0x0000000800000000, Narrow klass shift: 0, Narrow klass range: 0x40000000

GC Precious Log:
 CPUs: 8 total, 8 available
 Memory: 19830M
 Large Page Support: Disabled
 NUMA Support: Disabled
 Compressed Oops: Enabled (Zero based)
 Heap Region Size: 4M
 Heap Min Capacity: 8M
 Heap Initial Capacity: 312M
 Heap Max Capacity: 4960M
 Pre-touch: Disabled
 Parallel Workers: 8
 Concurrent Workers: 2
 Concurrent Refinement Workers: 8
 Periodic GC: Disabled

Heap:
 garbage-first heap   total 876544K, used 194757K [0x00000006ca000000, 0x0000000800000000)
  region size 4096K, 12 young (49152K), 12 survivors (49152K)
 Metaspace       used 35314K, committed 35584K, reserved 1081344K
  class space    used 4584K, committed 4736K, reserved 1048576K

Heap Regions: E=young(eden), S=young(survivor), O=old, HS=humongous(starts), HC=humongous(continues), CS=collection set, F=free, OA=open archive, CA=closed archive, TAMS=top-at-mark-start (previous, next)
|   0|0x00000006ca000000, 0x00000006ca400000, 0x00000006ca400000|100%| O|  |TAMS 0x00000006ca400000, 0x00000006ca000000| Untracked 
|   1|0x00000006ca400000, 0x00000006ca800000, 0x00000006ca800000|100%| O|  |TAMS 0x00000006ca400000, 0x00000006ca400000| Untracked 
|   2|0x00000006ca800000, 0x00000006cac00000, 0x00000006cac00000|100%| O|  |TAMS 0x00000006ca800000, 0x00000006ca800000| Untracked 
|   3|0x00000006cac00000, 0x00000006cb000000, 0x00000006cb000000|100%| O|  |TAMS 0x00000006cac00000, 0x00000006cac00000| Untracked 
|   4|0x00000006cb000000, 0x00000006cb400000, 0x00000006cb400000|100%| O|  |TAMS 0x00000006cb000000, 0x00000006cb000000| Untracked 
|   5|0x00000006cb400000, 0x00000006cb800000, 0x00000006cb800000|100%| O|  |TAMS 0x00000006cb400000, 0x00000006cb400000| Untracked 
|   6|0x00000006cb800000, 0x00000006cbc00000, 0x00000006cbc00000|100%| O|  |TAMS 0x00000006cb800000, 0x00000006cb800000| Untracked 
|   7|0x00000006cbc00000, 0x00000006cc000000, 0x00000006cc000000|100%| O|  |TAMS 0x00000006cbc00000, 0x00000006cbc00000| Untracked 
|   8|0x00000006cc000000, 0x00000006cc400000, 0x00000006cc400000|100%| O|  |TAMS 0x00000006cc000000, 0x00000006cc000000| Untracked 
|   9|0x00000006cc400000, 0x00000006cc800000, 0x00000006cc800000|100%| O|  |TAMS 0x00000006cc400000, 0x00000006cc400000| Untracked 
|  10|0x00000006cc800000, 0x00000006ccc00000, 0x00000006ccc00000|100%| O|  |TAMS 0x00000006cc800000, 0x00000006cc800000| Untracked 
|  11|0x00000006ccc00000, 0x00000006cd000000, 0x00000006cd000000|100%| O|  |TAMS 0x00000006ccc00000, 0x00000006ccc00000| Untracked 
|  12|0x00000006cd000000, 0x00000006cd400000, 0x00000006cd400000|100%| O|  |TAMS 0x00000006cd000000, 0x00000006cd000000| Untracked 
|  13|0x00000006cd400000, 0x00000006cd800000, 0x00000006cd800000|100%| O|  |TAMS 0x00000006cd400000, 0x00000006cd400000| Untracked 
|  14|0x00000006cd800000, 0x00000006cdc00000, 0x00000006cdc00000|100%| O|  |TAMS 0x00000006cd800000, 0x00000006cd800000| Untracked 
|  15|0x00000006cdc00000, 0x00000006ce000000, 0x00000006ce000000|100%| O|  |TAMS 0x00000006cdc00000, 0x00000006cdc00000| Untracked 
|  16|0x00000006ce000000, 0x00000006ce400000, 0x00000006ce400000|100%| O|  |TAMS 0x00000006ce000000, 0x00000006ce000000| Untracked 
|  17|0x00000006ce400000, 0x00000006ce800000, 0x00000006ce800000|100%| O|  |TAMS 0x00000006ce400000, 0x00000006ce400000| Untracked 
|  18|0x00000006ce800000, 0x00000006cec00000, 0x00000006cec00000|100%| O|  |TAMS 0x00000006ce800000, 0x00000006ce800000| Untracked 
|  19|0x00000006cec00000, 0x00000006cf000000, 0x00000006cf000000|100%| O|  |TAMS 0x00000006cec00000, 0x00000006cec00000| Untracked 
|  20|0x00000006cf000000, 0x00000006cf400000, 0x00000006cf400000|100%| O|  |TAMS 0x00000006cf000000, 0x00000006cf000000| Untracked 
|  21|0x00000006cf400000, 0x00000006cf800000, 0x00000006cf800000|100%| O|  |TAMS 0x00000006cf400000, 0x00000006cf400000| Untracked 
|  22|0x00000006cf800000, 0x00000006cfc00000, 0x00000006cfc00000|100%| O|  |TAMS 0x00000006cf800000, 0x00000006cf800000| Untracked 
|  23|0x00000006cfc00000, 0x00000006d0000000, 0x00000006d0000000|100%| O|  |TAMS 0x00000006cfc00000, 0x00000006cfc00000| Untracked 
|  24|0x00000006d0000000, 0x00000006d0400000, 0x00000006d0400000|100%| O|  |TAMS 0x00000006d0000000, 0x00000006d0000000| Untracked 
|  25|0x00000006d0400000, 0x00000006d0800000, 0x00000006d0800000|100%| O|  |TAMS 0x00000006d0400000, 0x00000006d0400000| Untracked 
|  26|0x00000006d0800000, 0x00000006d0c00000, 0x00000006d0c00000|100%| O|  |TAMS 0x00000006d0800000, 0x00000006d0800000| Untracked 
|  27|0x00000006d0c00000, 0x00000006d1000000, 0x00000006d1000000|100%| O|  |TAMS 0x00000006d0c00000, 0x00000006d0c00000| Untracked 
|  28|0x00000006d1000000, 0x00000006d1400000, 0x00000006d1400000|100%| O|  |TAMS 0x00000006d1000000, 0x00000006d1000000| Untracked 
|  29|0x00000006d1400000, 0x00000006d1800000, 0x00000006d1800000|100%| O|  |TAMS 0x00000006d1400000, 0x00000006d1400000| Untracked 
|  30|0x00000006d1800000, 0x00000006d1c00000, 0x00000006d1c00000|100%| O|  |TAMS 0x00000006d1800000, 0x00000006d1800000| Untracked 
|  31|0x00000006d1c00000, 0x00000006d2000000, 0x00000006d2000000|100%| O|  |TAMS 0x00000006d1c00000, 0x00000006d1c00000| Untracked 
|  32|0x00000006d2000000, 0x00000006d2400000, 0x00000006d2400000|100%| O|  |TAMS 0x00000006d2000000, 0x00000006d2000000| Untracked 
|  33|0x00000006d2400000, 0x00000006d2800000, 0x00000006d2800000|100%| O|  |TAMS 0x00000006d2400000, 0x00000006d2400000| Untracked 
|  34|0x00000006d2800000, 0x00000006d2c00000, 0x00000006d2c00000|100%| O|  |TAMS 0x00000006d2800000, 0x00000006d2800000| Untracked 
|  35|0x00000006d2c00000, 0x00000006d3000000, 0x00000006d3000000|100%| O|  |TAMS 0x00000006d2c00000, 0x00000006d2c00000| Untracked 
|  36|0x00000006d3000000, 0x00000006d3000000, 0x00000006d3400000|  0%| F|  |TAMS 0x00000006d3000000, 0x00000006d3000000| Untracked 
|  37|0x00000006d3400000, 0x00000006d3400000, 0x00000006d3800000|  0%| F|  |TAMS 0x00000006d3400000, 0x00000006d3400000| Untracked 
|  38|0x00000006d3800000, 0x00000006d3800000, 0x00000006d3c00000|  0%| F|  |TAMS 0x00000006d3800000, 0x00000006d3800000| Untracked 
|  39|0x00000006d3c00000, 0x00000006d3c00000, 0x00000006d4000000|  0%| F|  |TAMS 0x00000006d3c00000, 0x00000006d3c00000| Untracked 
|  40|0x00000006d4000000, 0x00000006d4000000, 0x00000006d4400000|  0%| F|  |TAMS 0x00000006d4000000, 0x00000006d4000000| Untracked 
|  41|0x00000006d4400000, 0x00000006d4400000, 0x00000006d4800000|  0%| F|  |TAMS 0x00000006d4400000, 0x00000006d4400000| Untracked 
|  42|0x00000006d4800000, 0x00000006d4800000, 0x00000006d4c00000|  0%| F|  |TAMS 0x00000006d4800000, 0x00000006d4800000| Untracked 
|  43|0x00000006d4c00000, 0x00000006d4c00000, 0x00000006d5000000|  0%| F|  |TAMS 0x00000006d4c00000, 0x00000006d4c00000| Untracked 
|  44|0x00000006d5000000, 0x00000006d5000000, 0x00000006d5400000|  0%| F|  |TAMS 0x00000006d5000000, 0x00000006d5000000| Untracked 
|  45|0x00000006d5400000, 0x00000006d5400000, 0x00000006d5800000|  0%| F|  |TAMS 0x00000006d5400000, 0x00000006d5400000| Untracked 
|  46|0x00000006d5800000, 0x00000006d5800000, 0x00000006d5c00000|  0%| F|  |TAMS 0x00000006d5800000, 0x00000006d5800000| Untracked 
|  47|0x00000006d5c00000, 0x00000006d5c00000, 0x00000006d6000000|  0%| F|  |TAMS 0x00000006d5c00000, 0x00000006d5c00000| Untracked 
|  48|0x00000006d6000000, 0x00000006d6000000, 0x00000006d6400000|  0%| F|  |TAMS 0x00000006d6000000, 0x00000006d6000000| Untracked 
|  49|0x00000006d6400000, 0x00000006d6400000, 0x00000006d6800000|  0%| F|  |TAMS 0x00000006d6400000, 0x00000006d6400000| Untracked 
|  50|0x00000006d6800000, 0x00000006d6800000, 0x00000006d6c00000|  0%| F|  |TAMS 0x00000006d6800000, 0x00000006d6800000| Untracked 
|  51|0x00000006d6c00000, 0x00000006d6c00000, 0x00000006d7000000|  0%| F|  |TAMS 0x00000006d6c00000, 0x00000006d6c00000| Untracked 
|  52|0x00000006d7000000, 0x00000006d7000000, 0x00000006d7400000|  0%| F|  |TAMS 0x00000006d7000000, 0x00000006d7000000| Untracked 
|  53|0x00000006d7400000, 0x00000006d7400000, 0x00000006d7800000|  0%| F|  |TAMS 0x00000006d7400000, 0x00000006d7400000| Untracked 
|  54|0x00000006d7800000, 0x00000006d7800000, 0x00000006d7c00000|  0%| F|  |TAMS 0x00000006d7800000, 0x00000006d7800000| Untracked 
|  55|0x00000006d7c00000, 0x00000006d7c00000, 0x00000006d8000000|  0%| F|  |TAMS 0x00000006d7c00000, 0x00000006d7c00000| Untracked 
|  56|0x00000006d8000000, 0x00000006d8000000, 0x00000006d8400000|  0%| F|  |TAMS 0x00000006d8000000, 0x00000006d8000000| Untracked 
|  57|0x00000006d8400000, 0x00000006d8400000, 0x00000006d8800000|  0%| F|  |TAMS 0x00000006d8400000, 0x00000006d8400000| Untracked 
|  58|0x00000006d8800000, 0x00000006d8800000, 0x00000006d8c00000|  0%| F|  |TAMS 0x00000006d8800000, 0x00000006d8800000| Untracked 
|  59|0x00000006d8c00000, 0x00000006d8c00000, 0x00000006d9000000|  0%| F|  |TAMS 0x00000006d8c00000, 0x00000006d8c00000| Untracked 
|  60|0x00000006d9000000, 0x00000006d9000000, 0x00000006d9400000|  0%| F|  |TAMS 0x00000006d9000000, 0x00000006d9000000| Untracked 
|  61|0x00000006d9400000, 0x00000006d9400000, 0x00000006d9800000|  0%| F|  |TAMS 0x00000006d9400000, 0x00000006d9400000| Untracked 
|  62|0x00000006d9800000, 0x00000006d9800000, 0x00000006d9c00000|  0%| F|  |TAMS 0x00000006d9800000, 0x00000006d9800000| Untracked 
|  63|0x00000006d9c00000, 0x00000006d9c00000, 0x00000006da000000|  0%| F|  |TAMS 0x00000006d9c00000, 0x00000006d9c00000| Untracked 
|  64|0x00000006da000000, 0x00000006da000000, 0x00000006da400000|  0%| F|  |TAMS 0x00000006da000000, 0x00000006da000000| Untracked 
|  65|0x00000006da400000, 0x00000006da400000, 0x00000006da800000|  0%| F|  |TAMS 0x00000006da400000, 0x00000006da400000| Untracked 
|  66|0x00000006da800000, 0x00000006da800000, 0x00000006dac00000|  0%| F|  |TAMS 0x00000006da800000, 0x00000006da800000| Untracked 
|  67|0x00000006dac00000, 0x00000006dac00000, 0x00000006db000000|  0%| F|  |TAMS 0x00000006dac00000, 0x00000006dac00000| Untracked 
|  68|0x00000006db000000, 0x00000006db000000, 0x00000006db400000|  0%| F|  |TAMS 0x00000006db000000, 0x00000006db000000| Untracked 
|  69|0x00000006db400000, 0x00000006db400000, 0x00000006db800000|  0%| F|  |TAMS 0x00000006db400000, 0x00000006db400000| Untracked 
|  70|0x00000006db800000, 0x00000006db800000, 0x00000006dbc00000|  0%| F|  |TAMS 0x00000006db800000, 0x00000006db800000| Untracked 
|  71|0x00000006dbc00000, 0x00000006dbc00000, 0x00000006dc000000|  0%| F|  |TAMS 0x00000006dbc00000, 0x00000006dbc00000| Untracked 
|  72|0x00000006dc000000, 0x00000006dc000000, 0x00000006dc400000|  0%| F|  |TAMS 0x00000006dc000000, 0x00000006dc000000| Untracked 
|  73|0x00000006dc400000, 0x00000006dc400000, 0x00000006dc800000|  0%| F|  |TAMS 0x00000006dc400000, 0x00000006dc400000| Untracked 
|  74|0x00000006dc800000, 0x00000006dca314a0, 0x00000006dcc00000| 54%| S|CS|TAMS 0x00000006dc800000, 0x00000006dc800000| Complete 
|  75|0x00000006dcc00000, 0x00000006dd000000, 0x00000006dd000000|100%| S|CS|TAMS 0x00000006dcc00000, 0x00000006dcc00000| Complete 
|  76|0x00000006dd000000, 0x00000006dd400000, 0x00000006dd400000|100%| S|CS|TAMS 0x00000006dd000000, 0x00000006dd000000| Complete 
|  77|0x00000006dd400000, 0x00000006dd800000, 0x00000006dd800000|100%| S|CS|TAMS 0x00000006dd400000, 0x00000006dd400000| Complete 
|  78|0x00000006dd800000, 0x00000006ddc00000, 0x00000006ddc00000|100%| S|CS|TAMS 0x00000006dd800000, 0x00000006dd800000| Complete 
|  79|0x00000006ddc00000, 0x00000006de000000, 0x00000006de000000|100%| S|CS|TAMS 0x00000006ddc00000, 0x00000006ddc00000| Complete 
|  80|0x00000006de000000, 0x00000006de400000, 0x00000006de400000|100%| S|CS|TAMS 0x00000006de000000, 0x00000006de000000| Complete 
|  81|0x00000006de400000, 0x00000006de400000, 0x00000006de800000|  0%| F|  |TAMS 0x00000006de400000, 0x00000006de400000| Untracked 
|  82|0x00000006de800000, 0x00000006de800000, 0x00000006dec00000|  0%| F|  |TAMS 0x00000006de800000, 0x00000006de800000| Untracked 
|  83|0x00000006dec00000, 0x00000006dec00000, 0x00000006df000000|  0%| F|  |TAMS 0x00000006dec00000, 0x00000006dec00000| Untracked 
|  84|0x00000006df000000, 0x00000006df000000, 0x00000006df400000|  0%| F|  |TAMS 0x00000006df000000, 0x00000006df000000| Untracked 
|  85|0x00000006df400000, 0x00000006df400000, 0x00000006df800000|  0%| F|  |TAMS 0x00000006df400000, 0x00000006df400000| Untracked 
|  86|0x00000006df800000, 0x00000006df800000, 0x00000006dfc00000|  0%| F|  |TAMS 0x00000006df800000, 0x00000006df800000| Untracked 
|  87|0x00000006dfc00000, 0x00000006dfc00000, 0x00000006e0000000|  0%| F|  |TAMS 0x00000006dfc00000, 0x00000006dfc00000| Untracked 
|  88|0x00000006e0000000, 0x00000006e0000000, 0x00000006e0400000|  0%| F|  |TAMS 0x00000006e0000000, 0x00000006e0000000| Untracked 
|  89|0x00000006e0400000, 0x00000006e0400000, 0x00000006e0800000|  0%| F|  |TAMS 0x00000006e0400000, 0x00000006e0400000| Untracked 
|  90|0x00000006e0800000, 0x00000006e0c00000, 0x00000006e0c00000|100%| S|CS|TAMS 0x00000006e0800000, 0x00000006e0800000| Complete 
|  91|0x00000006e0c00000, 0x00000006e1000000, 0x00000006e1000000|100%| S|CS|TAMS 0x00000006e0c00000, 0x00000006e0c00000| Complete 
|  92|0x00000006e1000000, 0x00000006e1400000, 0x00000006e1400000|100%| S|CS|TAMS 0x00000006e1000000, 0x00000006e1000000| Complete 
|  93|0x00000006e1400000, 0x00000006e1800000, 0x00000006e1800000|100%| S|CS|TAMS 0x00000006e1400000, 0x00000006e1400000| Complete 
|  94|0x00000006e1800000, 0x00000006e1c00000, 0x00000006e1c00000|100%| S|CS|TAMS 0x00000006e1800000, 0x00000006e1800000| Complete 
|  95|0x00000006e1c00000, 0x00000006e1c00000, 0x00000006e2000000|  0%| F|  |TAMS 0x00000006e1c00000, 0x00000006e1c00000| Untracked 
|  96|0x00000006e2000000, 0x00000006e2000000, 0x00000006e2400000|  0%| F|  |TAMS 0x00000006e2000000, 0x00000006e2000000| Untracked 
|  97|0x00000006e2400000, 0x00000006e2400000, 0x00000006e2800000|  0%| F|  |TAMS 0x00000006e2400000, 0x00000006e2400000| Untracked 
|  98|0x00000006e2800000, 0x00000006e2800000, 0x00000006e2c00000|  0%| F|  |TAMS 0x00000006e2800000, 0x00000006e2800000| Untracked 
|  99|0x00000006e2c00000, 0x00000006e2c00000, 0x00000006e3000000|  0%| F|  |TAMS 0x00000006e2c00000, 0x00000006e2c00000| Untracked 
| 100|0x00000006e3000000, 0x00000006e3000000, 0x00000006e3400000|  0%| F|  |TAMS 0x00000006e3000000, 0x00000006e3000000| Untracked 
| 101|0x00000006e3400000, 0x00000006e3400000, 0x00000006e3800000|  0%| F|  |TAMS 0x00000006e3400000, 0x00000006e3400000| Untracked 
| 102|0x00000006e3800000, 0x00000006e3800000, 0x00000006e3c00000|  0%| F|  |TAMS 0x00000006e3800000, 0x00000006e3800000| Untracked 
| 103|0x00000006e3c00000, 0x00000006e3c00000, 0x00000006e4000000|  0%| F|  |TAMS 0x00000006e3c00000, 0x00000006e3c00000| Untracked 
| 104|0x00000006e4000000, 0x00000006e4000000, 0x00000006e4400000|  0%| F|  |TAMS 0x00000006e4000000, 0x00000006e4000000| Untracked 
| 105|0x00000006e4400000, 0x00000006e4400000, 0x00000006e4800000|  0%| F|  |TAMS 0x00000006e4400000, 0x00000006e4400000| Untracked 
| 106|0x00000006e4800000, 0x00000006e4800000, 0x00000006e4c00000|  0%| F|  |TAMS 0x00000006e4800000, 0x00000006e4800000| Untracked 
| 107|0x00000006e4c00000, 0x00000006e4c00000, 0x00000006e5000000|  0%| F|  |TAMS 0x00000006e4c00000, 0x00000006e4c00000| Untracked 
| 108|0x00000006e5000000, 0x00000006e5000000, 0x00000006e5400000|  0%| F|  |TAMS 0x00000006e5000000, 0x00000006e5000000| Untracked 
| 109|0x00000006e5400000, 0x00000006e5400000, 0x00000006e5800000|  0%| F|  |TAMS 0x00000006e5400000, 0x00000006e5400000| Untracked 
| 110|0x00000006e5800000, 0x00000006e5800000, 0x00000006e5c00000|  0%| F|  |TAMS 0x00000006e5800000, 0x00000006e5800000| Untracked 
| 111|0x00000006e5c00000, 0x00000006e5c00000, 0x00000006e6000000|  0%| F|  |TAMS 0x00000006e5c00000, 0x00000006e5c00000| Untracked 
| 112|0x00000006e6000000, 0x00000006e6000000, 0x00000006e6400000|  0%| F|  |TAMS 0x00000006e6000000, 0x00000006e6000000| Untracked 
| 113|0x00000006e6400000, 0x00000006e6400000, 0x00000006e6800000|  0%| F|  |TAMS 0x00000006e6400000, 0x00000006e6400000| Untracked 
| 114|0x00000006e6800000, 0x00000006e6800000, 0x00000006e6c00000|  0%| F|  |TAMS 0x00000006e6800000, 0x00000006e6800000| Untracked 
| 115|0x00000006e6c00000, 0x00000006e6c00000, 0x00000006e7000000|  0%| F|  |TAMS 0x00000006e6c00000, 0x00000006e6c00000| Untracked 
| 116|0x00000006e7000000, 0x00000006e7000000, 0x00000006e7400000|  0%| F|  |TAMS 0x00000006e7000000, 0x00000006e7000000| Untracked 
| 117|0x00000006e7400000, 0x00000006e7400000, 0x00000006e7800000|  0%| F|  |TAMS 0x00000006e7400000, 0x00000006e7400000| Untracked 
| 118|0x00000006e7800000, 0x00000006e7800000, 0x00000006e7c00000|  0%| F|  |TAMS 0x00000006e7800000, 0x00000006e7800000| Untracked 
| 119|0x00000006e7c00000, 0x00000006e7c00000, 0x00000006e8000000|  0%| F|  |TAMS 0x00000006e7c00000, 0x00000006e7c00000| Untracked 
| 120|0x00000006e8000000, 0x00000006e8000000, 0x00000006e8400000|  0%| F|  |TAMS 0x00000006e8000000, 0x00000006e8000000| Untracked 
| 121|0x00000006e8400000, 0x00000006e8400000, 0x00000006e8800000|  0%| F|  |TAMS 0x00000006e8400000, 0x00000006e8400000| Untracked 
| 122|0x00000006e8800000, 0x00000006e8800000, 0x00000006e8c00000|  0%| F|  |TAMS 0x00000006e8800000, 0x00000006e8800000| Untracked 
| 123|0x00000006e8c00000, 0x00000006e8c00000, 0x00000006e9000000|  0%| F|  |TAMS 0x00000006e8c00000, 0x00000006e8c00000| Untracked 
| 124|0x00000006e9000000, 0x00000006e9000000, 0x00000006e9400000|  0%| F|  |TAMS 0x00000006e9000000, 0x00000006e9000000| Untracked 
| 125|0x00000006e9400000, 0x00000006e9400000, 0x00000006e9800000|  0%| F|  |TAMS 0x00000006e9400000, 0x00000006e9400000| Untracked 
| 126|0x00000006e9800000, 0x00000006e9800000, 0x00000006e9c00000|  0%| F|  |TAMS 0x00000006e9800000, 0x00000006e9800000| Untracked 
| 127|0x00000006e9c00000, 0x00000006e9c00000, 0x00000006ea000000|  0%| F|  |TAMS 0x00000006e9c00000, 0x00000006e9c00000| Untracked 
| 128|0x00000006ea000000, 0x00000006ea000000, 0x00000006ea400000|  0%| F|  |TAMS 0x00000006ea000000, 0x00000006ea000000| Untracked 
| 129|0x00000006ea400000, 0x00000006ea400000, 0x00000006ea800000|  0%| F|  |TAMS 0x00000006ea400000, 0x00000006ea400000| Untracked 
| 130|0x00000006ea800000, 0x00000006ea800000, 0x00000006eac00000|  0%| F|  |TAMS 0x00000006ea800000, 0x00000006ea800000| Untracked 
| 131|0x00000006eac00000, 0x00000006eac00000, 0x00000006eb000000|  0%| F|  |TAMS 0x00000006eac00000, 0x00000006eac00000| Untracked 
| 132|0x00000006eb000000, 0x00000006eb000000, 0x00000006eb400000|  0%| F|  |TAMS 0x00000006eb000000, 0x00000006eb000000| Untracked 
| 133|0x00000006eb400000, 0x00000006eb400000, 0x00000006eb800000|  0%| F|  |TAMS 0x00000006eb400000, 0x00000006eb400000| Untracked 
| 134|0x00000006eb800000, 0x00000006eb800000, 0x00000006ebc00000|  0%| F|  |TAMS 0x00000006eb800000, 0x00000006eb800000| Untracked 
| 135|0x00000006ebc00000, 0x00000006ebc00000, 0x00000006ec000000|  0%| F|  |TAMS 0x00000006ebc00000, 0x00000006ebc00000| Untracked 
| 136|0x00000006ec000000, 0x00000006ec000000, 0x00000006ec400000|  0%| F|  |TAMS 0x00000006ec000000, 0x00000006ec000000| Untracked 
| 137|0x00000006ec400000, 0x00000006ec400000, 0x00000006ec800000|  0%| F|  |TAMS 0x00000006ec400000, 0x00000006ec400000| Untracked 
| 138|0x00000006ec800000, 0x00000006ec800000, 0x00000006ecc00000|  0%| F|  |TAMS 0x00000006ec800000, 0x00000006ec800000| Untracked 
| 139|0x00000006ecc00000, 0x00000006ecc00000, 0x00000006ed000000|  0%| F|  |TAMS 0x00000006ecc00000, 0x00000006ecc00000| Untracked 
| 140|0x00000006ed000000, 0x00000006ed000000, 0x00000006ed400000|  0%| F|  |TAMS 0x00000006ed000000, 0x00000006ed000000| Untracked 
| 141|0x00000006ed400000, 0x00000006ed400000, 0x00000006ed800000|  0%| F|  |TAMS 0x00000006ed400000, 0x00000006ed400000| Untracked 
| 142|0x00000006ed800000, 0x00000006ed800000, 0x00000006edc00000|  0%| F|  |TAMS 0x00000006ed800000, 0x00000006ed800000| Untracked 
| 143|0x00000006edc00000, 0x00000006edc00000, 0x00000006ee000000|  0%| F|  |TAMS 0x00000006edc00000, 0x00000006edc00000| Untracked 
| 144|0x00000006ee000000, 0x00000006ee000000, 0x00000006ee400000|  0%| F|  |TAMS 0x00000006ee000000, 0x00000006ee000000| Untracked 
| 145|0x00000006ee400000, 0x00000006ee400000, 0x00000006ee800000|  0%| F|  |TAMS 0x00000006ee400000, 0x00000006ee400000| Untracked 
| 146|0x00000006ee800000, 0x00000006ee800000, 0x00000006eec00000|  0%| F|  |TAMS 0x00000006ee800000, 0x00000006ee800000| Untracked 
| 147|0x00000006eec00000, 0x00000006eec00000, 0x00000006ef000000|  0%| F|  |TAMS 0x00000006eec00000, 0x00000006eec00000| Untracked 
| 148|0x00000006ef000000, 0x00000006ef000000, 0x00000006ef400000|  0%| F|  |TAMS 0x00000006ef000000, 0x00000006ef000000| Untracked 
| 149|0x00000006ef400000, 0x00000006ef400000, 0x00000006ef800000|  0%| F|  |TAMS 0x00000006ef400000, 0x00000006ef400000| Untracked 
| 150|0x00000006ef800000, 0x00000006ef800000, 0x00000006efc00000|  0%| F|  |TAMS 0x00000006ef800000, 0x00000006ef800000| Untracked 
| 151|0x00000006efc00000, 0x00000006efc00000, 0x00000006f0000000|  0%| F|  |TAMS 0x00000006efc00000, 0x00000006efc00000| Untracked 
| 152|0x00000006f0000000, 0x00000006f0000000, 0x00000006f0400000|  0%| F|  |TAMS 0x00000006f0000000, 0x00000006f0000000| Untracked 
| 153|0x00000006f0400000, 0x00000006f0400000, 0x00000006f0800000|  0%| F|  |TAMS 0x00000006f0400000, 0x00000006f0400000| Untracked 
| 154|0x00000006f0800000, 0x00000006f0800000, 0x00000006f0c00000|  0%| F|  |TAMS 0x00000006f0800000, 0x00000006f0800000| Untracked 
| 155|0x00000006f0c00000, 0x00000006f0c00000, 0x00000006f1000000|  0%| F|  |TAMS 0x00000006f0c00000, 0x00000006f0c00000| Untracked 
| 156|0x00000006f1000000, 0x00000006f1000000, 0x00000006f1400000|  0%| F|  |TAMS 0x00000006f1000000, 0x00000006f1000000| Untracked 
| 157|0x00000006f1400000, 0x00000006f1400000, 0x00000006f1800000|  0%| F|  |TAMS 0x00000006f1400000, 0x00000006f1400000| Untracked 
| 158|0x00000006f1800000, 0x00000006f1800000, 0x00000006f1c00000|  0%| F|  |TAMS 0x00000006f1800000, 0x00000006f1800000| Untracked 
| 159|0x00000006f1c00000, 0x00000006f1c00000, 0x00000006f2000000|  0%| F|  |TAMS 0x00000006f1c00000, 0x00000006f1c00000| Untracked 
| 160|0x00000006f2000000, 0x00000006f2000000, 0x00000006f2400000|  0%| F|  |TAMS 0x00000006f2000000, 0x00000006f2000000| Untracked 
| 161|0x00000006f2400000, 0x00000006f2400000, 0x00000006f2800000|  0%| F|  |TAMS 0x00000006f2400000, 0x00000006f2400000| Untracked 
| 162|0x00000006f2800000, 0x00000006f2800000, 0x00000006f2c00000|  0%| F|  |TAMS 0x00000006f2800000, 0x00000006f2800000| Untracked 
| 163|0x00000006f2c00000, 0x00000006f2c00000, 0x00000006f3000000|  0%| F|  |TAMS 0x00000006f2c00000, 0x00000006f2c00000| Untracked 
| 164|0x00000006f3000000, 0x00000006f3000000, 0x00000006f3400000|  0%| F|  |TAMS 0x00000006f3000000, 0x00000006f3000000| Untracked 
| 165|0x00000006f3400000, 0x00000006f3400000, 0x00000006f3800000|  0%| F|  |TAMS 0x00000006f3400000, 0x00000006f3400000| Untracked 
| 166|0x00000006f3800000, 0x00000006f3800000, 0x00000006f3c00000|  0%| F|  |TAMS 0x00000006f3800000, 0x00000006f3800000| Untracked 
| 167|0x00000006f3c00000, 0x00000006f3c00000, 0x00000006f4000000|  0%| F|  |TAMS 0x00000006f3c00000, 0x00000006f3c00000| Untracked 
| 168|0x00000006f4000000, 0x00000006f4000000, 0x00000006f4400000|  0%| F|  |TAMS 0x00000006f4000000, 0x00000006f4000000| Untracked 
| 169|0x00000006f4400000, 0x00000006f4400000, 0x00000006f4800000|  0%| F|  |TAMS 0x00000006f4400000, 0x00000006f4400000| Untracked 
| 170|0x00000006f4800000, 0x00000006f4800000, 0x00000006f4c00000|  0%| F|  |TAMS 0x00000006f4800000, 0x00000006f4800000| Untracked 
| 171|0x00000006f4c00000, 0x00000006f4c00000, 0x00000006f5000000|  0%| F|  |TAMS 0x00000006f4c00000, 0x00000006f4c00000| Untracked 
| 172|0x00000006f5000000, 0x00000006f5000000, 0x00000006f5400000|  0%| F|  |TAMS 0x00000006f5000000, 0x00000006f5000000| Untracked 
| 173|0x00000006f5400000, 0x00000006f5400000, 0x00000006f5800000|  0%| F|  |TAMS 0x00000006f5400000, 0x00000006f5400000| Untracked 
| 174|0x00000006f5800000, 0x00000006f5800000, 0x00000006f5c00000|  0%| F|  |TAMS 0x00000006f5800000, 0x00000006f5800000| Untracked 
| 175|0x00000006f5c00000, 0x00000006f5c00000, 0x00000006f6000000|  0%| F|  |TAMS 0x00000006f5c00000, 0x00000006f5c00000| Untracked 
| 176|0x00000006f6000000, 0x00000006f6000000, 0x00000006f6400000|  0%| F|  |TAMS 0x00000006f6000000, 0x00000006f6000000| Untracked 
| 177|0x00000006f6400000, 0x00000006f6400000, 0x00000006f6800000|  0%| F|  |TAMS 0x00000006f6400000, 0x00000006f6400000| Untracked 
| 178|0x00000006f6800000, 0x00000006f6800000, 0x00000006f6c00000|  0%| F|  |TAMS 0x00000006f6800000, 0x00000006f6800000| Untracked 
| 179|0x00000006f6c00000, 0x00000006f6c00000, 0x00000006f7000000|  0%| F|  |TAMS 0x00000006f6c00000, 0x00000006f6c00000| Untracked 
| 180|0x00000006f7000000, 0x00000006f7000000, 0x00000006f7400000|  0%| F|  |TAMS 0x00000006f7000000, 0x00000006f7000000| Untracked 
| 181|0x00000006f7400000, 0x00000006f7400000, 0x00000006f7800000|  0%| F|  |TAMS 0x00000006f7400000, 0x00000006f7400000| Untracked 
| 182|0x00000006f7800000, 0x00000006f7800000, 0x00000006f7c00000|  0%| F|  |TAMS 0x00000006f7800000, 0x00000006f7800000| Untracked 
| 183|0x00000006f7c00000, 0x00000006f7c00000, 0x00000006f8000000|  0%| F|  |TAMS 0x00000006f7c00000, 0x00000006f7c00000| Untracked 
| 184|0x00000006f8000000, 0x00000006f8000000, 0x00000006f8400000|  0%| F|  |TAMS 0x00000006f8000000, 0x00000006f8000000| Untracked 
| 185|0x00000006f8400000, 0x00000006f8400000, 0x00000006f8800000|  0%| F|  |TAMS 0x00000006f8400000, 0x00000006f8400000| Untracked 
| 186|0x00000006f8800000, 0x00000006f8800000, 0x00000006f8c00000|  0%| F|  |TAMS 0x00000006f8800000, 0x00000006f8800000| Untracked 
| 187|0x00000006f8c00000, 0x00000006f8c00000, 0x00000006f9000000|  0%| F|  |TAMS 0x00000006f8c00000, 0x00000006f8c00000| Untracked 
| 188|0x00000006f9000000, 0x00000006f9000000, 0x00000006f9400000|  0%| F|  |TAMS 0x00000006f9000000, 0x00000006f9000000| Untracked 
| 189|0x00000006f9400000, 0x00000006f9400000, 0x00000006f9800000|  0%| F|  |TAMS 0x00000006f9400000, 0x00000006f9400000| Untracked 
| 190|0x00000006f9800000, 0x00000006f9800000, 0x00000006f9c00000|  0%| F|  |TAMS 0x00000006f9800000, 0x00000006f9800000| Untracked 
| 191|0x00000006f9c00000, 0x00000006f9c00000, 0x00000006fa000000|  0%| F|  |TAMS 0x00000006f9c00000, 0x00000006f9c00000| Untracked 
| 192|0x00000006fa000000, 0x00000006fa000000, 0x00000006fa400000|  0%| F|  |TAMS 0x00000006fa000000, 0x00000006fa000000| Untracked 
| 193|0x00000006fa400000, 0x00000006fa400000, 0x00000006fa800000|  0%| F|  |TAMS 0x00000006fa400000, 0x00000006fa400000| Untracked 
| 194|0x00000006fa800000, 0x00000006fa800000, 0x00000006fac00000|  0%| F|  |TAMS 0x00000006fa800000, 0x00000006fa800000| Untracked 
| 195|0x00000006fac00000, 0x00000006fac00000, 0x00000006fb000000|  0%| F|  |TAMS 0x00000006fac00000, 0x00000006fac00000| Untracked 
| 196|0x00000006fb000000, 0x00000006fb000000, 0x00000006fb400000|  0%| F|  |TAMS 0x00000006fb000000, 0x00000006fb000000| Untracked 
| 197|0x00000006fb400000, 0x00000006fb400000, 0x00000006fb800000|  0%| F|  |TAMS 0x00000006fb400000, 0x00000006fb400000| Untracked 
| 198|0x00000006fb800000, 0x00000006fb800000, 0x00000006fbc00000|  0%| F|  |TAMS 0x00000006fb800000, 0x00000006fb800000| Untracked 
| 199|0x00000006fbc00000, 0x00000006fbc00000, 0x00000006fc000000|  0%| F|  |TAMS 0x00000006fbc00000, 0x00000006fbc00000| Untracked 
| 200|0x00000006fc000000, 0x00000006fc000000, 0x00000006fc400000|  0%| F|  |TAMS 0x00000006fc000000, 0x00000006fc000000| Untracked 
| 201|0x00000006fc400000, 0x00000006fc400000, 0x00000006fc800000|  0%| F|  |TAMS 0x00000006fc400000, 0x00000006fc400000| Untracked 
| 202|0x00000006fc800000, 0x00000006fc800000, 0x00000006fcc00000|  0%| F|  |TAMS 0x00000006fc800000, 0x00000006fc800000| Untracked 
| 203|0x00000006fcc00000, 0x00000006fcc00000, 0x00000006fd000000|  0%| F|  |TAMS 0x00000006fcc00000, 0x00000006fcc00000| Untracked 
| 204|0x00000006fd000000, 0x00000006fd000000, 0x00000006fd400000|  0%| F|  |TAMS 0x00000006fd000000, 0x00000006fd000000| Untracked 
| 205|0x00000006fd400000, 0x00000006fd400000, 0x00000006fd800000|  0%| F|  |TAMS 0x00000006fd400000, 0x00000006fd400000| Untracked 
| 206|0x00000006fd800000, 0x00000006fd800000, 0x00000006fdc00000|  0%| F|  |TAMS 0x00000006fd800000, 0x00000006fd800000| Untracked 
| 207|0x00000006fdc00000, 0x00000006fdc00000, 0x00000006fe000000|  0%| F|  |TAMS 0x00000006fdc00000, 0x00000006fdc00000| Untracked 
| 208|0x00000006fe000000, 0x00000006fe000000, 0x00000006fe400000|  0%| F|  |TAMS 0x00000006fe000000, 0x00000006fe000000| Untracked 
| 209|0x00000006fe400000, 0x00000006fe400000, 0x00000006fe800000|  0%| F|  |TAMS 0x00000006fe400000, 0x00000006fe400000| Untracked 
| 210|0x00000006fe800000, 0x00000006fe800000, 0x00000006fec00000|  0%| F|  |TAMS 0x00000006fe800000, 0x00000006fe800000| Untracked 
| 211|0x00000006fec00000, 0x00000006fec00000, 0x00000006ff000000|  0%| F|  |TAMS 0x00000006fec00000, 0x00000006fec00000| Untracked 
| 212|0x00000006ff000000, 0x00000006ff000000, 0x00000006ff400000|  0%| F|  |TAMS 0x00000006ff000000, 0x00000006ff000000| Untracked 
| 213|0x00000006ff400000, 0x00000006ff400000, 0x00000006ff800000|  0%| F|  |TAMS 0x00000006ff400000, 0x00000006ff400000| Untracked 

Card table byte_map: [0x000001d15a130000,0x000001d15aae0000] _byte_map_base: 0x000001d156ae0000

Marking Bits (Prev, Next): (CMBitMap*) 0x000001d153a662a0, (CMBitMap*) 0x000001d153a66260
 Prev Bits: [0x000001d160210000, 0x000001d164f90000)
 Next Bits: [0x000001d15b490000, 0x000001d160210000)

Polling page: 0x000001d151b50000

Metaspace:

Usage:
  Non-class:     30.01 MB used.
      Class:      4.48 MB used.
       Both:     34.49 MB used.

Virtual space:
  Non-class space:       32.00 MB reserved,      30.12 MB ( 94%) committed,  4 nodes.
      Class space:        1.00 GB reserved,       4.62 MB ( <1%) committed,  1 nodes.
             Both:        1.03 GB reserved,      34.75 MB (  3%) committed. 

Chunk freelists:
   Non-Class:  1.44 MB
       Class:  3.41 MB
        Both:  4.85 MB

MaxMetaspaceSize: unlimited
CompressedClassSpaceSize: 1.00 GB
Initial GC threshold: 21.00 MB
Current GC threshold: 35.31 MB
CDS: off
MetaspaceReclaimPolicy: balanced
 - commit_granule_bytes: 65536.
 - commit_granule_words: 8192.
 - virtual_space_node_default_size: 1048576.
 - enlarge_chunks_in_place: 1.
 - new_chunks_are_fully_committed: 0.
 - uncommit_free_chunks: 1.
 - use_allocation_guard: 0.
 - handle_deallocations: 1.


Internal statistics:

num_allocs_failed_limit: 3.
num_arena_births: 300.
num_arena_deaths: 0.
num_vsnodes_births: 5.
num_vsnodes_deaths: 0.
num_space_committed: 556.
num_space_uncommitted: 0.
num_chunks_returned_to_freelist: 3.
num_chunks_taken_from_freelist: 1320.
num_chunk_merges: 3.
num_chunk_splits: 897.
num_chunks_enlarged: 700.
num_purges: 0.
num_inconsistent_stats: 0.

CodeCache: size=49152Kb used=7600Kb max_used=9286Kb free=41551Kb
 bounds [0x000001d156670000, 0x000001d156f90000, 0x000001d159670000]
 total_blobs=4285 nmethods=3763 adapters=449
 compilation: enabled
              stopped_count=0, restarted_count=0
 full_count=0

Compilation events (20 events):
Event: 4.152 Thread 0x000001d1684362f0 3755       1       io.github.classgraph.MethodInfoList::<init> (5 bytes)
Event: 4.152 Thread 0x000001d168516fa0 nmethod 3750 0x000001d156f7ba10 code [0x000001d156f7be00, 0x000001d156f7dba8]
Event: 4.152 Thread 0x000001d1684362f0 nmethod 3755 0x000001d156f7e190 code [0x000001d156f7e320, 0x000001d156f7e458]
Event: 4.153 Thread 0x000001d168eaa070 nmethod 3749 0x000001d156f7e510 code [0x000001d156f7e980, 0x000001d156f7fd98]
Event: 4.153 Thread 0x000001d168f02850 3756       1       io.github.classgraph.AnnotationParameterValue::getValue (19 bytes)
Event: 4.153 Thread 0x000001d168f02850 nmethod 3756 0x000001d156f80810 code [0x000001d156f809a0, 0x000001d156f80ac8]
Event: 4.358 Thread 0x000001d168516fa0 3757       1       io.github.classgraph.ClasspathElementModule::getResource (23 bytes)
Event: 4.358 Thread 0x000001d168516fa0 nmethod 3757 0x000001d156f80b90 code [0x000001d156f80d40, 0x000001d156f810e8]
Event: 4.359 Thread 0x000001d168f02850 3758       1       sun.nio.fs.WindowsException::lastError (5 bytes)
Event: 4.359 Thread 0x000001d168f02850 nmethod 3758 0x000001d156f81210 code [0x000001d156f813a0, 0x000001d156f81478]
Event: 4.408 Thread 0x000001d168f02850 3759       1       java.lang.Throwable::<init> (34 bytes)
Event: 4.408 Thread 0x000001d168f02850 nmethod 3759 0x000001d156f81510 code [0x000001d156f816c0, 0x000001d156f81968]
Event: 4.975 Thread 0x000001d1684362f0 3760       1       java.lang.Exception::<init> (6 bytes)
Event: 4.976 Thread 0x000001d1684362f0 nmethod 3760 0x000001d1569c0a10 code [0x000001d1569c0bc0, 0x000001d1569c0e68]
Event: 4.997 Thread 0x000001d1684362f0 3761       1       sun.nio.fs.WindowsPath::getPathForExceptionMessage (5 bytes)
Event: 4.998 Thread 0x000001d1684362f0 nmethod 3761 0x000001d1569c0710 code [0x000001d1569c08a0, 0x000001d1569c0978]
Event: 5.009 Thread 0x000001d1684362f0 3762       1       io.github.classgraph.AnnotationParameterValueList::<init> (5 bytes)
Event: 5.009 Thread 0x000001d1684362f0 nmethod 3762 0x000001d1569c0390 code [0x000001d1569c0520, 0x000001d1569c0658]
Event: 5.009 Thread 0x000001d1684362f0 3763       1       io.github.classgraph.MappableInfoList::<init> (5 bytes)
Event: 5.009 Thread 0x000001d1684362f0 nmethod 3763 0x000001d1569c0010 code [0x000001d1569c01a0, 0x000001d1569c02d8]

GC Heap History (20 events):
Event: 2.981 GC heap after
{Heap after GC invocations=11 (full 0):
 garbage-first heap   total 188416K, used 57481K [0x00000006ca000000, 0x0000000800000000)
  region size 4096K, 3 young (12288K), 3 survivors (12288K)
 Metaspace       used 35073K, committed 35392K, reserved 1081344K
  class space    used 4562K, committed 4736K, reserved 1048576K
}
Event: 2.998 GC heap before
{Heap before GC invocations=11 (full 0):
 garbage-first heap   total 188416K, used 114825K [0x00000006ca000000, 0x0000000800000000)
  region size 4096K, 18 young (73728K), 3 survivors (12288K)
 Metaspace       used 35085K, committed 35392K, reserved 1081344K
  class space    used 4562K, committed 4736K, reserved 1048576K
}
Event: 3.006 GC heap after
{Heap after GC invocations=12 (full 0):
 garbage-first heap   total 188416K, used 62846K [0x00000006ca000000, 0x0000000800000000)
  region size 4096K, 1 young (4096K), 1 survivors (4096K)
 Metaspace       used 35085K, committed 35392K, reserved 1081344K
  class space    used 4562K, committed 4736K, reserved 1048576K
}
Event: 3.027 GC heap before
{Heap before GC invocations=12 (full 0):
 garbage-first heap   total 188416K, used 124286K [0x00000006ca000000, 0x0000000800000000)
  region size 4096K, 17 young (69632K), 1 survivors (4096K)
 Metaspace       used 35098K, committed 35392K, reserved 1081344K
  class space    used 4569K, committed 4736K, reserved 1048576K
}
Event: 3.031 GC heap after
{Heap after GC invocations=13 (full 0):
 garbage-first heap   total 376832K, used 64582K [0x00000006ca000000, 0x0000000800000000)
  region size 4096K, 2 young (8192K), 2 survivors (8192K)
 Metaspace       used 35098K, committed 35392K, reserved 1081344K
  class space    used 4569K, committed 4736K, reserved 1048576K
}
Event: 3.097 GC heap before
{Heap before GC invocations=13 (full 0):
 garbage-first heap   total 376832K, used 257094K [0x00000006ca000000, 0x0000000800000000)
  region size 4096K, 50 young (204800K), 2 survivors (8192K)
 Metaspace       used 35181K, committed 35456K, reserved 1081344K
  class space    used 4575K, committed 4736K, reserved 1048576K
}
Event: 3.104 GC heap after
{Heap after GC invocations=14 (full 0):
 garbage-first heap   total 376832K, used 72208K [0x00000006ca000000, 0x0000000800000000)
  region size 4096K, 4 young (16384K), 4 survivors (16384K)
 Metaspace       used 35181K, committed 35456K, reserved 1081344K
  class space    used 4575K, committed 4736K, reserved 1048576K
}
Event: 3.144 GC heap before
{Heap before GC invocations=14 (full 0):
 garbage-first heap   total 376832K, used 277008K [0x00000006ca000000, 0x0000000800000000)
  region size 4096K, 55 young (225280K), 4 survivors (16384K)
 Metaspace       used 35181K, committed 35456K, reserved 1081344K
  class space    used 4575K, committed 4736K, reserved 1048576K
}
Event: 3.153 GC heap after
{Heap after GC invocations=15 (full 0):
 garbage-first heap   total 376832K, used 80851K [0x00000006ca000000, 0x0000000800000000)
  region size 4096K, 6 young (24576K), 6 survivors (24576K)
 Metaspace       used 35181K, committed 35456K, reserved 1081344K
  class space    used 4575K, committed 4736K, reserved 1048576K
}
Event: 3.194 GC heap before
{Heap before GC invocations=15 (full 0):
 garbage-first heap   total 376832K, used 277459K [0x00000006ca000000, 0x0000000800000000)
  region size 4096K, 55 young (225280K), 6 survivors (24576K)
 Metaspace       used 35181K, committed 35456K, reserved 1081344K
  class space    used 4575K, committed 4736K, reserved 1048576K
}
Event: 3.209 GC heap after
{Heap after GC invocations=16 (full 0):
 garbage-first heap   total 376832K, used 89112K [0x00000006ca000000, 0x0000000800000000)
  region size 4096K, 5 young (20480K), 5 survivors (20480K)
 Metaspace       used 35181K, committed 35456K, reserved 1081344K
  class space    used 4575K, committed 4736K, reserved 1048576K
}
Event: 3.251 GC heap before
{Heap before GC invocations=16 (full 0):
 garbage-first heap   total 376832K, used 289816K [0x00000006ca000000, 0x0000000800000000)
  region size 4096K, 55 young (225280K), 5 survivors (20480K)
 Metaspace       used 35181K, committed 35456K, reserved 1081344K
  class space    used 4575K, committed 4736K, reserved 1048576K
}
Event: 3.265 GC heap after
{Heap after GC invocations=17 (full 0):
 garbage-first heap   total 876544K, used 96867K [0x00000006ca000000, 0x0000000800000000)
  region size 4096K, 5 young (20480K), 5 survivors (20480K)
 Metaspace       used 35181K, committed 35456K, reserved 1081344K
  class space    used 4575K, committed 4736K, reserved 1048576K
}
Event: 3.426 GC heap before
{Heap before GC invocations=17 (full 0):
 garbage-first heap   total 876544K, used 596579K [0x00000006ca000000, 0x0000000800000000)
  region size 4096K, 129 young (528384K), 5 survivors (20480K)
 Metaspace       used 35181K, committed 35456K, reserved 1081344K
  class space    used 4575K, committed 4736K, reserved 1048576K
}
Event: 3.443 GC heap after
{Heap after GC invocations=18 (full 0):
 garbage-first heap   total 876544K, used 123813K [0x00000006ca000000, 0x0000000800000000)
  region size 4096K, 11 young (45056K), 11 survivors (45056K)
 Metaspace       used 35181K, committed 35456K, reserved 1081344K
  class space    used 4575K, committed 4736K, reserved 1048576K
}
Event: 3.957 GC heap before
{Heap before GC invocations=18 (full 0):
 garbage-first heap   total 876544K, used 598949K [0x00000006ca000000, 0x0000000800000000)
  region size 4096K, 128 young (524288K), 11 survivors (45056K)
 Metaspace       used 35314K, committed 35584K, reserved 1081344K
  class space    used 4584K, committed 4736K, reserved 1048576K
}
Event: 3.982 GC heap after
{Heap after GC invocations=19 (full 0):
 garbage-first heap   total 876544K, used 149491K [0x00000006ca000000, 0x0000000800000000)
  region size 4096K, 14 young (57344K), 14 survivors (57344K)
 Metaspace       used 35314K, committed 35584K, reserved 1081344K
  class space    used 4584K, committed 4736K, reserved 1048576K
}
Event: 4.502 GC heap before
{Heap before GC invocations=19 (full 0):
 garbage-first heap   total 876544K, used 612339K [0x00000006ca000000, 0x0000000800000000)
  region size 4096K, 128 young (524288K), 14 survivors (57344K)
 Metaspace       used 35314K, committed 35584K, reserved 1081344K
  class space    used 4584K, committed 4736K, reserved 1048576K
}
Event: 4.529 GC heap after
{Heap after GC invocations=20 (full 0):
 garbage-first heap   total 876544K, used 171382K [0x00000006ca000000, 0x0000000800000000)
  region size 4096K, 12 young (49152K), 12 survivors (49152K)
 Metaspace       used 35314K, committed 35584K, reserved 1081344K
  class space    used 4584K, committed 4736K, reserved 1048576K
}
Event: 5.040 GC heap before
{Heap before GC invocations=20 (full 0):
 garbage-first heap   total 876544K, used 642422K [0x00000006ca000000, 0x0000000800000000)
  region size 4096K, 128 young (524288K), 12 survivors (49152K)
 Metaspace       used 35314K, committed 35584K, reserved 1081344K
  class space    used 4584K, committed 4736K, reserved 1048576K
}

Deoptimization events (16 events):
Event: 0.664 Thread 0x000001d1539ef750 DEOPT PACKING pc=0x000001d156a8a101 sp=0x000000c5788fd960
Event: 0.664 Thread 0x000001d1539ef750 DEOPT UNPACKING pc=0x000001d1566c2b43 sp=0x000000c5788fcdd0 mode 3
Event: 1.287 Thread 0x000001d1539ef750 DEOPT PACKING pc=0x000001d156ba68f9 sp=0x000000c5788fd110
Event: 1.287 Thread 0x000001d1539ef750 DEOPT UNPACKING pc=0x000001d1566c2b43 sp=0x000000c5788fc5f0 mode 3
Event: 1.589 Thread 0x000001d1539ef750 DEOPT PACKING pc=0x000001d156c71f01 sp=0x000000c5788fdfa0
Event: 1.589 Thread 0x000001d1539ef750 DEOPT UNPACKING pc=0x000001d1566c2b43 sp=0x000000c5788fd410 mode 3
Event: 2.190 Thread 0x000001d1539ef750 DEOPT PACKING pc=0x000001d156d166f9 sp=0x000000c5788fc600
Event: 2.190 Thread 0x000001d1539ef750 DEOPT UNPACKING pc=0x000001d1566c2b43 sp=0x000000c5788fbae8 mode 3
Event: 2.253 Thread 0x000001d16a4999a0 DEOPT PACKING pc=0x000001d156d7cc93 sp=0x000000c57a6fe3a0
Event: 2.253 Thread 0x000001d16a4999a0 DEOPT UNPACKING pc=0x000001d1566c2b43 sp=0x000000c57a6fd8e8 mode 3
Event: 2.460 Thread 0x000001d16a55a520 DEOPT PACKING pc=0x000001d156ba8a09 sp=0x000000c57abff050
Event: 2.460 Thread 0x000001d16a55a520 DEOPT UNPACKING pc=0x000001d1566c2b43 sp=0x000000c57abfe4e0 mode 3
Event: 2.587 Thread 0x000001d16a619880 DEOPT PACKING pc=0x000001d156ed8f6d sp=0x000000c57b8fd650
Event: 2.587 Thread 0x000001d16a619880 DEOPT UNPACKING pc=0x000001d1566c2b43 sp=0x000000c57b8fcb78 mode 3
Event: 2.826 Thread 0x000001d16a55a9f0 DEOPT PACKING pc=0x000001d156ba129f sp=0x000000c57acfede0
Event: 2.826 Thread 0x000001d16a55a9f0 DEOPT UNPACKING pc=0x000001d1566c2b43 sp=0x000000c57acfe238 mode 3

Classes unloaded (0 events):
No events

Classes redefined (0 events):
No events

Internal exceptions (20 events):
Event: 5.031 Thread 0x000001d16a618540 Exception <a 'sun/nio/fs/WindowsException'{0x00000006e35de300}> (0x00000006e35de300) 
thrown [e:\jenkins\tmp\workspace\build\src\src\hotspot\share\prims\jni.cpp, line 516]
Event: 5.031 Thread 0x000001d16a618540 Exception <a 'sun/nio/fs/WindowsException'{0x00000006e35de770}> (0x00000006e35de770) 
thrown [e:\jenkins\tmp\workspace\build\src\src\hotspot\share\prims\jni.cpp, line 516]
Event: 5.032 Thread 0x000001d16a55a520 Exception <a 'sun/nio/fs/WindowsException'{0x00000006e33f5108}> (0x00000006e33f5108) 
thrown [e:\jenkins\tmp\workspace\build\src\src\hotspot\share\prims\jni.cpp, line 516]
Event: 5.032 Thread 0x000001d16a55a520 Exception <a 'sun/nio/fs/WindowsException'{0x00000006e33f5618}> (0x00000006e33f5618) 
thrown [e:\jenkins\tmp\workspace\build\src\src\hotspot\share\prims\jni.cpp, line 516]
Event: 5.032 Thread 0x000001d16a4b05c0 Exception <a 'sun/nio/fs/WindowsException'{0x00000006e318cc80}> (0x00000006e318cc80) 
thrown [e:\jenkins\tmp\workspace\build\src\src\hotspot\share\prims\jni.cpp, line 516]
Event: 5.032 Thread 0x000001d16a4b05c0 Exception <a 'sun/nio/fs/WindowsException'{0x00000006e318d1b8}> (0x00000006e318d1b8) 
thrown [e:\jenkins\tmp\workspace\build\src\src\hotspot\share\prims\jni.cpp, line 516]
Event: 5.032 Thread 0x000001d16a618070 Exception <a 'sun/nio/fs/WindowsException'{0x00000006e32326d0}> (0x00000006e32326d0) 
thrown [e:\jenkins\tmp\workspace\build\src\src\hotspot\share\prims\jni.cpp, line 516]
Event: 5.032 Thread 0x000001d16a6193b0 Exception <a 'sun/nio/fs/WindowsException'{0x00000006e3357238}> (0x00000006e3357238) 
thrown [e:\jenkins\tmp\workspace\build\src\src\hotspot\share\prims\jni.cpp, line 516]
Event: 5.032 Thread 0x000001d16a618070 Exception <a 'sun/nio/fs/WindowsException'{0x00000006e3232c00}> (0x00000006e3232c00) 
thrown [e:\jenkins\tmp\workspace\build\src\src\hotspot\share\prims\jni.cpp, line 516]
Event: 5.032 Thread 0x000001d16a6193b0 Exception <a 'sun/nio/fs/WindowsException'{0x00000006e3357748}> (0x00000006e3357748) 
thrown [e:\jenkins\tmp\workspace\build\src\src\hotspot\share\prims\jni.cpp, line 516]
Event: 5.036 Thread 0x000001d16a55a520 Exception <a 'sun/nio/fs/WindowsException'{0x00000006e2109618}> (0x00000006e2109618) 
thrown [e:\jenkins\tmp\workspace\build\src\src\hotspot\share\prims\jni.cpp, line 516]
Event: 5.036 Thread 0x000001d16a55a520 Exception <a 'sun/nio/fs/WindowsException'{0x00000006e2109b88}> (0x00000006e2109b88) 
thrown [e:\jenkins\tmp\workspace\build\src\src\hotspot\share\prims\jni.cpp, line 516]
Event: 5.036 Thread 0x000001d16a618540 Exception <a 'sun/nio/fs/WindowsException'{0x00000006e362a3e8}> (0x00000006e362a3e8) 
thrown [e:\jenkins\tmp\workspace\build\src\src\hotspot\share\prims\jni.cpp, line 516]
Event: 5.036 Thread 0x000001d16a61b560 Exception <a 'sun/nio/fs/WindowsException'{0x00000006e34a7238}> (0x00000006e34a7238) 
thrown [e:\jenkins\tmp\workspace\build\src\src\hotspot\share\prims\jni.cpp, line 516]
Event: 5.036 Thread 0x000001d16a618540 Exception <a 'sun/nio/fs/WindowsException'{0x00000006e362a8e8}> (0x00000006e362a8e8) 
thrown [e:\jenkins\tmp\workspace\build\src\src\hotspot\share\prims\jni.cpp, line 516]
Event: 5.036 Thread 0x000001d16a61b560 Exception <a 'sun/nio/fs/WindowsException'{0x00000006e34a7798}> (0x00000006e34a7798) 
thrown [e:\jenkins\tmp\workspace\build\src\src\hotspot\share\prims\jni.cpp, line 516]
Event: 5.037 Thread 0x000001d16a61b090 Exception <a 'sun/nio/fs/WindowsException'{0x00000006e2077458}> (0x00000006e2077458) 
thrown [e:\jenkins\tmp\workspace\build\src\src\hotspot\share\prims\jni.cpp, line 516]
Event: 5.037 Thread 0x000001d16a61b090 Exception <a 'sun/nio/fs/WindowsException'{0x00000006e20778d0}> (0x00000006e20778d0) 
thrown [e:\jenkins\tmp\workspace\build\src\src\hotspot\share\prims\jni.cpp, line 516]
Event: 5.037 Thread 0x000001d16a61abc0 Exception <a 'sun/nio/fs/WindowsException'{0x00000006e22ae698}> (0x00000006e22ae698) 
thrown [e:\jenkins\tmp\workspace\build\src\src\hotspot\share\prims\jni.cpp, line 516]
Event: 5.037 Thread 0x000001d16a61abc0 Exception <a 'sun/nio/fs/WindowsException'{0x00000006e22aec88}> (0x00000006e22aec88) 
thrown [e:\jenkins\tmp\workspace\build\src\src\hotspot\share\prims\jni.cpp, line 516]

VM Operations (20 events):
Event: 3.496 Executing VM operation: ICBufferFull done
Event: 3.496 Executing VM operation: ICBufferFull
Event: 3.498 Executing VM operation: ICBufferFull done
Event: 3.498 Executing VM operation: ICBufferFull
Event: 3.499 Executing VM operation: ICBufferFull done
Event: 3.499 Executing VM operation: ICBufferFull
Event: 3.499 Executing VM operation: ICBufferFull done
Event: 3.499 Executing VM operation: ICBufferFull
Event: 3.499 Executing VM operation: ICBufferFull done
Event: 3.499 Executing VM operation: ICBufferFull
Event: 3.499 Executing VM operation: ICBufferFull done
Event: 3.499 Executing VM operation: ICBufferFull
Event: 3.500 Executing VM operation: ICBufferFull done
Event: 3.957 Executing VM operation: G1CollectForAllocation
Event: 3.982 Executing VM operation: G1CollectForAllocation done
Event: 4.501 Executing VM operation: G1CollectForAllocation
Event: 4.502 Executing VM operation: G1CollectForAllocation done
Event: 4.502 Executing VM operation: G1CollectForAllocation
Event: 4.529 Executing VM operation: G1CollectForAllocation done
Event: 5.040 Executing VM operation: G1CollectForAllocation

Events (20 events):
Event: 2.626 loading class java/util/concurrent/CompletableFuture$UniRelay done
Event: 2.706 Thread 0x000001d16c2250f0 Thread added: 0x000001d16c2250f0
Event: 2.711 loading class java/util/concurrent/CompletionException
Event: 2.711 loading class java/util/concurrent/CompletionException done
Event: 2.717 loading class java/io/PrintWriter
Event: 2.717 loading class java/io/PrintWriter done
Event: 2.719 loading class sun/nio/cs/StringUTF16
Event: 2.719 loading class sun/nio/cs/StringUTF16 done
Event: 2.720 loading class java/util/WeakHashMap$EntrySet
Event: 2.720 loading class java/util/WeakHashMap$EntrySet done
Event: 2.720 loading class java/util/WeakHashMap$EntryIterator
Event: 2.720 loading class java/util/WeakHashMap$HashIterator
Event: 2.720 loading class java/util/WeakHashMap$HashIterator done
Event: 2.720 loading class java/util/WeakHashMap$EntryIterator done
Event: 2.725 Thread 0x000001d16c22a2c0 Thread added: 0x000001d16c22a2c0
Event: 3.453 loading class sun/nio/fs/WindowsChannelFactory$2
Event: 3.454 loading class sun/nio/fs/WindowsChannelFactory$2 done
Event: 4.975 Thread 0x000001d168eaa070 Thread exited: 0x000001d168eaa070
Event: 4.975 Thread 0x000001d168f02850 Thread exited: 0x000001d168f02850
Event: 4.997 Thread 0x000001d168516fa0 Thread exited: 0x000001d168516fa0


Dynamic libraries:
0x00007ff642e90000 - 0x00007ff642e9e000 	c:\Users\LENOVO\.vscode\extensions\redhat.java-1.9.0-win32-x64\jre\17.0.3-win32-x86_64\bin\java.exe
0x00007fffca2a0000 - 0x00007fffca4a9000 	C:\WINDOWS\SYSTEM32\ntdll.dll
0x00007fffbfb10000 - 0x00007fffbfb27000 	C:\Program Files\Avast Software\Avast\aswhook.dll
0x00007fffc9220000 - 0x00007fffc92dd000 	C:\WINDOWS\System32\KERNEL32.DLL
0x00007fffc7a80000 - 0x00007fffc7df9000 	C:\WINDOWS\System32\KERNELBASE.dll
0x00007fffc8010000 - 0x00007fffc8121000 	C:\WINDOWS\System32\ucrtbase.dll
0x00007fffab5e0000 - 0x00007fffab5f8000 	c:\Users\LENOVO\.vscode\extensions\redhat.java-1.9.0-win32-x64\jre\17.0.3-win32-x86_64\bin\jli.dll
0x00007fffa0890000 - 0x00007fffa08a9000 	c:\Users\LENOVO\.vscode\extensions\redhat.java-1.9.0-win32-x64\jre\17.0.3-win32-x86_64\bin\VCRUNTIME140.dll
0x00007fffc8760000 - 0x00007fffc890c000 	C:\WINDOWS\System32\USER32.dll
0x00007fffb8de0000 - 0x00007fffb9085000 	C:\WINDOWS\WinSxS\amd64_microsoft.windows.common-controls_6595b64144ccf1df_6.0.22000.120_none_9d947278b86cc467\COMCTL32.dll
0x00007fffc7e00000 - 0x00007fffc7e26000 	C:\WINDOWS\System32\win32u.dll
0x00007fffc9050000 - 0x00007fffc90f3000 	C:\WINDOWS\System32\msvcrt.dll
0x00007fffc8610000 - 0x00007fffc8639000 	C:\WINDOWS\System32\GDI32.dll
0x00007fffc7e30000 - 0x00007fffc7f42000 	C:\WINDOWS\System32\gdi32full.dll
0x00007fffc7960000 - 0x00007fffc79fd000 	C:\WINDOWS\System32\msvcp_win.dll
0x00007fffca180000 - 0x00007fffca1b1000 	C:\WINDOWS\System32\IMM32.DLL
0x00007fffb4470000 - 0x00007fffb447c000 	c:\Users\LENOVO\.vscode\extensions\redhat.java-1.9.0-win32-x64\jre\17.0.3-win32-x86_64\bin\vcruntime140_1.dll
0x00007fff8a590000 - 0x00007fff8a621000 	c:\Users\LENOVO\.vscode\extensions\redhat.java-1.9.0-win32-x64\jre\17.0.3-win32-x86_64\bin\msvcp140.dll
0x00007fff643f0000 - 0x00007fff65038000 	c:\Users\LENOVO\.vscode\extensions\redhat.java-1.9.0-win32-x64\jre\17.0.3-win32-x86_64\bin\server\jvm.dll
0x00007fffc96c0000 - 0x00007fffc976e000 	C:\WINDOWS\System32\ADVAPI32.dll
0x00007fffca1c0000 - 0x00007fffca25e000 	C:\WINDOWS\System32\sechost.dll
0x00007fffc9520000 - 0x00007fffc9640000 	C:\WINDOWS\System32\RPCRT4.dll
0x00007fffc97d0000 - 0x00007fffc97d8000 	C:\WINDOWS\System32\PSAPI.DLL
0x00007fffbe580000 - 0x00007fffbe589000 	C:\WINDOWS\SYSTEM32\WSOCK32.dll
0x00007fffc1000000 - 0x00007fffc100a000 	C:\WINDOWS\SYSTEM32\VERSION.dll
0x00007fffc30e0000 - 0x00007fffc3113000 	C:\WINDOWS\SYSTEM32\WINMM.dll
0x00007fffc92f0000 - 0x00007fffc935f000 	C:\WINDOWS\System32\WS2_32.dll
0x00007fffc6860000 - 0x00007fffc6878000 	C:\WINDOWS\SYSTEM32\kernel.appcore.dll
0x00007fffb3b80000 - 0x00007fffb3b8a000 	c:\Users\LENOVO\.vscode\extensions\redhat.java-1.9.0-win32-x64\jre\17.0.3-win32-x86_64\bin\jimage.dll
0x00007fffc5390000 - 0x00007fffc55b1000 	C:\WINDOWS\SYSTEM32\DBGHELP.DLL
0x00007fffc0e40000 - 0x00007fffc0e71000 	C:\WINDOWS\SYSTEM32\dbgcore.DLL
0x00007fffc7a00000 - 0x00007fffc7a7f000 	C:\WINDOWS\System32\bcryptPrimitives.dll
0x00007fff9f7d0000 - 0x00007fff9f7f5000 	c:\Users\LENOVO\.vscode\extensions\redhat.java-1.9.0-win32-x64\jre\17.0.3-win32-x86_64\bin\java.dll
0x00007fff9f5a0000 - 0x00007fff9f5b8000 	c:\Users\LENOVO\.vscode\extensions\redhat.java-1.9.0-win32-x64\jre\17.0.3-win32-x86_64\bin\zip.dll
0x00007fffc9840000 - 0x00007fffc9ff8000 	C:\WINDOWS\System32\SHELL32.dll
0x00007fffc58b0000 - 0x00007fffc6117000 	C:\WINDOWS\SYSTEM32\windows.storage.dll
0x00007fffc8a00000 - 0x00007fffc8d79000 	C:\WINDOWS\System32\combase.dll
0x00007fffc5740000 - 0x00007fffc58a6000 	C:\WINDOWS\SYSTEM32\wintypes.dll
0x00007fffca000000 - 0x00007fffca0ea000 	C:\WINDOWS\System32\SHCORE.dll
0x00007fffc8130000 - 0x00007fffc818d000 	C:\WINDOWS\System32\shlwapi.dll
0x00007fffc76b0000 - 0x00007fffc76d1000 	C:\WINDOWS\SYSTEM32\profapi.dll
0x00007fff9f4c0000 - 0x00007fff9f4d9000 	C:\Users\LENOVO\.vscode\extensions\redhat.java-1.9.0-win32-x64\jre\17.0.3-win32-x86_64\bin\net.dll
0x00007fffc2740000 - 0x00007fffc284c000 	C:\WINDOWS\SYSTEM32\WINHTTP.dll
0x00007fffc6d10000 - 0x00007fffc6d77000 	C:\WINDOWS\system32\mswsock.dll
0x00007fff9d0e0000 - 0x00007fff9d0f5000 	C:\Users\LENOVO\.vscode\extensions\redhat.java-1.9.0-win32-x64\jre\17.0.3-win32-x86_64\bin\nio.dll
0x00007fffae350000 - 0x00007fffae360000 	c:\Users\LENOVO\.vscode\extensions\redhat.java-1.9.0-win32-x64\jre\17.0.3-win32-x86_64\bin\verify.dll
0x00007fffba150000 - 0x00007fffba159000 	C:\Users\LENOVO\.vscode\extensions\redhat.java-1.9.0-win32-x64\jre\17.0.3-win32-x86_64\bin\management.dll
0x00007fffb9b80000 - 0x00007fffb9b8b000 	C:\Users\LENOVO\.vscode\extensions\redhat.java-1.9.0-win32-x64\jre\17.0.3-win32-x86_64\bin\management_ext.dll
0x00007fffafce0000 - 0x00007fffafcf7000 	C:\WINDOWS\system32\napinsp.dll
0x00007fffaf8f0000 - 0x00007fffaf90b000 	C:\WINDOWS\system32\pnrpnsp.dll
0x00007fffc63f0000 - 0x00007fffc64d8000 	C:\WINDOWS\SYSTEM32\DNSAPI.dll
0x00007fffc6380000 - 0x00007fffc63ad000 	C:\WINDOWS\SYSTEM32\IPHLPAPI.DLL
0x00007fffc8190000 - 0x00007fffc8199000 	C:\WINDOWS\System32\NSI.dll
0x00007fffac580000 - 0x00007fffac592000 	C:\WINDOWS\System32\winrnr.dll
0x00007fffac5a0000 - 0x00007fffac5b5000 	C:\WINDOWS\system32\wshbth.dll
0x00007fffac560000 - 0x00007fffac57f000 	C:\WINDOWS\system32\nlansp_c.dll
0x00007fffc14c0000 - 0x00007fffc14ca000 	C:\Windows\System32\rasadhlp.dll
0x00007fffc2850000 - 0x00007fffc28d1000 	C:\WINDOWS\System32\fwpuclnt.dll
0x00007fffc6f60000 - 0x00007fffc6f78000 	C:\WINDOWS\SYSTEM32\CRYPTSP.dll
0x00007fffc67b0000 - 0x00007fffc67e5000 	C:\WINDOWS\system32\rsaenh.dll
0x00007fffc6e10000 - 0x00007fffc6e39000 	C:\WINDOWS\SYSTEM32\USERENV.dll
0x00007fffc70e0000 - 0x00007fffc7107000 	C:\WINDOWS\SYSTEM32\bcrypt.dll
0x00007fffc6f80000 - 0x00007fffc6f8c000 	C:\WINDOWS\SYSTEM32\CRYPTBASE.dll
0x00007fffc2b50000 - 0x00007fffc2b69000 	C:\WINDOWS\SYSTEM32\dhcpcsvc6.DLL
0x00007fffc3120000 - 0x00007fffc313e000 	C:\WINDOWS\SYSTEM32\dhcpcsvc.DLL

dbghelp: loaded successfully - version: 4.0.5 - missing functions: none
symbol engine: initialized successfully - sym options: 0x614 - pdb path: .;c:\Users\LENOVO\.vscode\extensions\redhat.java-1.9.0-win32-x64\jre\17.0.3-win32-x86_64\bin;C:\WINDOWS\SYSTEM32;C:\Program Files\Avast Software\Avast;C:\WINDOWS\WinSxS\amd64_microsoft.windows.common-controls_6595b64144ccf1df_6.0.22000.120_none_9d947278b86cc467;c:\Users\LENOVO\.vscode\extensions\redhat.java-1.9.0-win32-x64\jre\17.0.3-win32-x86_64\bin\server

VM Arguments:
jvm_args: -Dsts.lsp.client=vscode -Dsts.log.file=/dev/null -XX:TieredStopAtLevel=1 -Dspring.config.location=file:c:\Users\LENOVO\.vscode\extensions\pivotal.vscode-spring-boot-1.38.0\language-server\BOOT-INF\classes\application.properties 
java_command: org.springframework.ide.vscode.boot.app.BootLanguageServerBootApp
java_class_path (initial): c:\Users\LENOVO\.vscode\extensions\pivotal.vscode-spring-boot-1.38.0\language-server\BOOT-INF\classes;c:\Users\LENOVO\.vscode\extensions\pivotal.vscode-spring-boot-1.38.0\language-server\BOOT-INF\lib\annotations-23.0.0.jar;c:\Users\LENOVO\.vscode\extensions\pivotal.vscode-spring-boot-1.38.0\language-server\BOOT-INF\lib\antlr-runtime-3.5.2.jar;c:\Users\LENOVO\.vscode\extensions\pivotal.vscode-spring-boot-1.38.0\language-server\BOOT-INF\lib\antlr4-4.9.3.jar;c:\Users\LENOVO\.vscode\extensions\pivotal.vscode-spring-boot-1.38.0\language-server\BOOT-INF\lib\antlr4-runtime-4.9.3.jar;c:\Users\LENOVO\.vscode\extensions\pivotal.vscode-spring-boot-1.38.0\language-server\BOOT-INF\lib\asm-9.3.jar;c:\Users\LENOVO\.vscode\extensions\pivotal.vscode-spring-boot-1.38.0\language-server\BOOT-INF\lib\asm-analysis-9.3.jar;c:\Users\LENOVO\.vscode\extensions\pivotal.vscode-spring-boot-1.38.0\language-server\BOOT-INF\lib\asm-tree-9.3.jar;c:\Users\LENOVO\.vscode\extensions\pivotal.vscode-spring-boot-1.38.0\language-server\BOOT-INF\lib\asm-util-9.3.jar;c:\Users\LENOVO\.vscode\extensions\pivotal.vscode-spring-boot-1.38.0\language-server\BOOT-INF\lib\byte-buddy-1.10.18.jar;c:\Users\LENOVO\.vscode\extensions\pivotal.vscode-spring-boot-1.38.0\language-server\BOOT-INF\lib\caffeine-2.8.6.jar;c:\Users\LENOVO\.vscode\extensions\pivotal.vscode-spring-boot-1.38.0\language-server\BOOT-INF\lib\checker-qual-3.12.0.jar;c:\Users\LENOVO\.vscode\extensions\pivotal.vscode-spring-boot-1.38.0\language-server\BOOT-INF\lib\classgraph-4.8.149.jar;c:\Users\LENOVO\.vscode\extensions\pivotal.vscode-spring-boot-1.38.0\language-server\BOOT-INF\lib\commons-codec-1.14.jar;c:\Users\LENOVO\.vscode\extensions\pivotal.vscode-spring-boot-1.38.0\language-server\BOOT-INF\lib\commons-compress-1.21.jar;c:\Users\LENOVO\.vscode\extensions\pivotal.vscode-spring-boot-1.38.0\language-server\BOOT-INF\lib\commons-exec-1.3.jar;c:\Users\LENOVO\.vscode\extensions\pivotal.vscode-spring-boot-1.38.0\language-server
Launcher Type: SUN_STANDARD

[Global flags]
     intx CICompilerCount                          = 4                                         {product} {ergonomic}
     uint ConcGCThreads                            = 2                                         {product} {ergonomic}
     uint G1ConcRefinementThreads                  = 8                                         {product} {ergonomic}
   size_t G1HeapRegionSize                         = 4194304                                   {product} {ergonomic}
    uintx GCDrainStackTargetSize                   = 64                                        {product} {ergonomic}
   size_t InitialHeapSize                          = 327155712                                 {product} {ergonomic}
   size_t MarkStackSize                            = 4194304                                   {product} {ergonomic}
   size_t MaxHeapSize                              = 5200936960                                {product} {ergonomic}
   size_t MaxNewSize                               = 3120562176                                {product} {ergonomic}
   size_t MinHeapDeltaBytes                        = 4194304                                   {product} {ergonomic}
   size_t MinHeapSize                              = 8388608                                   {product} {ergonomic}
    uintx NonProfiledCodeHeapSize                  = 0                                      {pd product} {ergonomic}
     bool ProfileInterpreter                       = false                                  {pd product} {command line}
    uintx ProfiledCodeHeapSize                     = 0                                      {pd product} {ergonomic}
   size_t SoftMaxHeapSize                          = 5200936960                             {manageable} {ergonomic}
     intx TieredStopAtLevel                        = 1                                         {product} {command line}
     bool UseCompressedClassPointers               = true                           {product lp64_product} {ergonomic}
     bool UseCompressedOops                        = true                           {product lp64_product} {ergonomic}
     bool UseG1GC                                  = true                                      {product} {ergonomic}
     bool UseLargePagesIndividualAllocation        = false                                  {pd product} {ergonomic}

Logging:
Log output configuration:
 #0: stdout all=warning uptime,level,tags
 #1: stderr all=off uptime,level,tags

Environment Variables:
JAVA_HOME=C:\Program Files\Java\jdk1.8.0_261
CLASSPATH=C:\Program Files\Java\jdk1.8.0_261\jre
PATH=C:\db_home\bin;C:\Program Files (x86)\Microsoft SDKs\Azure\CLI2\wbin;C:\Program Files\Java\jdk1.8.0_261\bin;C:\Program Files (x86)\Common Files\Oracle\Java\javapath;C:\Program Files\Common Files\Oracle\Java\javapath;C:\WINDOWS\system32;C:\WINDOWS;C:\WINDOWS\System32\Wbem;C:\WINDOWS\System32\WindowsPowerShell\v1.0\;C:\WINDOWS\System32\OpenSSH\;C:\Program Files\Java\jdk-11.0.10;C:\maven\apache-maven-3.6.3\bin;%M2_HOME%\bin;C:\xampp\php;C:\sonar-scanner-4.5.0.2216-windows\bin;C:\Program Files\PuTTY\;C:\Program Files\nodejs\;C:\Program Files\Git\cmd;C:\Program Files\Docker\Docker\resources\bin;C:\ProgramData\DockerDesktop\version-bin;C:\ProgramData\ComposerSetup\bin;C:\Users\LENOVO\.windows-build-tools\python27\;C:\Users\LENOVO\AppData\Roaming\npm\node_modules\windows-build-tools\node_modules\.bin;C:\Users\LENOVO\AppData\Roaming\npm\node_modules\node_modules\.bin;C:\Users\LENOVO\AppData\Roaming\npm\node_modules\.bin;C:\Users\LENOVO\AppData\Roaming\node_modules\.bin;C:\Users\LENOVO\AppData\node_modules\.bin;C:\Users\LENOVO\node_modules\.bin;C:\Users\node_modules\.bin;C:\node_modules\.bin;C:\Users\LENOVO\AppData\Roaming\npm\node_modules\npm\node_modules\@npmcli\run-script\lib\node-gyp-bin;C:\db_home\bin;C:\Program Files (x86)\Microsoft SDKs\Azure\CLI2\wbin;C:\Program Files\Java\jdk1.8.0_261\bin;C:\Program Files (x86)\Common Files\Oracle\Java\javapath;C:\Program Files\Common Files\Oracle\Java\javapath;C:\WINDOWS\system32;C:\WINDOWS;C:\WINDOWS\System32\Wbem;C:\WINDOWS\System32\WindowsPowerShell\v1.0\;C:\WINDOWS\System32\OpenSSH\;C:\Program Files\Java\jdk-11.0.10;C:\maven\apache-maven-3.6.3\bin;%M2_HOME%\bin;C:\xampp\php;C:\ProgramData\ComposerSetup\bin;C:\sonar-scanner-4.5.0.2216-windows\bin;C:\Program Files\PuTTY\;C:\Program Files\nodejs\;C:\Program Files\Git\cmd;C:\Program Files\Docker\Docker\resources\bin;C:\ProgramData\DockerDesktop\version-bin;C:\Users\LENOVO\AppData\Local\Microsoft\WindowsApps;C:\Users\LENOVO\AppData\Local\Programs\Microsoft VS Code\bin;C:\Users\LEN
USERNAME=LENOVO
OS=Windows_NT
PROCESSOR_IDENTIFIER=AMD64 Family 23 Model 96 Stepping 1, AuthenticAMD



---------------  S Y S T E M  ---------------

OS:
 Windows 11 , 64 bit Build 22000 (10.0.22000.708)
OS uptime: 12 days 22:50 hours
Hyper-V role detected

CPU: total 8 (initial active 8) (8 cores per cpu, 1 threads per core) family 23 model 96 stepping 1 microcode 0x0, cx8, cmov, fxsr, mmx, 3dnowpref, sse, sse2, sse3, ssse3, sse4a, sse4.1, sse4.2, popcnt, lzcnt, tsc, tscinvbit, avx, avx2, aes, clmul, bmi1, bmi2, adx, sha, fma, vzeroupper, clflush, clflushopt, hv

Memory: 4k page, system-wide physical 19830M (1036M free)
TotalPageFile size 50547M (AvailPageFile size 751M)
current process WorkingSet (physical memory assigned to process): 994M, peak: 994M
current process commit charge ("private bytes"): 1024M, peak: 1848M

vm_info: OpenJDK 64-Bit Server VM (17.0.3+7) for windows-amd64 JRE (17.0.3+7), built on Apr 19 2022 16:55:35 by "" with MS VC++ 16.7 (VS2019)

END.
