#
# There is insufficient memory for the Java Runtime Environment to continue.
# Native memory allocation (mmap) failed to map 570425344 bytes for G1 virtual space
# Possible reasons:
#   The system is out of physical RAM or swap space
#   The process is running with CompressedOops enabled, and the Java Heap may be blocking the growth of the native heap
# Possible solutions:
#   Reduce memory load on the system
#   Increase physical memory or swap space
#   Check if swap backing store is full
#   Decrease Java heap size (-Xmx/-Xms)
#   Decrease number of Java threads
#   Decrease Java thread stack sizes (-Xss)
#   Set larger code cache with -XX:ReservedCodeCacheSize=
#   JVM is running with Zero Based Compressed Oops mode in which the Java heap is
#     placed in the first 32GB address space. The Java Heap base address is the
#     maximum limit for the native heap growth. Please use -XX:HeapBaseMinAddress
#     to set the Java Heap base and to place the Java Heap above 32GB virtual address.
# This output file may be truncated or incomplete.
#
#  Out of Memory Error (os_windows.cpp:3535), pid=62372, tid=83080
#
# JRE version: OpenJDK Runtime Environment Temurin-17.0.3+7 (17.0.3+7) (build 17.0.3+7)
# Java VM: OpenJDK 64-Bit Server VM Temurin-17.0.3+7 (17.0.3+7, mixed mode, emulated-client, tiered, compressed oops, compressed class ptrs, g1 gc, windows-amd64)
# No core dump will be written. Minidumps are not enabled by default on client versions of Windows
#

---------------  S U M M A R Y ------------

Command Line: -Dsts.lsp.client=vscode -Dsts.log.file=/dev/null -XX:TieredStopAtLevel=1 -Dspring.config.location=file:c:\Users\LENOVO\.vscode\extensions\pivotal.vscode-spring-boot-1.38.0\language-server\BOOT-INF\classes\application.properties org.springframework.ide.vscode.boot.app.BootLanguageServerBootApp

Host: AMD Ryzen 7 4700U with Radeon Graphics         , 8 cores, 19G,  Windows 11 , 64 bit Build 22000 (10.0.22000.708)
Time: Sat Aug 20 18:26:09 2022 Hora est. Pacífico, Sudamérica elapsed time: 2.944020 seconds (0d 0h 0m 2s)

---------------  T H R E A D  ---------------

Current thread (0x000001307403d3a0):  VMThread "VM Thread" [stack: 0x0000000100c00000,0x0000000100d00000] [id=83080]

Stack: [0x0000000100c00000,0x0000000100d00000]
Native frames: (J=compiled Java code, j=interpreted, Vv=VM code, C=native code)
V  [jvm.dll+0x675efa]
V  [jvm.dll+0x830a24]
V  [jvm.dll+0x8321ce]
V  [jvm.dll+0x832833]
V  [jvm.dll+0x2454b5]
V  [jvm.dll+0x672de9]
V  [jvm.dll+0x667732]
V  [jvm.dll+0x3043ab]
V  [jvm.dll+0x30b8f6]
V  [jvm.dll+0x35b62e]
V  [jvm.dll+0x35b85f]
V  [jvm.dll+0x2db248]
V  [jvm.dll+0x2d94fc]
V  [jvm.dll+0x2d8acc]
V  [jvm.dll+0x31ca2b]
V  [jvm.dll+0x836cdb]
V  [jvm.dll+0x837a14]
V  [jvm.dll+0x837f2c]
V  [jvm.dll+0x838304]
V  [jvm.dll+0x8383d0]
V  [jvm.dll+0x7e0cfa]
V  [jvm.dll+0x674d85]
C  [ucrtbase.dll+0x26c0c]
C  [KERNEL32.DLL+0x154e0]
C  [ntdll.dll+0x485b]

VM_Operation (0x00000001026fd9d0): G1CollectForAllocation, mode: safepoint, requested by thread 0x0000013075436900


---------------  P R O C E S S  ---------------

Threads class SMR info:
_java_thread_list=0x0000013078b735b0, length=37, elements={
0x0000013074c121c0, 0x0000013074c12f40, 0x0000013074c38b30, 0x0000013074c393f0,
0x0000013074c3bcc0, 0x0000013074c3c580, 0x0000013074c52840, 0x0000013074c53140,
0x0000013074d2f970, 0x0000013074e78ab0, 0x0000013074e822e0, 0x00000130756b4780,
0x00000130756688b0, 0x0000013076a30040, 0x0000013076a5a430, 0x0000013076a5b110,
0x00000130600837a0, 0x0000013075436900, 0x0000013076b04960, 0x0000013076aff460,
0x0000013076b04e30, 0x0000013076b06b30, 0x000001307685d540, 0x000001307685e880,
0x000001307685d070, 0x0000013076860090, 0x0000013076860a30, 0x000001307685da10,
0x000001307685dee0, 0x000001307685e3b0, 0x000001307685fbc0, 0x0000013076860560,
0x000001307685f6f0, 0x000001307685ed50, 0x000001307685f220, 0x0000013078bb5180,
0x0000013078bb5650
}

Java Threads: ( => current thread )
  0x0000013074c121c0 JavaThread "Reference Handler" daemon [_thread_blocked, id=106368, stack(0x0000000100d00000,0x0000000100e00000)]
  0x0000013074c12f40 JavaThread "Finalizer" daemon [_thread_blocked, id=113240, stack(0x0000000100e00000,0x0000000100f00000)]
  0x0000013074c38b30 JavaThread "Signal Dispatcher" daemon [_thread_blocked, id=115304, stack(0x0000000100f00000,0x0000000101000000)]
  0x0000013074c393f0 JavaThread "Attach Listener" daemon [_thread_blocked, id=112204, stack(0x0000000101000000,0x0000000101100000)]
  0x0000013074c3bcc0 JavaThread "Service Thread" daemon [_thread_blocked, id=113280, stack(0x0000000101100000,0x0000000101200000)]
  0x0000013074c3c580 JavaThread "Monitor Deflation Thread" daemon [_thread_blocked, id=87780, stack(0x0000000101200000,0x0000000101300000)]
  0x0000013074c52840 JavaThread "C1 CompilerThread0" daemon [_thread_blocked, id=79296, stack(0x0000000101300000,0x0000000101400000)]
  0x0000013074c53140 JavaThread "Sweeper thread" daemon [_thread_blocked, id=113232, stack(0x0000000101400000,0x0000000101500000)]
  0x0000013074d2f970 JavaThread "C1 CompilerThread1" daemon [_thread_blocked, id=101284, stack(0x0000000101500000,0x0000000101600000)]
  0x0000013074e78ab0 JavaThread "Notification Thread" daemon [_thread_blocked, id=6732, stack(0x0000000101600000,0x0000000101700000)]
  0x0000013074e822e0 JavaThread "Common-Cleaner" daemon [_thread_blocked, id=104996, stack(0x0000000101800000,0x0000000101900000)]
  0x00000130756b4780 JavaThread "C1 CompilerThread2" daemon [_thread_blocked, id=83808, stack(0x0000000101900000,0x0000000101a00000)]
  0x00000130756688b0 JavaThread "C1 CompilerThread3" daemon [_thread_blocked, id=115092, stack(0x0000000101a00000,0x0000000101b00000)]
  0x0000013076a30040 JavaThread "ForkJoinPool.commonPool-worker-1" daemon [_thread_blocked, id=111256, stack(0x0000000102200000,0x0000000102300000)]
  0x0000013076a5a430 JavaThread "pool-7-thread-1" [_thread_blocked, id=114904, stack(0x0000000102400000,0x0000000102500000)]
  0x0000013076a5b110 JavaThread "LanguageServerApp-lifecycle" [_thread_blocked, id=107968, stack(0x0000000102500000,0x0000000102600000)]
  0x00000130600837a0 JavaThread "DestroyJavaVM" [_thread_blocked, id=113476, stack(0x0000000100600000,0x0000000100700000)]
  0x0000013075436900 JavaThread "ClassGraph-worker-0" daemon [_thread_blocked, id=71208, stack(0x0000000102600000,0x0000000102700000)]
  0x0000013076b04960 JavaThread "ClassGraph-worker-1" daemon [_thread_blocked, id=112916, stack(0x0000000102700000,0x0000000102800000)]
  0x0000013076aff460 JavaThread "ClassGraph-worker-2" daemon [_thread_blocked, id=113992, stack(0x0000000102800000,0x0000000102900000)]
  0x0000013076b04e30 JavaThread "ClassGraph-worker-3" daemon [_thread_blocked, id=78928, stack(0x0000000102900000,0x0000000102a00000)]
  0x0000013076b06b30 JavaThread "ClassGraph-worker-4" daemon [_thread_blocked, id=108284, stack(0x0000000102a00000,0x0000000102b00000)]
  0x000001307685d540 JavaThread "ClassGraph-worker-5" daemon [_thread_blocked, id=109000, stack(0x0000000102b00000,0x0000000102c00000)]
  0x000001307685e880 JavaThread "ClassGraph-worker-6" daemon [_thread_blocked, id=112428, stack(0x0000000102c00000,0x0000000102d00000)]
  0x000001307685d070 JavaThread "ClassGraph-worker-7" daemon [_thread_blocked, id=110744, stack(0x0000000102d00000,0x0000000102e00000)]
  0x0000013076860090 JavaThread "ClassGraph-worker-8" daemon [_thread_blocked, id=81564, stack(0x0000000102e00000,0x0000000102f00000)]
  0x0000013076860a30 JavaThread "ClassGraph-worker-9" daemon [_thread_blocked, id=107216, stack(0x0000000102f00000,0x0000000103000000)]
  0x000001307685da10 JavaThread "ClassGraph-worker-10" daemon [_thread_blocked, id=105716, stack(0x0000000103000000,0x0000000103100000)]
  0x000001307685dee0 JavaThread "ClassGraph-worker-11" daemon [_thread_blocked, id=103692, stack(0x0000000103100000,0x0000000103200000)]
  0x000001307685e3b0 JavaThread "ClassGraph-worker-12" daemon [_thread_blocked, id=111728, stack(0x0000000103200000,0x0000000103300000)]
  0x000001307685fbc0 JavaThread "ClassGraph-worker-13" daemon [_thread_blocked, id=114180, stack(0x0000000103300000,0x0000000103400000)]
  0x0000013076860560 JavaThread "pool-8-thread-1" [_thread_in_native, id=79656, stack(0x0000000103400000,0x0000000103500000)]
  0x000001307685f6f0 JavaThread "Simple-Language-Server main thread" daemon [_thread_blocked, id=112676, stack(0x0000000103500000,0x0000000103600000)]
  0x000001307685ed50 JavaThread "parallel-1" daemon [_thread_blocked, id=99168, stack(0x0000000103600000,0x0000000103700000)]
  0x000001307685f220 JavaThread "pool-2-thread-1" [_thread_blocked, id=22408, stack(0x0000000103700000,0x0000000103800000)]
  0x0000013078bb5180 JavaThread "parallel-2" daemon [_thread_blocked, id=110304, stack(0x0000000103b00000,0x0000000103c00000)]
  0x0000013078bb5650 JavaThread "Reconciler-1" daemon [_thread_blocked, id=84084, stack(0x0000000103c00000,0x0000000103d00000)]

Other Threads:
=>0x000001307403d3a0 VMThread "VM Thread" [stack: 0x0000000100c00000,0x0000000100d00000] [id=83080]
  0x000001306010a7b0 WatcherThread [stack: 0x0000000101700000,0x0000000101800000] [id=110728]
  0x00000130600f6ab0 GCTaskThread "GC Thread#0" [stack: 0x0000000100700000,0x0000000100800000] [id=116276]
  0x000001307575b810 GCTaskThread "GC Thread#1" [stack: 0x0000000101b00000,0x0000000101c00000] [id=113188]
  0x000001307575fee0 GCTaskThread "GC Thread#2" [stack: 0x0000000101c00000,0x0000000101d00000] [id=113556]
  0x0000013075760dc0 GCTaskThread "GC Thread#3" [stack: 0x0000000101d00000,0x0000000101e00000] [id=87696]
  0x0000013075761070 GCTaskThread "GC Thread#4" [stack: 0x0000000101e00000,0x0000000101f00000] [id=117740]
  0x0000013075763f50 GCTaskThread "GC Thread#5" [stack: 0x0000000101f00000,0x0000000102000000] [id=115596]
  0x0000013075764a10 GCTaskThread "GC Thread#6" [stack: 0x0000000102000000,0x0000000102100000] [id=82984]
  0x00000130761cd0e0 GCTaskThread "GC Thread#7" [stack: 0x0000000102100000,0x0000000102200000] [id=112328]
  0x00000130601014e0 ConcurrentGCThread "G1 Main Marker" [stack: 0x0000000100800000,0x0000000100900000] [id=97232]
  0x00000130601025a0 ConcurrentGCThread "G1 Conc#0" [stack: 0x0000000100900000,0x0000000100a00000] [id=80480]
  0x0000013076501650 ConcurrentGCThread "G1 Conc#1" [stack: 0x0000000102300000,0x0000000102400000] [id=90016]
  0x000001306013e2b0 ConcurrentGCThread "G1 Refine#0" [stack: 0x0000000100a00000,0x0000000100b00000] [id=116832]
  0x0000013076b5d0e0 ConcurrentGCThread "G1 Refine#1" [stack: 0x0000000103800000,0x0000000103900000] [id=74452]
  0x0000013076b5d3c0 ConcurrentGCThread "G1 Refine#2" [stack: 0x0000000103900000,0x0000000103a00000] [id=112652]
  0x0000013076b5d980 ConcurrentGCThread "G1 Refine#3" [stack: 0x0000000103a00000,0x0000000103b00000] [id=116932]
  0x000001306013ebe0 ConcurrentGCThread "G1 Service" [stack: 0x0000000100b00000,0x0000000100c00000] [id=50700]

Threads with active compile tasks:
C1 CompilerThread0     2965 3662       1       nonapi.io.github.classgraph.fastzipfilereader.NestedJarHandler$5$1::newInstance (5 bytes)
C1 CompilerThread2     2965 3661   !   1       io.github.classgraph.ModuleReaderProxy::<init> (74 bytes)

VM state: at safepoint (normal execution)

VM Mutex/Monitor currently owned by a thread:  ([mutex/lock_event])
[0x000001306007f1b0] Threads_lock - owner thread: 0x000001307403d3a0
[0x000001306007e040] Heap_lock - owner thread: 0x0000013075436900

Heap address: 0x00000006ca000000, size: 4960 MB, Compressed Oops mode: Zero based, Oop shift amount: 3

CDS archive(s) not mapped
Compressed class space mapped at: 0x0000000800000000-0x0000000840000000, reserved size: 1073741824
Narrow klass base: 0x0000000800000000, Narrow klass shift: 0, Narrow klass range: 0x40000000

GC Precious Log:
 CPUs: 8 total, 8 available
 Memory: 19830M
 Large Page Support: Disabled
 NUMA Support: Disabled
 Compressed Oops: Enabled (Zero based)
 Heap Region Size: 4M
 Heap Min Capacity: 8M
 Heap Initial Capacity: 312M
 Heap Max Capacity: 4960M
 Pre-touch: Disabled
 Parallel Workers: 8
 Concurrent Workers: 2
 Concurrent Refinement Workers: 8
 Periodic GC: Disabled

Heap:
 garbage-first heap   total 376832K, used 96427K [0x00000006ca000000, 0x0000000800000000)
  region size 4096K, 5 young (20480K), 5 survivors (20480K)
 Metaspace       used 35140K, committed 35456K, reserved 1081344K
  class space    used 4569K, committed 4736K, reserved 1048576K

Heap Regions: E=young(eden), S=young(survivor), O=old, HS=humongous(starts), HC=humongous(continues), CS=collection set, F=free, OA=open archive, CA=closed archive, TAMS=top-at-mark-start (previous, next)
|   0|0x00000006ca000000, 0x00000006ca400000, 0x00000006ca400000|100%| O|  |TAMS 0x00000006ca400000, 0x00000006ca000000| Untracked 
|   1|0x00000006ca400000, 0x00000006ca800000, 0x00000006ca800000|100%| O|  |TAMS 0x00000006ca400000, 0x00000006ca400000| Untracked 
|   2|0x00000006ca800000, 0x00000006cac00000, 0x00000006cac00000|100%| O|  |TAMS 0x00000006ca800000, 0x00000006ca800000| Untracked 
|   3|0x00000006cac00000, 0x00000006cb000000, 0x00000006cb000000|100%| O|  |TAMS 0x00000006cac00000, 0x00000006cac00000| Untracked 
|   4|0x00000006cb000000, 0x00000006cb400000, 0x00000006cb400000|100%| O|  |TAMS 0x00000006cb000000, 0x00000006cb000000| Untracked 
|   5|0x00000006cb400000, 0x00000006cb800000, 0x00000006cb800000|100%| O|  |TAMS 0x00000006cb400000, 0x00000006cb400000| Untracked 
|   6|0x00000006cb800000, 0x00000006cbc00000, 0x00000006cbc00000|100%| O|  |TAMS 0x00000006cb800000, 0x00000006cb800000| Untracked 
|   7|0x00000006cbc00000, 0x00000006cc000000, 0x00000006cc000000|100%| O|  |TAMS 0x00000006cbc00000, 0x00000006cbc00000| Untracked 
|   8|0x00000006cc000000, 0x00000006cc400000, 0x00000006cc400000|100%| O|  |TAMS 0x00000006cc000000, 0x00000006cc000000| Untracked 
|   9|0x00000006cc400000, 0x00000006cc800000, 0x00000006cc800000|100%| O|  |TAMS 0x00000006cc400000, 0x00000006cc400000| Untracked 
|  10|0x00000006cc800000, 0x00000006ccc00000, 0x00000006ccc00000|100%| O|  |TAMS 0x00000006cc800000, 0x00000006cc800000| Untracked 
|  11|0x00000006ccc00000, 0x00000006cd000000, 0x00000006cd000000|100%| O|  |TAMS 0x00000006ccc00000, 0x00000006ccc00000| Untracked 
|  12|0x00000006cd000000, 0x00000006cd400000, 0x00000006cd400000|100%| O|  |TAMS 0x00000006cd000000, 0x00000006cd000000| Untracked 
|  13|0x00000006cd400000, 0x00000006cd800000, 0x00000006cd800000|100%| O|  |TAMS 0x00000006cd400000, 0x00000006cd400000| Untracked 
|  14|0x00000006cd800000, 0x00000006cdc00000, 0x00000006cdc00000|100%| O|  |TAMS 0x00000006cd800000, 0x00000006cd800000| Untracked 
|  15|0x00000006cdc00000, 0x00000006ce000000, 0x00000006ce000000|100%| O|  |TAMS 0x00000006cdc00000, 0x00000006cdc00000| Untracked 
|  16|0x00000006ce000000, 0x00000006ce400000, 0x00000006ce400000|100%| O|  |TAMS 0x00000006ce000000, 0x00000006ce000000| Untracked 
|  17|0x00000006ce400000, 0x00000006ce800000, 0x00000006ce800000|100%| O|  |TAMS 0x00000006ce400000, 0x00000006ce400000| Untracked 
|  18|0x00000006ce800000, 0x00000006cec00000, 0x00000006cec00000|100%| O|  |TAMS 0x00000006ce800000, 0x00000006ce800000| Untracked 
|  19|0x00000006cec00000, 0x00000006ced5a000, 0x00000006cf000000| 33%| O|  |TAMS 0x00000006cec00000, 0x00000006cec00000| Untracked 
|  20|0x00000006cf000000, 0x00000006cf000000, 0x00000006cf400000|  0%| F|  |TAMS 0x00000006cf000000, 0x00000006cf000000| Untracked 
|  21|0x00000006cf400000, 0x00000006cf400000, 0x00000006cf800000|  0%| F|  |TAMS 0x00000006cf400000, 0x00000006cf400000| Untracked 
|  22|0x00000006cf800000, 0x00000006cf800000, 0x00000006cfc00000|  0%| F|  |TAMS 0x00000006cf800000, 0x00000006cf800000| Untracked 
|  23|0x00000006cfc00000, 0x00000006cfc00000, 0x00000006d0000000|  0%| F|  |TAMS 0x00000006cfc00000, 0x00000006cfc00000| Untracked 
|  24|0x00000006d0000000, 0x00000006d0000000, 0x00000006d0400000|  0%| F|  |TAMS 0x00000006d0000000, 0x00000006d0000000| Untracked 
|  25|0x00000006d0400000, 0x00000006d0400000, 0x00000006d0800000|  0%| F|  |TAMS 0x00000006d0400000, 0x00000006d0400000| Untracked 
|  26|0x00000006d0800000, 0x00000006d0800000, 0x00000006d0c00000|  0%| F|  |TAMS 0x00000006d0800000, 0x00000006d0800000| Untracked 
|  27|0x00000006d0c00000, 0x00000006d0c00000, 0x00000006d1000000|  0%| F|  |TAMS 0x00000006d0c00000, 0x00000006d0c00000| Untracked 
|  28|0x00000006d1000000, 0x00000006d1000000, 0x00000006d1400000|  0%| F|  |TAMS 0x00000006d1000000, 0x00000006d1000000| Untracked 
|  29|0x00000006d1400000, 0x00000006d1400000, 0x00000006d1800000|  0%| F|  |TAMS 0x00000006d1400000, 0x00000006d1400000| Untracked 
|  30|0x00000006d1800000, 0x00000006d1800000, 0x00000006d1c00000|  0%| F|  |TAMS 0x00000006d1800000, 0x00000006d1800000| Untracked 
|  31|0x00000006d1c00000, 0x00000006d1c00000, 0x00000006d2000000|  0%| F|  |TAMS 0x00000006d1c00000, 0x00000006d1c00000| Untracked 
|  32|0x00000006d2000000, 0x00000006d2000000, 0x00000006d2400000|  0%| F|  |TAMS 0x00000006d2000000, 0x00000006d2000000| Untracked 
|  33|0x00000006d2400000, 0x00000006d24d0f80, 0x00000006d2800000| 20%| S|CS|TAMS 0x00000006d2400000, 0x00000006d2400000| Complete 
|  34|0x00000006d2800000, 0x00000006d2c00000, 0x00000006d2c00000|100%| S|CS|TAMS 0x00000006d2800000, 0x00000006d2800000| Complete 
|  35|0x00000006d2c00000, 0x00000006d3000000, 0x00000006d3000000|100%| S|CS|TAMS 0x00000006d2c00000, 0x00000006d2c00000| Complete 
|  36|0x00000006d3000000, 0x00000006d3400000, 0x00000006d3400000|100%| S|CS|TAMS 0x00000006d3000000, 0x00000006d3000000| Complete 
|  37|0x00000006d3400000, 0x00000006d3800000, 0x00000006d3800000|100%| S|CS|TAMS 0x00000006d3400000, 0x00000006d3400000| Complete 
|  38|0x00000006d3800000, 0x00000006d3800000, 0x00000006d3c00000|  0%| F|  |TAMS 0x00000006d3800000, 0x00000006d3800000| Untracked 
|  39|0x00000006d3c00000, 0x00000006d3c00000, 0x00000006d4000000|  0%| F|  |TAMS 0x00000006d3c00000, 0x00000006d3c00000| Untracked 
|  40|0x00000006d4000000, 0x00000006d4000000, 0x00000006d4400000|  0%| F|  |TAMS 0x00000006d4000000, 0x00000006d4000000| Untracked 
|  41|0x00000006d4400000, 0x00000006d4400000, 0x00000006d4800000|  0%| F|  |TAMS 0x00000006d4400000, 0x00000006d4400000| Untracked 
|  42|0x00000006d4800000, 0x00000006d4800000, 0x00000006d4c00000|  0%| F|  |TAMS 0x00000006d4800000, 0x00000006d4800000| Untracked 
|  43|0x00000006d4c00000, 0x00000006d4c00000, 0x00000006d5000000|  0%| F|  |TAMS 0x00000006d4c00000, 0x00000006d4c00000| Untracked 
|  44|0x00000006d5000000, 0x00000006d5000000, 0x00000006d5400000|  0%| F|  |TAMS 0x00000006d5000000, 0x00000006d5000000| Untracked 
|  45|0x00000006d5400000, 0x00000006d5400000, 0x00000006d5800000|  0%| F|  |TAMS 0x00000006d5400000, 0x00000006d5400000| Untracked 
|  46|0x00000006d5800000, 0x00000006d5800000, 0x00000006d5c00000|  0%| F|  |TAMS 0x00000006d5800000, 0x00000006d5800000| Untracked 
|  47|0x00000006d5c00000, 0x00000006d5c00000, 0x00000006d6000000|  0%| F|  |TAMS 0x00000006d5c00000, 0x00000006d5c00000| Untracked 
|  48|0x00000006d6000000, 0x00000006d6000000, 0x00000006d6400000|  0%| F|  |TAMS 0x00000006d6000000, 0x00000006d6000000| Untracked 
|  49|0x00000006d6400000, 0x00000006d6400000, 0x00000006d6800000|  0%| F|  |TAMS 0x00000006d6400000, 0x00000006d6400000| Untracked 
|  50|0x00000006d6800000, 0x00000006d6800000, 0x00000006d6c00000|  0%| F|  |TAMS 0x00000006d6800000, 0x00000006d6800000| Untracked 
|  51|0x00000006d6c00000, 0x00000006d6c00000, 0x00000006d7000000|  0%| F|  |TAMS 0x00000006d6c00000, 0x00000006d6c00000| Untracked 
|  52|0x00000006d7000000, 0x00000006d7000000, 0x00000006d7400000|  0%| F|  |TAMS 0x00000006d7000000, 0x00000006d7000000| Untracked 
|  53|0x00000006d7400000, 0x00000006d7400000, 0x00000006d7800000|  0%| F|  |TAMS 0x00000006d7400000, 0x00000006d7400000| Untracked 
|  54|0x00000006d7800000, 0x00000006d7800000, 0x00000006d7c00000|  0%| F|  |TAMS 0x00000006d7800000, 0x00000006d7800000| Untracked 
|  55|0x00000006d7c00000, 0x00000006d7c00000, 0x00000006d8000000|  0%| F|  |TAMS 0x00000006d7c00000, 0x00000006d7c00000| Untracked 
|  56|0x00000006d8000000, 0x00000006d8000000, 0x00000006d8400000|  0%| F|  |TAMS 0x00000006d8000000, 0x00000006d8000000| Untracked 
|  57|0x00000006d8400000, 0x00000006d8400000, 0x00000006d8800000|  0%| F|  |TAMS 0x00000006d8400000, 0x00000006d8400000| Untracked 
|  58|0x00000006d8800000, 0x00000006d8800000, 0x00000006d8c00000|  0%| F|  |TAMS 0x00000006d8800000, 0x00000006d8800000| Untracked 
|  59|0x00000006d8c00000, 0x00000006d8c00000, 0x00000006d9000000|  0%| F|  |TAMS 0x00000006d8c00000, 0x00000006d8c00000| Untracked 
|  60|0x00000006d9000000, 0x00000006d9000000, 0x00000006d9400000|  0%| F|  |TAMS 0x00000006d9000000, 0x00000006d9000000| Untracked 
|  61|0x00000006d9400000, 0x00000006d9400000, 0x00000006d9800000|  0%| F|  |TAMS 0x00000006d9400000, 0x00000006d9400000| Untracked 
|  62|0x00000006d9800000, 0x00000006d9800000, 0x00000006d9c00000|  0%| F|  |TAMS 0x00000006d9800000, 0x00000006d9800000| Untracked 
|  63|0x00000006d9c00000, 0x00000006d9c00000, 0x00000006da000000|  0%| F|  |TAMS 0x00000006d9c00000, 0x00000006d9c00000| Untracked 
|  64|0x00000006da000000, 0x00000006da000000, 0x00000006da400000|  0%| F|  |TAMS 0x00000006da000000, 0x00000006da000000| Untracked 
|  65|0x00000006da400000, 0x00000006da400000, 0x00000006da800000|  0%| F|  |TAMS 0x00000006da400000, 0x00000006da400000| Untracked 
|  66|0x00000006da800000, 0x00000006da800000, 0x00000006dac00000|  0%| F|  |TAMS 0x00000006da800000, 0x00000006da800000| Untracked 
|  67|0x00000006dac00000, 0x00000006dac00000, 0x00000006db000000|  0%| F|  |TAMS 0x00000006dac00000, 0x00000006dac00000| Untracked 
|  68|0x00000006db000000, 0x00000006db000000, 0x00000006db400000|  0%| F|  |TAMS 0x00000006db000000, 0x00000006db000000| Untracked 
|  69|0x00000006db400000, 0x00000006db400000, 0x00000006db800000|  0%| F|  |TAMS 0x00000006db400000, 0x00000006db400000| Untracked 
|  70|0x00000006db800000, 0x00000006db800000, 0x00000006dbc00000|  0%| F|  |TAMS 0x00000006db800000, 0x00000006db800000| Untracked 
|  71|0x00000006dbc00000, 0x00000006dbc00000, 0x00000006dc000000|  0%| F|  |TAMS 0x00000006dbc00000, 0x00000006dbc00000| Untracked 
|  72|0x00000006dc000000, 0x00000006dc000000, 0x00000006dc400000|  0%| F|  |TAMS 0x00000006dc000000, 0x00000006dc000000| Untracked 
|  73|0x00000006dc400000, 0x00000006dc400000, 0x00000006dc800000|  0%| F|  |TAMS 0x00000006dc400000, 0x00000006dc400000| Untracked 
|  74|0x00000006dc800000, 0x00000006dc800000, 0x00000006dcc00000|  0%| F|  |TAMS 0x00000006dc800000, 0x00000006dc800000| Untracked 
|  75|0x00000006dcc00000, 0x00000006dcc00000, 0x00000006dd000000|  0%| F|  |TAMS 0x00000006dcc00000, 0x00000006dcc00000| Untracked 
|  76|0x00000006dd000000, 0x00000006dd000000, 0x00000006dd400000|  0%| F|  |TAMS 0x00000006dd000000, 0x00000006dd000000| Untracked 
|  77|0x00000006dd400000, 0x00000006dd400000, 0x00000006dd800000|  0%| F|  |TAMS 0x00000006dd400000, 0x00000006dd400000| Untracked 
|  78|0x00000006dd800000, 0x00000006dd800000, 0x00000006ddc00000|  0%| F|  |TAMS 0x00000006dd800000, 0x00000006dd800000| Untracked 
|  79|0x00000006ddc00000, 0x00000006ddc00000, 0x00000006de000000|  0%| F|  |TAMS 0x00000006ddc00000, 0x00000006ddc00000| Untracked 
|  80|0x00000006de000000, 0x00000006de000000, 0x00000006de400000|  0%| F|  |TAMS 0x00000006de000000, 0x00000006de000000| Untracked 
|  81|0x00000006de400000, 0x00000006de400000, 0x00000006de800000|  0%| F|  |TAMS 0x00000006de400000, 0x00000006de400000| Untracked 
|  82|0x00000006de800000, 0x00000006de800000, 0x00000006dec00000|  0%| F|  |TAMS 0x00000006de800000, 0x00000006de800000| Untracked 
|  83|0x00000006dec00000, 0x00000006dec00000, 0x00000006df000000|  0%| F|  |TAMS 0x00000006dec00000, 0x00000006dec00000| Untracked 
|  84|0x00000006df000000, 0x00000006df000000, 0x00000006df400000|  0%| F|  |TAMS 0x00000006df000000, 0x00000006df000000| Untracked 
|  85|0x00000006df400000, 0x00000006df400000, 0x00000006df800000|  0%| F|  |TAMS 0x00000006df400000, 0x00000006df400000| Untracked 
|  86|0x00000006df800000, 0x00000006df800000, 0x00000006dfc00000|  0%| F|  |TAMS 0x00000006df800000, 0x00000006df800000| Untracked 
|  87|0x00000006dfc00000, 0x00000006dfc00000, 0x00000006e0000000|  0%| F|  |TAMS 0x00000006dfc00000, 0x00000006dfc00000| Untracked 
|  88|0x00000006e0000000, 0x00000006e0000000, 0x00000006e0400000|  0%| F|  |TAMS 0x00000006e0000000, 0x00000006e0000000| Untracked 
|  89|0x00000006e0400000, 0x00000006e0400000, 0x00000006e0800000|  0%| F|  |TAMS 0x00000006e0400000, 0x00000006e0400000| Untracked 
|  90|0x00000006e0800000, 0x00000006e0800000, 0x00000006e0c00000|  0%| F|  |TAMS 0x00000006e0800000, 0x00000006e0800000| Untracked 
|  91|0x00000006e0c00000, 0x00000006e0c00000, 0x00000006e1000000|  0%| F|  |TAMS 0x00000006e0c00000, 0x00000006e0c00000| Untracked 

Card table byte_map: [0x00000130667b0000,0x0000013067160000] _byte_map_base: 0x0000013063160000

Marking Bits (Prev, Next): (CMBitMap*) 0x00000130600f7020, (CMBitMap*) 0x00000130600f6fe0
 Prev Bits: [0x000001306c890000, 0x0000013071610000)
 Next Bits: [0x0000013067b10000, 0x000001306c890000)

Polling page: 0x000001305e020000

Metaspace:

Usage:
  Non-class:     29.85 MB used.
      Class:      4.46 MB used.
       Both:     34.32 MB used.

Virtual space:
  Non-class space:       32.00 MB reserved,      30.00 MB ( 94%) committed,  4 nodes.
      Class space:        1.00 GB reserved,       4.62 MB ( <1%) committed,  1 nodes.
             Both:        1.03 GB reserved,      34.62 MB (  3%) committed. 

Chunk freelists:
   Non-Class:  1.59 MB
       Class:  3.42 MB
        Both:  5.02 MB

MaxMetaspaceSize: unlimited
CompressedClassSpaceSize: 1.00 GB
Initial GC threshold: 21.00 MB
Current GC threshold: 35.31 MB
CDS: off
MetaspaceReclaimPolicy: balanced
 - commit_granule_bytes: 65536.
 - commit_granule_words: 8192.
 - virtual_space_node_default_size: 1048576.
 - enlarge_chunks_in_place: 1.
 - new_chunks_are_fully_committed: 0.
 - uncommit_free_chunks: 1.
 - use_allocation_guard: 0.
 - handle_deallocations: 1.


Internal statistics:

num_allocs_failed_limit: 3.
num_arena_births: 300.
num_arena_deaths: 0.
num_vsnodes_births: 5.
num_vsnodes_deaths: 0.
num_space_committed: 554.
num_space_uncommitted: 0.
num_chunks_returned_to_freelist: 3.
num_chunks_taken_from_freelist: 1298.
num_chunk_merges: 3.
num_chunk_splits: 891.
num_chunks_enlarged: 700.
num_purges: 0.
num_inconsistent_stats: 0.

CodeCache: size=49152Kb used=9098Kb max_used=9098Kb free=40053Kb
 bounds [0x0000013062cf0000, 0x00000130635e0000, 0x0000013065cf0000]
 total_blobs=4185 nmethods=3660 adapters=449
 compilation: enabled
              stopped_count=0, restarted_count=0
 full_count=0

Compilation events (20 events):
Event: 2.846 Thread 0x0000013074d2f970 3652       1       java.util.concurrent.locks.AbstractQueuedSynchronizer::acquireInterruptibly (36 bytes)
Event: 2.846 Thread 0x0000013074d2f970 nmethod 3652 0x00000130635d0510 code [0x00000130635d06e0, 0x00000130635d0958]
Event: 2.867 Thread 0x0000013074d2f970 3653       1       io.github.classgraph.ModuleRef::getReference (5 bytes)
Event: 2.867 Thread 0x0000013074d2f970 nmethod 3653 0x00000130635d0a90 code [0x00000130635d0c20, 0x00000130635d0cf8]
Event: 2.878 Thread 0x0000013074d2f970 3654       1       jdk.internal.module.SystemModuleFinders$SystemModuleReader::<init> (14 bytes)
Event: 2.878 Thread 0x0000013074d2f970 nmethod 3654 0x00000130635d0d90 code [0x00000130635d0f20, 0x00000130635d1068]
Event: 2.878 Thread 0x0000013074d2f970 3655   !   1       jdk.internal.module.SystemModuleFinders$SystemModuleReader::checkPermissionToConnect (38 bytes)
Event: 2.879 Thread 0x0000013074c52840 3656   !   1       jdk.internal.module.ModuleReferenceImpl::open (19 bytes)
Event: 2.879 Thread 0x00000130756b4780 3657       1       jdk.internal.module.SystemModuleFinders$2::get (5 bytes)
Event: 2.879 Thread 0x00000130756688b0 3658       1       jdk.internal.module.SystemModuleFinders$2::get (16 bytes)
Event: 2.879 Thread 0x0000013074d2f970 nmethod 3655 0x00000130635d1110 code [0x00000130635d12e0, 0x00000130635d1508]
Event: 2.879 Thread 0x0000013074c52840 nmethod 3656 0x00000130635d1710 code [0x00000130635d18c0, 0x00000130635d1a58]
Event: 2.879 Thread 0x00000130756688b0 nmethod 3658 0x00000130635d1b90 code [0x00000130635d1d20, 0x00000130635d1ec8]
Event: 2.879 Thread 0x00000130756b4780 nmethod 3657 0x00000130635d1f90 code [0x00000130635d2120, 0x00000130635d22c8]
Event: 2.895 Thread 0x00000130756b4780 3659       1       java.util.concurrent.ConcurrentHashMap::resizeStamp (9 bytes)
Event: 2.895 Thread 0x00000130756b4780 nmethod 3659 0x00000130635d2390 code [0x00000130635d2520, 0x00000130635d25e8]
Event: 2.931 Thread 0x00000130756688b0 3660       1       nonapi.io.github.classgraph.fastzipfilereader.NestedJarHandler$5$1::newInstance (8 bytes)
Event: 2.931 Thread 0x00000130756688b0 nmethod 3660 0x00000130635d2690 code [0x00000130635d2820, 0x00000130635d2968]
Event: 2.931 Thread 0x00000130756b4780 3661   !   1       io.github.classgraph.ModuleReaderProxy::<init> (74 bytes)
Event: 2.932 Thread 0x0000013074c52840 3662       1       nonapi.io.github.classgraph.fastzipfilereader.NestedJarHandler$5$1::newInstance (5 bytes)

GC Heap History (20 events):
Event: 1.595 GC heap after
{Heap after GC invocations=6 (full 0):
 garbage-first heap   total 57344K, used 12989K [0x00000006ca000000, 0x0000000800000000)
  region size 4096K, 1 young (4096K), 1 survivors (4096K)
 Metaspace       used 26863K, committed 27072K, reserved 1073152K
  class space    used 3350K, committed 3456K, reserved 1048576K
}
Event: 1.803 GC heap before
{Heap before GC invocations=6 (full 0):
 garbage-first heap   total 57344K, used 29373K [0x00000006ca000000, 0x0000000800000000)
  region size 4096K, 5 young (20480K), 1 survivors (4096K)
 Metaspace       used 29052K, committed 29312K, reserved 1081344K
  class space    used 3652K, committed 3776K, reserved 1048576K
}
Event: 1.808 GC heap after
{Heap after GC invocations=7 (full 0):
 garbage-first heap   total 57344K, used 15002K [0x00000006ca000000, 0x0000000800000000)
  region size 4096K, 1 young (4096K), 1 survivors (4096K)
 Metaspace       used 29052K, committed 29312K, reserved 1081344K
  class space    used 3652K, committed 3776K, reserved 1048576K
}
Event: 2.051 GC heap before
{Heap before GC invocations=7 (full 0):
 garbage-first heap   total 57344K, used 35482K [0x00000006ca000000, 0x0000000800000000)
  region size 4096K, 6 young (24576K), 1 survivors (4096K)
 Metaspace       used 32677K, committed 32960K, reserved 1081344K
  class space    used 4146K, committed 4224K, reserved 1048576K
}
Event: 2.056 GC heap after
{Heap after GC invocations=8 (full 0):
 garbage-first heap   total 188416K, used 17591K [0x00000006ca000000, 0x0000000800000000)
  region size 4096K, 1 young (4096K), 1 survivors (4096K)
 Metaspace       used 32677K, committed 32960K, reserved 1081344K
  class space    used 4146K, committed 4224K, reserved 1048576K
}
Event: 2.328 GC heap before
{Heap before GC invocations=8 (full 0):
 garbage-first heap   total 188416K, used 119991K [0x00000006ca000000, 0x0000000800000000)
  region size 4096K, 27 young (110592K), 1 survivors (4096K)
 Metaspace       used 34400K, committed 34688K, reserved 1081344K
  class space    used 4423K, committed 4544K, reserved 1048576K
}
Event: 2.343 GC heap after
{Heap after GC invocations=9 (full 0):
 garbage-first heap   total 188416K, used 38223K [0x00000006ca000000, 0x0000000800000000)
  region size 4096K, 4 young (16384K), 4 survivors (16384K)
 Metaspace       used 34400K, committed 34688K, reserved 1081344K
  class space    used 4423K, committed 4544K, reserved 1048576K
}
Event: 2.651 GC heap before
{Heap before GC invocations=9 (full 0):
 garbage-first heap   total 188416K, used 107855K [0x00000006ca000000, 0x0000000800000000)
  region size 4096K, 22 young (90112K), 4 survivors (16384K)
 Metaspace       used 35028K, committed 35328K, reserved 1081344K
  class space    used 4555K, committed 4672K, reserved 1048576K
}
Event: 2.670 GC heap after
{Heap after GC invocations=10 (full 0):
 garbage-first heap   total 188416K, used 56965K [0x00000006ca000000, 0x0000000800000000)
  region size 4096K, 3 young (12288K), 3 survivors (12288K)
 Metaspace       used 35028K, committed 35328K, reserved 1081344K
  class space    used 4555K, committed 4672K, reserved 1048576K
}
Event: 2.688 GC heap before
{Heap before GC invocations=10 (full 0):
 garbage-first heap   total 188416K, used 114309K [0x00000006ca000000, 0x0000000800000000)
  region size 4096K, 18 young (73728K), 3 survivors (12288K)
 Metaspace       used 35043K, committed 35328K, reserved 1081344K
  class space    used 4555K, committed 4672K, reserved 1048576K
}
Event: 2.696 GC heap after
{Heap after GC invocations=11 (full 0):
 garbage-first heap   total 188416K, used 62756K [0x00000006ca000000, 0x0000000800000000)
  region size 4096K, 1 young (4096K), 1 survivors (4096K)
 Metaspace       used 35043K, committed 35328K, reserved 1081344K
  class space    used 4555K, committed 4672K, reserved 1048576K
}
Event: 2.711 GC heap before
{Heap before GC invocations=11 (full 0):
 garbage-first heap   total 188416K, used 124196K [0x00000006ca000000, 0x0000000800000000)
  region size 4096K, 17 young (69632K), 1 survivors (4096K)
 Metaspace       used 35057K, committed 35392K, reserved 1081344K
  class space    used 4561K, committed 4736K, reserved 1048576K
}
Event: 2.715 GC heap after
{Heap after GC invocations=12 (full 0):
 garbage-first heap   total 376832K, used 64367K [0x00000006ca000000, 0x0000000800000000)
  region size 4096K, 2 young (8192K), 2 survivors (8192K)
 Metaspace       used 35057K, committed 35392K, reserved 1081344K
  class space    used 4561K, committed 4736K, reserved 1048576K
}
Event: 2.786 GC heap before
{Heap before GC invocations=12 (full 0):
 garbage-first heap   total 376832K, used 252783K [0x00000006ca000000, 0x0000000800000000)
  region size 4096K, 49 young (200704K), 2 survivors (8192K)
 Metaspace       used 35139K, committed 35456K, reserved 1081344K
  class space    used 4568K, committed 4736K, reserved 1048576K
}
Event: 2.794 GC heap after
{Heap after GC invocations=13 (full 0):
 garbage-first heap   total 376832K, used 71242K [0x00000006ca000000, 0x0000000800000000)
  region size 4096K, 4 young (16384K), 4 survivors (16384K)
 Metaspace       used 35139K, committed 35456K, reserved 1081344K
  class space    used 4568K, committed 4736K, reserved 1048576K
}
Event: 2.834 GC heap before
{Heap before GC invocations=13 (full 0):
 garbage-first heap   total 376832K, used 271946K [0x00000006ca000000, 0x0000000800000000)
  region size 4096K, 54 young (221184K), 4 survivors (16384K)
 Metaspace       used 35140K, committed 35456K, reserved 1081344K
  class space    used 4569K, committed 4736K, reserved 1048576K
}
Event: 2.844 GC heap after
{Heap after GC invocations=14 (full 0):
 garbage-first heap   total 376832K, used 79697K [0x00000006ca000000, 0x0000000800000000)
  region size 4096K, 6 young (24576K), 6 survivors (24576K)
 Metaspace       used 35140K, committed 35456K, reserved 1081344K
  class space    used 4569K, committed 4736K, reserved 1048576K
}
Event: 2.879 GC heap before
{Heap before GC invocations=14 (full 0):
 garbage-first heap   total 376832K, used 276305K [0x00000006ca000000, 0x0000000800000000)
  region size 4096K, 55 young (225280K), 6 survivors (24576K)
 Metaspace       used 35140K, committed 35456K, reserved 1081344K
  class space    used 4569K, committed 4736K, reserved 1048576K
}
Event: 2.893 GC heap after
{Heap after GC invocations=15 (full 0):
 garbage-first heap   total 376832K, used 88915K [0x00000006ca000000, 0x0000000800000000)
  region size 4096K, 5 young (20480K), 5 survivors (20480K)
 Metaspace       used 35140K, committed 35456K, reserved 1081344K
  class space    used 4569K, committed 4736K, reserved 1048576K
}
Event: 2.932 GC heap before
{Heap before GC invocations=15 (full 0):
 garbage-first heap   total 376832K, used 285523K [0x00000006ca000000, 0x0000000800000000)
  region size 4096K, 54 young (221184K), 5 survivors (20480K)
 Metaspace       used 35140K, committed 35456K, reserved 1081344K
  class space    used 4569K, committed 4736K, reserved 1048576K
}

Deoptimization events (14 events):
Event: 0.542 Thread 0x00000130600837a0 DEOPT PACKING pc=0x0000013063108e01 sp=0x00000001006fdb80
Event: 0.542 Thread 0x00000130600837a0 DEOPT UNPACKING pc=0x0000013062d42b43 sp=0x00000001006fcff0 mode 3
Event: 1.082 Thread 0x00000130600837a0 DEOPT PACKING pc=0x0000013063228b79 sp=0x00000001006fd330
Event: 1.082 Thread 0x00000130600837a0 DEOPT UNPACKING pc=0x0000013062d42b43 sp=0x00000001006fc810 mode 3
Event: 1.355 Thread 0x00000130600837a0 DEOPT PACKING pc=0x00000130632f3481 sp=0x00000001006fe1c0
Event: 1.355 Thread 0x00000130600837a0 DEOPT UNPACKING pc=0x0000013062d42b43 sp=0x00000001006fd630 mode 3
Event: 1.963 Thread 0x0000013076a30040 DEOPT PACKING pc=0x00000130633fa813 sp=0x00000001022fea30
Event: 1.963 Thread 0x0000013076a30040 DEOPT UNPACKING pc=0x0000013062d42b43 sp=0x00000001022fdf78 mode 3
Event: 2.168 Thread 0x000001307685dee0 DEOPT PACKING pc=0x0000013063229b89 sp=0x00000001031ff200
Event: 2.168 Thread 0x000001307685dee0 DEOPT UNPACKING pc=0x0000013062d42b43 sp=0x00000001031fe690 mode 3
Event: 2.284 Thread 0x000001307685f6f0 DEOPT PACKING pc=0x00000130635533ed sp=0x00000001035fd800
Event: 2.284 Thread 0x000001307685f6f0 DEOPT UNPACKING pc=0x0000013062d42b43 sp=0x00000001035fcd28 mode 3
Event: 2.346 Thread 0x0000013076b04e30 DEOPT PACKING pc=0x000001306321fd9f sp=0x00000001029feb00
Event: 2.346 Thread 0x0000013076b04e30 DEOPT UNPACKING pc=0x0000013062d42b43 sp=0x00000001029fdf58 mode 3

Classes unloaded (0 events):
No events

Classes redefined (0 events):
No events

Internal exceptions (20 events):
Event: 2.038 Thread 0x0000013076b04960 Exception <a 'sun/nio/fs/WindowsException'{0x00000006ccbdc480}> (0x00000006ccbdc480) 
thrown [e:\jenkins\tmp\workspace\build\src\src\hotspot\share\prims\jni.cpp, line 516]
Event: 2.038 Thread 0x0000013076b04960 Exception <a 'sun/nio/fs/WindowsException'{0x00000006ccbdce80}> (0x00000006ccbdce80) 
thrown [e:\jenkins\tmp\workspace\build\src\src\hotspot\share\prims\jni.cpp, line 516]
Event: 2.038 Thread 0x0000013076b04960 Exception <a 'sun/nio/fs/WindowsException'{0x00000006ccbdd230}> (0x00000006ccbdd230) 
thrown [e:\jenkins\tmp\workspace\build\src\src\hotspot\share\prims\jni.cpp, line 516]
Event: 2.038 Thread 0x0000013076b04960 Exception <a 'sun/nio/fs/WindowsException'{0x00000006ccbddc38}> (0x00000006ccbddc38) 
thrown [e:\jenkins\tmp\workspace\build\src\src\hotspot\share\prims\jni.cpp, line 516]
Event: 2.038 Thread 0x0000013076b04960 Exception <a 'sun/nio/fs/WindowsException'{0x00000006ccbddff8}> (0x00000006ccbddff8) 
thrown [e:\jenkins\tmp\workspace\build\src\src\hotspot\share\prims\jni.cpp, line 516]
Event: 2.038 Thread 0x0000013076b04960 Exception <a 'sun/nio/fs/WindowsException'{0x00000006ccbde9f8}> (0x00000006ccbde9f8) 
thrown [e:\jenkins\tmp\workspace\build\src\src\hotspot\share\prims\jni.cpp, line 516]
Event: 2.038 Thread 0x0000013076b04960 Exception <a 'sun/nio/fs/WindowsException'{0x00000006ccbdeda8}> (0x00000006ccbdeda8) 
thrown [e:\jenkins\tmp\workspace\build\src\src\hotspot\share\prims\jni.cpp, line 516]
Event: 2.038 Thread 0x0000013076b04960 Exception <a 'sun/nio/fs/WindowsException'{0x00000006ccbdf7b0}> (0x00000006ccbdf7b0) 
thrown [e:\jenkins\tmp\workspace\build\src\src\hotspot\share\prims\jni.cpp, line 516]
Event: 2.038 Thread 0x0000013076b04960 Exception <a 'sun/nio/fs/WindowsException'{0x00000006ccbdfb70}> (0x00000006ccbdfb70) 
thrown [e:\jenkins\tmp\workspace\build\src\src\hotspot\share\prims\jni.cpp, line 516]
Event: 2.038 Thread 0x0000013076b04960 Exception <a 'sun/nio/fs/WindowsException'{0x00000006ccbe0598}> (0x00000006ccbe0598) 
thrown [e:\jenkins\tmp\workspace\build\src\src\hotspot\share\prims\jni.cpp, line 516]
Event: 2.038 Thread 0x0000013076b04960 Exception <a 'sun/nio/fs/WindowsException'{0x00000006ccbe0978}> (0x00000006ccbe0978) 
thrown [e:\jenkins\tmp\workspace\build\src\src\hotspot\share\prims\jni.cpp, line 516]
Event: 2.039 Thread 0x0000013076b04960 Exception <a 'sun/nio/fs/WindowsException'{0x00000006ccbe13b0}> (0x00000006ccbe13b0) 
thrown [e:\jenkins\tmp\workspace\build\src\src\hotspot\share\prims\jni.cpp, line 516]
Event: 2.039 Thread 0x0000013076b04960 Exception <a 'sun/nio/fs/WindowsException'{0x00000006ccbe17a0}> (0x00000006ccbe17a0) 
thrown [e:\jenkins\tmp\workspace\build\src\src\hotspot\share\prims\jni.cpp, line 516]
Event: 2.039 Thread 0x0000013076b04960 Exception <a 'sun/nio/fs/WindowsException'{0x00000006ccbe21d0}> (0x00000006ccbe21d0) 
thrown [e:\jenkins\tmp\workspace\build\src\src\hotspot\share\prims\jni.cpp, line 516]
Event: 2.039 Thread 0x0000013076b04960 Exception <a 'sun/nio/fs/WindowsException'{0x00000006ccbe25c0}> (0x00000006ccbe25c0) 
thrown [e:\jenkins\tmp\workspace\build\src\src\hotspot\share\prims\jni.cpp, line 516]
Event: 2.281 Thread 0x000001307685f6f0 Exception <a 'java/lang/NoSuchMethodError'{0x00000006d0ebce10}: 'java.lang.Object java.lang.invoke.DirectMethodHandle$Holder.invokeStatic(java.lang.Object, int, java.lang.Object)'> (0x00000006d0ebce10) 
thrown [e:\jenkins\tmp\workspace\build\src\src\hotspot\share\interpreter\linkResolver.cpp, line 766]
Event: 2.284 Thread 0x0000013076860560 Exception <a 'java/lang/NoSuchMethodError'{0x00000006d0e56c08}: 'java.lang.Object java.lang.invoke.DirectMethodHandle$Holder.invokeStatic(java.lang.Object, java.lang.Object, java.lang.Object, int, java.lang.Object, java.lang.Object)'> (0x00000006d0e56c08) 
thrown [e:\jenkins\tmp\workspace\build\src\src\hotspot\share\interpreter\linkResolver.cpp, line 766]
Event: 2.385 Thread 0x000001307685f6f0 Exception <a 'java/lang/NoSuchMethodError'{0x00000006d4333a88}: 'int java.lang.invoke.DirectMethodHandle$Holder.invokeStatic(java.lang.Object)'> (0x00000006d4333a88) 
thrown [e:\jenkins\tmp\workspace\build\src\src\hotspot\share\interpreter\linkResolver.cpp, line 766]
Event: 2.386 Thread 0x000001307685f6f0 Exception <a 'java/lang/NoSuchMethodError'{0x00000006d43371e0}: 'int java.lang.invoke.DirectMethodHandle$Holder.invokeStaticInit(java.lang.Object)'> (0x00000006d43371e0) 
thrown [e:\jenkins\tmp\workspace\build\src\src\hotspot\share\interpreter\linkResolver.cpp, line 766]
Event: 2.400 Thread 0x0000013076860560 Exception <a 'java/lang/NoSuchMethodError'{0x00000006d3c44e28}: 'int java.lang.invoke.DirectMethodHandle$Holder.invokeVirtual(java.lang.Object, java.lang.Object)'> (0x00000006d3c44e28) 
thrown [e:\jenkins\tmp\workspace\build\src\src\hotspot\share\interpreter\linkResolver.cpp, line 766]

VM Operations (20 events):
Event: 2.701 Executing VM operation: HandshakeAllThreads done
Event: 2.710 Executing VM operation: G1CollectForAllocation
Event: 2.711 Executing VM operation: G1CollectForAllocation done
Event: 2.711 Executing VM operation: G1CollectForAllocation
Event: 2.715 Executing VM operation: G1CollectForAllocation done
Event: 2.786 Executing VM operation: G1CollectForAllocation
Event: 2.786 Executing VM operation: G1CollectForAllocation done
Event: 2.786 Executing VM operation: G1CollectForAllocation
Event: 2.794 Executing VM operation: G1CollectForAllocation done
Event: 2.833 Executing VM operation: G1CollectForAllocation
Event: 2.834 Executing VM operation: G1CollectForAllocation done
Event: 2.834 Executing VM operation: G1CollectForAllocation
Event: 2.844 Executing VM operation: G1CollectForAllocation done
Event: 2.878 Executing VM operation: G1CollectForAllocation
Event: 2.879 Executing VM operation: G1CollectForAllocation done
Event: 2.879 Executing VM operation: G1CollectForAllocation
Event: 2.894 Executing VM operation: G1CollectForAllocation done
Event: 2.931 Executing VM operation: G1CollectForAllocation
Event: 2.932 Executing VM operation: G1CollectForAllocation done
Event: 2.932 Executing VM operation: G1CollectForAllocation

Events (20 events):
Event: 2.310 loading class java/util/concurrent/CompletableFuture$UniApply done
Event: 2.310 Thread 0x000001307685f220 Thread added: 0x000001307685f220
Event: 2.310 loading class java/util/concurrent/CompletableFuture$UniExceptionally
Event: 2.310 loading class java/util/concurrent/CompletableFuture$UniExceptionally done
Event: 2.310 loading class java/util/concurrent/CompletableFuture$Signaller
Event: 2.310 loading class java/util/concurrent/CompletableFuture$Signaller done
Event: 2.392 Thread 0x0000013078bb5180 Thread added: 0x0000013078bb5180
Event: 2.395 loading class java/util/concurrent/CompletionException
Event: 2.395 loading class java/util/concurrent/CompletionException done
Event: 2.402 loading class java/io/PrintWriter
Event: 2.402 loading class java/io/PrintWriter done
Event: 2.404 loading class sun/nio/cs/StringUTF16
Event: 2.405 loading class sun/nio/cs/StringUTF16 done
Event: 2.406 loading class java/util/WeakHashMap$EntrySet
Event: 2.406 loading class java/util/WeakHashMap$EntrySet done
Event: 2.406 loading class java/util/WeakHashMap$EntryIterator
Event: 2.406 loading class java/util/WeakHashMap$HashIterator
Event: 2.406 loading class java/util/WeakHashMap$HashIterator done
Event: 2.406 loading class java/util/WeakHashMap$EntryIterator done
Event: 2.410 Thread 0x0000013078bb5650 Thread added: 0x0000013078bb5650


Dynamic libraries:
0x00007ff642e90000 - 0x00007ff642e9e000 	c:\Users\LENOVO\.vscode\extensions\redhat.java-1.9.0-win32-x64\jre\17.0.3-win32-x86_64\bin\java.exe
0x00007fffca2a0000 - 0x00007fffca4a9000 	C:\WINDOWS\SYSTEM32\ntdll.dll
0x00007fffbfb10000 - 0x00007fffbfb27000 	C:\Program Files\Avast Software\Avast\aswhook.dll
0x00007fffc9220000 - 0x00007fffc92dd000 	C:\WINDOWS\System32\KERNEL32.DLL
0x00007fffc7a80000 - 0x00007fffc7df9000 	C:\WINDOWS\System32\KERNELBASE.dll
0x00007fffc4970000 - 0x00007fffc4a01000 	C:\WINDOWS\SYSTEM32\apphelp.dll
0x00007fffc8010000 - 0x00007fffc8121000 	C:\WINDOWS\System32\ucrtbase.dll
0x00007fffb9960000 - 0x00007fffb9978000 	c:\Users\LENOVO\.vscode\extensions\redhat.java-1.9.0-win32-x64\jre\17.0.3-win32-x86_64\bin\jli.dll
0x00007fffb99a0000 - 0x00007fffb99b9000 	c:\Users\LENOVO\.vscode\extensions\redhat.java-1.9.0-win32-x64\jre\17.0.3-win32-x86_64\bin\VCRUNTIME140.dll
0x00007fffc8760000 - 0x00007fffc890c000 	C:\WINDOWS\System32\USER32.dll
0x00007fffc7e00000 - 0x00007fffc7e26000 	C:\WINDOWS\System32\win32u.dll
0x00007fffb8de0000 - 0x00007fffb9085000 	C:\WINDOWS\WinSxS\amd64_microsoft.windows.common-controls_6595b64144ccf1df_6.0.22000.120_none_9d947278b86cc467\COMCTL32.dll
0x00007fffc8610000 - 0x00007fffc8639000 	C:\WINDOWS\System32\GDI32.dll
0x00007fffc7e30000 - 0x00007fffc7f42000 	C:\WINDOWS\System32\gdi32full.dll
0x00007fffc9050000 - 0x00007fffc90f3000 	C:\WINDOWS\System32\msvcrt.dll
0x00007fffc7960000 - 0x00007fffc79fd000 	C:\WINDOWS\System32\msvcp_win.dll
0x00007fffca180000 - 0x00007fffca1b1000 	C:\WINDOWS\System32\IMM32.DLL
0x00007fffc3b80000 - 0x00007fffc3b8c000 	c:\Users\LENOVO\.vscode\extensions\redhat.java-1.9.0-win32-x64\jre\17.0.3-win32-x86_64\bin\vcruntime140_1.dll
0x00007fff94830000 - 0x00007fff948c1000 	c:\Users\LENOVO\.vscode\extensions\redhat.java-1.9.0-win32-x64\jre\17.0.3-win32-x86_64\bin\msvcp140.dll
0x00007fff643f0000 - 0x00007fff65038000 	c:\Users\LENOVO\.vscode\extensions\redhat.java-1.9.0-win32-x64\jre\17.0.3-win32-x86_64\bin\server\jvm.dll
0x00007fffc96c0000 - 0x00007fffc976e000 	C:\WINDOWS\System32\ADVAPI32.dll
0x00007fffca1c0000 - 0x00007fffca25e000 	C:\WINDOWS\System32\sechost.dll
0x00007fffc9520000 - 0x00007fffc9640000 	C:\WINDOWS\System32\RPCRT4.dll
0x00007fffc97d0000 - 0x00007fffc97d8000 	C:\WINDOWS\System32\PSAPI.DLL
0x00007fffc1000000 - 0x00007fffc100a000 	C:\WINDOWS\SYSTEM32\VERSION.dll
0x00007fffc30e0000 - 0x00007fffc3113000 	C:\WINDOWS\SYSTEM32\WINMM.dll
0x00007fffbe580000 - 0x00007fffbe589000 	C:\WINDOWS\SYSTEM32\WSOCK32.dll
0x00007fffc92f0000 - 0x00007fffc935f000 	C:\WINDOWS\System32\WS2_32.dll
0x00007fffc6860000 - 0x00007fffc6878000 	C:\WINDOWS\SYSTEM32\kernel.appcore.dll
0x00007fffba410000 - 0x00007fffba41a000 	c:\Users\LENOVO\.vscode\extensions\redhat.java-1.9.0-win32-x64\jre\17.0.3-win32-x86_64\bin\jimage.dll
0x00007fffc5390000 - 0x00007fffc55b1000 	C:\WINDOWS\SYSTEM32\DBGHELP.DLL
0x00007fffc0e40000 - 0x00007fffc0e71000 	C:\WINDOWS\SYSTEM32\dbgcore.DLL
0x00007fffc7a00000 - 0x00007fffc7a7f000 	C:\WINDOWS\System32\bcryptPrimitives.dll
0x00007fff9f440000 - 0x00007fff9f465000 	c:\Users\LENOVO\.vscode\extensions\redhat.java-1.9.0-win32-x64\jre\17.0.3-win32-x86_64\bin\java.dll
0x00007fffa0890000 - 0x00007fffa08a8000 	c:\Users\LENOVO\.vscode\extensions\redhat.java-1.9.0-win32-x64\jre\17.0.3-win32-x86_64\bin\zip.dll
0x00007fffc9840000 - 0x00007fffc9ff8000 	C:\WINDOWS\System32\SHELL32.dll
0x00007fffc58b0000 - 0x00007fffc6117000 	C:\WINDOWS\SYSTEM32\windows.storage.dll
0x00007fffc8a00000 - 0x00007fffc8d79000 	C:\WINDOWS\System32\combase.dll
0x00007fffc5740000 - 0x00007fffc58a6000 	C:\WINDOWS\SYSTEM32\wintypes.dll
0x00007fffca000000 - 0x00007fffca0ea000 	C:\WINDOWS\System32\SHCORE.dll
0x00007fffc8130000 - 0x00007fffc818d000 	C:\WINDOWS\System32\shlwapi.dll
0x00007fffc76b0000 - 0x00007fffc76d1000 	C:\WINDOWS\SYSTEM32\profapi.dll
0x00007fff9f5a0000 - 0x00007fff9f5b9000 	C:\Users\LENOVO\.vscode\extensions\redhat.java-1.9.0-win32-x64\jre\17.0.3-win32-x86_64\bin\net.dll
0x00007fffc2740000 - 0x00007fffc284c000 	C:\WINDOWS\SYSTEM32\WINHTTP.dll
0x00007fffc6d10000 - 0x00007fffc6d77000 	C:\WINDOWS\system32\mswsock.dll
0x00007fff9f4c0000 - 0x00007fff9f4d5000 	C:\Users\LENOVO\.vscode\extensions\redhat.java-1.9.0-win32-x64\jre\17.0.3-win32-x86_64\bin\nio.dll
0x00007fffb94d0000 - 0x00007fffb94e0000 	c:\Users\LENOVO\.vscode\extensions\redhat.java-1.9.0-win32-x64\jre\17.0.3-win32-x86_64\bin\verify.dll
0x00007fffb3b80000 - 0x00007fffb3b89000 	C:\Users\LENOVO\.vscode\extensions\redhat.java-1.9.0-win32-x64\jre\17.0.3-win32-x86_64\bin\management.dll
0x00007fffae350000 - 0x00007fffae35b000 	C:\Users\LENOVO\.vscode\extensions\redhat.java-1.9.0-win32-x64\jre\17.0.3-win32-x86_64\bin\management_ext.dll
0x00007fffafce0000 - 0x00007fffafcf7000 	C:\WINDOWS\system32\napinsp.dll
0x00007fffaf8f0000 - 0x00007fffaf90b000 	C:\WINDOWS\system32\pnrpnsp.dll
0x00007fffc63f0000 - 0x00007fffc64d8000 	C:\WINDOWS\SYSTEM32\DNSAPI.dll
0x00007fffc6380000 - 0x00007fffc63ad000 	C:\WINDOWS\SYSTEM32\IPHLPAPI.DLL
0x00007fffc8190000 - 0x00007fffc8199000 	C:\WINDOWS\System32\NSI.dll
0x00007fffac580000 - 0x00007fffac592000 	C:\WINDOWS\System32\winrnr.dll
0x00007fffac5a0000 - 0x00007fffac5b5000 	C:\WINDOWS\system32\wshbth.dll
0x00007fffac560000 - 0x00007fffac57f000 	C:\WINDOWS\system32\nlansp_c.dll
0x00007fffc14c0000 - 0x00007fffc14ca000 	C:\Windows\System32\rasadhlp.dll
0x00007fffc2850000 - 0x00007fffc28d1000 	C:\WINDOWS\System32\fwpuclnt.dll
0x00007fffc6f60000 - 0x00007fffc6f78000 	C:\WINDOWS\SYSTEM32\CRYPTSP.dll
0x00007fffc67b0000 - 0x00007fffc67e5000 	C:\WINDOWS\system32\rsaenh.dll
0x00007fffc6e10000 - 0x00007fffc6e39000 	C:\WINDOWS\SYSTEM32\USERENV.dll
0x00007fffc70e0000 - 0x00007fffc7107000 	C:\WINDOWS\SYSTEM32\bcrypt.dll
0x00007fffc6f80000 - 0x00007fffc6f8c000 	C:\WINDOWS\SYSTEM32\CRYPTBASE.dll
0x00007fffc2b50000 - 0x00007fffc2b69000 	C:\WINDOWS\SYSTEM32\dhcpcsvc6.DLL
0x00007fffc3120000 - 0x00007fffc313e000 	C:\WINDOWS\SYSTEM32\dhcpcsvc.DLL

dbghelp: loaded successfully - version: 4.0.5 - missing functions: none
symbol engine: initialized successfully - sym options: 0x614 - pdb path: .;c:\Users\LENOVO\.vscode\extensions\redhat.java-1.9.0-win32-x64\jre\17.0.3-win32-x86_64\bin;C:\WINDOWS\SYSTEM32;C:\Program Files\Avast Software\Avast;C:\WINDOWS\WinSxS\amd64_microsoft.windows.common-controls_6595b64144ccf1df_6.0.22000.120_none_9d947278b86cc467;c:\Users\LENOVO\.vscode\extensions\redhat.java-1.9.0-win32-x64\jre\17.0.3-win32-x86_64\bin\server

VM Arguments:
jvm_args: -Dsts.lsp.client=vscode -Dsts.log.file=/dev/null -XX:TieredStopAtLevel=1 -Dspring.config.location=file:c:\Users\LENOVO\.vscode\extensions\pivotal.vscode-spring-boot-1.38.0\language-server\BOOT-INF\classes\application.properties 
java_command: org.springframework.ide.vscode.boot.app.BootLanguageServerBootApp
java_class_path (initial): c:\Users\LENOVO\.vscode\extensions\pivotal.vscode-spring-boot-1.38.0\language-server\BOOT-INF\classes;c:\Users\LENOVO\.vscode\extensions\pivotal.vscode-spring-boot-1.38.0\language-server\BOOT-INF\lib\annotations-23.0.0.jar;c:\Users\LENOVO\.vscode\extensions\pivotal.vscode-spring-boot-1.38.0\language-server\BOOT-INF\lib\antlr-runtime-3.5.2.jar;c:\Users\LENOVO\.vscode\extensions\pivotal.vscode-spring-boot-1.38.0\language-server\BOOT-INF\lib\antlr4-4.9.3.jar;c:\Users\LENOVO\.vscode\extensions\pivotal.vscode-spring-boot-1.38.0\language-server\BOOT-INF\lib\antlr4-runtime-4.9.3.jar;c:\Users\LENOVO\.vscode\extensions\pivotal.vscode-spring-boot-1.38.0\language-server\BOOT-INF\lib\asm-9.3.jar;c:\Users\LENOVO\.vscode\extensions\pivotal.vscode-spring-boot-1.38.0\language-server\BOOT-INF\lib\asm-analysis-9.3.jar;c:\Users\LENOVO\.vscode\extensions\pivotal.vscode-spring-boot-1.38.0\language-server\BOOT-INF\lib\asm-tree-9.3.jar;c:\Users\LENOVO\.vscode\extensions\pivotal.vscode-spring-boot-1.38.0\language-server\BOOT-INF\lib\asm-util-9.3.jar;c:\Users\LENOVO\.vscode\extensions\pivotal.vscode-spring-boot-1.38.0\language-server\BOOT-INF\lib\byte-buddy-1.10.18.jar;c:\Users\LENOVO\.vscode\extensions\pivotal.vscode-spring-boot-1.38.0\language-server\BOOT-INF\lib\caffeine-2.8.6.jar;c:\Users\LENOVO\.vscode\extensions\pivotal.vscode-spring-boot-1.38.0\language-server\BOOT-INF\lib\checker-qual-3.12.0.jar;c:\Users\LENOVO\.vscode\extensions\pivotal.vscode-spring-boot-1.38.0\language-server\BOOT-INF\lib\classgraph-4.8.149.jar;c:\Users\LENOVO\.vscode\extensions\pivotal.vscode-spring-boot-1.38.0\language-server\BOOT-INF\lib\commons-codec-1.14.jar;c:\Users\LENOVO\.vscode\extensions\pivotal.vscode-spring-boot-1.38.0\language-server\BOOT-INF\lib\commons-compress-1.21.jar;c:\Users\LENOVO\.vscode\extensions\pivotal.vscode-spring-boot-1.38.0\language-server\BOOT-INF\lib\commons-exec-1.3.jar;c:\Users\LENOVO\.vscode\extensions\pivotal.vscode-spring-boot-1.38.0\language-server
Launcher Type: SUN_STANDARD

[Global flags]
     intx CICompilerCount                          = 4                                         {product} {ergonomic}
     uint ConcGCThreads                            = 2                                         {product} {ergonomic}
     uint G1ConcRefinementThreads                  = 8                                         {product} {ergonomic}
   size_t G1HeapRegionSize                         = 4194304                                   {product} {ergonomic}
    uintx GCDrainStackTargetSize                   = 64                                        {product} {ergonomic}
   size_t InitialHeapSize                          = 327155712                                 {product} {ergonomic}
   size_t MarkStackSize                            = 4194304                                   {product} {ergonomic}
   size_t MaxHeapSize                              = 5200936960                                {product} {ergonomic}
   size_t MaxNewSize                               = 3120562176                                {product} {ergonomic}
   size_t MinHeapDeltaBytes                        = 4194304                                   {product} {ergonomic}
   size_t MinHeapSize                              = 8388608                                   {product} {ergonomic}
    uintx NonProfiledCodeHeapSize                  = 0                                      {pd product} {ergonomic}
     bool ProfileInterpreter                       = false                                  {pd product} {command line}
    uintx ProfiledCodeHeapSize                     = 0                                      {pd product} {ergonomic}
   size_t SoftMaxHeapSize                          = 5200936960                             {manageable} {ergonomic}
     intx TieredStopAtLevel                        = 1                                         {product} {command line}
     bool UseCompressedClassPointers               = true                           {product lp64_product} {ergonomic}
     bool UseCompressedOops                        = true                           {product lp64_product} {ergonomic}
     bool UseG1GC                                  = true                                      {product} {ergonomic}
     bool UseLargePagesIndividualAllocation        = false                                  {pd product} {ergonomic}

Logging:
Log output configuration:
 #0: stdout all=warning uptime,level,tags
 #1: stderr all=off uptime,level,tags

Environment Variables:
JAVA_HOME=C:\Program Files\Java\jdk1.8.0_261
CLASSPATH=C:\Program Files\Java\jdk1.8.0_261\jre
PATH=C:\db_home\bin;C:\Program Files (x86)\Microsoft SDKs\Azure\CLI2\wbin;C:\Program Files\Java\jdk1.8.0_261\bin;C:\Program Files (x86)\Common Files\Oracle\Java\javapath;C:\Program Files\Common Files\Oracle\Java\javapath;C:\WINDOWS\system32;C:\WINDOWS;C:\WINDOWS\System32\Wbem;C:\WINDOWS\System32\WindowsPowerShell\v1.0\;C:\WINDOWS\System32\OpenSSH\;C:\Program Files\Java\jdk-11.0.10;C:\maven\apache-maven-3.6.3\bin;%M2_HOME%\bin;C:\xampp\php;C:\sonar-scanner-4.5.0.2216-windows\bin;C:\Program Files\PuTTY\;C:\Program Files\nodejs\;C:\Program Files\Git\cmd;C:\Program Files\Docker\Docker\resources\bin;C:\ProgramData\DockerDesktop\version-bin;C:\ProgramData\ComposerSetup\bin;C:\Users\LENOVO\.windows-build-tools\python27\;C:\Users\LENOVO\AppData\Roaming\npm\node_modules\windows-build-tools\node_modules\.bin;C:\Users\LENOVO\AppData\Roaming\npm\node_modules\node_modules\.bin;C:\Users\LENOVO\AppData\Roaming\npm\node_modules\.bin;C:\Users\LENOVO\AppData\Roaming\node_modules\.bin;C:\Users\LENOVO\AppData\node_modules\.bin;C:\Users\LENOVO\node_modules\.bin;C:\Users\node_modules\.bin;C:\node_modules\.bin;C:\Users\LENOVO\AppData\Roaming\npm\node_modules\npm\node_modules\@npmcli\run-script\lib\node-gyp-bin;C:\db_home\bin;C:\Program Files (x86)\Microsoft SDKs\Azure\CLI2\wbin;C:\Program Files\Java\jdk1.8.0_261\bin;C:\Program Files (x86)\Common Files\Oracle\Java\javapath;C:\Program Files\Common Files\Oracle\Java\javapath;C:\WINDOWS\system32;C:\WINDOWS;C:\WINDOWS\System32\Wbem;C:\WINDOWS\System32\WindowsPowerShell\v1.0\;C:\WINDOWS\System32\OpenSSH\;C:\Program Files\Java\jdk-11.0.10;C:\maven\apache-maven-3.6.3\bin;%M2_HOME%\bin;C:\xampp\php;C:\ProgramData\ComposerSetup\bin;C:\sonar-scanner-4.5.0.2216-windows\bin;C:\Program Files\PuTTY\;C:\Program Files\nodejs\;C:\Program Files\Git\cmd;C:\Program Files\Docker\Docker\resources\bin;C:\ProgramData\DockerDesktop\version-bin;C:\Users\LENOVO\AppData\Local\Microsoft\WindowsApps;C:\Users\LENOVO\AppData\Local\Programs\Microsoft VS Code\bin;C:\Users\LEN
USERNAME=LENOVO
OS=Windows_NT
PROCESSOR_IDENTIFIER=AMD64 Family 23 Model 96 Stepping 1, AuthenticAMD



---------------  S Y S T E M  ---------------

OS:
 Windows 11 , 64 bit Build 22000 (10.0.22000.708)
OS uptime: 12 days 22:15 hours
Hyper-V role detected

CPU: total 8 (initial active 8) (8 cores per cpu, 1 threads per core) family 23 model 96 stepping 1 microcode 0x0, cx8, cmov, fxsr, mmx, 3dnowpref, sse, sse2, sse3, ssse3, sse4a, sse4.1, sse4.2, popcnt, lzcnt, tsc, tscinvbit, avx, avx2, aes, clmul, bmi1, bmi2, adx, sha, fma, vzeroupper, clflush, clflushopt, hv

Memory: 4k page, system-wide physical 19830M (932M free)
TotalPageFile size 50547M (AvailPageFile size 167M)
current process WorkingSet (physical memory assigned to process): 486M, peak: 486M
current process commit charge ("private bytes"): 517M, peak: 1061M

vm_info: OpenJDK 64-Bit Server VM (17.0.3+7) for windows-amd64 JRE (17.0.3+7), built on Apr 19 2022 16:55:35 by "" with MS VC++ 16.7 (VS2019)

END.
