#
# There is insufficient memory for the Java Runtime Environment to continue.
# Native memory allocation (mmap) failed to map 771751936 bytes for G1 virtual space
# Possible reasons:
#   The system is out of physical RAM or swap space
#   The process is running with CompressedOops enabled, and the Java Heap may be blocking the growth of the native heap
# Possible solutions:
#   Reduce memory load on the system
#   Increase physical memory or swap space
#   Check if swap backing store is full
#   Decrease Java heap size (-Xmx/-Xms)
#   Decrease number of Java threads
#   Decrease Java thread stack sizes (-Xss)
#   Set larger code cache with -XX:ReservedCodeCacheSize=
#   JVM is running with Zero Based Compressed Oops mode in which the Java heap is
#     placed in the first 32GB address space. The Java Heap base address is the
#     maximum limit for the native heap growth. Please use -XX:HeapBaseMinAddress
#     to set the Java Heap base and to place the Java Heap above 32GB virtual address.
# This output file may be truncated or incomplete.
#
#  Out of Memory Error (os_windows.cpp:3535), pid=117032, tid=89236
#
# JRE version: OpenJDK Runtime Environment Temurin-17.0.3+7 (17.0.3+7) (build 17.0.3+7)
# Java VM: OpenJDK 64-Bit Server VM Temurin-17.0.3+7 (17.0.3+7, mixed mode, emulated-client, tiered, compressed oops, compressed class ptrs, g1 gc, windows-amd64)
# No core dump will be written. Minidumps are not enabled by default on client versions of Windows
#

---------------  S U M M A R Y ------------

Command Line: -Dsts.lsp.client=vscode -Dsts.log.file=/dev/null -XX:TieredStopAtLevel=1 -Dspring.config.location=file:c:\Users\LENOVO\.vscode\extensions\pivotal.vscode-spring-boot-1.38.0\language-server\BOOT-INF\classes\application.properties org.springframework.ide.vscode.boot.app.BootLanguageServerBootApp

Host: AMD Ryzen 7 4700U with Radeon Graphics         , 8 cores, 19G,  Windows 11 , 64 bit Build 22000 (10.0.22000.708)
Time: Sat Aug 20 18:26:12 2022 Hora est. Pacífico, Sudamérica elapsed time: 3.235406 seconds (0d 0h 0m 3s)

---------------  T H R E A D  ---------------

Current thread (0x00000200533e6490):  VMThread "VM Thread" [stack: 0x0000003413b00000,0x0000003413c00000] [id=89236]

Stack: [0x0000003413b00000,0x0000003413c00000]
Native frames: (J=compiled Java code, j=interpreted, Vv=VM code, C=native code)
V  [jvm.dll+0x675efa]
V  [jvm.dll+0x830a24]
V  [jvm.dll+0x8321ce]
V  [jvm.dll+0x832833]
V  [jvm.dll+0x2454b5]
V  [jvm.dll+0x672de9]
V  [jvm.dll+0x667732]
V  [jvm.dll+0x3043ab]
V  [jvm.dll+0x30b8f6]
V  [jvm.dll+0x35b62e]
V  [jvm.dll+0x35b85f]
V  [jvm.dll+0x2db248]
V  [jvm.dll+0x2d94fc]
V  [jvm.dll+0x2d8acc]
V  [jvm.dll+0x31ca2b]
V  [jvm.dll+0x836cdb]
V  [jvm.dll+0x837a14]
V  [jvm.dll+0x837f2c]
V  [jvm.dll+0x838304]
V  [jvm.dll+0x8383d0]
V  [jvm.dll+0x7e0cfa]
V  [jvm.dll+0x674d85]
C  [ucrtbase.dll+0x26c0c]
C  [KERNEL32.DLL+0x154e0]
C  [ntdll.dll+0x485b]

VM_Operation (0x00000034160fe3f0): G1CollectForAllocation, mode: safepoint, requested by thread 0x00000200556df940


---------------  P R O C E S S  ---------------

Threads class SMR info:
_java_thread_list=0x0000020057a772c0, length=39, elements={
0x0000020053c15390, 0x0000020053c16a10, 0x00000200533f86a0, 0x0000020053c46100,
0x0000020053c46ec0, 0x0000020053c49880, 0x0000020053c4a230, 0x0000020053c4ac20,
0x00000200533fdf90, 0x0000020053e792f0, 0x0000020053e82f80, 0x0000020054844040,
0x00000200548455a0, 0x0000020055cc4380, 0x0000020055e2f1f0, 0x0000020055da0e50,
0x000002003f3a2340, 0x00000200543a3390, 0x0000020055e4d830, 0x0000020055da4360,
0x0000020055e519f0, 0x00000200556df470, 0x00000200556dc920, 0x00000200556dd790,
0x00000200556dcdf0, 0x00000200556ddc60, 0x00000200556dd2c0, 0x00000200556df940,
0x00000200556dfe10, 0x00000200556de130, 0x00000200556defa0, 0x00000200556dc450,
0x00000200556de600, 0x00000200556dead0, 0x0000020057a3b2d0, 0x0000020057a3c610,
0x0000020057a3e2f0, 0x0000020057a3c140, 0x0000020057a39ac0
}

Java Threads: ( => current thread )
  0x0000020053c15390 JavaThread "Reference Handler" daemon [_thread_blocked, id=108144, stack(0x0000003413c00000,0x0000003413d00000)]
  0x0000020053c16a10 JavaThread "Finalizer" daemon [_thread_blocked, id=107092, stack(0x0000003413d00000,0x0000003413e00000)]
  0x00000200533f86a0 JavaThread "Signal Dispatcher" daemon [_thread_blocked, id=69524, stack(0x0000003413e00000,0x0000003413f00000)]
  0x0000020053c46100 JavaThread "Attach Listener" daemon [_thread_blocked, id=115444, stack(0x0000003413f00000,0x0000003414000000)]
  0x0000020053c46ec0 JavaThread "Service Thread" daemon [_thread_blocked, id=110516, stack(0x0000003414000000,0x0000003414100000)]
  0x0000020053c49880 JavaThread "Monitor Deflation Thread" daemon [_thread_blocked, id=115132, stack(0x0000003414100000,0x0000003414200000)]
  0x0000020053c4a230 JavaThread "C1 CompilerThread0" daemon [_thread_blocked, id=87652, stack(0x0000003414200000,0x0000003414300000)]
  0x0000020053c4ac20 JavaThread "Sweeper thread" daemon [_thread_blocked, id=101816, stack(0x0000003414300000,0x0000003414400000)]
  0x00000200533fdf90 JavaThread "C1 CompilerThread1" daemon [_thread_blocked, id=106980, stack(0x0000003414400000,0x0000003414500000)]
  0x0000020053e792f0 JavaThread "Notification Thread" daemon [_thread_blocked, id=117568, stack(0x0000003414500000,0x0000003414600000)]
  0x0000020053e82f80 JavaThread "Common-Cleaner" daemon [_thread_blocked, id=96636, stack(0x0000003414700000,0x0000003414800000)]
  0x0000020054844040 JavaThread "C1 CompilerThread2" daemon [_thread_blocked, id=110944, stack(0x0000003414800000,0x0000003414900000)]
  0x00000200548455a0 JavaThread "C1 CompilerThread3" daemon [_thread_blocked, id=88896, stack(0x0000003414900000,0x0000003414a00000)]
  0x0000020055cc4380 JavaThread "ForkJoinPool.commonPool-worker-1" daemon [_thread_blocked, id=115376, stack(0x0000003415200000,0x0000003415300000)]
  0x0000020055e2f1f0 JavaThread "pool-7-thread-1" [_thread_blocked, id=106624, stack(0x0000003415400000,0x0000003415500000)]
  0x0000020055da0e50 JavaThread "LanguageServerApp-lifecycle" [_thread_blocked, id=96152, stack(0x0000003415500000,0x0000003415600000)]
  0x000002003f3a2340 JavaThread "DestroyJavaVM" [_thread_blocked, id=112424, stack(0x0000003413500000,0x0000003413600000)]
  0x00000200543a3390 JavaThread "ClassGraph-worker-0" daemon [_thread_blocked, id=108908, stack(0x0000003415600000,0x0000003415700000)]
  0x0000020055e4d830 JavaThread "ClassGraph-worker-1" daemon [_thread_blocked, id=115932, stack(0x0000003415700000,0x0000003415800000)]
  0x0000020055da4360 JavaThread "ClassGraph-worker-2" daemon [_thread_blocked, id=103356, stack(0x0000003415800000,0x0000003415900000)]
  0x0000020055e519f0 JavaThread "ClassGraph-worker-3" daemon [_thread_blocked, id=114420, stack(0x0000003415900000,0x0000003415a00000)]
  0x00000200556df470 JavaThread "ClassGraph-worker-4" daemon [_thread_blocked, id=107280, stack(0x0000003415a00000,0x0000003415b00000)]
  0x00000200556dc920 JavaThread "ClassGraph-worker-5" daemon [_thread_blocked, id=109940, stack(0x0000003415b00000,0x0000003415c00000)]
  0x00000200556dd790 JavaThread "ClassGraph-worker-6" daemon [_thread_blocked, id=114440, stack(0x0000003415c00000,0x0000003415d00000)]
  0x00000200556dcdf0 JavaThread "ClassGraph-worker-7" daemon [_thread_blocked, id=116848, stack(0x0000003415d00000,0x0000003415e00000)]
  0x00000200556ddc60 JavaThread "ClassGraph-worker-8" daemon [_thread_blocked, id=102052, stack(0x0000003415e00000,0x0000003415f00000)]
  0x00000200556dd2c0 JavaThread "ClassGraph-worker-9" daemon [_thread_blocked, id=114260, stack(0x0000003415f00000,0x0000003416000000)]
  0x00000200556df940 JavaThread "ClassGraph-worker-10" daemon [_thread_blocked, id=107136, stack(0x0000003416000000,0x0000003416100000)]
  0x00000200556dfe10 JavaThread "ClassGraph-worker-11" daemon [_thread_blocked, id=110704, stack(0x0000003416100000,0x0000003416200000)]
  0x00000200556de130 JavaThread "ClassGraph-worker-12" daemon [_thread_blocked, id=104816, stack(0x0000003416200000,0x0000003416300000)]
  0x00000200556defa0 JavaThread "ClassGraph-worker-13" daemon [_thread_blocked, id=116732, stack(0x0000003416300000,0x0000003416400000)]
  0x00000200556dc450 JavaThread "pool-8-thread-1" [_thread_in_native, id=16288, stack(0x0000003416400000,0x0000003416500000)]
  0x00000200556de600 JavaThread "Simple-Language-Server main thread" daemon [_thread_blocked, id=103456, stack(0x0000003416500000,0x0000003416600000)]
  0x00000200556dead0 JavaThread "parallel-1" daemon [_thread_blocked, id=116608, stack(0x0000003416800000,0x0000003416900000)]
  0x0000020057a3b2d0 JavaThread "pool-2-thread-1" [_thread_blocked, id=88124, stack(0x0000003416900000,0x0000003416a00000)]
  0x0000020057a3c610 JavaThread "ForkJoinPool.commonPool-worker-2" daemon [_thread_blocked, id=84872, stack(0x0000003416a00000,0x0000003416b00000)]
  0x0000020057a3e2f0 JavaThread "pool-2-thread-2" [_thread_blocked, id=111260, stack(0x0000003416b00000,0x0000003416c00000)]
  0x0000020057a3c140 JavaThread "parallel-2" daemon [_thread_blocked, id=111712, stack(0x0000003416c00000,0x0000003416d00000)]
  0x0000020057a39ac0 JavaThread "Reconciler-1" daemon [_thread_blocked, id=117540, stack(0x0000003416d00000,0x0000003416e00000)]

Other Threads:
=>0x00000200533e6490 VMThread "VM Thread" [stack: 0x0000003413b00000,0x0000003413c00000] [id=89236]
  0x0000020053e7b9e0 WatcherThread [stack: 0x0000003414600000,0x0000003414700000] [id=61612]
  0x000002003f4173f0 GCTaskThread "GC Thread#0" [stack: 0x0000003413600000,0x0000003413700000] [id=116692]
  0x000002005488f9b0 GCTaskThread "GC Thread#1" [stack: 0x0000003414a00000,0x0000003414b00000] [id=110060]
  0x00000200548cd0b0 GCTaskThread "GC Thread#2" [stack: 0x0000003414b00000,0x0000003414c00000] [id=107168]
  0x00000200548cd770 GCTaskThread "GC Thread#3" [stack: 0x0000003414c00000,0x0000003414d00000] [id=116316]
  0x00000200548cda20 GCTaskThread "GC Thread#4" [stack: 0x0000003414d00000,0x0000003414e00000] [id=113420]
  0x00000200548cdcd0 GCTaskThread "GC Thread#5" [stack: 0x0000003414e00000,0x0000003414f00000] [id=106444]
  0x00000200548cdf80 GCTaskThread "GC Thread#6" [stack: 0x0000003414f00000,0x0000003415000000] [id=78216]
  0x00000200554c49c0 GCTaskThread "GC Thread#7" [stack: 0x0000003415100000,0x0000003415200000] [id=95900]
  0x000002003f421e30 ConcurrentGCThread "G1 Main Marker" [stack: 0x0000003413700000,0x0000003413800000] [id=49664]
  0x000002003f4230b0 ConcurrentGCThread "G1 Conc#0" [stack: 0x0000003413800000,0x0000003413900000] [id=116792]
  0x000002005563acc0 ConcurrentGCThread "G1 Conc#1" [stack: 0x0000003415300000,0x0000003415400000] [id=95260]
  0x0000020053253ce0 ConcurrentGCThread "G1 Refine#0" [stack: 0x0000003413900000,0x0000003413a00000] [id=65896]
  0x00000200548d3310 ConcurrentGCThread "G1 Refine#1" [stack: 0x0000003415000000,0x0000003415100000] [id=113828]
  0x00000200578a6500 ConcurrentGCThread "G1 Refine#2" [stack: 0x0000003416600000,0x0000003416700000] [id=60896]
  0x00000200579ddcd0 ConcurrentGCThread "G1 Refine#3" [stack: 0x0000003416700000,0x0000003416800000] [id=21976]
  0x000002003f45ea80 ConcurrentGCThread "G1 Service" [stack: 0x0000003413a00000,0x0000003413b00000] [id=89532]

Threads with active compile tasks:

VM state: at safepoint (normal execution)

VM Mutex/Monitor currently owned by a thread:  ([mutex/lock_event])
[0x000002003d11c2d0] Threads_lock - owner thread: 0x00000200533e6490
[0x000002003f39fa90] Heap_lock - owner thread: 0x00000200556df940

Heap address: 0x00000006ca000000, size: 4960 MB, Compressed Oops mode: Zero based, Oop shift amount: 3

CDS archive(s) not mapped
Compressed class space mapped at: 0x0000000800000000-0x0000000840000000, reserved size: 1073741824
Narrow klass base: 0x0000000800000000, Narrow klass shift: 0, Narrow klass range: 0x40000000

GC Precious Log:
 CPUs: 8 total, 8 available
 Memory: 19830M
 Large Page Support: Disabled
 NUMA Support: Disabled
 Compressed Oops: Enabled (Zero based)
 Heap Region Size: 4M
 Heap Min Capacity: 8M
 Heap Initial Capacity: 312M
 Heap Max Capacity: 4960M
 Pre-touch: Disabled
 Parallel Workers: 8
 Concurrent Workers: 2
 Concurrent Refinement Workers: 8
 Periodic GC: Disabled

Heap:
 garbage-first heap   total 376832K, used 93383K [0x00000006ca000000, 0x0000000800000000)
  region size 4096K, 5 young (20480K), 5 survivors (20480K)
 Metaspace       used 35173K, committed 35456K, reserved 1081344K
  class space    used 4568K, committed 4736K, reserved 1048576K

Heap Regions: E=young(eden), S=young(survivor), O=old, HS=humongous(starts), HC=humongous(continues), CS=collection set, F=free, OA=open archive, CA=closed archive, TAMS=top-at-mark-start (previous, next)
|   0|0x00000006ca000000, 0x00000006ca400000, 0x00000006ca400000|100%| O|  |TAMS 0x00000006ca400000, 0x00000006ca000000| Untracked 
|   1|0x00000006ca400000, 0x00000006ca800000, 0x00000006ca800000|100%| O|  |TAMS 0x00000006ca400000, 0x00000006ca400000| Untracked 
|   2|0x00000006ca800000, 0x00000006cac00000, 0x00000006cac00000|100%| O|  |TAMS 0x00000006ca800000, 0x00000006ca800000| Untracked 
|   3|0x00000006cac00000, 0x00000006cb000000, 0x00000006cb000000|100%| O|  |TAMS 0x00000006cac00000, 0x00000006cac00000| Untracked 
|   4|0x00000006cb000000, 0x00000006cb400000, 0x00000006cb400000|100%| O|  |TAMS 0x00000006cb000000, 0x00000006cb000000| Untracked 
|   5|0x00000006cb400000, 0x00000006cb800000, 0x00000006cb800000|100%| O|  |TAMS 0x00000006cb400000, 0x00000006cb400000| Untracked 
|   6|0x00000006cb800000, 0x00000006cbc00000, 0x00000006cbc00000|100%| O|  |TAMS 0x00000006cb800000, 0x00000006cb800000| Untracked 
|   7|0x00000006cbc00000, 0x00000006cc000000, 0x00000006cc000000|100%| O|  |TAMS 0x00000006cbc00000, 0x00000006cbc00000| Untracked 
|   8|0x00000006cc000000, 0x00000006cc400000, 0x00000006cc400000|100%| O|  |TAMS 0x00000006cc000000, 0x00000006cc000000| Untracked 
|   9|0x00000006cc400000, 0x00000006cc800000, 0x00000006cc800000|100%| O|  |TAMS 0x00000006cc400000, 0x00000006cc400000| Untracked 
|  10|0x00000006cc800000, 0x00000006ccc00000, 0x00000006ccc00000|100%| O|  |TAMS 0x00000006cc800000, 0x00000006cc800000| Untracked 
|  11|0x00000006ccc00000, 0x00000006cd000000, 0x00000006cd000000|100%| O|  |TAMS 0x00000006ccc00000, 0x00000006ccc00000| Untracked 
|  12|0x00000006cd000000, 0x00000006cd400000, 0x00000006cd400000|100%| O|  |TAMS 0x00000006cd000000, 0x00000006cd000000| Untracked 
|  13|0x00000006cd400000, 0x00000006cd800000, 0x00000006cd800000|100%| O|  |TAMS 0x00000006cd400000, 0x00000006cd400000| Untracked 
|  14|0x00000006cd800000, 0x00000006cdc00000, 0x00000006cdc00000|100%| O|  |TAMS 0x00000006cd800000, 0x00000006cd800000| Untracked 
|  15|0x00000006cdc00000, 0x00000006ce000000, 0x00000006ce000000|100%| O|  |TAMS 0x00000006cdc00000, 0x00000006cdc00000| Untracked 
|  16|0x00000006ce000000, 0x00000006ce400000, 0x00000006ce400000|100%| O|  |TAMS 0x00000006ce000000, 0x00000006ce000000| Untracked 
|  17|0x00000006ce400000, 0x00000006ce800000, 0x00000006ce800000|100%| O|  |TAMS 0x00000006ce400000, 0x00000006ce400000| Untracked 
|  18|0x00000006ce800000, 0x00000006ce9aae00, 0x00000006cec00000| 41%| O|  |TAMS 0x00000006ce800000, 0x00000006ce800000| Untracked 
|  19|0x00000006cec00000, 0x00000006cec00000, 0x00000006cf000000|  0%| F|  |TAMS 0x00000006cec00000, 0x00000006cec00000| Untracked 
|  20|0x00000006cf000000, 0x00000006cf000000, 0x00000006cf400000|  0%| F|  |TAMS 0x00000006cf000000, 0x00000006cf000000| Untracked 
|  21|0x00000006cf400000, 0x00000006cf400000, 0x00000006cf800000|  0%| F|  |TAMS 0x00000006cf400000, 0x00000006cf400000| Untracked 
|  22|0x00000006cf800000, 0x00000006cf800000, 0x00000006cfc00000|  0%| F|  |TAMS 0x00000006cf800000, 0x00000006cf800000| Untracked 
|  23|0x00000006cfc00000, 0x00000006cfc00000, 0x00000006d0000000|  0%| F|  |TAMS 0x00000006cfc00000, 0x00000006cfc00000| Untracked 
|  24|0x00000006d0000000, 0x00000006d0000000, 0x00000006d0400000|  0%| F|  |TAMS 0x00000006d0000000, 0x00000006d0000000| Untracked 
|  25|0x00000006d0400000, 0x00000006d0400000, 0x00000006d0800000|  0%| F|  |TAMS 0x00000006d0400000, 0x00000006d0400000| Untracked 
|  26|0x00000006d0800000, 0x00000006d0800000, 0x00000006d0c00000|  0%| F|  |TAMS 0x00000006d0800000, 0x00000006d0800000| Untracked 
|  27|0x00000006d0c00000, 0x00000006d0c00000, 0x00000006d1000000|  0%| F|  |TAMS 0x00000006d0c00000, 0x00000006d0c00000| Untracked 
|  28|0x00000006d1000000, 0x00000006d1000000, 0x00000006d1400000|  0%| F|  |TAMS 0x00000006d1000000, 0x00000006d1000000| Untracked 
|  29|0x00000006d1400000, 0x00000006d1400000, 0x00000006d1800000|  0%| F|  |TAMS 0x00000006d1400000, 0x00000006d1400000| Untracked 
|  30|0x00000006d1800000, 0x00000006d1800000, 0x00000006d1c00000|  0%| F|  |TAMS 0x00000006d1800000, 0x00000006d1800000| Untracked 
|  31|0x00000006d1c00000, 0x00000006d1c00000, 0x00000006d2000000|  0%| F|  |TAMS 0x00000006d1c00000, 0x00000006d1c00000| Untracked 
|  32|0x00000006d2000000, 0x00000006d2000000, 0x00000006d2400000|  0%| F|  |TAMS 0x00000006d2000000, 0x00000006d2000000| Untracked 
|  33|0x00000006d2400000, 0x00000006d2400000, 0x00000006d2800000|  0%| F|  |TAMS 0x00000006d2400000, 0x00000006d2400000| Untracked 
|  34|0x00000006d2800000, 0x00000006d2800000, 0x00000006d2c00000|  0%| F|  |TAMS 0x00000006d2800000, 0x00000006d2800000| Untracked 
|  35|0x00000006d2c00000, 0x00000006d2d87128, 0x00000006d3000000| 38%| S|CS|TAMS 0x00000006d2c00000, 0x00000006d2c00000| Complete 
|  36|0x00000006d3000000, 0x00000006d3400000, 0x00000006d3400000|100%| S|CS|TAMS 0x00000006d3000000, 0x00000006d3000000| Complete 
|  37|0x00000006d3400000, 0x00000006d3800000, 0x00000006d3800000|100%| S|CS|TAMS 0x00000006d3400000, 0x00000006d3400000| Complete 
|  38|0x00000006d3800000, 0x00000006d3c00000, 0x00000006d3c00000|100%| S|CS|TAMS 0x00000006d3800000, 0x00000006d3800000| Complete 
|  39|0x00000006d3c00000, 0x00000006d4000000, 0x00000006d4000000|100%| S|CS|TAMS 0x00000006d3c00000, 0x00000006d3c00000| Complete 
|  40|0x00000006d4000000, 0x00000006d4000000, 0x00000006d4400000|  0%| F|  |TAMS 0x00000006d4000000, 0x00000006d4000000| Untracked 
|  41|0x00000006d4400000, 0x00000006d4400000, 0x00000006d4800000|  0%| F|  |TAMS 0x00000006d4400000, 0x00000006d4400000| Untracked 
|  42|0x00000006d4800000, 0x00000006d4800000, 0x00000006d4c00000|  0%| F|  |TAMS 0x00000006d4800000, 0x00000006d4800000| Untracked 
|  43|0x00000006d4c00000, 0x00000006d4c00000, 0x00000006d5000000|  0%| F|  |TAMS 0x00000006d4c00000, 0x00000006d4c00000| Untracked 
|  44|0x00000006d5000000, 0x00000006d5000000, 0x00000006d5400000|  0%| F|  |TAMS 0x00000006d5000000, 0x00000006d5000000| Untracked 
|  45|0x00000006d5400000, 0x00000006d5400000, 0x00000006d5800000|  0%| F|  |TAMS 0x00000006d5400000, 0x00000006d5400000| Untracked 
|  46|0x00000006d5800000, 0x00000006d5800000, 0x00000006d5c00000|  0%| F|  |TAMS 0x00000006d5800000, 0x00000006d5800000| Untracked 
|  47|0x00000006d5c00000, 0x00000006d5c00000, 0x00000006d6000000|  0%| F|  |TAMS 0x00000006d5c00000, 0x00000006d5c00000| Untracked 
|  48|0x00000006d6000000, 0x00000006d6000000, 0x00000006d6400000|  0%| F|  |TAMS 0x00000006d6000000, 0x00000006d6000000| Untracked 
|  49|0x00000006d6400000, 0x00000006d6400000, 0x00000006d6800000|  0%| F|  |TAMS 0x00000006d6400000, 0x00000006d6400000| Untracked 
|  50|0x00000006d6800000, 0x00000006d6800000, 0x00000006d6c00000|  0%| F|  |TAMS 0x00000006d6800000, 0x00000006d6800000| Untracked 
|  51|0x00000006d6c00000, 0x00000006d6c00000, 0x00000006d7000000|  0%| F|  |TAMS 0x00000006d6c00000, 0x00000006d6c00000| Untracked 
|  52|0x00000006d7000000, 0x00000006d7000000, 0x00000006d7400000|  0%| F|  |TAMS 0x00000006d7000000, 0x00000006d7000000| Untracked 
|  53|0x00000006d7400000, 0x00000006d7400000, 0x00000006d7800000|  0%| F|  |TAMS 0x00000006d7400000, 0x00000006d7400000| Untracked 
|  54|0x00000006d7800000, 0x00000006d7800000, 0x00000006d7c00000|  0%| F|  |TAMS 0x00000006d7800000, 0x00000006d7800000| Untracked 
|  55|0x00000006d7c00000, 0x00000006d7c00000, 0x00000006d8000000|  0%| F|  |TAMS 0x00000006d7c00000, 0x00000006d7c00000| Untracked 
|  56|0x00000006d8000000, 0x00000006d8000000, 0x00000006d8400000|  0%| F|  |TAMS 0x00000006d8000000, 0x00000006d8000000| Untracked 
|  57|0x00000006d8400000, 0x00000006d8400000, 0x00000006d8800000|  0%| F|  |TAMS 0x00000006d8400000, 0x00000006d8400000| Untracked 
|  58|0x00000006d8800000, 0x00000006d8800000, 0x00000006d8c00000|  0%| F|  |TAMS 0x00000006d8800000, 0x00000006d8800000| Untracked 
|  59|0x00000006d8c00000, 0x00000006d8c00000, 0x00000006d9000000|  0%| F|  |TAMS 0x00000006d8c00000, 0x00000006d8c00000| Untracked 
|  60|0x00000006d9000000, 0x00000006d9000000, 0x00000006d9400000|  0%| F|  |TAMS 0x00000006d9000000, 0x00000006d9000000| Untracked 
|  61|0x00000006d9400000, 0x00000006d9400000, 0x00000006d9800000|  0%| F|  |TAMS 0x00000006d9400000, 0x00000006d9400000| Untracked 
|  62|0x00000006d9800000, 0x00000006d9800000, 0x00000006d9c00000|  0%| F|  |TAMS 0x00000006d9800000, 0x00000006d9800000| Untracked 
|  63|0x00000006d9c00000, 0x00000006d9c00000, 0x00000006da000000|  0%| F|  |TAMS 0x00000006d9c00000, 0x00000006d9c00000| Untracked 
|  64|0x00000006da000000, 0x00000006da000000, 0x00000006da400000|  0%| F|  |TAMS 0x00000006da000000, 0x00000006da000000| Untracked 
|  65|0x00000006da400000, 0x00000006da400000, 0x00000006da800000|  0%| F|  |TAMS 0x00000006da400000, 0x00000006da400000| Untracked 
|  66|0x00000006da800000, 0x00000006da800000, 0x00000006dac00000|  0%| F|  |TAMS 0x00000006da800000, 0x00000006da800000| Untracked 
|  67|0x00000006dac00000, 0x00000006dac00000, 0x00000006db000000|  0%| F|  |TAMS 0x00000006dac00000, 0x00000006dac00000| Untracked 
|  68|0x00000006db000000, 0x00000006db000000, 0x00000006db400000|  0%| F|  |TAMS 0x00000006db000000, 0x00000006db000000| Untracked 
|  69|0x00000006db400000, 0x00000006db400000, 0x00000006db800000|  0%| F|  |TAMS 0x00000006db400000, 0x00000006db400000| Untracked 
|  70|0x00000006db800000, 0x00000006db800000, 0x00000006dbc00000|  0%| F|  |TAMS 0x00000006db800000, 0x00000006db800000| Untracked 
|  71|0x00000006dbc00000, 0x00000006dbc00000, 0x00000006dc000000|  0%| F|  |TAMS 0x00000006dbc00000, 0x00000006dbc00000| Untracked 
|  72|0x00000006dc000000, 0x00000006dc000000, 0x00000006dc400000|  0%| F|  |TAMS 0x00000006dc000000, 0x00000006dc000000| Untracked 
|  73|0x00000006dc400000, 0x00000006dc400000, 0x00000006dc800000|  0%| F|  |TAMS 0x00000006dc400000, 0x00000006dc400000| Untracked 
|  74|0x00000006dc800000, 0x00000006dc800000, 0x00000006dcc00000|  0%| F|  |TAMS 0x00000006dc800000, 0x00000006dc800000| Untracked 
|  75|0x00000006dcc00000, 0x00000006dcc00000, 0x00000006dd000000|  0%| F|  |TAMS 0x00000006dcc00000, 0x00000006dcc00000| Untracked 
|  76|0x00000006dd000000, 0x00000006dd000000, 0x00000006dd400000|  0%| F|  |TAMS 0x00000006dd000000, 0x00000006dd000000| Untracked 
|  77|0x00000006dd400000, 0x00000006dd400000, 0x00000006dd800000|  0%| F|  |TAMS 0x00000006dd400000, 0x00000006dd400000| Untracked 
|  78|0x00000006dd800000, 0x00000006dd800000, 0x00000006ddc00000|  0%| F|  |TAMS 0x00000006dd800000, 0x00000006dd800000| Untracked 
|  79|0x00000006ddc00000, 0x00000006ddc00000, 0x00000006de000000|  0%| F|  |TAMS 0x00000006ddc00000, 0x00000006ddc00000| Untracked 
|  80|0x00000006de000000, 0x00000006de000000, 0x00000006de400000|  0%| F|  |TAMS 0x00000006de000000, 0x00000006de000000| Untracked 
|  81|0x00000006de400000, 0x00000006de400000, 0x00000006de800000|  0%| F|  |TAMS 0x00000006de400000, 0x00000006de400000| Untracked 
|  82|0x00000006de800000, 0x00000006de800000, 0x00000006dec00000|  0%| F|  |TAMS 0x00000006de800000, 0x00000006de800000| Untracked 
|  83|0x00000006dec00000, 0x00000006dec00000, 0x00000006df000000|  0%| F|  |TAMS 0x00000006dec00000, 0x00000006dec00000| Untracked 
|  84|0x00000006df000000, 0x00000006df000000, 0x00000006df400000|  0%| F|  |TAMS 0x00000006df000000, 0x00000006df000000| Untracked 
|  85|0x00000006df400000, 0x00000006df400000, 0x00000006df800000|  0%| F|  |TAMS 0x00000006df400000, 0x00000006df400000| Untracked 
|  86|0x00000006df800000, 0x00000006df800000, 0x00000006dfc00000|  0%| F|  |TAMS 0x00000006df800000, 0x00000006df800000| Untracked 
|  87|0x00000006dfc00000, 0x00000006dfc00000, 0x00000006e0000000|  0%| F|  |TAMS 0x00000006dfc00000, 0x00000006dfc00000| Untracked 
|  88|0x00000006e0000000, 0x00000006e0000000, 0x00000006e0400000|  0%| F|  |TAMS 0x00000006e0000000, 0x00000006e0000000| Untracked 
|  89|0x00000006e0400000, 0x00000006e0400000, 0x00000006e0800000|  0%| F|  |TAMS 0x00000006e0400000, 0x00000006e0400000| Untracked 
|  90|0x00000006e0800000, 0x00000006e0800000, 0x00000006e0c00000|  0%| F|  |TAMS 0x00000006e0800000, 0x00000006e0800000| Untracked 
|  91|0x00000006e0c00000, 0x00000006e0c00000, 0x00000006e1000000|  0%| F|  |TAMS 0x00000006e0c00000, 0x00000006e0c00000| Untracked 

Card table byte_map: [0x0000020045ad0000,0x0000020046480000] _byte_map_base: 0x0000020042480000

Marking Bits (Prev, Next): (CMBitMap*) 0x000002003f417a40, (CMBitMap*) 0x000002003f417a00
 Prev Bits: [0x000002004bbb0000, 0x0000020050930000)
 Next Bits: [0x0000020046e30000, 0x000002004bbb0000)

Polling page: 0x000002003d390000

Metaspace:

Usage:
  Non-class:     29.89 MB used.
      Class:      4.46 MB used.
       Both:     34.35 MB used.

Virtual space:
  Non-class space:       32.00 MB reserved,      30.00 MB ( 94%) committed,  4 nodes.
      Class space:        1.00 GB reserved,       4.62 MB ( <1%) committed,  1 nodes.
             Both:        1.03 GB reserved,      34.62 MB (  3%) committed. 

Chunk freelists:
   Non-Class:  1.56 MB
       Class:  3.41 MB
        Both:  4.98 MB

MaxMetaspaceSize: unlimited
CompressedClassSpaceSize: 1.00 GB
Initial GC threshold: 21.00 MB
Current GC threshold: 35.25 MB
CDS: off
MetaspaceReclaimPolicy: balanced
 - commit_granule_bytes: 65536.
 - commit_granule_words: 8192.
 - virtual_space_node_default_size: 1048576.
 - enlarge_chunks_in_place: 1.
 - new_chunks_are_fully_committed: 0.
 - uncommit_free_chunks: 1.
 - use_allocation_guard: 0.
 - handle_deallocations: 1.


Internal statistics:

num_allocs_failed_limit: 5.
num_arena_births: 300.
num_arena_deaths: 0.
num_vsnodes_births: 5.
num_vsnodes_deaths: 0.
num_space_committed: 554.
num_space_uncommitted: 0.
num_chunks_returned_to_freelist: 5.
num_chunks_taken_from_freelist: 1296.
num_chunk_merges: 5.
num_chunk_splits: 886.
num_chunks_enlarged: 700.
num_purges: 0.
num_inconsistent_stats: 0.

CodeCache: size=49152Kb used=9099Kb max_used=9099Kb free=40052Kb
 bounds [0x0000020042010000, 0x0000020042900000, 0x0000020045010000]
 total_blobs=4183 nmethods=3658 adapters=449
 compilation: enabled
              stopped_count=0, restarted_count=0
 full_count=0

Compilation events (20 events):
Event: 3.115 Thread 0x00000200548455a0 3649       1       java.util.concurrent.locks.ReentrantLock$NonfairSync::tryAcquire (27 bytes)
Event: 3.116 Thread 0x00000200548455a0 nmethod 3649 0x00000200428f0510 code [0x00000200428f06a0, 0x00000200428f0838]
Event: 3.156 Thread 0x0000020053c4a230 3650       1       java.util.concurrent.locks.AbstractQueuedSynchronizer::acquireInterruptibly (36 bytes)
Event: 3.156 Thread 0x0000020053c4a230 nmethod 3650 0x00000200428f0890 code [0x00000200428f0a60, 0x00000200428f0cd8]
Event: 3.166 Thread 0x0000020053c4a230 3651       1       java.util.ArrayList::<init> (12 bytes)
Event: 3.167 Thread 0x0000020053c4a230 nmethod 3651 0x00000200428f0e10 code [0x00000200428f0fa0, 0x00000200428f10d8]
Event: 3.169 Thread 0x00000200533fdf90 3652       1       io.github.classgraph.ModuleRef::getReference (5 bytes)
Event: 3.169 Thread 0x00000200533fdf90 nmethod 3652 0x00000200428f1190 code [0x00000200428f1320, 0x00000200428f13f8]
Event: 3.196 Thread 0x00000200548455a0 3655       1       jdk.internal.module.SystemModuleFinders$2::get (5 bytes)
Event: 3.196 Thread 0x0000020053c4a230 3653   !   1       jdk.internal.module.ModuleReferenceImpl::open (19 bytes)
Event: 3.196 Thread 0x0000020054844040 3654       1       jdk.internal.module.SystemModuleFinders$SystemModuleReader::<init> (14 bytes)
Event: 3.196 Thread 0x00000200533fdf90 3657   !   1       jdk.internal.module.SystemModuleFinders$SystemModuleReader::checkPermissionToConnect (38 bytes)
Event: 3.196 Thread 0x00000200548455a0 nmethod 3655 0x00000200428f1490 code [0x00000200428f1620, 0x00000200428f17c8]
Event: 3.196 Thread 0x0000020053c4a230 nmethod 3653 0x00000200428f1890 code [0x00000200428f1a40, 0x00000200428f1bd8]
Event: 3.196 Thread 0x0000020054844040 nmethod 3654 0x00000200428f1d10 code [0x00000200428f1ea0, 0x00000200428f1fe8]
Event: 3.196 Thread 0x00000200548455a0 3656       1       jdk.internal.module.SystemModuleFinders$2::get (16 bytes)
Event: 3.196 Thread 0x00000200533fdf90 nmethod 3657 0x00000200428f2090 code [0x00000200428f2260, 0x00000200428f2488]
Event: 3.196 Thread 0x00000200548455a0 nmethod 3656 0x00000200428f2690 code [0x00000200428f2820, 0x00000200428f29c8]
Event: 3.198 Thread 0x0000020054844040 3658       1       java.util.concurrent.ConcurrentHashMap::resizeStamp (9 bytes)
Event: 3.198 Thread 0x0000020054844040 nmethod 3658 0x00000200428f2a90 code [0x00000200428f2c20, 0x00000200428f2ce8]

GC Heap History (20 events):
Event: 1.804 GC heap after
{Heap after GC invocations=5 (full 0):
 garbage-first heap   total 57344K, used 12644K [0x00000006ca000000, 0x0000000800000000)
  region size 4096K, 2 young (8192K), 2 survivors (8192K)
 Metaspace       used 25678K, committed 25920K, reserved 1073152K
  class space    used 3152K, committed 3264K, reserved 1048576K
}
Event: 1.871 GC heap before
{Heap before GC invocations=5 (full 0):
 garbage-first heap   total 57344K, used 16740K [0x00000006ca000000, 0x0000000800000000)
  region size 4096K, 3 young (12288K), 2 survivors (8192K)
 Metaspace       used 26511K, committed 26752K, reserved 1073152K
  class space    used 3296K, committed 3392K, reserved 1048576K
}
Event: 1.876 GC heap after
{Heap after GC invocations=6 (full 0):
 garbage-first heap   total 57344K, used 12760K [0x00000006ca000000, 0x0000000800000000)
  region size 4096K, 1 young (4096K), 1 survivors (4096K)
 Metaspace       used 26511K, committed 26752K, reserved 1073152K
  class space    used 3296K, committed 3392K, reserved 1048576K
}
Event: 2.131 GC heap before
{Heap before GC invocations=6 (full 0):
 garbage-first heap   total 57344K, used 29144K [0x00000006ca000000, 0x0000000800000000)
  region size 4096K, 6 young (24576K), 1 survivors (4096K)
 Metaspace       used 29702K, committed 29952K, reserved 1081344K
  class space    used 3728K, committed 3840K, reserved 1048576K
}
Event: 2.137 GC heap after
{Heap after GC invocations=7 (full 0):
 garbage-first heap   total 188416K, used 14906K [0x00000006ca000000, 0x0000000800000000)
  region size 4096K, 1 young (4096K), 1 survivors (4096K)
 Metaspace       used 29702K, committed 29952K, reserved 1081344K
  class space    used 3728K, committed 3840K, reserved 1048576K
}
Event: 2.583 GC heap before
{Heap before GC invocations=7 (full 0):
 garbage-first heap   total 188416K, used 121402K [0x00000006ca000000, 0x0000000800000000)
  region size 4096K, 27 young (110592K), 1 survivors (4096K)
 Metaspace       used 33816K, committed 34048K, reserved 1081344K
  class space    used 4308K, committed 4416K, reserved 1048576K
}
Event: 2.595 GC heap after
{Heap after GC invocations=8 (full 0):
 garbage-first heap   total 188416K, used 32121K [0x00000006ca000000, 0x0000000800000000)
  region size 4096K, 4 young (16384K), 4 survivors (16384K)
 Metaspace       used 33816K, committed 34048K, reserved 1081344K
  class space    used 4308K, committed 4416K, reserved 1048576K
}
Event: 2.924 GC heap before
{Heap before GC invocations=8 (full 0):
 garbage-first heap   total 188416K, used 109945K [0x00000006ca000000, 0x0000000800000000)
  region size 4096K, 23 young (94208K), 4 survivors (16384K)
 Metaspace       used 34972K, committed 35328K, reserved 1081344K
  class space    used 4545K, committed 4736K, reserved 1048576K
}
Event: 2.941 GC heap after
{Heap after GC invocations=9 (full 0):
 garbage-first heap   total 188416K, used 52926K [0x00000006ca000000, 0x0000000800000000)
  region size 4096K, 3 young (12288K), 3 survivors (12288K)
 Metaspace       used 34972K, committed 35328K, reserved 1081344K
  class space    used 4545K, committed 4736K, reserved 1048576K
}
Event: 2.973 GC heap before
{Heap before GC invocations=9 (full 0):
 garbage-first heap   total 188416K, used 114366K [0x00000006ca000000, 0x0000000800000000)
  region size 4096K, 19 young (77824K), 3 survivors (12288K)
 Metaspace       used 35070K, committed 35392K, reserved 1081344K
  class space    used 4555K, committed 4736K, reserved 1048576K
}
Event: 2.988 GC heap after
{Heap after GC invocations=10 (full 0):
 garbage-first heap   total 188416K, used 61142K [0x00000006ca000000, 0x0000000800000000)
  region size 4096K, 2 young (8192K), 2 survivors (8192K)
 Metaspace       used 35070K, committed 35392K, reserved 1081344K
  class space    used 4555K, committed 4736K, reserved 1048576K
}
Event: 3.005 GC heap before
{Heap before GC invocations=10 (full 0):
 garbage-first heap   total 188416K, used 118486K [0x00000006ca000000, 0x0000000800000000)
  region size 4096K, 17 young (69632K), 2 survivors (8192K)
 Metaspace       used 35077K, committed 35392K, reserved 1081344K
  class space    used 4555K, committed 4736K, reserved 1048576K
}
Event: 3.019 GC heap after
{Heap after GC invocations=11 (full 0):
 garbage-first heap   total 376832K, used 62700K [0x00000006ca000000, 0x0000000800000000)
  region size 4096K, 2 young (8192K), 2 survivors (8192K)
 Metaspace       used 35077K, committed 35392K, reserved 1081344K
  class space    used 4555K, committed 4736K, reserved 1048576K
}
Event: 3.076 GC heap before
{Heap before GC invocations=11 (full 0):
 garbage-first heap   total 376832K, used 222444K [0x00000006ca000000, 0x0000000800000000)
  region size 4096K, 42 young (172032K), 2 survivors (8192K)
 Metaspace       used 35173K, committed 35456K, reserved 1081344K
  class space    used 4568K, committed 4736K, reserved 1048576K
}
Event: 3.087 GC heap after
{Heap after GC invocations=12 (full 0):
 garbage-first heap   total 376832K, used 69192K [0x00000006ca000000, 0x0000000800000000)
  region size 4096K, 4 young (16384K), 4 survivors (16384K)
 Metaspace       used 35173K, committed 35456K, reserved 1081344K
  class space    used 4568K, committed 4736K, reserved 1048576K
}
Event: 3.124 GC heap before
{Heap before GC invocations=12 (full 0):
 garbage-first heap   total 376832K, used 261704K [0x00000006ca000000, 0x0000000800000000)
  region size 4096K, 52 young (212992K), 4 survivors (16384K)
 Metaspace       used 35173K, committed 35456K, reserved 1081344K
  class space    used 4568K, committed 4736K, reserved 1048576K
}
Event: 3.135 GC heap after
{Heap after GC invocations=13 (full 0):
 garbage-first heap   total 376832K, used 76673K [0x00000006ca000000, 0x0000000800000000)
  region size 4096K, 6 young (24576K), 6 survivors (24576K)
 Metaspace       used 35173K, committed 35456K, reserved 1081344K
  class space    used 4568K, committed 4736K, reserved 1048576K
}
Event: 3.171 GC heap before
{Heap before GC invocations=13 (full 0):
 garbage-first heap   total 376832K, used 269185K [0x00000006ca000000, 0x0000000800000000)
  region size 4096K, 54 young (221184K), 6 survivors (24576K)
 Metaspace       used 35173K, committed 35456K, reserved 1081344K
  class space    used 4568K, committed 4736K, reserved 1048576K
}
Event: 3.185 GC heap after
{Heap after GC invocations=14 (full 0):
 garbage-first heap   total 376832K, used 85751K [0x00000006ca000000, 0x0000000800000000)
  region size 4096K, 6 young (24576K), 6 survivors (24576K)
 Metaspace       used 35173K, committed 35456K, reserved 1081344K
  class space    used 4568K, committed 4736K, reserved 1048576K
}
Event: 3.220 GC heap before
{Heap before GC invocations=14 (full 0):
 garbage-first heap   total 376832K, used 278263K [0x00000006ca000000, 0x0000000800000000)
  region size 4096K, 54 young (221184K), 6 survivors (24576K)
 Metaspace       used 35173K, committed 35456K, reserved 1081344K
  class space    used 4568K, committed 4736K, reserved 1048576K
}

Deoptimization events (14 events):
Event: 0.836 Thread 0x000002003f3a2340 DEOPT PACKING pc=0x0000020042428801 sp=0x00000034135fd9a0
Event: 0.836 Thread 0x000002003f3a2340 DEOPT UNPACKING pc=0x0000020042062b43 sp=0x00000034135fce10 mode 3
Event: 1.353 Thread 0x000002003f3a2340 DEOPT PACKING pc=0x00000200425444f9 sp=0x00000034135fd150
Event: 1.353 Thread 0x000002003f3a2340 DEOPT UNPACKING pc=0x0000020042062b43 sp=0x00000034135fc630 mode 3
Event: 1.654 Thread 0x000002003f3a2340 DEOPT PACKING pc=0x0000020042611e81 sp=0x00000034135fdfe0
Event: 1.654 Thread 0x000002003f3a2340 DEOPT UNPACKING pc=0x0000020042062b43 sp=0x00000034135fd450 mode 3
Event: 2.256 Thread 0x0000020055cc4380 DEOPT PACKING pc=0x0000020042718613 sp=0x00000034152fe790
Event: 2.256 Thread 0x0000020055cc4380 DEOPT UNPACKING pc=0x0000020042062b43 sp=0x00000034152fdcd8 mode 3
Event: 2.457 Thread 0x00000200556dd2c0 DEOPT PACKING pc=0x0000020042548889 sp=0x0000003415fff110
Event: 2.457 Thread 0x00000200556dd2c0 DEOPT UNPACKING pc=0x0000020042062b43 sp=0x0000003415ffe5a0 mode 3
Event: 2.614 Thread 0x00000200556de600 DEOPT PACKING pc=0x000002004288666d sp=0x00000034165fd670
Event: 2.614 Thread 0x00000200556de600 DEOPT UNPACKING pc=0x0000020042062b43 sp=0x00000034165fcb98 mode 3
Event: 2.804 Thread 0x00000200556dc920 DEOPT PACKING pc=0x000002004254099f sp=0x0000003415bfee60
Event: 2.804 Thread 0x00000200556dc920 DEOPT UNPACKING pc=0x0000020042062b43 sp=0x0000003415bfe2b8 mode 3

Classes unloaded (0 events):
No events

Classes redefined (0 events):
No events

Internal exceptions (20 events):
Event: 2.329 Thread 0x0000020055e4d830 Exception <a 'sun/nio/fs/WindowsException'{0x00000006d459c148}> (0x00000006d459c148) 
thrown [e:\jenkins\tmp\workspace\build\src\src\hotspot\share\prims\jni.cpp, line 516]
Event: 2.330 Thread 0x0000020055e4d830 Exception <a 'sun/nio/fs/WindowsException'{0x00000006d459cb48}> (0x00000006d459cb48) 
thrown [e:\jenkins\tmp\workspace\build\src\src\hotspot\share\prims\jni.cpp, line 516]
Event: 2.330 Thread 0x0000020055e4d830 Exception <a 'sun/nio/fs/WindowsException'{0x00000006d459cef8}> (0x00000006d459cef8) 
thrown [e:\jenkins\tmp\workspace\build\src\src\hotspot\share\prims\jni.cpp, line 516]
Event: 2.330 Thread 0x0000020055e4d830 Exception <a 'sun/nio/fs/WindowsException'{0x00000006d459d900}> (0x00000006d459d900) 
thrown [e:\jenkins\tmp\workspace\build\src\src\hotspot\share\prims\jni.cpp, line 516]
Event: 2.330 Thread 0x0000020055e4d830 Exception <a 'sun/nio/fs/WindowsException'{0x00000006d459dcc0}> (0x00000006d459dcc0) 
thrown [e:\jenkins\tmp\workspace\build\src\src\hotspot\share\prims\jni.cpp, line 516]
Event: 2.330 Thread 0x0000020055e4d830 Exception <a 'sun/nio/fs/WindowsException'{0x00000006d459e6c0}> (0x00000006d459e6c0) 
thrown [e:\jenkins\tmp\workspace\build\src\src\hotspot\share\prims\jni.cpp, line 516]
Event: 2.330 Thread 0x0000020055e4d830 Exception <a 'sun/nio/fs/WindowsException'{0x00000006d459ea70}> (0x00000006d459ea70) 
thrown [e:\jenkins\tmp\workspace\build\src\src\hotspot\share\prims\jni.cpp, line 516]
Event: 2.330 Thread 0x0000020055e4d830 Exception <a 'sun/nio/fs/WindowsException'{0x00000006d459f478}> (0x00000006d459f478) 
thrown [e:\jenkins\tmp\workspace\build\src\src\hotspot\share\prims\jni.cpp, line 516]
Event: 2.330 Thread 0x0000020055e4d830 Exception <a 'sun/nio/fs/WindowsException'{0x00000006d459f838}> (0x00000006d459f838) 
thrown [e:\jenkins\tmp\workspace\build\src\src\hotspot\share\prims\jni.cpp, line 516]
Event: 2.331 Thread 0x0000020055e4d830 Exception <a 'sun/nio/fs/WindowsException'{0x00000006d45a0260}> (0x00000006d45a0260) 
thrown [e:\jenkins\tmp\workspace\build\src\src\hotspot\share\prims\jni.cpp, line 516]
Event: 2.331 Thread 0x0000020055e4d830 Exception <a 'sun/nio/fs/WindowsException'{0x00000006d45a0640}> (0x00000006d45a0640) 
thrown [e:\jenkins\tmp\workspace\build\src\src\hotspot\share\prims\jni.cpp, line 516]
Event: 2.331 Thread 0x0000020055e4d830 Exception <a 'sun/nio/fs/WindowsException'{0x00000006d45a1078}> (0x00000006d45a1078) 
thrown [e:\jenkins\tmp\workspace\build\src\src\hotspot\share\prims\jni.cpp, line 516]
Event: 2.331 Thread 0x0000020055e4d830 Exception <a 'sun/nio/fs/WindowsException'{0x00000006d45a1468}> (0x00000006d45a1468) 
thrown [e:\jenkins\tmp\workspace\build\src\src\hotspot\share\prims\jni.cpp, line 516]
Event: 2.331 Thread 0x0000020055e4d830 Exception <a 'sun/nio/fs/WindowsException'{0x00000006d45a1e98}> (0x00000006d45a1e98) 
thrown [e:\jenkins\tmp\workspace\build\src\src\hotspot\share\prims\jni.cpp, line 516]
Event: 2.331 Thread 0x0000020055e4d830 Exception <a 'sun/nio/fs/WindowsException'{0x00000006d45a2288}> (0x00000006d45a2288) 
thrown [e:\jenkins\tmp\workspace\build\src\src\hotspot\share\prims\jni.cpp, line 516]
Event: 2.581 Thread 0x00000200556dc450 Exception <a 'java/lang/NoSuchMethodError'{0x00000006cf1aec98}: 'java.lang.Object java.lang.invoke.DirectMethodHandle$Holder.invokeStatic(java.lang.Object, java.lang.Object, java.lang.Object, int, java.lang.Object, java.lang.Object)'> (0x00000006cf1aec98) 
thrown [e:\jenkins\tmp\workspace\build\src\src\hotspot\share\interpreter\linkResolver.cpp, line 766]
Event: 2.598 Thread 0x00000200556de600 Exception <a 'java/lang/NoSuchMethodError'{0x00000006dd5727d0}: 'java.lang.Object java.lang.invoke.DirectMethodHandle$Holder.invokeStatic(java.lang.Object, int, java.lang.Object)'> (0x00000006dd5727d0) 
thrown [e:\jenkins\tmp\workspace\build\src\src\hotspot\share\interpreter\linkResolver.cpp, line 766]
Event: 2.710 Thread 0x00000200556de600 Exception <a 'java/lang/NoSuchMethodError'{0x00000006d246a618}: 'int java.lang.invoke.DirectMethodHandle$Holder.invokeStatic(java.lang.Object)'> (0x00000006d246a618) 
thrown [e:\jenkins\tmp\workspace\build\src\src\hotspot\share\interpreter\linkResolver.cpp, line 766]
Event: 2.710 Thread 0x00000200556de600 Exception <a 'java/lang/NoSuchMethodError'{0x00000006d246dd70}: 'int java.lang.invoke.DirectMethodHandle$Holder.invokeStaticInit(java.lang.Object)'> (0x00000006d246dd70) 
thrown [e:\jenkins\tmp\workspace\build\src\src\hotspot\share\interpreter\linkResolver.cpp, line 766]
Event: 2.723 Thread 0x00000200556dc450 Exception <a 'java/lang/NoSuchMethodError'{0x00000006d2598ca8}: 'int java.lang.invoke.DirectMethodHandle$Holder.invokeVirtual(java.lang.Object, java.lang.Object)'> (0x00000006d2598ca8) 
thrown [e:\jenkins\tmp\workspace\build\src\src\hotspot\share\interpreter\linkResolver.cpp, line 766]

VM Operations (20 events):
Event: 3.020 Executing VM operation: G1CollectForAllocation done
Event: 3.029 Executing VM operation: HandshakeAllThreads
Event: 3.032 Executing VM operation: HandshakeAllThreads done
Event: 3.033 Executing VM operation: HandshakeAllThreads
Event: 3.042 Executing VM operation: HandshakeAllThreads done
Event: 3.075 Executing VM operation: G1CollectForAllocation
Event: 3.075 Executing VM operation: G1CollectForAllocation done
Event: 3.075 Executing VM operation: G1CollectForAllocation
Event: 3.088 Executing VM operation: G1CollectForAllocation done
Event: 3.123 Executing VM operation: G1CollectForAllocation
Event: 3.124 Executing VM operation: G1CollectForAllocation done
Event: 3.124 Executing VM operation: G1CollectForAllocation
Event: 3.135 Executing VM operation: G1CollectForAllocation done
Event: 3.170 Executing VM operation: G1CollectForAllocation
Event: 3.171 Executing VM operation: G1CollectForAllocation done
Event: 3.171 Executing VM operation: G1CollectForAllocation
Event: 3.185 Executing VM operation: G1CollectForAllocation done
Event: 3.219 Executing VM operation: G1CollectForAllocation
Event: 3.220 Executing VM operation: G1CollectForAllocation done
Event: 3.220 Executing VM operation: G1CollectForAllocation

Events (20 events):
Event: 2.633 loading class java/util/concurrent/CompletableFuture$UniCompose
Event: 2.633 loading class java/util/concurrent/CompletableFuture$UniCompose done
Event: 2.633 Thread 0x0000020057a3c610 Thread added: 0x0000020057a3c610
Event: 2.634 Thread 0x0000020057a3e2f0 Thread added: 0x0000020057a3e2f0
Event: 2.634 loading class java/util/concurrent/CompletableFuture$UniRelay
Event: 2.634 loading class java/util/concurrent/CompletableFuture$UniRelay done
Event: 2.716 Thread 0x0000020057a3c140 Thread added: 0x0000020057a3c140
Event: 2.720 loading class java/util/concurrent/CompletionException
Event: 2.720 loading class java/util/concurrent/CompletionException done
Event: 2.726 loading class java/io/PrintWriter
Event: 2.726 loading class java/io/PrintWriter done
Event: 2.728 loading class sun/nio/cs/StringUTF16
Event: 2.728 Thread 0x0000020057a39ac0 Thread added: 0x0000020057a39ac0
Event: 2.728 loading class sun/nio/cs/StringUTF16 done
Event: 2.729 loading class java/util/WeakHashMap$EntrySet
Event: 2.729 loading class java/util/WeakHashMap$EntrySet done
Event: 2.729 loading class java/util/WeakHashMap$EntryIterator
Event: 2.730 loading class java/util/WeakHashMap$HashIterator
Event: 2.730 loading class java/util/WeakHashMap$HashIterator done
Event: 2.730 loading class java/util/WeakHashMap$EntryIterator done


Dynamic libraries:
0x00007ff642e90000 - 0x00007ff642e9e000 	c:\Users\LENOVO\.vscode\extensions\redhat.java-1.9.0-win32-x64\jre\17.0.3-win32-x86_64\bin\java.exe
0x00007fffca2a0000 - 0x00007fffca4a9000 	C:\WINDOWS\SYSTEM32\ntdll.dll
0x00007fffbfb10000 - 0x00007fffbfb27000 	C:\Program Files\Avast Software\Avast\aswhook.dll
0x00007fffc9220000 - 0x00007fffc92dd000 	C:\WINDOWS\System32\KERNEL32.DLL
0x00007fffc7a80000 - 0x00007fffc7df9000 	C:\WINDOWS\System32\KERNELBASE.dll
0x00007fffc4970000 - 0x00007fffc4a01000 	C:\WINDOWS\SYSTEM32\apphelp.dll
0x00007fffc8010000 - 0x00007fffc8121000 	C:\WINDOWS\System32\ucrtbase.dll
0x00007fffb9960000 - 0x00007fffb9978000 	c:\Users\LENOVO\.vscode\extensions\redhat.java-1.9.0-win32-x64\jre\17.0.3-win32-x86_64\bin\jli.dll
0x00007fffb99a0000 - 0x00007fffb99b9000 	c:\Users\LENOVO\.vscode\extensions\redhat.java-1.9.0-win32-x64\jre\17.0.3-win32-x86_64\bin\VCRUNTIME140.dll
0x00007fffc8760000 - 0x00007fffc890c000 	C:\WINDOWS\System32\USER32.dll
0x00007fffb8de0000 - 0x00007fffb9085000 	C:\WINDOWS\WinSxS\amd64_microsoft.windows.common-controls_6595b64144ccf1df_6.0.22000.120_none_9d947278b86cc467\COMCTL32.dll
0x00007fffc7e00000 - 0x00007fffc7e26000 	C:\WINDOWS\System32\win32u.dll
0x00007fffc9050000 - 0x00007fffc90f3000 	C:\WINDOWS\System32\msvcrt.dll
0x00007fffc8610000 - 0x00007fffc8639000 	C:\WINDOWS\System32\GDI32.dll
0x00007fffc7e30000 - 0x00007fffc7f42000 	C:\WINDOWS\System32\gdi32full.dll
0x00007fffc7960000 - 0x00007fffc79fd000 	C:\WINDOWS\System32\msvcp_win.dll
0x00007fffca180000 - 0x00007fffca1b1000 	C:\WINDOWS\System32\IMM32.DLL
0x00007fffc3b80000 - 0x00007fffc3b8c000 	c:\Users\LENOVO\.vscode\extensions\redhat.java-1.9.0-win32-x64\jre\17.0.3-win32-x86_64\bin\vcruntime140_1.dll
0x00007fff94830000 - 0x00007fff948c1000 	c:\Users\LENOVO\.vscode\extensions\redhat.java-1.9.0-win32-x64\jre\17.0.3-win32-x86_64\bin\msvcp140.dll
0x00007fff643f0000 - 0x00007fff65038000 	c:\Users\LENOVO\.vscode\extensions\redhat.java-1.9.0-win32-x64\jre\17.0.3-win32-x86_64\bin\server\jvm.dll
0x00007fffc96c0000 - 0x00007fffc976e000 	C:\WINDOWS\System32\ADVAPI32.dll
0x00007fffca1c0000 - 0x00007fffca25e000 	C:\WINDOWS\System32\sechost.dll
0x00007fffc9520000 - 0x00007fffc9640000 	C:\WINDOWS\System32\RPCRT4.dll
0x00007fffc97d0000 - 0x00007fffc97d8000 	C:\WINDOWS\System32\PSAPI.DLL
0x00007fffc30e0000 - 0x00007fffc3113000 	C:\WINDOWS\SYSTEM32\WINMM.dll
0x00007fffc1000000 - 0x00007fffc100a000 	C:\WINDOWS\SYSTEM32\VERSION.dll
0x00007fffbe580000 - 0x00007fffbe589000 	C:\WINDOWS\SYSTEM32\WSOCK32.dll
0x00007fffc92f0000 - 0x00007fffc935f000 	C:\WINDOWS\System32\WS2_32.dll
0x00007fffc6860000 - 0x00007fffc6878000 	C:\WINDOWS\SYSTEM32\kernel.appcore.dll
0x00007fffba410000 - 0x00007fffba41a000 	c:\Users\LENOVO\.vscode\extensions\redhat.java-1.9.0-win32-x64\jre\17.0.3-win32-x86_64\bin\jimage.dll
0x00007fffc5390000 - 0x00007fffc55b1000 	C:\WINDOWS\SYSTEM32\DBGHELP.DLL
0x00007fffc0e40000 - 0x00007fffc0e71000 	C:\WINDOWS\SYSTEM32\dbgcore.DLL
0x00007fffc7a00000 - 0x00007fffc7a7f000 	C:\WINDOWS\System32\bcryptPrimitives.dll
0x00007fff9f440000 - 0x00007fff9f465000 	c:\Users\LENOVO\.vscode\extensions\redhat.java-1.9.0-win32-x64\jre\17.0.3-win32-x86_64\bin\java.dll
0x00007fffa0890000 - 0x00007fffa08a8000 	c:\Users\LENOVO\.vscode\extensions\redhat.java-1.9.0-win32-x64\jre\17.0.3-win32-x86_64\bin\zip.dll
0x00007fffc9840000 - 0x00007fffc9ff8000 	C:\WINDOWS\System32\SHELL32.dll
0x00007fffc58b0000 - 0x00007fffc6117000 	C:\WINDOWS\SYSTEM32\windows.storage.dll
0x00007fffc8a00000 - 0x00007fffc8d79000 	C:\WINDOWS\System32\combase.dll
0x00007fffc5740000 - 0x00007fffc58a6000 	C:\WINDOWS\SYSTEM32\wintypes.dll
0x00007fffca000000 - 0x00007fffca0ea000 	C:\WINDOWS\System32\SHCORE.dll
0x00007fffc8130000 - 0x00007fffc818d000 	C:\WINDOWS\System32\shlwapi.dll
0x00007fffc76b0000 - 0x00007fffc76d1000 	C:\WINDOWS\SYSTEM32\profapi.dll
0x00007fff9f5a0000 - 0x00007fff9f5b9000 	C:\Users\LENOVO\.vscode\extensions\redhat.java-1.9.0-win32-x64\jre\17.0.3-win32-x86_64\bin\net.dll
0x00007fffc2740000 - 0x00007fffc284c000 	C:\WINDOWS\SYSTEM32\WINHTTP.dll
0x00007fffc6d10000 - 0x00007fffc6d77000 	C:\WINDOWS\system32\mswsock.dll
0x00007fff9f4c0000 - 0x00007fff9f4d5000 	C:\Users\LENOVO\.vscode\extensions\redhat.java-1.9.0-win32-x64\jre\17.0.3-win32-x86_64\bin\nio.dll
0x00007fffb94d0000 - 0x00007fffb94e0000 	c:\Users\LENOVO\.vscode\extensions\redhat.java-1.9.0-win32-x64\jre\17.0.3-win32-x86_64\bin\verify.dll
0x00007fffb3b80000 - 0x00007fffb3b89000 	C:\Users\LENOVO\.vscode\extensions\redhat.java-1.9.0-win32-x64\jre\17.0.3-win32-x86_64\bin\management.dll
0x00007fffae350000 - 0x00007fffae35b000 	C:\Users\LENOVO\.vscode\extensions\redhat.java-1.9.0-win32-x64\jre\17.0.3-win32-x86_64\bin\management_ext.dll
0x00007fffafce0000 - 0x00007fffafcf7000 	C:\WINDOWS\system32\napinsp.dll
0x00007fffaf8f0000 - 0x00007fffaf90b000 	C:\WINDOWS\system32\pnrpnsp.dll
0x00007fffc63f0000 - 0x00007fffc64d8000 	C:\WINDOWS\SYSTEM32\DNSAPI.dll
0x00007fffc6380000 - 0x00007fffc63ad000 	C:\WINDOWS\SYSTEM32\IPHLPAPI.DLL
0x00007fffc8190000 - 0x00007fffc8199000 	C:\WINDOWS\System32\NSI.dll
0x00007fffac580000 - 0x00007fffac592000 	C:\WINDOWS\System32\winrnr.dll
0x00007fffac5a0000 - 0x00007fffac5b5000 	C:\WINDOWS\system32\wshbth.dll
0x00007fffac560000 - 0x00007fffac57f000 	C:\WINDOWS\system32\nlansp_c.dll
0x00007fffc14c0000 - 0x00007fffc14ca000 	C:\Windows\System32\rasadhlp.dll
0x00007fffc2850000 - 0x00007fffc28d1000 	C:\WINDOWS\System32\fwpuclnt.dll
0x00007fffc6f60000 - 0x00007fffc6f78000 	C:\WINDOWS\SYSTEM32\CRYPTSP.dll
0x00007fffc67b0000 - 0x00007fffc67e5000 	C:\WINDOWS\system32\rsaenh.dll
0x00007fffc6e10000 - 0x00007fffc6e39000 	C:\WINDOWS\SYSTEM32\USERENV.dll
0x00007fffc70e0000 - 0x00007fffc7107000 	C:\WINDOWS\SYSTEM32\bcrypt.dll
0x00007fffc6f80000 - 0x00007fffc6f8c000 	C:\WINDOWS\SYSTEM32\CRYPTBASE.dll
0x00007fffc2b50000 - 0x00007fffc2b69000 	C:\WINDOWS\SYSTEM32\dhcpcsvc6.DLL
0x00007fffc3120000 - 0x00007fffc313e000 	C:\WINDOWS\SYSTEM32\dhcpcsvc.DLL

dbghelp: loaded successfully - version: 4.0.5 - missing functions: none
symbol engine: initialized successfully - sym options: 0x614 - pdb path: .;c:\Users\LENOVO\.vscode\extensions\redhat.java-1.9.0-win32-x64\jre\17.0.3-win32-x86_64\bin;C:\WINDOWS\SYSTEM32;C:\Program Files\Avast Software\Avast;C:\WINDOWS\WinSxS\amd64_microsoft.windows.common-controls_6595b64144ccf1df_6.0.22000.120_none_9d947278b86cc467;c:\Users\LENOVO\.vscode\extensions\redhat.java-1.9.0-win32-x64\jre\17.0.3-win32-x86_64\bin\server

VM Arguments:
jvm_args: -Dsts.lsp.client=vscode -Dsts.log.file=/dev/null -XX:TieredStopAtLevel=1 -Dspring.config.location=file:c:\Users\LENOVO\.vscode\extensions\pivotal.vscode-spring-boot-1.38.0\language-server\BOOT-INF\classes\application.properties 
java_command: org.springframework.ide.vscode.boot.app.BootLanguageServerBootApp
java_class_path (initial): c:\Users\LENOVO\.vscode\extensions\pivotal.vscode-spring-boot-1.38.0\language-server\BOOT-INF\classes;c:\Users\LENOVO\.vscode\extensions\pivotal.vscode-spring-boot-1.38.0\language-server\BOOT-INF\lib\annotations-23.0.0.jar;c:\Users\LENOVO\.vscode\extensions\pivotal.vscode-spring-boot-1.38.0\language-server\BOOT-INF\lib\antlr-runtime-3.5.2.jar;c:\Users\LENOVO\.vscode\extensions\pivotal.vscode-spring-boot-1.38.0\language-server\BOOT-INF\lib\antlr4-4.9.3.jar;c:\Users\LENOVO\.vscode\extensions\pivotal.vscode-spring-boot-1.38.0\language-server\BOOT-INF\lib\antlr4-runtime-4.9.3.jar;c:\Users\LENOVO\.vscode\extensions\pivotal.vscode-spring-boot-1.38.0\language-server\BOOT-INF\lib\asm-9.3.jar;c:\Users\LENOVO\.vscode\extensions\pivotal.vscode-spring-boot-1.38.0\language-server\BOOT-INF\lib\asm-analysis-9.3.jar;c:\Users\LENOVO\.vscode\extensions\pivotal.vscode-spring-boot-1.38.0\language-server\BOOT-INF\lib\asm-tree-9.3.jar;c:\Users\LENOVO\.vscode\extensions\pivotal.vscode-spring-boot-1.38.0\language-server\BOOT-INF\lib\asm-util-9.3.jar;c:\Users\LENOVO\.vscode\extensions\pivotal.vscode-spring-boot-1.38.0\language-server\BOOT-INF\lib\byte-buddy-1.10.18.jar;c:\Users\LENOVO\.vscode\extensions\pivotal.vscode-spring-boot-1.38.0\language-server\BOOT-INF\lib\caffeine-2.8.6.jar;c:\Users\LENOVO\.vscode\extensions\pivotal.vscode-spring-boot-1.38.0\language-server\BOOT-INF\lib\checker-qual-3.12.0.jar;c:\Users\LENOVO\.vscode\extensions\pivotal.vscode-spring-boot-1.38.0\language-server\BOOT-INF\lib\classgraph-4.8.149.jar;c:\Users\LENOVO\.vscode\extensions\pivotal.vscode-spring-boot-1.38.0\language-server\BOOT-INF\lib\commons-codec-1.14.jar;c:\Users\LENOVO\.vscode\extensions\pivotal.vscode-spring-boot-1.38.0\language-server\BOOT-INF\lib\commons-compress-1.21.jar;c:\Users\LENOVO\.vscode\extensions\pivotal.vscode-spring-boot-1.38.0\language-server\BOOT-INF\lib\commons-exec-1.3.jar;c:\Users\LENOVO\.vscode\extensions\pivotal.vscode-spring-boot-1.38.0\language-server
Launcher Type: SUN_STANDARD

[Global flags]
     intx CICompilerCount                          = 4                                         {product} {ergonomic}
     uint ConcGCThreads                            = 2                                         {product} {ergonomic}
     uint G1ConcRefinementThreads                  = 8                                         {product} {ergonomic}
   size_t G1HeapRegionSize                         = 4194304                                   {product} {ergonomic}
    uintx GCDrainStackTargetSize                   = 64                                        {product} {ergonomic}
   size_t InitialHeapSize                          = 327155712                                 {product} {ergonomic}
   size_t MarkStackSize                            = 4194304                                   {product} {ergonomic}
   size_t MaxHeapSize                              = 5200936960                                {product} {ergonomic}
   size_t MaxNewSize                               = 3120562176                                {product} {ergonomic}
   size_t MinHeapDeltaBytes                        = 4194304                                   {product} {ergonomic}
   size_t MinHeapSize                              = 8388608                                   {product} {ergonomic}
    uintx NonProfiledCodeHeapSize                  = 0                                      {pd product} {ergonomic}
     bool ProfileInterpreter                       = false                                  {pd product} {command line}
    uintx ProfiledCodeHeapSize                     = 0                                      {pd product} {ergonomic}
   size_t SoftMaxHeapSize                          = 5200936960                             {manageable} {ergonomic}
     intx TieredStopAtLevel                        = 1                                         {product} {command line}
     bool UseCompressedClassPointers               = true                           {product lp64_product} {ergonomic}
     bool UseCompressedOops                        = true                           {product lp64_product} {ergonomic}
     bool UseG1GC                                  = true                                      {product} {ergonomic}
     bool UseLargePagesIndividualAllocation        = false                                  {pd product} {ergonomic}

Logging:
Log output configuration:
 #0: stdout all=warning uptime,level,tags
 #1: stderr all=off uptime,level,tags

Environment Variables:
JAVA_HOME=C:\Program Files\Java\jdk1.8.0_261
CLASSPATH=C:\Program Files\Java\jdk1.8.0_261\jre
PATH=C:\db_home\bin;C:\Program Files (x86)\Microsoft SDKs\Azure\CLI2\wbin;C:\Program Files\Java\jdk1.8.0_261\bin;C:\Program Files (x86)\Common Files\Oracle\Java\javapath;C:\Program Files\Common Files\Oracle\Java\javapath;C:\WINDOWS\system32;C:\WINDOWS;C:\WINDOWS\System32\Wbem;C:\WINDOWS\System32\WindowsPowerShell\v1.0\;C:\WINDOWS\System32\OpenSSH\;C:\Program Files\Java\jdk-11.0.10;C:\maven\apache-maven-3.6.3\bin;%M2_HOME%\bin;C:\xampp\php;C:\sonar-scanner-4.5.0.2216-windows\bin;C:\Program Files\PuTTY\;C:\Program Files\nodejs\;C:\Program Files\Git\cmd;C:\Program Files\Docker\Docker\resources\bin;C:\ProgramData\DockerDesktop\version-bin;C:\ProgramData\ComposerSetup\bin;C:\Users\LENOVO\.windows-build-tools\python27\;C:\Users\LENOVO\AppData\Roaming\npm\node_modules\windows-build-tools\node_modules\.bin;C:\Users\LENOVO\AppData\Roaming\npm\node_modules\node_modules\.bin;C:\Users\LENOVO\AppData\Roaming\npm\node_modules\.bin;C:\Users\LENOVO\AppData\Roaming\node_modules\.bin;C:\Users\LENOVO\AppData\node_modules\.bin;C:\Users\LENOVO\node_modules\.bin;C:\Users\node_modules\.bin;C:\node_modules\.bin;C:\Users\LENOVO\AppData\Roaming\npm\node_modules\npm\node_modules\@npmcli\run-script\lib\node-gyp-bin;C:\db_home\bin;C:\Program Files (x86)\Microsoft SDKs\Azure\CLI2\wbin;C:\Program Files\Java\jdk1.8.0_261\bin;C:\Program Files (x86)\Common Files\Oracle\Java\javapath;C:\Program Files\Common Files\Oracle\Java\javapath;C:\WINDOWS\system32;C:\WINDOWS;C:\WINDOWS\System32\Wbem;C:\WINDOWS\System32\WindowsPowerShell\v1.0\;C:\WINDOWS\System32\OpenSSH\;C:\Program Files\Java\jdk-11.0.10;C:\maven\apache-maven-3.6.3\bin;%M2_HOME%\bin;C:\xampp\php;C:\ProgramData\ComposerSetup\bin;C:\sonar-scanner-4.5.0.2216-windows\bin;C:\Program Files\PuTTY\;C:\Program Files\nodejs\;C:\Program Files\Git\cmd;C:\Program Files\Docker\Docker\resources\bin;C:\ProgramData\DockerDesktop\version-bin;C:\Users\LENOVO\AppData\Local\Microsoft\WindowsApps;C:\Users\LENOVO\AppData\Local\Programs\Microsoft VS Code\bin;C:\Users\LEN
USERNAME=LENOVO
OS=Windows_NT
PROCESSOR_IDENTIFIER=AMD64 Family 23 Model 96 Stepping 1, AuthenticAMD



---------------  S Y S T E M  ---------------

OS:
 Windows 11 , 64 bit Build 22000 (10.0.22000.708)
OS uptime: 12 days 22:15 hours
Hyper-V role detected

CPU: total 8 (initial active 8) (8 cores per cpu, 1 threads per core) family 23 model 96 stepping 1 microcode 0x0, cx8, cmov, fxsr, mmx, 3dnowpref, sse, sse2, sse3, ssse3, sse4a, sse4.1, sse4.2, popcnt, lzcnt, tsc, tscinvbit, avx, avx2, aes, clmul, bmi1, bmi2, adx, sha, fma, vzeroupper, clflush, clflushopt, hv

Memory: 4k page, system-wide physical 19830M (934M free)
TotalPageFile size 50547M (AvailPageFile size 168M)
current process WorkingSet (physical memory assigned to process): 481M, peak: 481M
current process commit charge ("private bytes"): 516M, peak: 1252M

vm_info: OpenJDK 64-Bit Server VM (17.0.3+7) for windows-amd64 JRE (17.0.3+7), built on Apr 19 2022 16:55:35 by "" with MS VC++ 16.7 (VS2019)

END.
