#
# There is insufficient memory for the Java Runtime Environment to continue.
# Native memory allocation (mmap) failed to map 859832320 bytes for G1 virtual space
# Possible reasons:
#   The system is out of physical RAM or swap space
#   The process is running with CompressedOops enabled, and the Java Heap may be blocking the growth of the native heap
# Possible solutions:
#   Reduce memory load on the system
#   Increase physical memory or swap space
#   Check if swap backing store is full
#   Decrease Java heap size (-Xmx/-Xms)
#   Decrease number of Java threads
#   Decrease Java thread stack sizes (-Xss)
#   Set larger code cache with -XX:ReservedCodeCacheSize=
#   JVM is running with Zero Based Compressed Oops mode in which the Java heap is
#     placed in the first 32GB address space. The Java Heap base address is the
#     maximum limit for the native heap growth. Please use -XX:HeapBaseMinAddress
#     to set the Java Heap base and to place the Java Heap above 32GB virtual address.
# This output file may be truncated or incomplete.
#
#  Out of Memory Error (os_windows.cpp:3535), pid=105024, tid=70344
#
# JRE version: OpenJDK Runtime Environment Temurin-17.0.3+7 (17.0.3+7) (build 17.0.3+7)
# Java VM: OpenJDK 64-Bit Server VM Temurin-17.0.3+7 (17.0.3+7, mixed mode, emulated-client, tiered, compressed oops, compressed class ptrs, g1 gc, windows-amd64)
# No core dump will be written. Minidumps are not enabled by default on client versions of Windows
#

---------------  S U M M A R Y ------------

Command Line: -Dsts.lsp.client=vscode -Dsts.log.file=/dev/null -XX:TieredStopAtLevel=1 -Dspring.config.location=file:c:\Users\LENOVO\.vscode\extensions\pivotal.vscode-spring-boot-1.38.0\language-server\BOOT-INF\classes\application.properties org.springframework.ide.vscode.boot.app.BootLanguageServerBootApp

Host: AMD Ryzen 7 4700U with Radeon Graphics         , 8 cores, 19G,  Windows 11 , 64 bit Build 22000 (10.0.22000.708)
Time: Sat Aug 20 19:00:56 2022 Hora est. Pacífico, Sudamérica elapsed time: 6.808950 seconds (0d 0h 0m 6s)

---------------  T H R E A D  ---------------

Current thread (0x000001acddd86c80):  VMThread "VM Thread" [stack: 0x00000041db400000,0x00000041db500000] [id=70344]

Stack: [0x00000041db400000,0x00000041db500000]
Native frames: (J=compiled Java code, j=interpreted, Vv=VM code, C=native code)
V  [jvm.dll+0x675efa]
V  [jvm.dll+0x830a24]
V  [jvm.dll+0x8321ce]
V  [jvm.dll+0x832833]
V  [jvm.dll+0x2454b5]
V  [jvm.dll+0x672de9]
V  [jvm.dll+0x667732]
V  [jvm.dll+0x3043ab]
V  [jvm.dll+0x30b8f6]
V  [jvm.dll+0x35b62e]
V  [jvm.dll+0x35b85f]
V  [jvm.dll+0x2db248]
V  [jvm.dll+0x2d94fc]
V  [jvm.dll+0x2d8acc]
V  [jvm.dll+0x31ca2b]
V  [jvm.dll+0x836cdb]
V  [jvm.dll+0x837a14]
V  [jvm.dll+0x837f2c]
V  [jvm.dll+0x838304]
V  [jvm.dll+0x8383d0]
V  [jvm.dll+0x7e0cfa]
V  [jvm.dll+0x674d85]
C  [ucrtbase.dll+0x26c0c]
C  [KERNEL32.DLL+0x154e0]
C  [ntdll.dll+0x485b]

VM_Operation (0x00000041dd3fe200): G1CollectForAllocation, mode: safepoint, requested by thread 0x000001ace07ee2c0


---------------  P R O C E S S  ---------------

Threads class SMR info:
_java_thread_list=0x000001ace26f48a0, length=39, elements={
0x000001acde8002c0, 0x000001acde8028e0, 0x000001acddda7180, 0x000001acddda8b40,
0x000001acddda94f0, 0x000001acde837010, 0x000001acde83a130, 0x000001acde83ba40,
0x000001acde916790, 0x000001acdea7f2c0, 0x000001acdea82a40, 0x000001acdf33bb00,
0x000001acdf12f710, 0x000001ace07427a0, 0x000001ace0907990, 0x000001ace06d8590,
0x000001acc9d3f420, 0x000001ace0984dd0, 0x000001ace0222430, 0x000001ace0995a40,
0x000001ace07ed9e0, 0x000001ace07ee2c0, 0x000001ace0a2f950, 0x000001ace0a2fe20,
0x000001ace09231f0, 0x000001ace0923b90, 0x000001ace0922850, 0x000001ace09206a0,
0x000001ace0921eb0, 0x000001ace09236c0, 0x000001ace09201d0, 0x000001ace0922380,
0x000001ace0920b70, 0x000001ace0921040, 0x000001ace0922d20, 0x000001ace0921510,
0x000001ace09219e0, 0x000001ace26f8860, 0x000001ace26faa10
}
_to_delete_list=0x000001ace08fc130, length=38, elements={
0x000001acde8002c0, 0x000001acde8028e0, 0x000001acddda7180, 0x000001acddda8b40,
0x000001acddda94f0, 0x000001acde837010, 0x000001acde83a130, 0x000001acde83ba40,
0x000001acde916790, 0x000001acdea7f2c0, 0x000001acdea82a40, 0x000001acdf33bb00,
0x000001acdf12f710, 0x000001ace07427a0, 0x000001ace0907990, 0x000001ace06d8590,
0x000001acc9d3f420, 0x000001ace0984dd0, 0x000001ace0222430, 0x000001ace0995a40,
0x000001ace07ed9e0, 0x000001ace07ee2c0, 0x000001ace0a2f950, 0x000001ace0a2fe20,
0x000001ace09231f0, 0x000001ace0923b90, 0x000001ace0922850, 0x000001ace09206a0,
0x000001ace0921eb0, 0x000001ace09236c0, 0x000001ace09201d0, 0x000001ace0922380,
0x000001ace0920b70, 0x000001ace0921040, 0x000001ace0922d20, 0x000001ace0921510,
0x000001ace09219e0, 0x000001ace26f8860
}

Java Threads: ( => current thread )
  0x000001acde8002c0 JavaThread "Reference Handler" daemon [_thread_blocked, id=102528, stack(0x00000041db500000,0x00000041db600000)]
  0x000001acde8028e0 JavaThread "Finalizer" daemon [_thread_blocked, id=116288, stack(0x00000041db600000,0x00000041db700000)]
  0x000001acddda7180 JavaThread "Signal Dispatcher" daemon [_thread_blocked, id=108872, stack(0x00000041db800000,0x00000041db900000)]
  0x000001acddda8b40 JavaThread "Attach Listener" daemon [_thread_blocked, id=103652, stack(0x00000041db900000,0x00000041dba00000)]
  0x000001acddda94f0 JavaThread "Service Thread" daemon [_thread_blocked, id=116476, stack(0x00000041dba00000,0x00000041dbb00000)]
  0x000001acde837010 JavaThread "Monitor Deflation Thread" daemon [_thread_blocked, id=71848, stack(0x00000041dbb00000,0x00000041dbc00000)]
  0x000001acde83a130 JavaThread "C1 CompilerThread0" daemon [_thread_blocked, id=117440, stack(0x00000041dbc00000,0x00000041dbd00000)]
  0x000001acde83ba40 JavaThread "Sweeper thread" daemon [_thread_blocked, id=102784, stack(0x00000041dbd00000,0x00000041dbe00000)]
  0x000001acde916790 JavaThread "C1 CompilerThread1" daemon [_thread_blocked, id=76748, stack(0x00000041dbe00000,0x00000041dbf00000)]
  0x000001acdea7f2c0 JavaThread "Notification Thread" daemon [_thread_blocked, id=83508, stack(0x00000041dbf00000,0x00000041dc000000)]
  0x000001acdea82a40 JavaThread "Common-Cleaner" daemon [_thread_blocked, id=59284, stack(0x00000041dc100000,0x00000041dc200000)]
  0x000001acdf33bb00 JavaThread "C1 CompilerThread2" daemon [_thread_blocked, id=111524, stack(0x00000041dc200000,0x00000041dc300000)]
  0x000001acdf12f710 JavaThread "C1 CompilerThread3" daemon [_thread_blocked, id=10416, stack(0x00000041dc300000,0x00000041dc400000)]
  0x000001ace07427a0 JavaThread "ForkJoinPool.commonPool-worker-1" daemon [_thread_blocked, id=10868, stack(0x00000041dcb00000,0x00000041dcc00000)]
  0x000001ace0907990 JavaThread "pool-7-thread-1" [_thread_blocked, id=112788, stack(0x00000041dcd00000,0x00000041dce00000)]
  0x000001ace06d8590 JavaThread "LanguageServerApp-lifecycle" [_thread_blocked, id=47224, stack(0x00000041dce00000,0x00000041dcf00000)]
  0x000001acc9d3f420 JavaThread "DestroyJavaVM" [_thread_blocked, id=78856, stack(0x00000041dae00000,0x00000041daf00000)]
  0x000001ace0984dd0 JavaThread "ClassGraph-worker-0" daemon [_thread_blocked, id=111072, stack(0x00000041dcf00000,0x00000041dd000000)]
  0x000001ace0222430 JavaThread "ClassGraph-worker-1" daemon [_thread_blocked, id=108192, stack(0x00000041dd000000,0x00000041dd100000)]
  0x000001ace0995a40 JavaThread "ClassGraph-worker-2" daemon [_thread_blocked, id=105752, stack(0x00000041dd100000,0x00000041dd200000)]
  0x000001ace07ed9e0 JavaThread "ClassGraph-worker-3" daemon [_thread_blocked, id=86984, stack(0x00000041dd200000,0x00000041dd300000)]
  0x000001ace07ee2c0 JavaThread "ClassGraph-worker-4" daemon [_thread_blocked, id=83180, stack(0x00000041dd300000,0x00000041dd400000)]
  0x000001ace0a2f950 JavaThread "ClassGraph-worker-5" daemon [_thread_blocked, id=92552, stack(0x00000041dd400000,0x00000041dd500000)]
  0x000001ace0a2fe20 JavaThread "ClassGraph-worker-6" daemon [_thread_blocked, id=114392, stack(0x00000041dd500000,0x00000041dd600000)]
  0x000001ace09231f0 JavaThread "ClassGraph-worker-7" daemon [_thread_blocked, id=37548, stack(0x00000041dd600000,0x00000041dd700000)]
  0x000001ace0923b90 JavaThread "ClassGraph-worker-8" daemon [_thread_blocked, id=114144, stack(0x00000041dd700000,0x00000041dd800000)]
  0x000001ace0922850 JavaThread "ClassGraph-worker-9" daemon [_thread_blocked, id=117144, stack(0x00000041dd800000,0x00000041dd900000)]
  0x000001ace09206a0 JavaThread "ClassGraph-worker-10" daemon [_thread_blocked, id=5836, stack(0x00000041dd900000,0x00000041dda00000)]
  0x000001ace0921eb0 JavaThread "ClassGraph-worker-11" daemon [_thread_blocked, id=101244, stack(0x00000041dda00000,0x00000041ddb00000)]
  0x000001ace09236c0 JavaThread "ClassGraph-worker-12" daemon [_thread_blocked, id=115576, stack(0x00000041ddb00000,0x00000041ddc00000)]
  0x000001ace09201d0 JavaThread "ClassGraph-worker-13" daemon [_thread_blocked, id=112876, stack(0x00000041ddc00000,0x00000041ddd00000)]
  0x000001ace0922380 JavaThread "pool-8-thread-1" [_thread_in_native, id=113016, stack(0x00000041ddd00000,0x00000041dde00000)]
  0x000001ace0920b70 JavaThread "Simple-Language-Server main thread" daemon [_thread_blocked, id=79552, stack(0x00000041dde00000,0x00000041ddf00000)]
  0x000001ace0921040 JavaThread "parallel-1" daemon [_thread_blocked, id=93576, stack(0x00000041de000000,0x00000041de100000)]
  0x000001ace0922d20 JavaThread "pool-2-thread-1" [_thread_blocked, id=113204, stack(0x00000041de100000,0x00000041de200000)]
  0x000001ace0921510 JavaThread "ForkJoinPool.commonPool-worker-2" daemon [_thread_blocked, id=106944, stack(0x00000041de200000,0x00000041de300000)]
  0x000001ace09219e0 JavaThread "pool-2-thread-2" [_thread_blocked, id=117188, stack(0x00000041de300000,0x00000041de400000)]
  0x000001ace26f8860 JavaThread "Reconciler-1" daemon [_thread_blocked, id=105000, stack(0x00000041de400000,0x00000041de500000)]
  0x000001ace26faa10 JavaThread "parallel-2" daemon [_thread_blocked, id=108064, stack(0x00000041de500000,0x00000041de600000)]

Other Threads:
=>0x000001acddd86c80 VMThread "VM Thread" [stack: 0x00000041db400000,0x00000041db500000] [id=70344]
  0x000001acdea817a0 WatcherThread [stack: 0x00000041dc000000,0x00000041dc100000] [id=117140]
  0x000001acc9db4dd0 GCTaskThread "GC Thread#0" [stack: 0x00000041daf00000,0x00000041db000000] [id=114204]
  0x000001acdf3b1440 GCTaskThread "GC Thread#1" [stack: 0x00000041dc400000,0x00000041dc500000] [id=35240]
  0x000001acdf3b16f0 GCTaskThread "GC Thread#2" [stack: 0x00000041dc500000,0x00000041dc600000] [id=108700]
  0x000001acdf3b19a0 GCTaskThread "GC Thread#3" [stack: 0x00000041dc600000,0x00000041dc700000] [id=102304]
  0x000001acdf3b1c50 GCTaskThread "GC Thread#4" [stack: 0x00000041dc700000,0x00000041dc800000] [id=113812]
  0x000001acdf3b2310 GCTaskThread "GC Thread#5" [stack: 0x00000041dc800000,0x00000041dc900000] [id=115620]
  0x000001acdf3ba5d0 GCTaskThread "GC Thread#6" [stack: 0x00000041dc900000,0x00000041dca00000] [id=83228]
  0x000001ace010b5c0 GCTaskThread "GC Thread#7" [stack: 0x00000041dca00000,0x00000041dcb00000] [id=77052]
  0x000001acc9dbf810 ConcurrentGCThread "G1 Main Marker" [stack: 0x00000041db000000,0x00000041db100000] [id=113076]
  0x000001acc9dc1230 ConcurrentGCThread "G1 Conc#0" [stack: 0x00000041db100000,0x00000041db200000] [id=108784]
  0x000001ace0420040 ConcurrentGCThread "G1 Conc#1" [stack: 0x00000041dcc00000,0x00000041dcd00000] [id=110148]
  0x000001acc9e0ec20 ConcurrentGCThread "G1 Refine#0" [stack: 0x00000041db200000,0x00000041db300000] [id=79780]
  0x000001ace266e7a0 ConcurrentGCThread "G1 Refine#1" [stack: 0x00000041ddf00000,0x00000041de000000] [id=116636]
  0x000001ace272b440 ConcurrentGCThread "G1 Refine#2" [stack: 0x00000041de600000,0x00000041de700000] [id=113580]
  0x000001ace2793610 ConcurrentGCThread "G1 Refine#3" [stack: 0x00000041de700000,0x00000041de800000] [id=115704]
  0x000001ace27b3660 ConcurrentGCThread "G1 Refine#4" [stack: 0x00000041de800000,0x00000041de900000] [id=45232]
  0x000001acddbf2c00 ConcurrentGCThread "G1 Service" [stack: 0x00000041db300000,0x00000041db400000] [id=104264]

Threads with active compile tasks:

VM state: at safepoint (normal execution)

VM Mutex/Monitor currently owned by a thread:  ([mutex/lock_event])
[0x000001acc7ab93c0] Threads_lock - owner thread: 0x000001acddd86c80
[0x000001acc9d3d8b0] Heap_lock - owner thread: 0x000001ace07ee2c0

Heap address: 0x00000006ca000000, size: 4960 MB, Compressed Oops mode: Zero based, Oop shift amount: 3

CDS archive(s) not mapped
Compressed class space mapped at: 0x0000000800000000-0x0000000840000000, reserved size: 1073741824
Narrow klass base: 0x0000000800000000, Narrow klass shift: 0, Narrow klass range: 0x40000000

GC Precious Log:
 CPUs: 8 total, 8 available
 Memory: 19830M
 Large Page Support: Disabled
 NUMA Support: Disabled
 Compressed Oops: Enabled (Zero based)
 Heap Region Size: 4M
 Heap Min Capacity: 8M
 Heap Initial Capacity: 312M
 Heap Max Capacity: 4960M
 Pre-touch: Disabled
 Parallel Workers: 8
 Concurrent Workers: 2
 Concurrent Refinement Workers: 8
 Periodic GC: Disabled

Heap:
 garbage-first heap   total 892928K, used 197923K [0x00000006ca000000, 0x0000000800000000)
  region size 4096K, 12 young (49152K), 12 survivors (49152K)
 Metaspace       used 35310K, committed 35584K, reserved 1081344K
  class space    used 4581K, committed 4736K, reserved 1048576K

Heap Regions: E=young(eden), S=young(survivor), O=old, HS=humongous(starts), HC=humongous(continues), CS=collection set, F=free, OA=open archive, CA=closed archive, TAMS=top-at-mark-start (previous, next)
|   0|0x00000006ca000000, 0x00000006ca400000, 0x00000006ca400000|100%| O|  |TAMS 0x00000006ca400000, 0x00000006ca000000| Untracked 
|   1|0x00000006ca400000, 0x00000006ca800000, 0x00000006ca800000|100%| O|  |TAMS 0x00000006ca400000, 0x00000006ca400000| Untracked 
|   2|0x00000006ca800000, 0x00000006cac00000, 0x00000006cac00000|100%| O|  |TAMS 0x00000006ca800000, 0x00000006ca800000| Untracked 
|   3|0x00000006cac00000, 0x00000006cb000000, 0x00000006cb000000|100%| O|  |TAMS 0x00000006cac00000, 0x00000006cac00000| Untracked 
|   4|0x00000006cb000000, 0x00000006cb400000, 0x00000006cb400000|100%| O|  |TAMS 0x00000006cb000000, 0x00000006cb000000| Untracked 
|   5|0x00000006cb400000, 0x00000006cb800000, 0x00000006cb800000|100%| O|  |TAMS 0x00000006cb400000, 0x00000006cb400000| Untracked 
|   6|0x00000006cb800000, 0x00000006cbc00000, 0x00000006cbc00000|100%| O|  |TAMS 0x00000006cb800000, 0x00000006cb800000| Untracked 
|   7|0x00000006cbc00000, 0x00000006cc000000, 0x00000006cc000000|100%| O|  |TAMS 0x00000006cbc00000, 0x00000006cbc00000| Untracked 
|   8|0x00000006cc000000, 0x00000006cc400000, 0x00000006cc400000|100%| O|  |TAMS 0x00000006cc000000, 0x00000006cc000000| Untracked 
|   9|0x00000006cc400000, 0x00000006cc800000, 0x00000006cc800000|100%| O|  |TAMS 0x00000006cc400000, 0x00000006cc400000| Untracked 
|  10|0x00000006cc800000, 0x00000006ccc00000, 0x00000006ccc00000|100%| O|  |TAMS 0x00000006cc800000, 0x00000006cc800000| Untracked 
|  11|0x00000006ccc00000, 0x00000006cd000000, 0x00000006cd000000|100%| O|  |TAMS 0x00000006ccc00000, 0x00000006ccc00000| Untracked 
|  12|0x00000006cd000000, 0x00000006cd400000, 0x00000006cd400000|100%| O|  |TAMS 0x00000006cd000000, 0x00000006cd000000| Untracked 
|  13|0x00000006cd400000, 0x00000006cd800000, 0x00000006cd800000|100%| O|  |TAMS 0x00000006cd400000, 0x00000006cd400000| Untracked 
|  14|0x00000006cd800000, 0x00000006cdc00000, 0x00000006cdc00000|100%| O|  |TAMS 0x00000006cd800000, 0x00000006cd800000| Untracked 
|  15|0x00000006cdc00000, 0x00000006ce000000, 0x00000006ce000000|100%| O|  |TAMS 0x00000006cdc00000, 0x00000006cdc00000| Untracked 
|  16|0x00000006ce000000, 0x00000006ce400000, 0x00000006ce400000|100%| O|  |TAMS 0x00000006ce000000, 0x00000006ce000000| Untracked 
|  17|0x00000006ce400000, 0x00000006ce800000, 0x00000006ce800000|100%| O|  |TAMS 0x00000006ce400000, 0x00000006ce400000| Untracked 
|  18|0x00000006ce800000, 0x00000006cec00000, 0x00000006cec00000|100%| O|  |TAMS 0x00000006ce800000, 0x00000006ce800000| Untracked 
|  19|0x00000006cec00000, 0x00000006cf000000, 0x00000006cf000000|100%| O|  |TAMS 0x00000006cec00000, 0x00000006cec00000| Untracked 
|  20|0x00000006cf000000, 0x00000006cf400000, 0x00000006cf400000|100%| O|  |TAMS 0x00000006cf000000, 0x00000006cf000000| Untracked 
|  21|0x00000006cf400000, 0x00000006cf800000, 0x00000006cf800000|100%| O|  |TAMS 0x00000006cf400000, 0x00000006cf400000| Untracked 
|  22|0x00000006cf800000, 0x00000006cfc00000, 0x00000006cfc00000|100%| O|  |TAMS 0x00000006cf800000, 0x00000006cf800000| Untracked 
|  23|0x00000006cfc00000, 0x00000006d0000000, 0x00000006d0000000|100%| O|  |TAMS 0x00000006cfc00000, 0x00000006cfc00000| Untracked 
|  24|0x00000006d0000000, 0x00000006d0400000, 0x00000006d0400000|100%| O|  |TAMS 0x00000006d0000000, 0x00000006d0000000| Untracked 
|  25|0x00000006d0400000, 0x00000006d0800000, 0x00000006d0800000|100%| O|  |TAMS 0x00000006d0400000, 0x00000006d0400000| Untracked 
|  26|0x00000006d0800000, 0x00000006d0c00000, 0x00000006d0c00000|100%| O|  |TAMS 0x00000006d0800000, 0x00000006d0800000| Untracked 
|  27|0x00000006d0c00000, 0x00000006d1000000, 0x00000006d1000000|100%| O|  |TAMS 0x00000006d0c00000, 0x00000006d0c00000| Untracked 
|  28|0x00000006d1000000, 0x00000006d1400000, 0x00000006d1400000|100%| O|  |TAMS 0x00000006d1000000, 0x00000006d1000000| Untracked 
|  29|0x00000006d1400000, 0x00000006d1800000, 0x00000006d1800000|100%| O|  |TAMS 0x00000006d1400000, 0x00000006d1400000| Untracked 
|  30|0x00000006d1800000, 0x00000006d1c00000, 0x00000006d1c00000|100%| O|  |TAMS 0x00000006d1800000, 0x00000006d1800000| Untracked 
|  31|0x00000006d1c00000, 0x00000006d2000000, 0x00000006d2000000|100%| O|  |TAMS 0x00000006d1c00000, 0x00000006d1c00000| Untracked 
|  32|0x00000006d2000000, 0x00000006d2400000, 0x00000006d2400000|100%| O|  |TAMS 0x00000006d2000000, 0x00000006d2000000| Untracked 
|  33|0x00000006d2400000, 0x00000006d2800000, 0x00000006d2800000|100%| O|  |TAMS 0x00000006d2400000, 0x00000006d2400000| Untracked 
|  34|0x00000006d2800000, 0x00000006d2c00000, 0x00000006d2c00000|100%| O|  |TAMS 0x00000006d2800000, 0x00000006d2800000| Untracked 
|  35|0x00000006d2c00000, 0x00000006d3000000, 0x00000006d3000000|100%| O|  |TAMS 0x00000006d2c00000, 0x00000006d2c00000| Untracked 
|  36|0x00000006d3000000, 0x00000006d3148e00, 0x00000006d3400000| 32%| O|  |TAMS 0x00000006d3000000, 0x00000006d3000000| Untracked 
|  37|0x00000006d3400000, 0x00000006d3400000, 0x00000006d3800000|  0%| F|  |TAMS 0x00000006d3400000, 0x00000006d3400000| Untracked 
|  38|0x00000006d3800000, 0x00000006d3800000, 0x00000006d3c00000|  0%| F|  |TAMS 0x00000006d3800000, 0x00000006d3800000| Untracked 
|  39|0x00000006d3c00000, 0x00000006d3c00000, 0x00000006d4000000|  0%| F|  |TAMS 0x00000006d3c00000, 0x00000006d3c00000| Untracked 
|  40|0x00000006d4000000, 0x00000006d4000000, 0x00000006d4400000|  0%| F|  |TAMS 0x00000006d4000000, 0x00000006d4000000| Untracked 
|  41|0x00000006d4400000, 0x00000006d4400000, 0x00000006d4800000|  0%| F|  |TAMS 0x00000006d4400000, 0x00000006d4400000| Untracked 
|  42|0x00000006d4800000, 0x00000006d4800000, 0x00000006d4c00000|  0%| F|  |TAMS 0x00000006d4800000, 0x00000006d4800000| Untracked 
|  43|0x00000006d4c00000, 0x00000006d4c00000, 0x00000006d5000000|  0%| F|  |TAMS 0x00000006d4c00000, 0x00000006d4c00000| Untracked 
|  44|0x00000006d5000000, 0x00000006d5000000, 0x00000006d5400000|  0%| F|  |TAMS 0x00000006d5000000, 0x00000006d5000000| Untracked 
|  45|0x00000006d5400000, 0x00000006d5400000, 0x00000006d5800000|  0%| F|  |TAMS 0x00000006d5400000, 0x00000006d5400000| Untracked 
|  46|0x00000006d5800000, 0x00000006d5800000, 0x00000006d5c00000|  0%| F|  |TAMS 0x00000006d5800000, 0x00000006d5800000| Untracked 
|  47|0x00000006d5c00000, 0x00000006d5c00000, 0x00000006d6000000|  0%| F|  |TAMS 0x00000006d5c00000, 0x00000006d5c00000| Untracked 
|  48|0x00000006d6000000, 0x00000006d6000000, 0x00000006d6400000|  0%| F|  |TAMS 0x00000006d6000000, 0x00000006d6000000| Untracked 
|  49|0x00000006d6400000, 0x00000006d6400000, 0x00000006d6800000|  0%| F|  |TAMS 0x00000006d6400000, 0x00000006d6400000| Untracked 
|  50|0x00000006d6800000, 0x00000006d6800000, 0x00000006d6c00000|  0%| F|  |TAMS 0x00000006d6800000, 0x00000006d6800000| Untracked 
|  51|0x00000006d6c00000, 0x00000006d6c00000, 0x00000006d7000000|  0%| F|  |TAMS 0x00000006d6c00000, 0x00000006d6c00000| Untracked 
|  52|0x00000006d7000000, 0x00000006d7000000, 0x00000006d7400000|  0%| F|  |TAMS 0x00000006d7000000, 0x00000006d7000000| Untracked 
|  53|0x00000006d7400000, 0x00000006d7400000, 0x00000006d7800000|  0%| F|  |TAMS 0x00000006d7400000, 0x00000006d7400000| Untracked 
|  54|0x00000006d7800000, 0x00000006d7800000, 0x00000006d7c00000|  0%| F|  |TAMS 0x00000006d7800000, 0x00000006d7800000| Untracked 
|  55|0x00000006d7c00000, 0x00000006d7c00000, 0x00000006d8000000|  0%| F|  |TAMS 0x00000006d7c00000, 0x00000006d7c00000| Untracked 
|  56|0x00000006d8000000, 0x00000006d8000000, 0x00000006d8400000|  0%| F|  |TAMS 0x00000006d8000000, 0x00000006d8000000| Untracked 
|  57|0x00000006d8400000, 0x00000006d8400000, 0x00000006d8800000|  0%| F|  |TAMS 0x00000006d8400000, 0x00000006d8400000| Untracked 
|  58|0x00000006d8800000, 0x00000006d8800000, 0x00000006d8c00000|  0%| F|  |TAMS 0x00000006d8800000, 0x00000006d8800000| Untracked 
|  59|0x00000006d8c00000, 0x00000006d8c00000, 0x00000006d9000000|  0%| F|  |TAMS 0x00000006d8c00000, 0x00000006d8c00000| Untracked 
|  60|0x00000006d9000000, 0x00000006d9000000, 0x00000006d9400000|  0%| F|  |TAMS 0x00000006d9000000, 0x00000006d9000000| Untracked 
|  61|0x00000006d9400000, 0x00000006d9400000, 0x00000006d9800000|  0%| F|  |TAMS 0x00000006d9400000, 0x00000006d9400000| Untracked 
|  62|0x00000006d9800000, 0x00000006d9800000, 0x00000006d9c00000|  0%| F|  |TAMS 0x00000006d9800000, 0x00000006d9800000| Untracked 
|  63|0x00000006d9c00000, 0x00000006d9c00000, 0x00000006da000000|  0%| F|  |TAMS 0x00000006d9c00000, 0x00000006d9c00000| Untracked 
|  64|0x00000006da000000, 0x00000006da000000, 0x00000006da400000|  0%| F|  |TAMS 0x00000006da000000, 0x00000006da000000| Untracked 
|  65|0x00000006da400000, 0x00000006da400000, 0x00000006da800000|  0%| F|  |TAMS 0x00000006da400000, 0x00000006da400000| Untracked 
|  66|0x00000006da800000, 0x00000006da800000, 0x00000006dac00000|  0%| F|  |TAMS 0x00000006da800000, 0x00000006da800000| Untracked 
|  67|0x00000006dac00000, 0x00000006dac00000, 0x00000006db000000|  0%| F|  |TAMS 0x00000006dac00000, 0x00000006dac00000| Untracked 
|  68|0x00000006db000000, 0x00000006db000000, 0x00000006db400000|  0%| F|  |TAMS 0x00000006db000000, 0x00000006db000000| Untracked 
|  69|0x00000006db400000, 0x00000006db400000, 0x00000006db800000|  0%| F|  |TAMS 0x00000006db400000, 0x00000006db400000| Untracked 
|  70|0x00000006db800000, 0x00000006db800000, 0x00000006dbc00000|  0%| F|  |TAMS 0x00000006db800000, 0x00000006db800000| Untracked 
|  71|0x00000006dbc00000, 0x00000006dbc00000, 0x00000006dc000000|  0%| F|  |TAMS 0x00000006dbc00000, 0x00000006dbc00000| Untracked 
|  72|0x00000006dc000000, 0x00000006dc000000, 0x00000006dc400000|  0%| F|  |TAMS 0x00000006dc000000, 0x00000006dc000000| Untracked 
|  73|0x00000006dc400000, 0x00000006dc400000, 0x00000006dc800000|  0%| F|  |TAMS 0x00000006dc400000, 0x00000006dc400000| Untracked 
|  74|0x00000006dc800000, 0x00000006dc800000, 0x00000006dcc00000|  0%| F|  |TAMS 0x00000006dc800000, 0x00000006dc800000| Untracked 
|  75|0x00000006dcc00000, 0x00000006dcc00000, 0x00000006dd000000|  0%| F|  |TAMS 0x00000006dcc00000, 0x00000006dcc00000| Untracked 
|  76|0x00000006dd000000, 0x00000006dd400000, 0x00000006dd400000|100%| S|CS|TAMS 0x00000006dd000000, 0x00000006dd000000| Complete 
|  77|0x00000006dd400000, 0x00000006dd800000, 0x00000006dd800000|100%| S|CS|TAMS 0x00000006dd400000, 0x00000006dd400000| Complete 
|  78|0x00000006dd800000, 0x00000006ddc00000, 0x00000006ddc00000|100%| S|CS|TAMS 0x00000006dd800000, 0x00000006dd800000| Complete 
|  79|0x00000006ddc00000, 0x00000006de000000, 0x00000006de000000|100%| S|CS|TAMS 0x00000006ddc00000, 0x00000006ddc00000| Complete 
|  80|0x00000006de000000, 0x00000006de400000, 0x00000006de400000|100%| S|CS|TAMS 0x00000006de000000, 0x00000006de000000| Complete 
|  81|0x00000006de400000, 0x00000006de800000, 0x00000006de800000|100%| S|CS|TAMS 0x00000006de400000, 0x00000006de400000| Complete 
|  82|0x00000006de800000, 0x00000006dec00000, 0x00000006dec00000|100%| S|CS|TAMS 0x00000006de800000, 0x00000006de800000| Complete 
|  83|0x00000006dec00000, 0x00000006df000000, 0x00000006df000000|100%| S|CS|TAMS 0x00000006dec00000, 0x00000006dec00000| Complete 
|  84|0x00000006df000000, 0x00000006df400000, 0x00000006df400000|100%| S|CS|TAMS 0x00000006df000000, 0x00000006df000000| Complete 
|  85|0x00000006df400000, 0x00000006df400000, 0x00000006df800000|  0%| F|  |TAMS 0x00000006df400000, 0x00000006df400000| Untracked 
|  86|0x00000006df800000, 0x00000006df800000, 0x00000006dfc00000|  0%| F|  |TAMS 0x00000006df800000, 0x00000006df800000| Untracked 
|  87|0x00000006dfc00000, 0x00000006dfc00000, 0x00000006e0000000|  0%| F|  |TAMS 0x00000006dfc00000, 0x00000006dfc00000| Untracked 
|  88|0x00000006e0000000, 0x00000006e0000000, 0x00000006e0400000|  0%| F|  |TAMS 0x00000006e0000000, 0x00000006e0000000| Untracked 
|  89|0x00000006e0400000, 0x00000006e0400000, 0x00000006e0800000|  0%| F|  |TAMS 0x00000006e0400000, 0x00000006e0400000| Untracked 
|  90|0x00000006e0800000, 0x00000006e0800000, 0x00000006e0c00000|  0%| F|  |TAMS 0x00000006e0800000, 0x00000006e0800000| Untracked 
|  91|0x00000006e0c00000, 0x00000006e0c00000, 0x00000006e1000000|  0%| F|  |TAMS 0x00000006e0c00000, 0x00000006e0c00000| Untracked 
|  92|0x00000006e1000000, 0x00000006e1000000, 0x00000006e1400000|  0%| F|  |TAMS 0x00000006e1000000, 0x00000006e1000000| Untracked 
|  93|0x00000006e1400000, 0x00000006e1800000, 0x00000006e1800000|100%| S|CS|TAMS 0x00000006e1400000, 0x00000006e1400000| Complete 
|  94|0x00000006e1800000, 0x00000006e1c00000, 0x00000006e1c00000|100%| S|CS|TAMS 0x00000006e1800000, 0x00000006e1800000| Complete 
|  95|0x00000006e1c00000, 0x00000006e2000000, 0x00000006e2000000|100%| S|CS|TAMS 0x00000006e1c00000, 0x00000006e1c00000| Complete 
|  96|0x00000006e2000000, 0x00000006e2000000, 0x00000006e2400000|  0%| F|  |TAMS 0x00000006e2000000, 0x00000006e2000000| Untracked 
|  97|0x00000006e2400000, 0x00000006e2400000, 0x00000006e2800000|  0%| F|  |TAMS 0x00000006e2400000, 0x00000006e2400000| Untracked 
|  98|0x00000006e2800000, 0x00000006e2800000, 0x00000006e2c00000|  0%| F|  |TAMS 0x00000006e2800000, 0x00000006e2800000| Untracked 
|  99|0x00000006e2c00000, 0x00000006e2c00000, 0x00000006e3000000|  0%| F|  |TAMS 0x00000006e2c00000, 0x00000006e2c00000| Untracked 
| 100|0x00000006e3000000, 0x00000006e3000000, 0x00000006e3400000|  0%| F|  |TAMS 0x00000006e3000000, 0x00000006e3000000| Untracked 
| 101|0x00000006e3400000, 0x00000006e3400000, 0x00000006e3800000|  0%| F|  |TAMS 0x00000006e3400000, 0x00000006e3400000| Untracked 
| 102|0x00000006e3800000, 0x00000006e3800000, 0x00000006e3c00000|  0%| F|  |TAMS 0x00000006e3800000, 0x00000006e3800000| Untracked 
| 103|0x00000006e3c00000, 0x00000006e3c00000, 0x00000006e4000000|  0%| F|  |TAMS 0x00000006e3c00000, 0x00000006e3c00000| Untracked 
| 104|0x00000006e4000000, 0x00000006e4000000, 0x00000006e4400000|  0%| F|  |TAMS 0x00000006e4000000, 0x00000006e4000000| Untracked 
| 105|0x00000006e4400000, 0x00000006e4400000, 0x00000006e4800000|  0%| F|  |TAMS 0x00000006e4400000, 0x00000006e4400000| Untracked 
| 106|0x00000006e4800000, 0x00000006e4800000, 0x00000006e4c00000|  0%| F|  |TAMS 0x00000006e4800000, 0x00000006e4800000| Untracked 
| 107|0x00000006e4c00000, 0x00000006e4c00000, 0x00000006e5000000|  0%| F|  |TAMS 0x00000006e4c00000, 0x00000006e4c00000| Untracked 
| 108|0x00000006e5000000, 0x00000006e5000000, 0x00000006e5400000|  0%| F|  |TAMS 0x00000006e5000000, 0x00000006e5000000| Untracked 
| 109|0x00000006e5400000, 0x00000006e5400000, 0x00000006e5800000|  0%| F|  |TAMS 0x00000006e5400000, 0x00000006e5400000| Untracked 
| 110|0x00000006e5800000, 0x00000006e5800000, 0x00000006e5c00000|  0%| F|  |TAMS 0x00000006e5800000, 0x00000006e5800000| Untracked 
| 111|0x00000006e5c00000, 0x00000006e5c00000, 0x00000006e6000000|  0%| F|  |TAMS 0x00000006e5c00000, 0x00000006e5c00000| Untracked 
| 112|0x00000006e6000000, 0x00000006e6000000, 0x00000006e6400000|  0%| F|  |TAMS 0x00000006e6000000, 0x00000006e6000000| Untracked 
| 113|0x00000006e6400000, 0x00000006e6400000, 0x00000006e6800000|  0%| F|  |TAMS 0x00000006e6400000, 0x00000006e6400000| Untracked 
| 114|0x00000006e6800000, 0x00000006e6800000, 0x00000006e6c00000|  0%| F|  |TAMS 0x00000006e6800000, 0x00000006e6800000| Untracked 
| 115|0x00000006e6c00000, 0x00000006e6c00000, 0x00000006e7000000|  0%| F|  |TAMS 0x00000006e6c00000, 0x00000006e6c00000| Untracked 
| 116|0x00000006e7000000, 0x00000006e7000000, 0x00000006e7400000|  0%| F|  |TAMS 0x00000006e7000000, 0x00000006e7000000| Untracked 
| 117|0x00000006e7400000, 0x00000006e7400000, 0x00000006e7800000|  0%| F|  |TAMS 0x00000006e7400000, 0x00000006e7400000| Untracked 
| 118|0x00000006e7800000, 0x00000006e7800000, 0x00000006e7c00000|  0%| F|  |TAMS 0x00000006e7800000, 0x00000006e7800000| Untracked 
| 119|0x00000006e7c00000, 0x00000006e7c00000, 0x00000006e8000000|  0%| F|  |TAMS 0x00000006e7c00000, 0x00000006e7c00000| Untracked 
| 120|0x00000006e8000000, 0x00000006e8000000, 0x00000006e8400000|  0%| F|  |TAMS 0x00000006e8000000, 0x00000006e8000000| Untracked 
| 121|0x00000006e8400000, 0x00000006e8400000, 0x00000006e8800000|  0%| F|  |TAMS 0x00000006e8400000, 0x00000006e8400000| Untracked 
| 122|0x00000006e8800000, 0x00000006e8800000, 0x00000006e8c00000|  0%| F|  |TAMS 0x00000006e8800000, 0x00000006e8800000| Untracked 
| 123|0x00000006e8c00000, 0x00000006e8c00000, 0x00000006e9000000|  0%| F|  |TAMS 0x00000006e8c00000, 0x00000006e8c00000| Untracked 
| 124|0x00000006e9000000, 0x00000006e9000000, 0x00000006e9400000|  0%| F|  |TAMS 0x00000006e9000000, 0x00000006e9000000| Untracked 
| 125|0x00000006e9400000, 0x00000006e9400000, 0x00000006e9800000|  0%| F|  |TAMS 0x00000006e9400000, 0x00000006e9400000| Untracked 
| 126|0x00000006e9800000, 0x00000006e9800000, 0x00000006e9c00000|  0%| F|  |TAMS 0x00000006e9800000, 0x00000006e9800000| Untracked 
| 127|0x00000006e9c00000, 0x00000006e9c00000, 0x00000006ea000000|  0%| F|  |TAMS 0x00000006e9c00000, 0x00000006e9c00000| Untracked 
| 128|0x00000006ea000000, 0x00000006ea000000, 0x00000006ea400000|  0%| F|  |TAMS 0x00000006ea000000, 0x00000006ea000000| Untracked 
| 129|0x00000006ea400000, 0x00000006ea400000, 0x00000006ea800000|  0%| F|  |TAMS 0x00000006ea400000, 0x00000006ea400000| Untracked 
| 130|0x00000006ea800000, 0x00000006ea800000, 0x00000006eac00000|  0%| F|  |TAMS 0x00000006ea800000, 0x00000006ea800000| Untracked 
| 131|0x00000006eac00000, 0x00000006eac00000, 0x00000006eb000000|  0%| F|  |TAMS 0x00000006eac00000, 0x00000006eac00000| Untracked 
| 132|0x00000006eb000000, 0x00000006eb000000, 0x00000006eb400000|  0%| F|  |TAMS 0x00000006eb000000, 0x00000006eb000000| Untracked 
| 133|0x00000006eb400000, 0x00000006eb400000, 0x00000006eb800000|  0%| F|  |TAMS 0x00000006eb400000, 0x00000006eb400000| Untracked 
| 134|0x00000006eb800000, 0x00000006eb800000, 0x00000006ebc00000|  0%| F|  |TAMS 0x00000006eb800000, 0x00000006eb800000| Untracked 
| 135|0x00000006ebc00000, 0x00000006ebc00000, 0x00000006ec000000|  0%| F|  |TAMS 0x00000006ebc00000, 0x00000006ebc00000| Untracked 
| 136|0x00000006ec000000, 0x00000006ec000000, 0x00000006ec400000|  0%| F|  |TAMS 0x00000006ec000000, 0x00000006ec000000| Untracked 
| 137|0x00000006ec400000, 0x00000006ec400000, 0x00000006ec800000|  0%| F|  |TAMS 0x00000006ec400000, 0x00000006ec400000| Untracked 
| 138|0x00000006ec800000, 0x00000006ec800000, 0x00000006ecc00000|  0%| F|  |TAMS 0x00000006ec800000, 0x00000006ec800000| Untracked 
| 139|0x00000006ecc00000, 0x00000006ecc00000, 0x00000006ed000000|  0%| F|  |TAMS 0x00000006ecc00000, 0x00000006ecc00000| Untracked 
| 140|0x00000006ed000000, 0x00000006ed000000, 0x00000006ed400000|  0%| F|  |TAMS 0x00000006ed000000, 0x00000006ed000000| Untracked 
| 141|0x00000006ed400000, 0x00000006ed400000, 0x00000006ed800000|  0%| F|  |TAMS 0x00000006ed400000, 0x00000006ed400000| Untracked 
| 142|0x00000006ed800000, 0x00000006ed800000, 0x00000006edc00000|  0%| F|  |TAMS 0x00000006ed800000, 0x00000006ed800000| Untracked 
| 143|0x00000006edc00000, 0x00000006edc00000, 0x00000006ee000000|  0%| F|  |TAMS 0x00000006edc00000, 0x00000006edc00000| Untracked 
| 144|0x00000006ee000000, 0x00000006ee000000, 0x00000006ee400000|  0%| F|  |TAMS 0x00000006ee000000, 0x00000006ee000000| Untracked 
| 145|0x00000006ee400000, 0x00000006ee400000, 0x00000006ee800000|  0%| F|  |TAMS 0x00000006ee400000, 0x00000006ee400000| Untracked 
| 146|0x00000006ee800000, 0x00000006ee800000, 0x00000006eec00000|  0%| F|  |TAMS 0x00000006ee800000, 0x00000006ee800000| Untracked 
| 147|0x00000006eec00000, 0x00000006eec00000, 0x00000006ef000000|  0%| F|  |TAMS 0x00000006eec00000, 0x00000006eec00000| Untracked 
| 148|0x00000006ef000000, 0x00000006ef000000, 0x00000006ef400000|  0%| F|  |TAMS 0x00000006ef000000, 0x00000006ef000000| Untracked 
| 149|0x00000006ef400000, 0x00000006ef400000, 0x00000006ef800000|  0%| F|  |TAMS 0x00000006ef400000, 0x00000006ef400000| Untracked 
| 150|0x00000006ef800000, 0x00000006ef800000, 0x00000006efc00000|  0%| F|  |TAMS 0x00000006ef800000, 0x00000006ef800000| Untracked 
| 151|0x00000006efc00000, 0x00000006efc00000, 0x00000006f0000000|  0%| F|  |TAMS 0x00000006efc00000, 0x00000006efc00000| Untracked 
| 152|0x00000006f0000000, 0x00000006f0000000, 0x00000006f0400000|  0%| F|  |TAMS 0x00000006f0000000, 0x00000006f0000000| Untracked 
| 153|0x00000006f0400000, 0x00000006f0400000, 0x00000006f0800000|  0%| F|  |TAMS 0x00000006f0400000, 0x00000006f0400000| Untracked 
| 154|0x00000006f0800000, 0x00000006f0800000, 0x00000006f0c00000|  0%| F|  |TAMS 0x00000006f0800000, 0x00000006f0800000| Untracked 
| 155|0x00000006f0c00000, 0x00000006f0c00000, 0x00000006f1000000|  0%| F|  |TAMS 0x00000006f0c00000, 0x00000006f0c00000| Untracked 
| 156|0x00000006f1000000, 0x00000006f1000000, 0x00000006f1400000|  0%| F|  |TAMS 0x00000006f1000000, 0x00000006f1000000| Untracked 
| 157|0x00000006f1400000, 0x00000006f1400000, 0x00000006f1800000|  0%| F|  |TAMS 0x00000006f1400000, 0x00000006f1400000| Untracked 
| 158|0x00000006f1800000, 0x00000006f1800000, 0x00000006f1c00000|  0%| F|  |TAMS 0x00000006f1800000, 0x00000006f1800000| Untracked 
| 159|0x00000006f1c00000, 0x00000006f1c00000, 0x00000006f2000000|  0%| F|  |TAMS 0x00000006f1c00000, 0x00000006f1c00000| Untracked 
| 160|0x00000006f2000000, 0x00000006f2000000, 0x00000006f2400000|  0%| F|  |TAMS 0x00000006f2000000, 0x00000006f2000000| Untracked 
| 161|0x00000006f2400000, 0x00000006f2400000, 0x00000006f2800000|  0%| F|  |TAMS 0x00000006f2400000, 0x00000006f2400000| Untracked 
| 162|0x00000006f2800000, 0x00000006f2800000, 0x00000006f2c00000|  0%| F|  |TAMS 0x00000006f2800000, 0x00000006f2800000| Untracked 
| 163|0x00000006f2c00000, 0x00000006f2c00000, 0x00000006f3000000|  0%| F|  |TAMS 0x00000006f2c00000, 0x00000006f2c00000| Untracked 
| 164|0x00000006f3000000, 0x00000006f3000000, 0x00000006f3400000|  0%| F|  |TAMS 0x00000006f3000000, 0x00000006f3000000| Untracked 
| 165|0x00000006f3400000, 0x00000006f3400000, 0x00000006f3800000|  0%| F|  |TAMS 0x00000006f3400000, 0x00000006f3400000| Untracked 
| 166|0x00000006f3800000, 0x00000006f3800000, 0x00000006f3c00000|  0%| F|  |TAMS 0x00000006f3800000, 0x00000006f3800000| Untracked 
| 167|0x00000006f3c00000, 0x00000006f3c00000, 0x00000006f4000000|  0%| F|  |TAMS 0x00000006f3c00000, 0x00000006f3c00000| Untracked 
| 168|0x00000006f4000000, 0x00000006f4000000, 0x00000006f4400000|  0%| F|  |TAMS 0x00000006f4000000, 0x00000006f4000000| Untracked 
| 169|0x00000006f4400000, 0x00000006f4400000, 0x00000006f4800000|  0%| F|  |TAMS 0x00000006f4400000, 0x00000006f4400000| Untracked 
| 170|0x00000006f4800000, 0x00000006f4800000, 0x00000006f4c00000|  0%| F|  |TAMS 0x00000006f4800000, 0x00000006f4800000| Untracked 
| 171|0x00000006f4c00000, 0x00000006f4c00000, 0x00000006f5000000|  0%| F|  |TAMS 0x00000006f4c00000, 0x00000006f4c00000| Untracked 
| 172|0x00000006f5000000, 0x00000006f5000000, 0x00000006f5400000|  0%| F|  |TAMS 0x00000006f5000000, 0x00000006f5000000| Untracked 
| 173|0x00000006f5400000, 0x00000006f5400000, 0x00000006f5800000|  0%| F|  |TAMS 0x00000006f5400000, 0x00000006f5400000| Untracked 
| 174|0x00000006f5800000, 0x00000006f5800000, 0x00000006f5c00000|  0%| F|  |TAMS 0x00000006f5800000, 0x00000006f5800000| Untracked 
| 175|0x00000006f5c00000, 0x00000006f5c00000, 0x00000006f6000000|  0%| F|  |TAMS 0x00000006f5c00000, 0x00000006f5c00000| Untracked 
| 176|0x00000006f6000000, 0x00000006f6000000, 0x00000006f6400000|  0%| F|  |TAMS 0x00000006f6000000, 0x00000006f6000000| Untracked 
| 177|0x00000006f6400000, 0x00000006f6400000, 0x00000006f6800000|  0%| F|  |TAMS 0x00000006f6400000, 0x00000006f6400000| Untracked 
| 178|0x00000006f6800000, 0x00000006f6800000, 0x00000006f6c00000|  0%| F|  |TAMS 0x00000006f6800000, 0x00000006f6800000| Untracked 
| 179|0x00000006f6c00000, 0x00000006f6c00000, 0x00000006f7000000|  0%| F|  |TAMS 0x00000006f6c00000, 0x00000006f6c00000| Untracked 
| 180|0x00000006f7000000, 0x00000006f7000000, 0x00000006f7400000|  0%| F|  |TAMS 0x00000006f7000000, 0x00000006f7000000| Untracked 
| 181|0x00000006f7400000, 0x00000006f7400000, 0x00000006f7800000|  0%| F|  |TAMS 0x00000006f7400000, 0x00000006f7400000| Untracked 
| 182|0x00000006f7800000, 0x00000006f7800000, 0x00000006f7c00000|  0%| F|  |TAMS 0x00000006f7800000, 0x00000006f7800000| Untracked 
| 183|0x00000006f7c00000, 0x00000006f7c00000, 0x00000006f8000000|  0%| F|  |TAMS 0x00000006f7c00000, 0x00000006f7c00000| Untracked 
| 184|0x00000006f8000000, 0x00000006f8000000, 0x00000006f8400000|  0%| F|  |TAMS 0x00000006f8000000, 0x00000006f8000000| Untracked 
| 185|0x00000006f8400000, 0x00000006f8400000, 0x00000006f8800000|  0%| F|  |TAMS 0x00000006f8400000, 0x00000006f8400000| Untracked 
| 186|0x00000006f8800000, 0x00000006f8800000, 0x00000006f8c00000|  0%| F|  |TAMS 0x00000006f8800000, 0x00000006f8800000| Untracked 
| 187|0x00000006f8c00000, 0x00000006f8c00000, 0x00000006f9000000|  0%| F|  |TAMS 0x00000006f8c00000, 0x00000006f8c00000| Untracked 
| 188|0x00000006f9000000, 0x00000006f9000000, 0x00000006f9400000|  0%| F|  |TAMS 0x00000006f9000000, 0x00000006f9000000| Untracked 
| 189|0x00000006f9400000, 0x00000006f9400000, 0x00000006f9800000|  0%| F|  |TAMS 0x00000006f9400000, 0x00000006f9400000| Untracked 
| 190|0x00000006f9800000, 0x00000006f9800000, 0x00000006f9c00000|  0%| F|  |TAMS 0x00000006f9800000, 0x00000006f9800000| Untracked 
| 191|0x00000006f9c00000, 0x00000006f9c00000, 0x00000006fa000000|  0%| F|  |TAMS 0x00000006f9c00000, 0x00000006f9c00000| Untracked 
| 192|0x00000006fa000000, 0x00000006fa000000, 0x00000006fa400000|  0%| F|  |TAMS 0x00000006fa000000, 0x00000006fa000000| Untracked 
| 193|0x00000006fa400000, 0x00000006fa400000, 0x00000006fa800000|  0%| F|  |TAMS 0x00000006fa400000, 0x00000006fa400000| Untracked 
| 194|0x00000006fa800000, 0x00000006fa800000, 0x00000006fac00000|  0%| F|  |TAMS 0x00000006fa800000, 0x00000006fa800000| Untracked 
| 195|0x00000006fac00000, 0x00000006fac00000, 0x00000006fb000000|  0%| F|  |TAMS 0x00000006fac00000, 0x00000006fac00000| Untracked 
| 196|0x00000006fb000000, 0x00000006fb000000, 0x00000006fb400000|  0%| F|  |TAMS 0x00000006fb000000, 0x00000006fb000000| Untracked 
| 197|0x00000006fb400000, 0x00000006fb400000, 0x00000006fb800000|  0%| F|  |TAMS 0x00000006fb400000, 0x00000006fb400000| Untracked 
| 198|0x00000006fb800000, 0x00000006fb800000, 0x00000006fbc00000|  0%| F|  |TAMS 0x00000006fb800000, 0x00000006fb800000| Untracked 
| 199|0x00000006fbc00000, 0x00000006fbc00000, 0x00000006fc000000|  0%| F|  |TAMS 0x00000006fbc00000, 0x00000006fbc00000| Untracked 
| 200|0x00000006fc000000, 0x00000006fc000000, 0x00000006fc400000|  0%| F|  |TAMS 0x00000006fc000000, 0x00000006fc000000| Untracked 
| 201|0x00000006fc400000, 0x00000006fc400000, 0x00000006fc800000|  0%| F|  |TAMS 0x00000006fc400000, 0x00000006fc400000| Untracked 
| 202|0x00000006fc800000, 0x00000006fc800000, 0x00000006fcc00000|  0%| F|  |TAMS 0x00000006fc800000, 0x00000006fc800000| Untracked 
| 203|0x00000006fcc00000, 0x00000006fcc00000, 0x00000006fd000000|  0%| F|  |TAMS 0x00000006fcc00000, 0x00000006fcc00000| Untracked 
| 204|0x00000006fd000000, 0x00000006fd000000, 0x00000006fd400000|  0%| F|  |TAMS 0x00000006fd000000, 0x00000006fd000000| Untracked 
| 205|0x00000006fd400000, 0x00000006fd400000, 0x00000006fd800000|  0%| F|  |TAMS 0x00000006fd400000, 0x00000006fd400000| Untracked 
| 206|0x00000006fd800000, 0x00000006fd800000, 0x00000006fdc00000|  0%| F|  |TAMS 0x00000006fd800000, 0x00000006fd800000| Untracked 
| 207|0x00000006fdc00000, 0x00000006fdc00000, 0x00000006fe000000|  0%| F|  |TAMS 0x00000006fdc00000, 0x00000006fdc00000| Untracked 
| 208|0x00000006fe000000, 0x00000006fe000000, 0x00000006fe400000|  0%| F|  |TAMS 0x00000006fe000000, 0x00000006fe000000| Untracked 
| 209|0x00000006fe400000, 0x00000006fe400000, 0x00000006fe800000|  0%| F|  |TAMS 0x00000006fe400000, 0x00000006fe400000| Untracked 
| 210|0x00000006fe800000, 0x00000006fe800000, 0x00000006fec00000|  0%| F|  |TAMS 0x00000006fe800000, 0x00000006fe800000| Untracked 
| 211|0x00000006fec00000, 0x00000006fec00000, 0x00000006ff000000|  0%| F|  |TAMS 0x00000006fec00000, 0x00000006fec00000| Untracked 
| 212|0x00000006ff000000, 0x00000006ff000000, 0x00000006ff400000|  0%| F|  |TAMS 0x00000006ff000000, 0x00000006ff000000| Untracked 
| 213|0x00000006ff400000, 0x00000006ff400000, 0x00000006ff800000|  0%| F|  |TAMS 0x00000006ff400000, 0x00000006ff400000| Untracked 
| 214|0x00000006ff800000, 0x00000006ff800000, 0x00000006ffc00000|  0%| F|  |TAMS 0x00000006ff800000, 0x00000006ff800000| Untracked 
| 215|0x00000006ffc00000, 0x00000006ffc00000, 0x0000000700000000|  0%| F|  |TAMS 0x00000006ffc00000, 0x00000006ffc00000| Untracked 
| 216|0x0000000700000000, 0x0000000700000000, 0x0000000700400000|  0%| F|  |TAMS 0x0000000700000000, 0x0000000700000000| Untracked 
| 217|0x0000000700400000, 0x0000000700400000, 0x0000000700800000|  0%| F|  |TAMS 0x0000000700400000, 0x0000000700400000| Untracked 

Card table byte_map: [0x000001acd0480000,0x000001acd0e30000] _byte_map_base: 0x000001accce30000

Marking Bits (Prev, Next): (CMBitMap*) 0x000001acc9db5420, (CMBitMap*) 0x000001acc9db53e0
 Prev Bits: [0x000001acd6560000, 0x000001acdb2e0000)
 Next Bits: [0x000001acd17e0000, 0x000001acd6560000)

Polling page: 0x000001acc9510000

Metaspace:

Usage:
  Non-class:     30.01 MB used.
      Class:      4.47 MB used.
       Both:     34.48 MB used.

Virtual space:
  Non-class space:       32.00 MB reserved,      30.12 MB ( 94%) committed,  4 nodes.
      Class space:        1.00 GB reserved,       4.62 MB ( <1%) committed,  1 nodes.
             Both:        1.03 GB reserved,      34.75 MB (  3%) committed. 

Chunk freelists:
   Non-Class:  1.81 MB
       Class:  3.33 MB
        Both:  5.14 MB

MaxMetaspaceSize: unlimited
CompressedClassSpaceSize: 1.00 GB
Initial GC threshold: 21.00 MB
Current GC threshold: 35.44 MB
CDS: off
MetaspaceReclaimPolicy: balanced
 - commit_granule_bytes: 65536.
 - commit_granule_words: 8192.
 - virtual_space_node_default_size: 1048576.
 - enlarge_chunks_in_place: 1.
 - new_chunks_are_fully_committed: 0.
 - uncommit_free_chunks: 1.
 - use_allocation_guard: 0.
 - handle_deallocations: 1.


Internal statistics:

num_allocs_failed_limit: 3.
num_arena_births: 300.
num_arena_deaths: 0.
num_vsnodes_births: 5.
num_vsnodes_deaths: 0.
num_space_committed: 556.
num_space_uncommitted: 0.
num_chunks_returned_to_freelist: 3.
num_chunks_taken_from_freelist: 1299.
num_chunk_merges: 3.
num_chunk_splits: 894.
num_chunks_enlarged: 705.
num_purges: 0.
num_inconsistent_stats: 0.

CodeCache: size=49152Kb used=9324Kb max_used=9324Kb free=39827Kb
 bounds [0x000001accc9c0000, 0x000001accd2e0000, 0x000001accf9c0000]
 total_blobs=4294 nmethods=3768 adapters=449
 compilation: enabled
              stopped_count=0, restarted_count=0
 full_count=0

Compilation events (20 events):
Event: 6.049 Thread 0x000001acde83a130 3759       1       sun.nio.fs.WindowsException::lastError (5 bytes)
Event: 6.050 Thread 0x000001acde83a130 nmethod 3759 0x000001accd2d8910 code [0x000001accd2d8aa0, 0x000001accd2d8b78]
Event: 6.097 Thread 0x000001acdf33bb00 3760       1       java.lang.Throwable::<init> (34 bytes)
Event: 6.097 Thread 0x000001acdf33bb00 nmethod 3760 0x000001accd2d8c10 code [0x000001accd2d8dc0, 0x000001accd2d9068]
Event: 6.681 Thread 0x000001acdf12f710 3761       1       java.lang.Exception::<init> (6 bytes)
Event: 6.682 Thread 0x000001acdf12f710 nmethod 3761 0x000001accd2d9110 code [0x000001accd2d92c0, 0x000001accd2d9568]
Event: 6.704 Thread 0x000001acdf12f710 3762       1       sun.nio.fs.WindowsPath::getPathForExceptionMessage (5 bytes)
Event: 6.704 Thread 0x000001acdf12f710 nmethod 3762 0x000001accd2d9610 code [0x000001accd2d97a0, 0x000001accd2d9878]
Event: 6.717 Thread 0x000001acdf33bb00 3763       1       io.github.classgraph.AnnotationParameterValueList::<init> (5 bytes)
Event: 6.717 Thread 0x000001acde916790 3764       1       io.github.classgraph.MappableInfoList::<init> (5 bytes)
Event: 6.717 Thread 0x000001acde916790 nmethod 3764 0x000001accd2d9910 code [0x000001accd2d9aa0, 0x000001accd2d9bd8]
Event: 6.717 Thread 0x000001acdf33bb00 nmethod 3763 0x000001accd2d9c90 code [0x000001accd2d9e20, 0x000001accd2d9f58]
Event: 6.770 Thread 0x000001acdf33bb00 3765       1       java.lang.Exception::<init> (5 bytes)
Event: 6.770 Thread 0x000001acde83a130 3766       1       java.lang.Throwable::<init> (29 bytes)
Event: 6.770 Thread 0x000001acdf33bb00 nmethod 3765 0x000001accd2da010 code [0x000001accd2da1c0, 0x000001accd2da3e8]
Event: 6.770 Thread 0x000001acde83a130 nmethod 3766 0x000001accd2da490 code [0x000001accd2da640, 0x000001accd2da868]
Event: 6.776 Thread 0x000001acde83a130 3767       1       sun.nio.fs.WindowsException::<init> (15 bytes)
Event: 6.776 Thread 0x000001acdf33bb00 3768       1       java.io.IOException::<init> (6 bytes)
Event: 6.776 Thread 0x000001acdf33bb00 nmethod 3768 0x000001accd2da910 code [0x000001accd2daaa0, 0x000001accd2dab88]
Event: 6.776 Thread 0x000001acde83a130 nmethod 3767 0x000001accd2dac10 code [0x000001accd2dadc0, 0x000001accd2db018]

GC Heap History (20 events):
Event: 4.551 GC heap after
{Heap after GC invocations=10 (full 0):
 garbage-first heap   total 188416K, used 56709K [0x00000006ca000000, 0x0000000800000000)
  region size 4096K, 3 young (12288K), 3 survivors (12288K)
 Metaspace       used 35063K, committed 35392K, reserved 1081344K
  class space    used 4556K, committed 4736K, reserved 1048576K
}
Event: 4.575 GC heap before
{Heap before GC invocations=10 (full 0):
 garbage-first heap   total 188416K, used 118149K [0x00000006ca000000, 0x0000000800000000)
  region size 4096K, 19 young (77824K), 3 survivors (12288K)
 Metaspace       used 35079K, committed 35392K, reserved 1081344K
  class space    used 4557K, committed 4736K, reserved 1048576K
}
Event: 4.586 GC heap after
{Heap after GC invocations=11 (full 0):
 garbage-first heap   total 188416K, used 62296K [0x00000006ca000000, 0x0000000800000000)
  region size 4096K, 1 young (4096K), 1 survivors (4096K)
 Metaspace       used 35079K, committed 35392K, reserved 1081344K
  class space    used 4557K, committed 4736K, reserved 1048576K
}
Event: 4.601 GC heap before
{Heap before GC invocations=11 (full 0):
 garbage-first heap   total 188416K, used 123736K [0x00000006ca000000, 0x0000000800000000)
  region size 4096K, 17 young (69632K), 1 survivors (4096K)
 Metaspace       used 35176K, committed 35456K, reserved 1081344K
  class space    used 4571K, committed 4736K, reserved 1048576K
}
Event: 4.606 GC heap after
{Heap after GC invocations=12 (full 0):
 garbage-first heap   total 376832K, used 64046K [0x00000006ca000000, 0x0000000800000000)
  region size 4096K, 2 young (8192K), 2 survivors (8192K)
 Metaspace       used 35176K, committed 35456K, reserved 1081344K
  class space    used 4571K, committed 4736K, reserved 1048576K
}
Event: 4.691 GC heap before
{Heap before GC invocations=12 (full 0):
 garbage-first heap   total 376832K, used 256558K [0x00000006ca000000, 0x0000000800000000)
  region size 4096K, 51 young (208896K), 2 survivors (8192K)
 Metaspace       used 35176K, committed 35456K, reserved 1081344K
  class space    used 4571K, committed 4736K, reserved 1048576K
}
Event: 4.698 GC heap after
{Heap after GC invocations=13 (full 0):
 garbage-first heap   total 376832K, used 71396K [0x00000006ca000000, 0x0000000800000000)
  region size 4096K, 4 young (16384K), 4 survivors (16384K)
 Metaspace       used 35176K, committed 35456K, reserved 1081344K
  class space    used 4571K, committed 4736K, reserved 1048576K
}
Event: 4.741 GC heap before
{Heap before GC invocations=13 (full 0):
 garbage-first heap   total 376832K, used 276196K [0x00000006ca000000, 0x0000000800000000)
  region size 4096K, 55 young (225280K), 4 survivors (16384K)
 Metaspace       used 35177K, committed 35456K, reserved 1081344K
  class space    used 4571K, committed 4736K, reserved 1048576K
}
Event: 4.751 GC heap after
{Heap after GC invocations=14 (full 0):
 garbage-first heap   total 376832K, used 79756K [0x00000006ca000000, 0x0000000800000000)
  region size 4096K, 6 young (24576K), 6 survivors (24576K)
 Metaspace       used 35177K, committed 35456K, reserved 1081344K
  class space    used 4571K, committed 4736K, reserved 1048576K
}
Event: 4.794 GC heap before
{Heap before GC invocations=14 (full 0):
 garbage-first heap   total 376832K, used 276364K [0x00000006ca000000, 0x0000000800000000)
  region size 4096K, 55 young (225280K), 6 survivors (24576K)
 Metaspace       used 35177K, committed 35456K, reserved 1081344K
  class space    used 4571K, committed 4736K, reserved 1048576K
}
Event: 4.808 GC heap after
{Heap after GC invocations=15 (full 0):
 garbage-first heap   total 376832K, used 89421K [0x00000006ca000000, 0x0000000800000000)
  region size 4096K, 5 young (20480K), 5 survivors (20480K)
 Metaspace       used 35177K, committed 35456K, reserved 1081344K
  class space    used 4571K, committed 4736K, reserved 1048576K
}
Event: 4.847 GC heap before
{Heap before GC invocations=15 (full 0):
 garbage-first heap   total 376832K, used 290125K [0x00000006ca000000, 0x0000000800000000)
  region size 4096K, 55 young (225280K), 5 survivors (20480K)
 Metaspace       used 35177K, committed 35456K, reserved 1081344K
  class space    used 4571K, committed 4736K, reserved 1048576K
}
Event: 4.861 GC heap after
{Heap after GC invocations=16 (full 0):
 garbage-first heap   total 892928K, used 96977K [0x00000006ca000000, 0x0000000800000000)
  region size 4096K, 5 young (20480K), 5 survivors (20480K)
 Metaspace       used 35177K, committed 35456K, reserved 1081344K
  class space    used 4571K, committed 4736K, reserved 1048576K
}
Event: 5.003 GC heap before
{Heap before GC invocations=16 (full 0):
 garbage-first heap   total 892928K, used 604881K [0x00000006ca000000, 0x0000000800000000)
  region size 4096K, 130 young (532480K), 5 survivors (20480K)
 Metaspace       used 35177K, committed 35456K, reserved 1081344K
  class space    used 4571K, committed 4736K, reserved 1048576K
}
Event: 5.020 GC heap after
{Heap after GC invocations=17 (full 0):
 garbage-first heap   total 892928K, used 123867K [0x00000006ca000000, 0x0000000800000000)
  region size 4096K, 11 young (45056K), 11 survivors (45056K)
 Metaspace       used 35177K, committed 35456K, reserved 1081344K
  class space    used 4571K, committed 4736K, reserved 1048576K
}
Event: 5.676 GC heap before
{Heap before GC invocations=17 (full 0):
 garbage-first heap   total 892928K, used 607195K [0x00000006ca000000, 0x0000000800000000)
  region size 4096K, 130 young (532480K), 11 survivors (45056K)
 Metaspace       used 35310K, committed 35584K, reserved 1081344K
  class space    used 4581K, committed 4736K, reserved 1048576K
}
Event: 5.703 GC heap after
{Heap after GC invocations=18 (full 0):
 garbage-first heap   total 892928K, used 149080K [0x00000006ca000000, 0x0000000800000000)
  region size 4096K, 15 young (61440K), 15 survivors (61440K)
 Metaspace       used 35310K, committed 35584K, reserved 1081344K
  class space    used 4581K, committed 4736K, reserved 1048576K
}
Event: 6.214 GC heap before
{Heap before GC invocations=18 (full 0):
 garbage-first heap   total 892928K, used 616024K [0x00000006ca000000, 0x0000000800000000)
  region size 4096K, 130 young (532480K), 15 survivors (61440K)
 Metaspace       used 35310K, committed 35584K, reserved 1081344K
  class space    used 4581K, committed 4736K, reserved 1048576K
}
Event: 6.247 GC heap after
{Heap after GC invocations=19 (full 0):
 garbage-first heap   total 892928K, used 171665K [0x00000006ca000000, 0x0000000800000000)
  region size 4096K, 12 young (49152K), 12 survivors (49152K)
 Metaspace       used 35310K, committed 35584K, reserved 1081344K
  class space    used 4581K, committed 4736K, reserved 1048576K
}
Event: 6.776 GC heap before
{Heap before GC invocations=19 (full 0):
 garbage-first heap   total 892928K, used 650897K [0x00000006ca000000, 0x0000000800000000)
  region size 4096K, 130 young (532480K), 12 survivors (49152K)
 Metaspace       used 35310K, committed 35584K, reserved 1081344K
  class space    used 4581K, committed 4736K, reserved 1048576K
}

Deoptimization events (16 events):
Event: 1.435 Thread 0x000001acc9d3f420 DEOPT PACKING pc=0x000001acccdd8781 sp=0x00000041daefdc70
Event: 1.435 Thread 0x000001acc9d3f420 DEOPT UNPACKING pc=0x000001accca12b43 sp=0x00000041daefd0e0 mode 3
Event: 2.318 Thread 0x000001acc9d3f420 DEOPT PACKING pc=0x000001acccefd679 sp=0x00000041daefd420
Event: 2.318 Thread 0x000001acc9d3f420 DEOPT UNPACKING pc=0x000001accca12b43 sp=0x00000041daefc900 mode 3
Event: 2.742 Thread 0x000001acc9d3f420 DEOPT PACKING pc=0x000001acccfcb981 sp=0x00000041daefd0f0
Event: 2.742 Thread 0x000001acc9d3f420 DEOPT UNPACKING pc=0x000001accca12b43 sp=0x00000041daefc560 mode 3
Event: 3.607 Thread 0x000001acc9d3f420 DEOPT PACKING pc=0x000001accd06fdf9 sp=0x00000041daefc990
Event: 3.607 Thread 0x000001acc9d3f420 DEOPT UNPACKING pc=0x000001accca12b43 sp=0x00000041daefbe70 mode 3
Event: 3.683 Thread 0x000001ace07427a0 DEOPT PACKING pc=0x000001accd0d1f93 sp=0x00000041dcbfe7e0
Event: 3.683 Thread 0x000001ace07427a0 DEOPT UNPACKING pc=0x000001accca12b43 sp=0x00000041dcbfdd28 mode 3
Event: 3.931 Thread 0x000001ace07ee2c0 DEOPT PACKING pc=0x000001accceffa89 sp=0x00000041dd3feaf0
Event: 3.931 Thread 0x000001ace07ee2c0 DEOPT UNPACKING pc=0x000001accca12b43 sp=0x00000041dd3fdf80 mode 3
Event: 3.931 Thread 0x000001ace0995a40 DEOPT PACKING pc=0x000001acccef9a1f sp=0x00000041dd1ff390
Event: 3.931 Thread 0x000001ace0995a40 DEOPT UNPACKING pc=0x000001accca12b43 sp=0x00000041dd1fe7e8 mode 3
Event: 4.111 Thread 0x000001ace0920b70 DEOPT PACKING pc=0x000001accd24656d sp=0x00000041ddefd700
Event: 4.112 Thread 0x000001ace0920b70 DEOPT UNPACKING pc=0x000001accca12b43 sp=0x00000041ddefcc28 mode 3

Classes unloaded (0 events):
No events

Classes redefined (0 events):
No events

Internal exceptions (20 events):
Event: 6.758 Thread 0x000001ace09236c0 Exception <a 'sun/nio/fs/WindowsException'{0x00000006e4066178}> (0x00000006e4066178) 
thrown [e:\jenkins\tmp\workspace\build\src\src\hotspot\share\prims\jni.cpp, line 516]
Event: 6.758 Thread 0x000001ace09236c0 Exception <a 'sun/nio/fs/WindowsException'{0x00000006e40666d8}> (0x00000006e40666d8) 
thrown [e:\jenkins\tmp\workspace\build\src\src\hotspot\share\prims\jni.cpp, line 516]
Event: 6.758 Thread 0x000001ace0984dd0 Exception <a 'sun/nio/fs/WindowsException'{0x00000006e448bee0}> (0x00000006e448bee0) 
thrown [e:\jenkins\tmp\workspace\build\src\src\hotspot\share\prims\jni.cpp, line 516]
Event: 6.758 Thread 0x000001ace0984dd0 Exception <a 'sun/nio/fs/WindowsException'{0x00000006e448c448}> (0x00000006e448c448) 
thrown [e:\jenkins\tmp\workspace\build\src\src\hotspot\share\prims\jni.cpp, line 516]
Event: 6.759 Thread 0x000001ace09236c0 Exception <a 'sun/nio/fs/WindowsException'{0x00000006e4088ab8}> (0x00000006e4088ab8) 
thrown [e:\jenkins\tmp\workspace\build\src\src\hotspot\share\prims\jni.cpp, line 516]
Event: 6.760 Thread 0x000001ace09236c0 Exception <a 'sun/nio/fs/WindowsException'{0x00000006e4088ff8}> (0x00000006e4088ff8) 
thrown [e:\jenkins\tmp\workspace\build\src\src\hotspot\share\prims\jni.cpp, line 516]
Event: 6.761 Thread 0x000001ace07ed9e0 Exception <a 'sun/nio/fs/WindowsException'{0x00000006e43b6b40}> (0x00000006e43b6b40) 
thrown [e:\jenkins\tmp\workspace\build\src\src\hotspot\share\prims\jni.cpp, line 516]
Event: 6.761 Thread 0x000001ace07ed9e0 Exception <a 'sun/nio/fs/WindowsException'{0x00000006e43b7080}> (0x00000006e43b7080) 
thrown [e:\jenkins\tmp\workspace\build\src\src\hotspot\share\prims\jni.cpp, line 516]
Event: 6.761 Thread 0x000001ace0995a40 Exception <a 'sun/nio/fs/WindowsException'{0x00000006e3ede630}> (0x00000006e3ede630) 
thrown [e:\jenkins\tmp\workspace\build\src\src\hotspot\share\prims\jni.cpp, line 516]
Event: 6.761 Thread 0x000001ace0995a40 Exception <a 'sun/nio/fs/WindowsException'{0x00000006e3edeac8}> (0x00000006e3edeac8) 
thrown [e:\jenkins\tmp\workspace\build\src\src\hotspot\share\prims\jni.cpp, line 516]
Event: 6.761 Thread 0x000001ace0923b90 Exception <a 'sun/nio/fs/WindowsException'{0x00000006e434bf10}> (0x00000006e434bf10) 
thrown [e:\jenkins\tmp\workspace\build\src\src\hotspot\share\prims\jni.cpp, line 516]
Event: 6.761 Thread 0x000001ace0923b90 Exception <a 'sun/nio/fs/WindowsException'{0x00000006e434c4a8}> (0x00000006e434c4a8) 
thrown [e:\jenkins\tmp\workspace\build\src\src\hotspot\share\prims\jni.cpp, line 516]
Event: 6.769 Thread 0x000001ace0923b90 Exception <a 'sun/nio/fs/WindowsException'{0x00000006e2be3798}> (0x00000006e2be3798) 
thrown [e:\jenkins\tmp\workspace\build\src\src\hotspot\share\prims\jni.cpp, line 516]
Event: 6.769 Thread 0x000001ace0923b90 Exception <a 'sun/nio/fs/WindowsException'{0x00000006e2be3c60}> (0x00000006e2be3c60) 
thrown [e:\jenkins\tmp\workspace\build\src\src\hotspot\share\prims\jni.cpp, line 516]
Event: 6.770 Thread 0x000001ace09206a0 Exception <a 'sun/nio/fs/WindowsException'{0x00000006e42d3490}> (0x00000006e42d3490) 
thrown [e:\jenkins\tmp\workspace\build\src\src\hotspot\share\prims\jni.cpp, line 516]
Event: 6.770 Thread 0x000001ace09206a0 Exception <a 'sun/nio/fs/WindowsException'{0x00000006e42d39b0}> (0x00000006e42d39b0) 
thrown [e:\jenkins\tmp\workspace\build\src\src\hotspot\share\prims\jni.cpp, line 516]
Event: 6.774 Thread 0x000001ace0923b90 Exception <a 'sun/nio/fs/WindowsException'{0x00000006e27bb990}> (0x00000006e27bb990) 
thrown [e:\jenkins\tmp\workspace\build\src\src\hotspot\share\prims\jni.cpp, line 516]
Event: 6.774 Thread 0x000001ace0923b90 Exception <a 'sun/nio/fs/WindowsException'{0x00000006e27bbf30}> (0x00000006e27bbf30) 
thrown [e:\jenkins\tmp\workspace\build\src\src\hotspot\share\prims\jni.cpp, line 516]
Event: 6.776 Thread 0x000001ace0995a40 Exception <a 'sun/nio/fs/WindowsException'{0x00000006e267c140}> (0x00000006e267c140) 
thrown [e:\jenkins\tmp\workspace\build\src\src\hotspot\share\prims\jni.cpp, line 516]
Event: 6.776 Thread 0x000001ace0995a40 Exception <a 'sun/nio/fs/WindowsException'{0x00000006e267c6b0}> (0x00000006e267c6b0) 
thrown [e:\jenkins\tmp\workspace\build\src\src\hotspot\share\prims\jni.cpp, line 516]

VM Operations (20 events):
Event: 5.080 Executing VM operation: ICBufferFull done
Event: 5.080 Executing VM operation: ICBufferFull
Event: 5.080 Executing VM operation: ICBufferFull done
Event: 5.083 Executing VM operation: ICBufferFull
Event: 5.083 Executing VM operation: ICBufferFull done
Event: 5.085 Executing VM operation: ICBufferFull
Event: 5.085 Executing VM operation: ICBufferFull done
Event: 5.097 Executing VM operation: ICBufferFull
Event: 5.126 Executing VM operation: ICBufferFull done
Event: 5.126 Executing VM operation: ICBufferFull
Event: 5.127 Executing VM operation: ICBufferFull done
Event: 5.127 Executing VM operation: ICBufferFull
Event: 5.128 Executing VM operation: ICBufferFull done
Event: 5.128 Executing VM operation: ICBufferFull
Event: 5.129 Executing VM operation: ICBufferFull done
Event: 5.676 Executing VM operation: G1CollectForAllocation
Event: 5.704 Executing VM operation: G1CollectForAllocation done
Event: 6.214 Executing VM operation: G1CollectForAllocation
Event: 6.248 Executing VM operation: G1CollectForAllocation done
Event: 6.776 Executing VM operation: G1CollectForAllocation

Events (20 events):
Event: 4.186 Thread 0x000001ace0921510 Thread added: 0x000001ace0921510
Event: 4.190 Thread 0x000001ace09219e0 Thread added: 0x000001ace09219e0
Event: 4.190 loading class java/util/concurrent/CompletableFuture$UniRelay
Event: 4.190 loading class java/util/concurrent/CompletableFuture$UniRelay done
Event: 4.268 Thread 0x000001ace26f8860 Thread added: 0x000001ace26f8860
Event: 4.273 Thread 0x000001ace26faa10 Thread added: 0x000001ace26faa10
Event: 4.278 loading class java/util/concurrent/CompletionException
Event: 4.278 loading class java/util/concurrent/CompletionException done
Event: 4.286 loading class java/io/PrintWriter
Event: 4.286 loading class java/io/PrintWriter done
Event: 4.288 loading class sun/nio/cs/StringUTF16
Event: 4.288 loading class sun/nio/cs/StringUTF16 done
Event: 4.290 loading class java/util/WeakHashMap$EntrySet
Event: 4.290 loading class java/util/WeakHashMap$EntrySet done
Event: 4.290 loading class java/util/WeakHashMap$EntryIterator
Event: 4.290 loading class java/util/WeakHashMap$HashIterator
Event: 4.290 loading class java/util/WeakHashMap$HashIterator done
Event: 4.290 loading class java/util/WeakHashMap$EntryIterator done
Event: 5.030 loading class sun/nio/fs/WindowsChannelFactory$2
Event: 5.030 loading class sun/nio/fs/WindowsChannelFactory$2 done


Dynamic libraries:
0x00007ff642e90000 - 0x00007ff642e9e000 	c:\Users\LENOVO\.vscode\extensions\redhat.java-1.9.0-win32-x64\jre\17.0.3-win32-x86_64\bin\java.exe
0x00007fffca2a0000 - 0x00007fffca4a9000 	C:\WINDOWS\SYSTEM32\ntdll.dll
0x00007fffbfb10000 - 0x00007fffbfb27000 	C:\Program Files\Avast Software\Avast\aswhook.dll
0x00007fffc9220000 - 0x00007fffc92dd000 	C:\WINDOWS\System32\KERNEL32.DLL
0x00007fffc7a80000 - 0x00007fffc7df9000 	C:\WINDOWS\System32\KERNELBASE.dll
0x00007fffc8010000 - 0x00007fffc8121000 	C:\WINDOWS\System32\ucrtbase.dll
0x00007fffab5e0000 - 0x00007fffab5f8000 	c:\Users\LENOVO\.vscode\extensions\redhat.java-1.9.0-win32-x64\jre\17.0.3-win32-x86_64\bin\jli.dll
0x00007fffc8760000 - 0x00007fffc890c000 	C:\WINDOWS\System32\USER32.dll
0x00007fffc7e00000 - 0x00007fffc7e26000 	C:\WINDOWS\System32\win32u.dll
0x00007fffa0890000 - 0x00007fffa08a9000 	c:\Users\LENOVO\.vscode\extensions\redhat.java-1.9.0-win32-x64\jre\17.0.3-win32-x86_64\bin\VCRUNTIME140.dll
0x00007fffc8610000 - 0x00007fffc8639000 	C:\WINDOWS\System32\GDI32.dll
0x00007fffc7e30000 - 0x00007fffc7f42000 	C:\WINDOWS\System32\gdi32full.dll
0x00007fffc7960000 - 0x00007fffc79fd000 	C:\WINDOWS\System32\msvcp_win.dll
0x00007fffb8de0000 - 0x00007fffb9085000 	C:\WINDOWS\WinSxS\amd64_microsoft.windows.common-controls_6595b64144ccf1df_6.0.22000.120_none_9d947278b86cc467\COMCTL32.dll
0x00007fffc9050000 - 0x00007fffc90f3000 	C:\WINDOWS\System32\msvcrt.dll
0x00007fffca180000 - 0x00007fffca1b1000 	C:\WINDOWS\System32\IMM32.DLL
0x00007fffb4470000 - 0x00007fffb447c000 	c:\Users\LENOVO\.vscode\extensions\redhat.java-1.9.0-win32-x64\jre\17.0.3-win32-x86_64\bin\vcruntime140_1.dll
0x00007fff8a590000 - 0x00007fff8a621000 	c:\Users\LENOVO\.vscode\extensions\redhat.java-1.9.0-win32-x64\jre\17.0.3-win32-x86_64\bin\msvcp140.dll
0x00007fff643f0000 - 0x00007fff65038000 	c:\Users\LENOVO\.vscode\extensions\redhat.java-1.9.0-win32-x64\jre\17.0.3-win32-x86_64\bin\server\jvm.dll
0x00007fffc96c0000 - 0x00007fffc976e000 	C:\WINDOWS\System32\ADVAPI32.dll
0x00007fffca1c0000 - 0x00007fffca25e000 	C:\WINDOWS\System32\sechost.dll
0x00007fffc9520000 - 0x00007fffc9640000 	C:\WINDOWS\System32\RPCRT4.dll
0x00007fffc97d0000 - 0x00007fffc97d8000 	C:\WINDOWS\System32\PSAPI.DLL
0x00007fffbe580000 - 0x00007fffbe589000 	C:\WINDOWS\SYSTEM32\WSOCK32.dll
0x00007fffc92f0000 - 0x00007fffc935f000 	C:\WINDOWS\System32\WS2_32.dll
0x00007fffc30e0000 - 0x00007fffc3113000 	C:\WINDOWS\SYSTEM32\WINMM.dll
0x00007fffc1000000 - 0x00007fffc100a000 	C:\WINDOWS\SYSTEM32\VERSION.dll
0x00007fffc6860000 - 0x00007fffc6878000 	C:\WINDOWS\SYSTEM32\kernel.appcore.dll
0x00007fffb3b80000 - 0x00007fffb3b8a000 	c:\Users\LENOVO\.vscode\extensions\redhat.java-1.9.0-win32-x64\jre\17.0.3-win32-x86_64\bin\jimage.dll
0x00007fffc5390000 - 0x00007fffc55b1000 	C:\WINDOWS\SYSTEM32\DBGHELP.DLL
0x00007fffc0e40000 - 0x00007fffc0e71000 	C:\WINDOWS\SYSTEM32\dbgcore.DLL
0x00007fffc7a00000 - 0x00007fffc7a7f000 	C:\WINDOWS\System32\bcryptPrimitives.dll
0x00007fff9f7d0000 - 0x00007fff9f7f5000 	c:\Users\LENOVO\.vscode\extensions\redhat.java-1.9.0-win32-x64\jre\17.0.3-win32-x86_64\bin\java.dll
0x00007fff9f5a0000 - 0x00007fff9f5b8000 	c:\Users\LENOVO\.vscode\extensions\redhat.java-1.9.0-win32-x64\jre\17.0.3-win32-x86_64\bin\zip.dll
0x00007fffc9840000 - 0x00007fffc9ff8000 	C:\WINDOWS\System32\SHELL32.dll
0x00007fffc58b0000 - 0x00007fffc6117000 	C:\WINDOWS\SYSTEM32\windows.storage.dll
0x00007fffc8a00000 - 0x00007fffc8d79000 	C:\WINDOWS\System32\combase.dll
0x00007fffc5740000 - 0x00007fffc58a6000 	C:\WINDOWS\SYSTEM32\wintypes.dll
0x00007fffca000000 - 0x00007fffca0ea000 	C:\WINDOWS\System32\SHCORE.dll
0x00007fffc8130000 - 0x00007fffc818d000 	C:\WINDOWS\System32\shlwapi.dll
0x00007fffc76b0000 - 0x00007fffc76d1000 	C:\WINDOWS\SYSTEM32\profapi.dll
0x00007fff9f4c0000 - 0x00007fff9f4d9000 	C:\Users\LENOVO\.vscode\extensions\redhat.java-1.9.0-win32-x64\jre\17.0.3-win32-x86_64\bin\net.dll
0x00007fffc2740000 - 0x00007fffc284c000 	C:\WINDOWS\SYSTEM32\WINHTTP.dll
0x00007fffc6d10000 - 0x00007fffc6d77000 	C:\WINDOWS\system32\mswsock.dll
0x00007fff9d0e0000 - 0x00007fff9d0f5000 	C:\Users\LENOVO\.vscode\extensions\redhat.java-1.9.0-win32-x64\jre\17.0.3-win32-x86_64\bin\nio.dll
0x00007fffae350000 - 0x00007fffae360000 	c:\Users\LENOVO\.vscode\extensions\redhat.java-1.9.0-win32-x64\jre\17.0.3-win32-x86_64\bin\verify.dll
0x00007fffb9b80000 - 0x00007fffb9b89000 	C:\Users\LENOVO\.vscode\extensions\redhat.java-1.9.0-win32-x64\jre\17.0.3-win32-x86_64\bin\management.dll
0x00007fffb9b70000 - 0x00007fffb9b7b000 	C:\Users\LENOVO\.vscode\extensions\redhat.java-1.9.0-win32-x64\jre\17.0.3-win32-x86_64\bin\management_ext.dll
0x00007fffafce0000 - 0x00007fffafcf7000 	C:\WINDOWS\system32\napinsp.dll
0x00007fffaf8f0000 - 0x00007fffaf90b000 	C:\WINDOWS\system32\pnrpnsp.dll
0x00007fffc63f0000 - 0x00007fffc64d8000 	C:\WINDOWS\SYSTEM32\DNSAPI.dll
0x00007fffc6380000 - 0x00007fffc63ad000 	C:\WINDOWS\SYSTEM32\IPHLPAPI.DLL
0x00007fffc8190000 - 0x00007fffc8199000 	C:\WINDOWS\System32\NSI.dll
0x00007fffac580000 - 0x00007fffac592000 	C:\WINDOWS\System32\winrnr.dll
0x00007fffac5a0000 - 0x00007fffac5b5000 	C:\WINDOWS\system32\wshbth.dll
0x00007fffac560000 - 0x00007fffac57f000 	C:\WINDOWS\system32\nlansp_c.dll
0x00007fffc14c0000 - 0x00007fffc14ca000 	C:\Windows\System32\rasadhlp.dll
0x00007fffc2850000 - 0x00007fffc28d1000 	C:\WINDOWS\System32\fwpuclnt.dll
0x00007fffc6f60000 - 0x00007fffc6f78000 	C:\WINDOWS\SYSTEM32\CRYPTSP.dll
0x00007fffc67b0000 - 0x00007fffc67e5000 	C:\WINDOWS\system32\rsaenh.dll
0x00007fffc6e10000 - 0x00007fffc6e39000 	C:\WINDOWS\SYSTEM32\USERENV.dll
0x00007fffc70e0000 - 0x00007fffc7107000 	C:\WINDOWS\SYSTEM32\bcrypt.dll
0x00007fffc6f80000 - 0x00007fffc6f8c000 	C:\WINDOWS\SYSTEM32\CRYPTBASE.dll
0x00007fffc2b50000 - 0x00007fffc2b69000 	C:\WINDOWS\SYSTEM32\dhcpcsvc6.DLL
0x00007fffc3120000 - 0x00007fffc313e000 	C:\WINDOWS\SYSTEM32\dhcpcsvc.DLL

dbghelp: loaded successfully - version: 4.0.5 - missing functions: none
symbol engine: initialized successfully - sym options: 0x614 - pdb path: .;c:\Users\LENOVO\.vscode\extensions\redhat.java-1.9.0-win32-x64\jre\17.0.3-win32-x86_64\bin;C:\WINDOWS\SYSTEM32;C:\Program Files\Avast Software\Avast;C:\WINDOWS\WinSxS\amd64_microsoft.windows.common-controls_6595b64144ccf1df_6.0.22000.120_none_9d947278b86cc467;c:\Users\LENOVO\.vscode\extensions\redhat.java-1.9.0-win32-x64\jre\17.0.3-win32-x86_64\bin\server

VM Arguments:
jvm_args: -Dsts.lsp.client=vscode -Dsts.log.file=/dev/null -XX:TieredStopAtLevel=1 -Dspring.config.location=file:c:\Users\LENOVO\.vscode\extensions\pivotal.vscode-spring-boot-1.38.0\language-server\BOOT-INF\classes\application.properties 
java_command: org.springframework.ide.vscode.boot.app.BootLanguageServerBootApp
java_class_path (initial): c:\Users\LENOVO\.vscode\extensions\pivotal.vscode-spring-boot-1.38.0\language-server\BOOT-INF\classes;c:\Users\LENOVO\.vscode\extensions\pivotal.vscode-spring-boot-1.38.0\language-server\BOOT-INF\lib\annotations-23.0.0.jar;c:\Users\LENOVO\.vscode\extensions\pivotal.vscode-spring-boot-1.38.0\language-server\BOOT-INF\lib\antlr-runtime-3.5.2.jar;c:\Users\LENOVO\.vscode\extensions\pivotal.vscode-spring-boot-1.38.0\language-server\BOOT-INF\lib\antlr4-4.9.3.jar;c:\Users\LENOVO\.vscode\extensions\pivotal.vscode-spring-boot-1.38.0\language-server\BOOT-INF\lib\antlr4-runtime-4.9.3.jar;c:\Users\LENOVO\.vscode\extensions\pivotal.vscode-spring-boot-1.38.0\language-server\BOOT-INF\lib\asm-9.3.jar;c:\Users\LENOVO\.vscode\extensions\pivotal.vscode-spring-boot-1.38.0\language-server\BOOT-INF\lib\asm-analysis-9.3.jar;c:\Users\LENOVO\.vscode\extensions\pivotal.vscode-spring-boot-1.38.0\language-server\BOOT-INF\lib\asm-tree-9.3.jar;c:\Users\LENOVO\.vscode\extensions\pivotal.vscode-spring-boot-1.38.0\language-server\BOOT-INF\lib\asm-util-9.3.jar;c:\Users\LENOVO\.vscode\extensions\pivotal.vscode-spring-boot-1.38.0\language-server\BOOT-INF\lib\byte-buddy-1.10.18.jar;c:\Users\LENOVO\.vscode\extensions\pivotal.vscode-spring-boot-1.38.0\language-server\BOOT-INF\lib\caffeine-2.8.6.jar;c:\Users\LENOVO\.vscode\extensions\pivotal.vscode-spring-boot-1.38.0\language-server\BOOT-INF\lib\checker-qual-3.12.0.jar;c:\Users\LENOVO\.vscode\extensions\pivotal.vscode-spring-boot-1.38.0\language-server\BOOT-INF\lib\classgraph-4.8.149.jar;c:\Users\LENOVO\.vscode\extensions\pivotal.vscode-spring-boot-1.38.0\language-server\BOOT-INF\lib\commons-codec-1.14.jar;c:\Users\LENOVO\.vscode\extensions\pivotal.vscode-spring-boot-1.38.0\language-server\BOOT-INF\lib\commons-compress-1.21.jar;c:\Users\LENOVO\.vscode\extensions\pivotal.vscode-spring-boot-1.38.0\language-server\BOOT-INF\lib\commons-exec-1.3.jar;c:\Users\LENOVO\.vscode\extensions\pivotal.vscode-spring-boot-1.38.0\language-server
Launcher Type: SUN_STANDARD

[Global flags]
     intx CICompilerCount                          = 4                                         {product} {ergonomic}
     uint ConcGCThreads                            = 2                                         {product} {ergonomic}
     uint G1ConcRefinementThreads                  = 8                                         {product} {ergonomic}
   size_t G1HeapRegionSize                         = 4194304                                   {product} {ergonomic}
    uintx GCDrainStackTargetSize                   = 64                                        {product} {ergonomic}
   size_t InitialHeapSize                          = 327155712                                 {product} {ergonomic}
   size_t MarkStackSize                            = 4194304                                   {product} {ergonomic}
   size_t MaxHeapSize                              = 5200936960                                {product} {ergonomic}
   size_t MaxNewSize                               = 3120562176                                {product} {ergonomic}
   size_t MinHeapDeltaBytes                        = 4194304                                   {product} {ergonomic}
   size_t MinHeapSize                              = 8388608                                   {product} {ergonomic}
    uintx NonProfiledCodeHeapSize                  = 0                                      {pd product} {ergonomic}
     bool ProfileInterpreter                       = false                                  {pd product} {command line}
    uintx ProfiledCodeHeapSize                     = 0                                      {pd product} {ergonomic}
   size_t SoftMaxHeapSize                          = 5200936960                             {manageable} {ergonomic}
     intx TieredStopAtLevel                        = 1                                         {product} {command line}
     bool UseCompressedClassPointers               = true                           {product lp64_product} {ergonomic}
     bool UseCompressedOops                        = true                           {product lp64_product} {ergonomic}
     bool UseG1GC                                  = true                                      {product} {ergonomic}
     bool UseLargePagesIndividualAllocation        = false                                  {pd product} {ergonomic}

Logging:
Log output configuration:
 #0: stdout all=warning uptime,level,tags
 #1: stderr all=off uptime,level,tags

Environment Variables:
JAVA_HOME=C:\Program Files\Java\jdk1.8.0_261
CLASSPATH=C:\Program Files\Java\jdk1.8.0_261\jre
PATH=C:\db_home\bin;C:\Program Files (x86)\Microsoft SDKs\Azure\CLI2\wbin;C:\Program Files\Java\jdk1.8.0_261\bin;C:\Program Files (x86)\Common Files\Oracle\Java\javapath;C:\Program Files\Common Files\Oracle\Java\javapath;C:\WINDOWS\system32;C:\WINDOWS;C:\WINDOWS\System32\Wbem;C:\WINDOWS\System32\WindowsPowerShell\v1.0\;C:\WINDOWS\System32\OpenSSH\;C:\Program Files\Java\jdk-11.0.10;C:\maven\apache-maven-3.6.3\bin;%M2_HOME%\bin;C:\xampp\php;C:\sonar-scanner-4.5.0.2216-windows\bin;C:\Program Files\PuTTY\;C:\Program Files\nodejs\;C:\Program Files\Git\cmd;C:\Program Files\Docker\Docker\resources\bin;C:\ProgramData\DockerDesktop\version-bin;C:\ProgramData\ComposerSetup\bin;C:\Users\LENOVO\.windows-build-tools\python27\;C:\Users\LENOVO\AppData\Roaming\npm\node_modules\windows-build-tools\node_modules\.bin;C:\Users\LENOVO\AppData\Roaming\npm\node_modules\node_modules\.bin;C:\Users\LENOVO\AppData\Roaming\npm\node_modules\.bin;C:\Users\LENOVO\AppData\Roaming\node_modules\.bin;C:\Users\LENOVO\AppData\node_modules\.bin;C:\Users\LENOVO\node_modules\.bin;C:\Users\node_modules\.bin;C:\node_modules\.bin;C:\Users\LENOVO\AppData\Roaming\npm\node_modules\npm\node_modules\@npmcli\run-script\lib\node-gyp-bin;C:\db_home\bin;C:\Program Files (x86)\Microsoft SDKs\Azure\CLI2\wbin;C:\Program Files\Java\jdk1.8.0_261\bin;C:\Program Files (x86)\Common Files\Oracle\Java\javapath;C:\Program Files\Common Files\Oracle\Java\javapath;C:\WINDOWS\system32;C:\WINDOWS;C:\WINDOWS\System32\Wbem;C:\WINDOWS\System32\WindowsPowerShell\v1.0\;C:\WINDOWS\System32\OpenSSH\;C:\Program Files\Java\jdk-11.0.10;C:\maven\apache-maven-3.6.3\bin;%M2_HOME%\bin;C:\xampp\php;C:\ProgramData\ComposerSetup\bin;C:\sonar-scanner-4.5.0.2216-windows\bin;C:\Program Files\PuTTY\;C:\Program Files\nodejs\;C:\Program Files\Git\cmd;C:\Program Files\Docker\Docker\resources\bin;C:\ProgramData\DockerDesktop\version-bin;C:\Users\LENOVO\AppData\Local\Microsoft\WindowsApps;C:\Users\LENOVO\AppData\Local\Programs\Microsoft VS Code\bin;C:\Users\LEN
USERNAME=LENOVO
OS=Windows_NT
PROCESSOR_IDENTIFIER=AMD64 Family 23 Model 96 Stepping 1, AuthenticAMD



---------------  S Y S T E M  ---------------

OS:
 Windows 11 , 64 bit Build 22000 (10.0.22000.708)
OS uptime: 12 days 22:49 hours
Hyper-V role detected

CPU: total 8 (initial active 8) (8 cores per cpu, 1 threads per core) family 23 model 96 stepping 1 microcode 0x0, cx8, cmov, fxsr, mmx, 3dnowpref, sse, sse2, sse3, ssse3, sse4a, sse4.1, sse4.2, popcnt, lzcnt, tsc, tscinvbit, avx, avx2, aes, clmul, bmi1, bmi2, adx, sha, fma, vzeroupper, clflush, clflushopt, hv

Memory: 4k page, system-wide physical 19830M (722M free)
TotalPageFile size 50547M (AvailPageFile size 424M)
current process WorkingSet (physical memory assigned to process): 1006M, peak: 1006M
current process commit charge ("private bytes"): 1038M, peak: 1858M

vm_info: OpenJDK 64-Bit Server VM (17.0.3+7) for windows-amd64 JRE (17.0.3+7), built on Apr 19 2022 16:55:35 by "" with MS VC++ 16.7 (VS2019)

END.
