#
# There is insufficient memory for the Java Runtime Environment to continue.
# Native memory allocation (mmap) failed to map 381681664 bytes for G1 virtual space
# Possible reasons:
#   The system is out of physical RAM or swap space
#   The process is running with CompressedOops enabled, and the Java Heap may be blocking the growth of the native heap
# Possible solutions:
#   Reduce memory load on the system
#   Increase physical memory or swap space
#   Check if swap backing store is full
#   Decrease Java heap size (-Xmx/-Xms)
#   Decrease number of Java threads
#   Decrease Java thread stack sizes (-Xss)
#   Set larger code cache with -XX:ReservedCodeCacheSize=
#   JVM is running with Zero Based Compressed Oops mode in which the Java heap is
#     placed in the first 32GB address space. The Java Heap base address is the
#     maximum limit for the native heap growth. Please use -XX:HeapBaseMinAddress
#     to set the Java Heap base and to place the Java Heap above 32GB virtual address.
# This output file may be truncated or incomplete.
#
#  Out of Memory Error (os_windows.cpp:3535), pid=112236, tid=53948
#
# JRE version: OpenJDK Runtime Environment Temurin-17.0.3+7 (17.0.3+7) (build 17.0.3+7)
# Java VM: OpenJDK 64-Bit Server VM Temurin-17.0.3+7 (17.0.3+7, mixed mode, emulated-client, tiered, compressed oops, compressed class ptrs, g1 gc, windows-amd64)
# No core dump will be written. Minidumps are not enabled by default on client versions of Windows
#

---------------  S U M M A R Y ------------

Command Line: -Dsts.lsp.client=vscode -Dsts.log.file=/dev/null -XX:TieredStopAtLevel=1 -Dspring.config.location=file:c:\Users\LENOVO\.vscode\extensions\pivotal.vscode-spring-boot-1.38.0\language-server\BOOT-INF\classes\application.properties org.springframework.ide.vscode.boot.app.BootLanguageServerBootApp

Host: AMD Ryzen 7 4700U with Radeon Graphics         , 8 cores, 19G,  Windows 11 , 64 bit Build 22000 (10.0.22000.708)
Time: Sat Aug 20 19:00:49 2022 Hora est. Pacífico, Sudamérica elapsed time: 11.665237 seconds (0d 0h 0m 11s)

---------------  T H R E A D  ---------------

Current thread (0x00000245ffe2d280):  VMThread "VM Thread" [stack: 0x000000a4efa00000,0x000000a4efb00000] [id=53948]

Stack: [0x000000a4efa00000,0x000000a4efb00000]
Native frames: (J=compiled Java code, j=interpreted, Vv=VM code, C=native code)
V  [jvm.dll+0x675efa]
V  [jvm.dll+0x830a24]
V  [jvm.dll+0x8321ce]
V  [jvm.dll+0x832833]
V  [jvm.dll+0x2454b5]
V  [jvm.dll+0x672de9]
V  [jvm.dll+0x667732]
V  [jvm.dll+0x3043ab]
V  [jvm.dll+0x30b8f6]
V  [jvm.dll+0x35b62e]
V  [jvm.dll+0x35b85f]
V  [jvm.dll+0x2db248]
V  [jvm.dll+0x2d94fc]
V  [jvm.dll+0x2d8acc]
V  [jvm.dll+0x31ca2b]
V  [jvm.dll+0x836cdb]
V  [jvm.dll+0x837a14]
V  [jvm.dll+0x837f2c]
V  [jvm.dll+0x838304]
V  [jvm.dll+0x8383d0]
V  [jvm.dll+0x7e0cfa]
V  [jvm.dll+0x674d85]
C  [ucrtbase.dll+0x26c0c]
C  [KERNEL32.DLL+0x154e0]
C  [ntdll.dll+0x485b]

VM_Operation (0x000000a4f10fd7a0): G1CollectForAllocation, mode: safepoint, requested by thread 0x000002458c650220


---------------  P R O C E S S  ---------------

Threads class SMR info:
_java_thread_list=0x000002458cf056b0, length=25, elements={
0x00000245ffe2e620, 0x00000245ffe46320, 0x00000245ffe49ed0, 0x00000245ffe4b7a0,
0x00000245ffe4c060, 0x00000245ffe4d4d0, 0x00000245ffe4e530, 0x000002458c43de60,
0x000002458c64f880, 0x000002458c651560, 0x000002458c650220, 0x000002458c650bc0,
0x000002458c651090, 0x000002458c6506f0, 0x000002458e60dc30, 0x000002458e60cdc0,
0x000002458e611ac0, 0x000002458e6102b0, 0x000002458e610780, 0x000002458e60e100,
0x000002458e60e5d0, 0x000002458e60c8f0, 0x000002458c52e900, 0x000002458d0e8540,
0x000002458d0e7820
}

Java Threads: ( => current thread )
  0x00000245ffe2e620 JavaThread "Reference Handler" daemon [_thread_blocked, id=108664, stack(0x000000a4efb00000,0x000000a4efc00000)]
  0x00000245ffe46320 JavaThread "Finalizer" daemon [_thread_blocked, id=96936, stack(0x000000a4efc00000,0x000000a4efd00000)]
  0x00000245ffe49ed0 JavaThread "Signal Dispatcher" daemon [_thread_blocked, id=69624, stack(0x000000a4efd00000,0x000000a4efe00000)]
  0x00000245ffe4b7a0 JavaThread "Attach Listener" daemon [_thread_blocked, id=103860, stack(0x000000a4efe00000,0x000000a4eff00000)]
  0x00000245ffe4c060 JavaThread "Service Thread" daemon [_thread_blocked, id=114528, stack(0x000000a4eff00000,0x000000a4f0000000)]
  0x00000245ffe4d4d0 JavaThread "Monitor Deflation Thread" daemon [_thread_blocked, id=107316, stack(0x000000a4f0000000,0x000000a4f0100000)]
  0x00000245ffe4e530 JavaThread "C1 CompilerThread0" daemon [_thread_blocked, id=63220, stack(0x000000a4f0100000,0x000000a4f0200000)]
  0x000002458c43de60 JavaThread "Sweeper thread" daemon [_thread_blocked, id=13420, stack(0x000000a4f0200000,0x000000a4f0300000)]
  0x000002458c64f880 JavaThread "Notification Thread" daemon [_thread_blocked, id=109304, stack(0x000000a4f0400000,0x000000a4f0500000)]
  0x000002458c651560 JavaThread "Common-Cleaner" daemon [_thread_blocked, id=84300, stack(0x000000a4f0600000,0x000000a4f0700000)]
  0x000002458c650220 JavaThread "ForkJoinPool.commonPool-worker-1" daemon [_thread_blocked, id=114772, stack(0x000000a4f1000000,0x000000a4f1100000)]
  0x000002458c650bc0 JavaThread "pool-7-thread-1" [_thread_blocked, id=50700, stack(0x000000a4f1200000,0x000000a4f1300000)]
  0x000002458c651090 JavaThread "LanguageServerApp-lifecycle" [_thread_blocked, id=115476, stack(0x000000a4f1300000,0x000000a4f1400000)]
  0x000002458c6506f0 JavaThread "DestroyJavaVM" [_thread_blocked, id=80408, stack(0x000000a4ef400000,0x000000a4ef500000)]
  0x000002458e60dc30 JavaThread "pool-8-thread-1" [_thread_in_native, id=106136, stack(0x000000a4f2200000,0x000000a4f2300000)]
  0x000002458e60cdc0 JavaThread "Simple-Language-Server main thread" daemon [_thread_blocked, id=116444, stack(0x000000a4f2300000,0x000000a4f2400000)]
  0x000002458e611ac0 JavaThread "parallel-1" daemon [_thread_blocked, id=103936, stack(0x000000a4f2600000,0x000000a4f2700000)]
  0x000002458e6102b0 JavaThread "Reconciler-1" daemon [_thread_blocked, id=113384, stack(0x000000a4f2800000,0x000000a4f2900000)]
  0x000002458e610780 JavaThread "parallel-2" daemon [_thread_blocked, id=68280, stack(0x000000a4f2900000,0x000000a4f2a00000)]
  0x000002458e60e100 JavaThread "pool-2-thread-1" [_thread_blocked, id=109992, stack(0x000000a4f2a00000,0x000000a4f2b00000)]
  0x000002458e60e5d0 JavaThread "ForkJoinPool.commonPool-worker-2" daemon [_thread_blocked, id=103016, stack(0x000000a4f2b00000,0x000000a4f2c00000)]
  0x000002458e60c8f0 JavaThread "pool-3-thread-1" [_thread_blocked, id=80216, stack(0x000000a4f2d00000,0x000000a4f2e00000)]
  0x000002458c52e900 JavaThread "C1 CompilerThread1" daemon [_thread_blocked, id=114508, stack(0x000000a4f0700000,0x000000a4f0800000)]
  0x000002458d0e8540 JavaThread "C1 CompilerThread2" daemon [_thread_blocked, id=102624, stack(0x000000a4f0800000,0x000000a4f0900000)]
  0x000002458d0e7820 JavaThread "C1 CompilerThread3" daemon [_thread_blocked, id=100892, stack(0x000000a4f2f00000,0x000000a4f3000000)]

Other Threads:
=>0x00000245ffe2d280 VMThread "VM Thread" [stack: 0x000000a4efa00000,0x000000a4efb00000] [id=53948]
  0x000002458c654510 WatcherThread [stack: 0x000000a4f0500000,0x000000a4f0600000] [id=108696]
  0x00000245f5996520 GCTaskThread "GC Thread#0" [stack: 0x000000a4ef500000,0x000000a4ef600000] [id=107344]
  0x000002458d0f7490 GCTaskThread "GC Thread#1" [stack: 0x000000a4f0900000,0x000000a4f0a00000] [id=117368]
  0x000002458d0f7b50 GCTaskThread "GC Thread#2" [stack: 0x000000a4f0a00000,0x000000a4f0b00000] [id=98968]
  0x000002458d0f8620 GCTaskThread "GC Thread#3" [stack: 0x000000a4f0b00000,0x000000a4f0c00000] [id=114176]
  0x000002458d0f90f0 GCTaskThread "GC Thread#4" [stack: 0x000000a4f0c00000,0x000000a4f0d00000] [id=90224]
  0x000002458d116670 GCTaskThread "GC Thread#5" [stack: 0x000000a4f0d00000,0x000000a4f0e00000] [id=109840]
  0x000002458d126d40 GCTaskThread "GC Thread#6" [stack: 0x000000a4f0e00000,0x000000a4f0f00000] [id=103360]
  0x000002458dd02c40 GCTaskThread "GC Thread#7" [stack: 0x000000a4f0f00000,0x000000a4f1000000] [id=114748]
  0x00000245f59bf020 ConcurrentGCThread "G1 Main Marker" [stack: 0x000000a4ef600000,0x000000a4ef700000] [id=105372]
  0x00000245f59bf940 ConcurrentGCThread "G1 Conc#0" [stack: 0x000000a4ef700000,0x000000a4ef800000] [id=111156]
  0x000002458dd04720 ConcurrentGCThread "G1 Conc#1" [stack: 0x000000a4f1100000,0x000000a4f1200000] [id=106876]
  0x00000245f59eec10 ConcurrentGCThread "G1 Refine#0" [stack: 0x000000a4ef800000,0x000000a4ef900000] [id=85880]
  0x000002458eb65c70 ConcurrentGCThread "G1 Refine#1" [stack: 0x000000a4f2400000,0x000000a4f2500000] [id=115584]
  0x000002458e9a6180 ConcurrentGCThread "G1 Refine#2" [stack: 0x000000a4f2500000,0x000000a4f2600000] [id=113388]
  0x000002458eb677d0 ConcurrentGCThread "G1 Refine#3" [stack: 0x000000a4f2700000,0x000000a4f2800000] [id=115908]
  0x00000245902bf750 ConcurrentGCThread "G1 Refine#4" [stack: 0x000000a4f2c00000,0x000000a4f2d00000] [id=114008]
  0x000002458cf06b00 ConcurrentGCThread "G1 Refine#5" [stack: 0x000000a4f2e00000,0x000000a4f2f00000] [id=93640]
  0x0000024590027d30 ConcurrentGCThread "G1 Refine#6" [stack: 0x000000a4f0300000,0x000000a4f0400000] [id=113416]
  0x00000245ffcb3370 ConcurrentGCThread "G1 Service" [stack: 0x000000a4ef900000,0x000000a4efa00000] [id=34960]

Threads with active compile tasks:

VM state: at safepoint (normal execution)

VM Mutex/Monitor currently owned by a thread:  ([mutex/lock_event])
[0x00000245f577c880] Threads_lock - owner thread: 0x00000245ffe2d280
[0x00000245f591dd60] Heap_lock - owner thread: 0x000002458c650220

Heap address: 0x00000006ca000000, size: 4960 MB, Compressed Oops mode: Zero based, Oop shift amount: 3

CDS archive(s) not mapped
Compressed class space mapped at: 0x0000000800000000-0x0000000840000000, reserved size: 1073741824
Narrow klass base: 0x0000000800000000, Narrow klass shift: 0, Narrow klass range: 0x40000000

GC Precious Log:
 CPUs: 8 total, 8 available
 Memory: 19830M
 Large Page Support: Disabled
 NUMA Support: Disabled
 Compressed Oops: Enabled (Zero based)
 Heap Region Size: 4M
 Heap Min Capacity: 8M
 Heap Initial Capacity: 312M
 Heap Max Capacity: 4960M
 Pre-touch: Disabled
 Parallel Workers: 8
 Concurrent Workers: 2
 Concurrent Refinement Workers: 8
 Periodic GC: Disabled

Heap:
 garbage-first heap   total 995328K, used 212822K [0x00000006ca000000, 0x0000000800000000)
  region size 4096K, 14 young (57344K), 14 survivors (57344K)
 Metaspace       used 44344K, committed 44672K, reserved 1089536K
  class space    used 6033K, committed 6144K, reserved 1048576K

Heap Regions: E=young(eden), S=young(survivor), O=old, HS=humongous(starts), HC=humongous(continues), CS=collection set, F=free, OA=open archive, CA=closed archive, TAMS=top-at-mark-start (previous, next)
|   0|0x00000006ca000000, 0x00000006ca400000, 0x00000006ca400000|100%| O|  |TAMS 0x00000006ca400000, 0x00000006ca000000| Untracked 
|   1|0x00000006ca400000, 0x00000006ca800000, 0x00000006ca800000|100%| O|  |TAMS 0x00000006ca800000, 0x00000006ca400000| Untracked 
|   2|0x00000006ca800000, 0x00000006cac00000, 0x00000006cac00000|100%| O|  |TAMS 0x00000006cac00000, 0x00000006ca800000| Untracked 
|   3|0x00000006cac00000, 0x00000006cb000000, 0x00000006cb000000|100%| O|  |TAMS 0x00000006cb000000, 0x00000006cac00000| Untracked 
|   4|0x00000006cb000000, 0x00000006cb400000, 0x00000006cb400000|100%| O|  |TAMS 0x00000006cb400000, 0x00000006cb000000| Untracked 
|   5|0x00000006cb400000, 0x00000006cb800000, 0x00000006cb800000|100%| O|  |TAMS 0x00000006cb598e00, 0x00000006cb400000| Untracked 
|   6|0x00000006cb800000, 0x00000006cbc00000, 0x00000006cbc00000|100%| O|  |TAMS 0x00000006cb800000, 0x00000006cb800000| Untracked 
|   7|0x00000006cbc00000, 0x00000006cc000000, 0x00000006cc000000|100%| O|  |TAMS 0x00000006cbc00000, 0x00000006cbc00000| Untracked 
|   8|0x00000006cc000000, 0x00000006cc400000, 0x00000006cc400000|100%| O|  |TAMS 0x00000006cc000000, 0x00000006cc000000| Untracked 
|   9|0x00000006cc400000, 0x00000006cc800000, 0x00000006cc800000|100%| O|  |TAMS 0x00000006cc400000, 0x00000006cc400000| Untracked 
|  10|0x00000006cc800000, 0x00000006ccc00000, 0x00000006ccc00000|100%| O|  |TAMS 0x00000006cc800000, 0x00000006cc800000| Untracked 
|  11|0x00000006ccc00000, 0x00000006cd000000, 0x00000006cd000000|100%| O|  |TAMS 0x00000006ccc00000, 0x00000006ccc00000| Untracked 
|  12|0x00000006cd000000, 0x00000006cd400000, 0x00000006cd400000|100%| O|  |TAMS 0x00000006cd000000, 0x00000006cd000000| Untracked 
|  13|0x00000006cd400000, 0x00000006cd800000, 0x00000006cd800000|100%| O|  |TAMS 0x00000006cd400000, 0x00000006cd400000| Untracked 
|  14|0x00000006cd800000, 0x00000006cdc00000, 0x00000006cdc00000|100%| O|  |TAMS 0x00000006cd800000, 0x00000006cd800000| Untracked 
|  15|0x00000006cdc00000, 0x00000006ce000000, 0x00000006ce000000|100%| O|  |TAMS 0x00000006cdc00000, 0x00000006cdc00000| Untracked 
|  16|0x00000006ce000000, 0x00000006ce400000, 0x00000006ce400000|100%| O|  |TAMS 0x00000006ce000000, 0x00000006ce000000| Untracked 
|  17|0x00000006ce400000, 0x00000006ce800000, 0x00000006ce800000|100%| O|  |TAMS 0x00000006ce400000, 0x00000006ce400000| Untracked 
|  18|0x00000006ce800000, 0x00000006cec00000, 0x00000006cec00000|100%| O|  |TAMS 0x00000006ce800000, 0x00000006ce800000| Untracked 
|  19|0x00000006cec00000, 0x00000006cf000000, 0x00000006cf000000|100%| O|  |TAMS 0x00000006cec00000, 0x00000006cec00000| Untracked 
|  20|0x00000006cf000000, 0x00000006cf400000, 0x00000006cf400000|100%| O|  |TAMS 0x00000006cf000000, 0x00000006cf000000| Untracked 
|  21|0x00000006cf400000, 0x00000006cf800000, 0x00000006cf800000|100%| O|  |TAMS 0x00000006cf400000, 0x00000006cf400000| Untracked 
|  22|0x00000006cf800000, 0x00000006cfc00000, 0x00000006cfc00000|100%| O|  |TAMS 0x00000006cf800000, 0x00000006cf800000| Untracked 
|  23|0x00000006cfc00000, 0x00000006d0000000, 0x00000006d0000000|100%| O|  |TAMS 0x00000006cfc00000, 0x00000006cfc00000| Untracked 
|  24|0x00000006d0000000, 0x00000006d0400000, 0x00000006d0400000|100%| O|  |TAMS 0x00000006d0000000, 0x00000006d0000000| Untracked 
|  25|0x00000006d0400000, 0x00000006d0800000, 0x00000006d0800000|100%| O|  |TAMS 0x00000006d0400000, 0x00000006d0400000| Untracked 
|  26|0x00000006d0800000, 0x00000006d0c00000, 0x00000006d0c00000|100%| O|  |TAMS 0x00000006d0800000, 0x00000006d0800000| Untracked 
|  27|0x00000006d0c00000, 0x00000006d1000000, 0x00000006d1000000|100%| O|  |TAMS 0x00000006d0c00000, 0x00000006d0c00000| Untracked 
|  28|0x00000006d1000000, 0x00000006d1400000, 0x00000006d1400000|100%| O|  |TAMS 0x00000006d1000000, 0x00000006d1000000| Untracked 
|  29|0x00000006d1400000, 0x00000006d1800000, 0x00000006d1800000|100%| O|  |TAMS 0x00000006d1400000, 0x00000006d1400000| Untracked 
|  30|0x00000006d1800000, 0x00000006d1c00000, 0x00000006d1c00000|100%| O|  |TAMS 0x00000006d1800000, 0x00000006d1800000| Untracked 
|  31|0x00000006d1c00000, 0x00000006d2000000, 0x00000006d2000000|100%| O|  |TAMS 0x00000006d1c00000, 0x00000006d1c00000| Untracked 
|  32|0x00000006d2000000, 0x00000006d2400000, 0x00000006d2400000|100%| O|  |TAMS 0x00000006d2000000, 0x00000006d2000000| Untracked 
|  33|0x00000006d2400000, 0x00000006d2800000, 0x00000006d2800000|100%| O|  |TAMS 0x00000006d2400000, 0x00000006d2400000| Untracked 
|  34|0x00000006d2800000, 0x00000006d2c00000, 0x00000006d2c00000|100%| O|  |TAMS 0x00000006d2800000, 0x00000006d2800000| Untracked 
|  35|0x00000006d2c00000, 0x00000006d3000000, 0x00000006d3000000|100%| O|  |TAMS 0x00000006d2c00000, 0x00000006d2c00000| Untracked 
|  36|0x00000006d3000000, 0x00000006d3400000, 0x00000006d3400000|100%| O|  |TAMS 0x00000006d3000000, 0x00000006d3000000| Untracked 
|  37|0x00000006d3400000, 0x00000006d3800000, 0x00000006d3800000|100%| O|  |TAMS 0x00000006d3400000, 0x00000006d3400000| Untracked 
|  38|0x00000006d3800000, 0x00000006d3956600, 0x00000006d3c00000| 33%| O|  |TAMS 0x00000006d3800000, 0x00000006d3800000| Untracked 
|  39|0x00000006d3c00000, 0x00000006d3c00000, 0x00000006d4000000|  0%| F|  |TAMS 0x00000006d3c00000, 0x00000006d3c00000| Untracked 
|  40|0x00000006d4000000, 0x00000006d4000000, 0x00000006d4400000|  0%| F|  |TAMS 0x00000006d4000000, 0x00000006d4000000| Untracked 
|  41|0x00000006d4400000, 0x00000006d4400000, 0x00000006d4800000|  0%| F|  |TAMS 0x00000006d4400000, 0x00000006d4400000| Untracked 
|  42|0x00000006d4800000, 0x00000006d4800000, 0x00000006d4c00000|  0%| F|  |TAMS 0x00000006d4800000, 0x00000006d4800000| Untracked 
|  43|0x00000006d4c00000, 0x00000006d4c00000, 0x00000006d5000000|  0%| F|  |TAMS 0x00000006d4c00000, 0x00000006d4c00000| Untracked 
|  44|0x00000006d5000000, 0x00000006d5000000, 0x00000006d5400000|  0%| F|  |TAMS 0x00000006d5000000, 0x00000006d5000000| Untracked 
|  45|0x00000006d5400000, 0x00000006d5400000, 0x00000006d5800000|  0%| F|  |TAMS 0x00000006d5400000, 0x00000006d5400000| Untracked 
|  46|0x00000006d5800000, 0x00000006d5800000, 0x00000006d5c00000|  0%| F|  |TAMS 0x00000006d5800000, 0x00000006d5800000| Untracked 
|  47|0x00000006d5c00000, 0x00000006d5c00000, 0x00000006d6000000|  0%| F|  |TAMS 0x00000006d5c00000, 0x00000006d5c00000| Untracked 
|  48|0x00000006d6000000, 0x00000006d6000000, 0x00000006d6400000|  0%| F|  |TAMS 0x00000006d6000000, 0x00000006d6000000| Untracked 
|  49|0x00000006d6400000, 0x00000006d6400000, 0x00000006d6800000|  0%| F|  |TAMS 0x00000006d6400000, 0x00000006d6400000| Untracked 
|  50|0x00000006d6800000, 0x00000006d6800000, 0x00000006d6c00000|  0%| F|  |TAMS 0x00000006d6800000, 0x00000006d6800000| Untracked 
|  51|0x00000006d6c00000, 0x00000006d6c00000, 0x00000006d7000000|  0%| F|  |TAMS 0x00000006d6c00000, 0x00000006d6c00000| Untracked 
|  52|0x00000006d7000000, 0x00000006d7000000, 0x00000006d7400000|  0%| F|  |TAMS 0x00000006d7000000, 0x00000006d7000000| Untracked 
|  53|0x00000006d7400000, 0x00000006d7400000, 0x00000006d7800000|  0%| F|  |TAMS 0x00000006d7400000, 0x00000006d7400000| Untracked 
|  54|0x00000006d7800000, 0x00000006d7800000, 0x00000006d7c00000|  0%| F|  |TAMS 0x00000006d7800000, 0x00000006d7800000| Untracked 
|  55|0x00000006d7c00000, 0x00000006d7c00000, 0x00000006d8000000|  0%| F|  |TAMS 0x00000006d7c00000, 0x00000006d7c00000| Untracked 
|  56|0x00000006d8000000, 0x00000006d8000000, 0x00000006d8400000|  0%| F|  |TAMS 0x00000006d8000000, 0x00000006d8000000| Untracked 
|  57|0x00000006d8400000, 0x00000006d8400000, 0x00000006d8800000|  0%| F|  |TAMS 0x00000006d8400000, 0x00000006d8400000| Untracked 
|  58|0x00000006d8800000, 0x00000006d8800000, 0x00000006d8c00000|  0%| F|  |TAMS 0x00000006d8800000, 0x00000006d8800000| Untracked 
|  59|0x00000006d8c00000, 0x00000006d8c00000, 0x00000006d9000000|  0%| F|  |TAMS 0x00000006d8c00000, 0x00000006d8c00000| Untracked 
|  60|0x00000006d9000000, 0x00000006d9000000, 0x00000006d9400000|  0%| F|  |TAMS 0x00000006d9000000, 0x00000006d9000000| Untracked 
|  61|0x00000006d9400000, 0x00000006d9400000, 0x00000006d9800000|  0%| F|  |TAMS 0x00000006d9400000, 0x00000006d9400000| Untracked 
|  62|0x00000006d9800000, 0x00000006d9800000, 0x00000006d9c00000|  0%| F|  |TAMS 0x00000006d9800000, 0x00000006d9800000| Untracked 
|  63|0x00000006d9c00000, 0x00000006d9c00000, 0x00000006da000000|  0%| F|  |TAMS 0x00000006d9c00000, 0x00000006d9c00000| Untracked 
|  64|0x00000006da000000, 0x00000006da000000, 0x00000006da400000|  0%| F|  |TAMS 0x00000006da000000, 0x00000006da000000| Untracked 
|  65|0x00000006da400000, 0x00000006da400000, 0x00000006da800000|  0%| F|  |TAMS 0x00000006da400000, 0x00000006da400000| Untracked 
|  66|0x00000006da800000, 0x00000006da800000, 0x00000006dac00000|  0%| F|  |TAMS 0x00000006da800000, 0x00000006da800000| Untracked 
|  67|0x00000006dac00000, 0x00000006dac00000, 0x00000006db000000|  0%| F|  |TAMS 0x00000006dac00000, 0x00000006dac00000| Untracked 
|  68|0x00000006db000000, 0x00000006db000000, 0x00000006db400000|  0%| F|  |TAMS 0x00000006db000000, 0x00000006db000000| Untracked 
|  69|0x00000006db400000, 0x00000006db400000, 0x00000006db800000|  0%| F|  |TAMS 0x00000006db400000, 0x00000006db400000| Untracked 
|  70|0x00000006db800000, 0x00000006db800000, 0x00000006dbc00000|  0%| F|  |TAMS 0x00000006db800000, 0x00000006db800000| Untracked 
|  71|0x00000006dbc00000, 0x00000006dbc00000, 0x00000006dc000000|  0%| F|  |TAMS 0x00000006dbc00000, 0x00000006dbc00000| Untracked 
|  72|0x00000006dc000000, 0x00000006dc000000, 0x00000006dc400000|  0%| F|  |TAMS 0x00000006dc000000, 0x00000006dc000000| Untracked 
|  73|0x00000006dc400000, 0x00000006dc400000, 0x00000006dc800000|  0%| F|  |TAMS 0x00000006dc400000, 0x00000006dc400000| Untracked 
|  74|0x00000006dc800000, 0x00000006dc800000, 0x00000006dcc00000|  0%| F|  |TAMS 0x00000006dc800000, 0x00000006dc800000| Untracked 
|  75|0x00000006dcc00000, 0x00000006dcc00000, 0x00000006dd000000|  0%| F|  |TAMS 0x00000006dcc00000, 0x00000006dcc00000| Untracked 
|  76|0x00000006dd000000, 0x00000006dd000000, 0x00000006dd400000|  0%| F|  |TAMS 0x00000006dd000000, 0x00000006dd000000| Untracked 
|  77|0x00000006dd400000, 0x00000006dd400000, 0x00000006dd800000|  0%| F|  |TAMS 0x00000006dd400000, 0x00000006dd400000| Untracked 
|  78|0x00000006dd800000, 0x00000006dd800000, 0x00000006ddc00000|  0%| F|  |TAMS 0x00000006dd800000, 0x00000006dd800000| Untracked 
|  79|0x00000006ddc00000, 0x00000006ddc00000, 0x00000006de000000|  0%| F|  |TAMS 0x00000006ddc00000, 0x00000006ddc00000| Untracked 
|  80|0x00000006de000000, 0x00000006de000000, 0x00000006de400000|  0%| F|  |TAMS 0x00000006de000000, 0x00000006de000000| Untracked 
|  81|0x00000006de400000, 0x00000006de400000, 0x00000006de800000|  0%| F|  |TAMS 0x00000006de400000, 0x00000006de400000| Untracked 
|  82|0x00000006de800000, 0x00000006de800000, 0x00000006dec00000|  0%| F|  |TAMS 0x00000006de800000, 0x00000006de800000| Untracked 
|  83|0x00000006dec00000, 0x00000006dec00000, 0x00000006df000000|  0%| F|  |TAMS 0x00000006dec00000, 0x00000006dec00000| Untracked 
|  84|0x00000006df000000, 0x00000006df27f250, 0x00000006df400000| 62%| S|CS|TAMS 0x00000006df000000, 0x00000006df000000| Complete 
|  85|0x00000006df400000, 0x00000006df800000, 0x00000006df800000|100%| S|CS|TAMS 0x00000006df400000, 0x00000006df400000| Complete 
|  86|0x00000006df800000, 0x00000006dfc00000, 0x00000006dfc00000|100%| S|CS|TAMS 0x00000006df800000, 0x00000006df800000| Complete 
|  87|0x00000006dfc00000, 0x00000006e0000000, 0x00000006e0000000|100%| S|CS|TAMS 0x00000006dfc00000, 0x00000006dfc00000| Complete 
|  88|0x00000006e0000000, 0x00000006e0400000, 0x00000006e0400000|100%| S|CS|TAMS 0x00000006e0000000, 0x00000006e0000000| Complete 
|  89|0x00000006e0400000, 0x00000006e0800000, 0x00000006e0800000|100%| S|CS|TAMS 0x00000006e0400000, 0x00000006e0400000| Complete 
|  90|0x00000006e0800000, 0x00000006e0c00000, 0x00000006e0c00000|100%| S|CS|TAMS 0x00000006e0800000, 0x00000006e0800000| Complete 
|  91|0x00000006e0c00000, 0x00000006e1000000, 0x00000006e1000000|100%| S|CS|TAMS 0x00000006e0c00000, 0x00000006e0c00000| Complete 
|  92|0x00000006e1000000, 0x00000006e1000000, 0x00000006e1400000|  0%| F|  |TAMS 0x00000006e1000000, 0x00000006e1000000| Untracked 
|  93|0x00000006e1400000, 0x00000006e1400000, 0x00000006e1800000|  0%| F|  |TAMS 0x00000006e1400000, 0x00000006e1400000| Untracked 
|  94|0x00000006e1800000, 0x00000006e1800000, 0x00000006e1c00000|  0%| F|  |TAMS 0x00000006e1800000, 0x00000006e1800000| Untracked 
|  95|0x00000006e1c00000, 0x00000006e1c00000, 0x00000006e2000000|  0%| F|  |TAMS 0x00000006e1c00000, 0x00000006e1c00000| Untracked 
|  96|0x00000006e2000000, 0x00000006e2000000, 0x00000006e2400000|  0%| F|  |TAMS 0x00000006e2000000, 0x00000006e2000000| Untracked 
|  97|0x00000006e2400000, 0x00000006e2400000, 0x00000006e2800000|  0%| F|  |TAMS 0x00000006e2400000, 0x00000006e2400000| Untracked 
|  98|0x00000006e2800000, 0x00000006e2800000, 0x00000006e2c00000|  0%| F|  |TAMS 0x00000006e2800000, 0x00000006e2800000| Untracked 
|  99|0x00000006e2c00000, 0x00000006e2c00000, 0x00000006e3000000|  0%| F|  |TAMS 0x00000006e2c00000, 0x00000006e2c00000| Untracked 
| 100|0x00000006e3000000, 0x00000006e3000000, 0x00000006e3400000|  0%| F|  |TAMS 0x00000006e3000000, 0x00000006e3000000| Untracked 
| 101|0x00000006e3400000, 0x00000006e3400000, 0x00000006e3800000|  0%| F|  |TAMS 0x00000006e3400000, 0x00000006e3400000| Untracked 
| 102|0x00000006e3800000, 0x00000006e3800000, 0x00000006e3c00000|  0%| F|  |TAMS 0x00000006e3800000, 0x00000006e3800000| Untracked 
| 103|0x00000006e3c00000, 0x00000006e3c00000, 0x00000006e4000000|  0%| F|  |TAMS 0x00000006e3c00000, 0x00000006e3c00000| Untracked 
| 104|0x00000006e4000000, 0x00000006e4400000, 0x00000006e4400000|100%| S|CS|TAMS 0x00000006e4000000, 0x00000006e4000000| Complete 
| 105|0x00000006e4400000, 0x00000006e4800000, 0x00000006e4800000|100%| S|CS|TAMS 0x00000006e4400000, 0x00000006e4400000| Complete 
| 106|0x00000006e4800000, 0x00000006e4c00000, 0x00000006e4c00000|100%| S|CS|TAMS 0x00000006e4800000, 0x00000006e4800000| Complete 
| 107|0x00000006e4c00000, 0x00000006e5000000, 0x00000006e5000000|100%| S|CS|TAMS 0x00000006e4c00000, 0x00000006e4c00000| Complete 
| 108|0x00000006e5000000, 0x00000006e5400000, 0x00000006e5400000|100%| S|CS|TAMS 0x00000006e5000000, 0x00000006e5000000| Complete 
| 109|0x00000006e5400000, 0x00000006e5800000, 0x00000006e5800000|100%| S|CS|TAMS 0x00000006e5400000, 0x00000006e5400000| Complete 
| 110|0x00000006e5800000, 0x00000006e5800000, 0x00000006e5c00000|  0%| F|  |TAMS 0x00000006e5800000, 0x00000006e5800000| Untracked 
| 111|0x00000006e5c00000, 0x00000006e5c00000, 0x00000006e6000000|  0%| F|  |TAMS 0x00000006e5c00000, 0x00000006e5c00000| Untracked 
| 112|0x00000006e6000000, 0x00000006e6000000, 0x00000006e6400000|  0%| F|  |TAMS 0x00000006e6000000, 0x00000006e6000000| Untracked 
| 113|0x00000006e6400000, 0x00000006e6400000, 0x00000006e6800000|  0%| F|  |TAMS 0x00000006e6400000, 0x00000006e6400000| Untracked 
| 114|0x00000006e6800000, 0x00000006e6800000, 0x00000006e6c00000|  0%| F|  |TAMS 0x00000006e6800000, 0x00000006e6800000| Untracked 
| 115|0x00000006e6c00000, 0x00000006e6c00000, 0x00000006e7000000|  0%| F|  |TAMS 0x00000006e6c00000, 0x00000006e6c00000| Untracked 
| 116|0x00000006e7000000, 0x00000006e7000000, 0x00000006e7400000|  0%| F|  |TAMS 0x00000006e7000000, 0x00000006e7000000| Untracked 
| 117|0x00000006e7400000, 0x00000006e7400000, 0x00000006e7800000|  0%| F|  |TAMS 0x00000006e7400000, 0x00000006e7400000| Untracked 
| 118|0x00000006e7800000, 0x00000006e7800000, 0x00000006e7c00000|  0%| F|  |TAMS 0x00000006e7800000, 0x00000006e7800000| Untracked 
| 119|0x00000006e7c00000, 0x00000006e7c00000, 0x00000006e8000000|  0%| F|  |TAMS 0x00000006e7c00000, 0x00000006e7c00000| Untracked 
| 120|0x00000006e8000000, 0x00000006e8000000, 0x00000006e8400000|  0%| F|  |TAMS 0x00000006e8000000, 0x00000006e8000000| Untracked 
| 121|0x00000006e8400000, 0x00000006e8400000, 0x00000006e8800000|  0%| F|  |TAMS 0x00000006e8400000, 0x00000006e8400000| Untracked 
| 122|0x00000006e8800000, 0x00000006e8800000, 0x00000006e8c00000|  0%| F|  |TAMS 0x00000006e8800000, 0x00000006e8800000| Untracked 
| 123|0x00000006e8c00000, 0x00000006e8c00000, 0x00000006e9000000|  0%| F|  |TAMS 0x00000006e8c00000, 0x00000006e8c00000| Untracked 
| 124|0x00000006e9000000, 0x00000006e9000000, 0x00000006e9400000|  0%| F|  |TAMS 0x00000006e9000000, 0x00000006e9000000| Untracked 
| 125|0x00000006e9400000, 0x00000006e9400000, 0x00000006e9800000|  0%| F|  |TAMS 0x00000006e9400000, 0x00000006e9400000| Untracked 
| 126|0x00000006e9800000, 0x00000006e9800000, 0x00000006e9c00000|  0%| F|  |TAMS 0x00000006e9800000, 0x00000006e9800000| Untracked 
| 127|0x00000006e9c00000, 0x00000006e9c00000, 0x00000006ea000000|  0%| F|  |TAMS 0x00000006e9c00000, 0x00000006e9c00000| Untracked 
| 128|0x00000006ea000000, 0x00000006ea000000, 0x00000006ea400000|  0%| F|  |TAMS 0x00000006ea000000, 0x00000006ea000000| Untracked 
| 129|0x00000006ea400000, 0x00000006ea400000, 0x00000006ea800000|  0%| F|  |TAMS 0x00000006ea400000, 0x00000006ea400000| Untracked 
| 130|0x00000006ea800000, 0x00000006ea800000, 0x00000006eac00000|  0%| F|  |TAMS 0x00000006ea800000, 0x00000006ea800000| Untracked 
| 131|0x00000006eac00000, 0x00000006eac00000, 0x00000006eb000000|  0%| F|  |TAMS 0x00000006eac00000, 0x00000006eac00000| Untracked 
| 132|0x00000006eb000000, 0x00000006eb000000, 0x00000006eb400000|  0%| F|  |TAMS 0x00000006eb000000, 0x00000006eb000000| Untracked 
| 133|0x00000006eb400000, 0x00000006eb400000, 0x00000006eb800000|  0%| F|  |TAMS 0x00000006eb400000, 0x00000006eb400000| Untracked 
| 134|0x00000006eb800000, 0x00000006eb800000, 0x00000006ebc00000|  0%| F|  |TAMS 0x00000006eb800000, 0x00000006eb800000| Untracked 
| 135|0x00000006ebc00000, 0x00000006ebc00000, 0x00000006ec000000|  0%| F|  |TAMS 0x00000006ebc00000, 0x00000006ebc00000| Untracked 
| 136|0x00000006ec000000, 0x00000006ec000000, 0x00000006ec400000|  0%| F|  |TAMS 0x00000006ec000000, 0x00000006ec000000| Untracked 
| 137|0x00000006ec400000, 0x00000006ec400000, 0x00000006ec800000|  0%| F|  |TAMS 0x00000006ec400000, 0x00000006ec400000| Untracked 
| 138|0x00000006ec800000, 0x00000006ec800000, 0x00000006ecc00000|  0%| F|  |TAMS 0x00000006ec800000, 0x00000006ec800000| Untracked 
| 139|0x00000006ecc00000, 0x00000006ecc00000, 0x00000006ed000000|  0%| F|  |TAMS 0x00000006ecc00000, 0x00000006ecc00000| Untracked 
| 140|0x00000006ed000000, 0x00000006ed000000, 0x00000006ed400000|  0%| F|  |TAMS 0x00000006ed000000, 0x00000006ed000000| Untracked 
| 141|0x00000006ed400000, 0x00000006ed400000, 0x00000006ed800000|  0%| F|  |TAMS 0x00000006ed400000, 0x00000006ed400000| Untracked 
| 142|0x00000006ed800000, 0x00000006ed800000, 0x00000006edc00000|  0%| F|  |TAMS 0x00000006ed800000, 0x00000006ed800000| Untracked 
| 143|0x00000006edc00000, 0x00000006edc00000, 0x00000006ee000000|  0%| F|  |TAMS 0x00000006edc00000, 0x00000006edc00000| Untracked 
| 144|0x00000006ee000000, 0x00000006ee000000, 0x00000006ee400000|  0%| F|  |TAMS 0x00000006ee000000, 0x00000006ee000000| Untracked 
| 145|0x00000006ee400000, 0x00000006ee400000, 0x00000006ee800000|  0%| F|  |TAMS 0x00000006ee400000, 0x00000006ee400000| Untracked 
| 146|0x00000006ee800000, 0x00000006ee800000, 0x00000006eec00000|  0%| F|  |TAMS 0x00000006ee800000, 0x00000006ee800000| Untracked 
| 147|0x00000006eec00000, 0x00000006eec00000, 0x00000006ef000000|  0%| F|  |TAMS 0x00000006eec00000, 0x00000006eec00000| Untracked 
| 148|0x00000006ef000000, 0x00000006ef000000, 0x00000006ef400000|  0%| F|  |TAMS 0x00000006ef000000, 0x00000006ef000000| Untracked 
| 149|0x00000006ef400000, 0x00000006ef400000, 0x00000006ef800000|  0%| F|  |TAMS 0x00000006ef400000, 0x00000006ef400000| Untracked 
| 150|0x00000006ef800000, 0x00000006ef800000, 0x00000006efc00000|  0%| F|  |TAMS 0x00000006ef800000, 0x00000006ef800000| Untracked 
| 151|0x00000006efc00000, 0x00000006efc00000, 0x00000006f0000000|  0%| F|  |TAMS 0x00000006efc00000, 0x00000006efc00000| Untracked 
| 152|0x00000006f0000000, 0x00000006f0000000, 0x00000006f0400000|  0%| F|  |TAMS 0x00000006f0000000, 0x00000006f0000000| Untracked 
| 153|0x00000006f0400000, 0x00000006f0400000, 0x00000006f0800000|  0%| F|  |TAMS 0x00000006f0400000, 0x00000006f0400000| Untracked 
| 154|0x00000006f0800000, 0x00000006f0800000, 0x00000006f0c00000|  0%| F|  |TAMS 0x00000006f0800000, 0x00000006f0800000| Untracked 
| 155|0x00000006f0c00000, 0x00000006f0c00000, 0x00000006f1000000|  0%| F|  |TAMS 0x00000006f0c00000, 0x00000006f0c00000| Untracked 
| 156|0x00000006f1000000, 0x00000006f1000000, 0x00000006f1400000|  0%| F|  |TAMS 0x00000006f1000000, 0x00000006f1000000| Untracked 
| 157|0x00000006f1400000, 0x00000006f1400000, 0x00000006f1800000|  0%| F|  |TAMS 0x00000006f1400000, 0x00000006f1400000| Untracked 
| 158|0x00000006f1800000, 0x00000006f1800000, 0x00000006f1c00000|  0%| F|  |TAMS 0x00000006f1800000, 0x00000006f1800000| Untracked 
| 159|0x00000006f1c00000, 0x00000006f1c00000, 0x00000006f2000000|  0%| F|  |TAMS 0x00000006f1c00000, 0x00000006f1c00000| Untracked 
| 160|0x00000006f2000000, 0x00000006f2000000, 0x00000006f2400000|  0%| F|  |TAMS 0x00000006f2000000, 0x00000006f2000000| Untracked 
| 161|0x00000006f2400000, 0x00000006f2400000, 0x00000006f2800000|  0%| F|  |TAMS 0x00000006f2400000, 0x00000006f2400000| Untracked 
| 162|0x00000006f2800000, 0x00000006f2800000, 0x00000006f2c00000|  0%| F|  |TAMS 0x00000006f2800000, 0x00000006f2800000| Untracked 
| 163|0x00000006f2c00000, 0x00000006f2c00000, 0x00000006f3000000|  0%| F|  |TAMS 0x00000006f2c00000, 0x00000006f2c00000| Untracked 
| 164|0x00000006f3000000, 0x00000006f3000000, 0x00000006f3400000|  0%| F|  |TAMS 0x00000006f3000000, 0x00000006f3000000| Untracked 
| 165|0x00000006f3400000, 0x00000006f3400000, 0x00000006f3800000|  0%| F|  |TAMS 0x00000006f3400000, 0x00000006f3400000| Untracked 
| 166|0x00000006f3800000, 0x00000006f3800000, 0x00000006f3c00000|  0%| F|  |TAMS 0x00000006f3800000, 0x00000006f3800000| Untracked 
| 167|0x00000006f3c00000, 0x00000006f3c00000, 0x00000006f4000000|  0%| F|  |TAMS 0x00000006f3c00000, 0x00000006f3c00000| Untracked 
| 168|0x00000006f4000000, 0x00000006f4000000, 0x00000006f4400000|  0%| F|  |TAMS 0x00000006f4000000, 0x00000006f4000000| Untracked 
| 169|0x00000006f4400000, 0x00000006f4400000, 0x00000006f4800000|  0%| F|  |TAMS 0x00000006f4400000, 0x00000006f4400000| Untracked 
| 170|0x00000006f4800000, 0x00000006f4800000, 0x00000006f4c00000|  0%| F|  |TAMS 0x00000006f4800000, 0x00000006f4800000| Untracked 
| 171|0x00000006f4c00000, 0x00000006f4c00000, 0x00000006f5000000|  0%| F|  |TAMS 0x00000006f4c00000, 0x00000006f4c00000| Untracked 
| 172|0x00000006f5000000, 0x00000006f5000000, 0x00000006f5400000|  0%| F|  |TAMS 0x00000006f5000000, 0x00000006f5000000| Untracked 
| 173|0x00000006f5400000, 0x00000006f5400000, 0x00000006f5800000|  0%| F|  |TAMS 0x00000006f5400000, 0x00000006f5400000| Untracked 
| 174|0x00000006f5800000, 0x00000006f5800000, 0x00000006f5c00000|  0%| F|  |TAMS 0x00000006f5800000, 0x00000006f5800000| Untracked 
| 175|0x00000006f5c00000, 0x00000006f5c00000, 0x00000006f6000000|  0%| F|  |TAMS 0x00000006f5c00000, 0x00000006f5c00000| Untracked 
| 176|0x00000006f6000000, 0x00000006f6000000, 0x00000006f6400000|  0%| F|  |TAMS 0x00000006f6000000, 0x00000006f6000000| Untracked 
| 177|0x00000006f6400000, 0x00000006f6400000, 0x00000006f6800000|  0%| F|  |TAMS 0x00000006f6400000, 0x00000006f6400000| Untracked 
| 178|0x00000006f6800000, 0x00000006f6800000, 0x00000006f6c00000|  0%| F|  |TAMS 0x00000006f6800000, 0x00000006f6800000| Untracked 
| 179|0x00000006f6c00000, 0x00000006f6c00000, 0x00000006f7000000|  0%| F|  |TAMS 0x00000006f6c00000, 0x00000006f6c00000| Untracked 
| 180|0x00000006f7000000, 0x00000006f7000000, 0x00000006f7400000|  0%| F|  |TAMS 0x00000006f7000000, 0x00000006f7000000| Untracked 
| 181|0x00000006f7400000, 0x00000006f7400000, 0x00000006f7800000|  0%| F|  |TAMS 0x00000006f7400000, 0x00000006f7400000| Untracked 
| 182|0x00000006f7800000, 0x00000006f7800000, 0x00000006f7c00000|  0%| F|  |TAMS 0x00000006f7800000, 0x00000006f7800000| Untracked 
| 183|0x00000006f7c00000, 0x00000006f7c00000, 0x00000006f8000000|  0%| F|  |TAMS 0x00000006f7c00000, 0x00000006f7c00000| Untracked 
| 184|0x00000006f8000000, 0x00000006f8000000, 0x00000006f8400000|  0%| F|  |TAMS 0x00000006f8000000, 0x00000006f8000000| Untracked 
| 185|0x00000006f8400000, 0x00000006f8400000, 0x00000006f8800000|  0%| F|  |TAMS 0x00000006f8400000, 0x00000006f8400000| Untracked 
| 186|0x00000006f8800000, 0x00000006f8800000, 0x00000006f8c00000|  0%| F|  |TAMS 0x00000006f8800000, 0x00000006f8800000| Untracked 
| 187|0x00000006f8c00000, 0x00000006f8c00000, 0x00000006f9000000|  0%| F|  |TAMS 0x00000006f8c00000, 0x00000006f8c00000| Untracked 
| 188|0x00000006f9000000, 0x00000006f9000000, 0x00000006f9400000|  0%| F|  |TAMS 0x00000006f9000000, 0x00000006f9000000| Untracked 
| 189|0x00000006f9400000, 0x00000006f9400000, 0x00000006f9800000|  0%| F|  |TAMS 0x00000006f9400000, 0x00000006f9400000| Untracked 
| 190|0x00000006f9800000, 0x00000006f9800000, 0x00000006f9c00000|  0%| F|  |TAMS 0x00000006f9800000, 0x00000006f9800000| Untracked 
| 191|0x00000006f9c00000, 0x00000006f9c00000, 0x00000006fa000000|  0%| F|  |TAMS 0x00000006f9c00000, 0x00000006f9c00000| Untracked 
| 192|0x00000006fa000000, 0x00000006fa000000, 0x00000006fa400000|  0%| F|  |TAMS 0x00000006fa000000, 0x00000006fa000000| Untracked 
| 193|0x00000006fa400000, 0x00000006fa400000, 0x00000006fa800000|  0%| F|  |TAMS 0x00000006fa400000, 0x00000006fa400000| Untracked 
| 194|0x00000006fa800000, 0x00000006fa800000, 0x00000006fac00000|  0%| F|  |TAMS 0x00000006fa800000, 0x00000006fa800000| Untracked 
| 195|0x00000006fac00000, 0x00000006fac00000, 0x00000006fb000000|  0%| F|  |TAMS 0x00000006fac00000, 0x00000006fac00000| Untracked 
| 196|0x00000006fb000000, 0x00000006fb000000, 0x00000006fb400000|  0%| F|  |TAMS 0x00000006fb000000, 0x00000006fb000000| Untracked 
| 197|0x00000006fb400000, 0x00000006fb400000, 0x00000006fb800000|  0%| F|  |TAMS 0x00000006fb400000, 0x00000006fb400000| Untracked 
| 198|0x00000006fb800000, 0x00000006fb800000, 0x00000006fbc00000|  0%| F|  |TAMS 0x00000006fb800000, 0x00000006fb800000| Untracked 
| 199|0x00000006fbc00000, 0x00000006fbc00000, 0x00000006fc000000|  0%| F|  |TAMS 0x00000006fbc00000, 0x00000006fbc00000| Untracked 
| 200|0x00000006fc000000, 0x00000006fc000000, 0x00000006fc400000|  0%| F|  |TAMS 0x00000006fc000000, 0x00000006fc000000| Untracked 
| 201|0x00000006fc400000, 0x00000006fc400000, 0x00000006fc800000|  0%| F|  |TAMS 0x00000006fc400000, 0x00000006fc400000| Untracked 
| 202|0x00000006fc800000, 0x00000006fc800000, 0x00000006fcc00000|  0%| F|  |TAMS 0x00000006fc800000, 0x00000006fc800000| Untracked 
| 203|0x00000006fcc00000, 0x00000006fcc00000, 0x00000006fd000000|  0%| F|  |TAMS 0x00000006fcc00000, 0x00000006fcc00000| Untracked 
| 204|0x00000006fd000000, 0x00000006fd000000, 0x00000006fd400000|  0%| F|  |TAMS 0x00000006fd000000, 0x00000006fd000000| Untracked 
| 205|0x00000006fd400000, 0x00000006fd400000, 0x00000006fd800000|  0%| F|  |TAMS 0x00000006fd400000, 0x00000006fd400000| Untracked 
| 206|0x00000006fd800000, 0x00000006fd800000, 0x00000006fdc00000|  0%| F|  |TAMS 0x00000006fd800000, 0x00000006fd800000| Untracked 
| 207|0x00000006fdc00000, 0x00000006fdc00000, 0x00000006fe000000|  0%| F|  |TAMS 0x00000006fdc00000, 0x00000006fdc00000| Untracked 
| 208|0x00000006fe000000, 0x00000006fe000000, 0x00000006fe400000|  0%| F|  |TAMS 0x00000006fe000000, 0x00000006fe000000| Untracked 
| 209|0x00000006fe400000, 0x00000006fe400000, 0x00000006fe800000|  0%| F|  |TAMS 0x00000006fe400000, 0x00000006fe400000| Untracked 
| 210|0x00000006fe800000, 0x00000006fe800000, 0x00000006fec00000|  0%| F|  |TAMS 0x00000006fe800000, 0x00000006fe800000| Untracked 
| 211|0x00000006fec00000, 0x00000006fec00000, 0x00000006ff000000|  0%| F|  |TAMS 0x00000006fec00000, 0x00000006fec00000| Untracked 
| 212|0x00000006ff000000, 0x00000006ff000000, 0x00000006ff400000|  0%| F|  |TAMS 0x00000006ff000000, 0x00000006ff000000| Untracked 
| 213|0x00000006ff400000, 0x00000006ff400000, 0x00000006ff800000|  0%| F|  |TAMS 0x00000006ff400000, 0x00000006ff400000| Untracked 
| 214|0x00000006ff800000, 0x00000006ff800000, 0x00000006ffc00000|  0%| F|  |TAMS 0x00000006ff800000, 0x00000006ff800000| Untracked 
| 215|0x00000006ffc00000, 0x00000006ffc00000, 0x0000000700000000|  0%| F|  |TAMS 0x00000006ffc00000, 0x00000006ffc00000| Untracked 
| 216|0x0000000700000000, 0x0000000700000000, 0x0000000700400000|  0%| F|  |TAMS 0x0000000700000000, 0x0000000700000000| Untracked 
| 217|0x0000000700400000, 0x0000000700400000, 0x0000000700800000|  0%| F|  |TAMS 0x0000000700400000, 0x0000000700400000| Untracked 
| 218|0x0000000700800000, 0x0000000700800000, 0x0000000700c00000|  0%| F|  |TAMS 0x0000000700800000, 0x0000000700800000| Untracked 
| 219|0x0000000700c00000, 0x0000000700c00000, 0x0000000701000000|  0%| F|  |TAMS 0x0000000700c00000, 0x0000000700c00000| Untracked 
| 220|0x0000000701000000, 0x0000000701000000, 0x0000000701400000|  0%| F|  |TAMS 0x0000000701000000, 0x0000000701000000| Untracked 
| 221|0x0000000701400000, 0x0000000701400000, 0x0000000701800000|  0%| F|  |TAMS 0x0000000701400000, 0x0000000701400000| Untracked 
| 222|0x0000000701800000, 0x0000000701800000, 0x0000000701c00000|  0%| F|  |TAMS 0x0000000701800000, 0x0000000701800000| Untracked 
| 223|0x0000000701c00000, 0x0000000701c00000, 0x0000000702000000|  0%| F|  |TAMS 0x0000000701c00000, 0x0000000701c00000| Untracked 
| 224|0x0000000702000000, 0x0000000702000000, 0x0000000702400000|  0%| F|  |TAMS 0x0000000702000000, 0x0000000702000000| Untracked 
| 225|0x0000000702400000, 0x0000000702400000, 0x0000000702800000|  0%| F|  |TAMS 0x0000000702400000, 0x0000000702400000| Untracked 
| 226|0x0000000702800000, 0x0000000702800000, 0x0000000702c00000|  0%| F|  |TAMS 0x0000000702800000, 0x0000000702800000| Untracked 
| 227|0x0000000702c00000, 0x0000000702c00000, 0x0000000703000000|  0%| F|  |TAMS 0x0000000702c00000, 0x0000000702c00000| Untracked 
| 228|0x0000000703000000, 0x0000000703000000, 0x0000000703400000|  0%| F|  |TAMS 0x0000000703000000, 0x0000000703000000| Untracked 
| 229|0x0000000703400000, 0x0000000703400000, 0x0000000703800000|  0%| F|  |TAMS 0x0000000703400000, 0x0000000703400000| Untracked 
| 230|0x0000000703800000, 0x0000000703800000, 0x0000000703c00000|  0%| F|  |TAMS 0x0000000703800000, 0x0000000703800000| Untracked 
| 231|0x0000000703c00000, 0x0000000703c00000, 0x0000000704000000|  0%| F|  |TAMS 0x0000000703c00000, 0x0000000703c00000| Untracked 
| 232|0x0000000704000000, 0x0000000704000000, 0x0000000704400000|  0%| F|  |TAMS 0x0000000704000000, 0x0000000704000000| Untracked 
| 233|0x0000000704400000, 0x0000000704400000, 0x0000000704800000|  0%| F|  |TAMS 0x0000000704400000, 0x0000000704400000| Untracked 
| 234|0x0000000704800000, 0x0000000704800000, 0x0000000704c00000|  0%| F|  |TAMS 0x0000000704800000, 0x0000000704800000| Untracked 
| 235|0x0000000704c00000, 0x0000000704c00000, 0x0000000705000000|  0%| F|  |TAMS 0x0000000704c00000, 0x0000000704c00000| Untracked 
| 236|0x0000000705000000, 0x0000000705000000, 0x0000000705400000|  0%| F|  |TAMS 0x0000000705000000, 0x0000000705000000| Untracked 
| 237|0x0000000705400000, 0x0000000705400000, 0x0000000705800000|  0%| F|  |TAMS 0x0000000705400000, 0x0000000705400000| Untracked 
| 238|0x0000000705800000, 0x0000000705800000, 0x0000000705c00000|  0%| F|  |TAMS 0x0000000705800000, 0x0000000705800000| Untracked 
| 239|0x0000000705c00000, 0x0000000705c00000, 0x0000000706000000|  0%| F|  |TAMS 0x0000000705c00000, 0x0000000705c00000| Untracked 
| 240|0x0000000706000000, 0x0000000706000000, 0x0000000706400000|  0%| F|  |TAMS 0x0000000706000000, 0x0000000706000000| Untracked 
| 241|0x0000000706400000, 0x0000000706400000, 0x0000000706800000|  0%| F|  |TAMS 0x0000000706400000, 0x0000000706400000| Untracked 
| 242|0x0000000706800000, 0x0000000706800000, 0x0000000706c00000|  0%| F|  |TAMS 0x0000000706800000, 0x0000000706800000| Untracked 

Card table byte_map: [0x00000245fe020000,0x00000245fe9d0000] _byte_map_base: 0x00000245fa9d0000

Marking Bits (Prev, Next): (CMBitMap*) 0x00000245f5996a40, (CMBitMap*) 0x00000245f5996a80
 Prev Bits: [0x0000024580000000, 0x0000024584d80000)
 Next Bits: [0x0000024584d80000, 0x0000024589b00000)

Polling page: 0x00000245f59f0000

Metaspace:

Usage:
  Non-class:     37.41 MB used.
      Class:      5.89 MB used.
       Both:     43.31 MB used.

Virtual space:
  Non-class space:       40.00 MB reserved,      37.62 MB ( 94%) committed,  5 nodes.
      Class space:        1.00 GB reserved,       6.00 MB ( <1%) committed,  1 nodes.
             Both:        1.04 GB reserved,      43.62 MB (  4%) committed. 

Chunk freelists:
   Non-Class:  1.62 MB
       Class:  1.94 MB
        Both:  3.56 MB

MaxMetaspaceSize: unlimited
CompressedClassSpaceSize: 1.00 GB
Initial GC threshold: 21.00 MB
Current GC threshold: 59.19 MB
CDS: off
MetaspaceReclaimPolicy: balanced
 - commit_granule_bytes: 65536.
 - commit_granule_words: 8192.
 - virtual_space_node_default_size: 1048576.
 - enlarge_chunks_in_place: 1.
 - new_chunks_are_fully_committed: 0.
 - uncommit_free_chunks: 1.
 - use_allocation_guard: 0.
 - handle_deallocations: 1.


Internal statistics:

num_allocs_failed_limit: 6.
num_arena_births: 400.
num_arena_deaths: 0.
num_vsnodes_births: 6.
num_vsnodes_deaths: 0.
num_space_committed: 698.
num_space_uncommitted: 0.
num_chunks_returned_to_freelist: 6.
num_chunks_taken_from_freelist: 1752.
num_chunk_merges: 6.
num_chunk_splits: 1233.
num_chunks_enlarged: 979.
num_purges: 0.
num_inconsistent_stats: 0.

CodeCache: size=49152Kb used=12456Kb max_used=12456Kb free=36695Kb
 bounds [0x00000245f9d90000, 0x00000245fa9c0000, 0x00000245fcd90000]
 total_blobs=6215 nmethods=5648 adapters=490
 compilation: enabled
              stopped_count=0, restarted_count=0
 full_count=0

Compilation events (20 events):
Event: 11.588 Thread 0x000002458d0e8540 nmethod 5631 0x00000245fa9b2310 code [0x00000245fa9b2600, 0x00000245fa9b3368]
Event: 11.588 Thread 0x000002458c52e900 nmethod 5639 0x00000245fa9b3710 code [0x00000245fa9b38a0, 0x00000245fa9b39b8]
Event: 11.588 Thread 0x000002458d0e7820 nmethod 5632 0x00000245fa9b3a10 code [0x00000245fa9b3c80, 0x00000245fa9b4bf8]
Event: 11.588 Thread 0x00000245ffe4e530 nmethod 5640 0x00000245fa9b4f90 code [0x00000245fa9b5120, 0x00000245fa9b5238]
Event: 11.589 Thread 0x00000245ffe4e530 5641       1       java.io.FileDescriptor$1::close (5 bytes)
Event: 11.590 Thread 0x00000245ffe4e530 nmethod 5641 0x00000245fa9b5290 code [0x00000245fa9b5440, 0x00000245fa9b5758]
Event: 11.591 Thread 0x000002458d0e8540 5642       1       jdk.internal.reflect.AccessorGenerator::getClassName (197 bytes)
Event: 11.592 Thread 0x000002458d0e8540 nmethod 5642 0x00000245fa9b5910 code [0x00000245fa9b5c20, 0x00000245fa9b66c8]
Event: 11.594 Thread 0x000002458d0e7820 5643       1       java.nio.DirectByteBufferR::isDirect (2 bytes)
Event: 11.594 Thread 0x000002458d0e7820 nmethod 5643 0x00000245fa9b6a90 code [0x00000245fa9b6c20, 0x00000245fa9b6cf8]
Event: 11.597 Thread 0x00000245ffe4e530 5644       1       java.nio.DirectByteBuffer::cleaner (5 bytes)
Event: 11.597 Thread 0x00000245ffe4e530 nmethod 5644 0x00000245fa9b6d90 code [0x00000245fa9b6f20, 0x00000245fa9b6ff8]
Event: 11.603 Thread 0x000002458c52e900 5645   !   1       nonapi.io.github.classgraph.fileslice.FileSlice::close (69 bytes)
Event: 11.603 Thread 0x000002458d0e7820 5646       1       java.io.RandomAccessFile$1::close (11 bytes)
Event: 11.604 Thread 0x000002458d0e7820 nmethod 5646 0x00000245fa9b7090 code [0x00000245fa9b7240, 0x00000245fa9b7558]
Event: 11.604 Thread 0x000002458c52e900 nmethod 5645 0x00000245fa9b7710 code [0x00000245fa9b7920, 0x00000245fa9b7ec8]
Event: 11.613 Thread 0x000002458d0e8540 5647       1       org.openrewrite.config.DeclarativeRecipe::initialize (206 bytes)
Event: 11.615 Thread 0x000002458d0e8540 nmethod 5647 0x00000245fa9b8210 code [0x00000245fa9b8580, 0x00000245fa9b9598]
Event: 11.615 Thread 0x000002458d0e8540 5648       1       org.openrewrite.config.DeclarativeRecipe$$Lambda$548/0x000000080060b330::<init> (10 bytes)
Event: 11.615 Thread 0x000002458d0e8540 nmethod 5648 0x00000245fa9b9d90 code [0x00000245fa9b9f20, 0x00000245fa9ba038]

GC Heap History (20 events):
Event: 4.962 GC heap after
{Heap after GC invocations=13 (full 0):
 garbage-first heap   total 180224K, used 62592K [0x00000006ca000000, 0x0000000800000000)
  region size 4096K, 1 young (4096K), 1 survivors (4096K)
 Metaspace       used 37317K, committed 37632K, reserved 1081344K
  class space    used 4725K, committed 4864K, reserved 1048576K
}
Event: 4.980 GC heap before
{Heap before GC invocations=13 (full 0):
 garbage-first heap   total 180224K, used 115840K [0x00000006ca000000, 0x0000000800000000)
  region size 4096K, 15 young (61440K), 1 survivors (4096K)
 Metaspace       used 37373K, committed 37696K, reserved 1089536K
  class space    used 4731K, committed 4864K, reserved 1048576K
}
Event: 4.983 GC heap after
{Heap after GC invocations=14 (full 0):
 garbage-first heap   total 180224K, used 65847K [0x00000006ca000000, 0x0000000800000000)
  region size 4096K, 2 young (8192K), 2 survivors (8192K)
 Metaspace       used 37373K, committed 37696K, reserved 1089536K
  class space    used 4731K, committed 4864K, reserved 1048576K
}
Event: 5.033 GC heap before
{Heap before GC invocations=14 (full 0):
 garbage-first heap   total 180224K, used 123191K [0x00000006ca000000, 0x0000000800000000)
  region size 4096K, 17 young (69632K), 2 survivors (8192K)
 Metaspace       used 37447K, committed 37760K, reserved 1089536K
  class space    used 4737K, committed 4864K, reserved 1048576K
}
Event: 5.037 GC heap after
{Heap after GC invocations=15 (full 0):
 garbage-first heap   total 507904K, used 66593K [0x00000006ca000000, 0x0000000800000000)
  region size 4096K, 2 young (8192K), 2 survivors (8192K)
 Metaspace       used 37447K, committed 37760K, reserved 1089536K
  class space    used 4737K, committed 4864K, reserved 1048576K
}
Event: 5.277 GC heap before
{Heap before GC invocations=15 (full 0):
 garbage-first heap   total 507904K, used 357409K [0x00000006ca000000, 0x0000000800000000)
  region size 4096K, 74 young (303104K), 2 survivors (8192K)
 Metaspace       used 37723K, committed 38080K, reserved 1089536K
  class space    used 4776K, committed 4928K, reserved 1048576K
}
Event: 5.290 GC heap after
{Heap after GC invocations=16 (full 0):
 garbage-first heap   total 507904K, used 81343K [0x00000006ca000000, 0x0000000800000000)
  region size 4096K, 6 young (24576K), 6 survivors (24576K)
 Metaspace       used 37723K, committed 38080K, reserved 1089536K
  class space    used 4776K, committed 4928K, reserved 1048576K
}
Event: 5.484 GC heap before
{Heap before GC invocations=16 (full 0):
 garbage-first heap   total 507904K, used 355775K [0x00000006ca000000, 0x0000000800000000)
  region size 4096K, 74 young (303104K), 6 survivors (24576K)
 Metaspace       used 37723K, committed 38080K, reserved 1089536K
  class space    used 4776K, committed 4928K, reserved 1048576K
}
Event: 5.502 GC heap after
{Heap after GC invocations=17 (full 0):
 garbage-first heap   total 507904K, used 93237K [0x00000006ca000000, 0x0000000800000000)
  region size 4096K, 8 young (32768K), 8 survivors (32768K)
 Metaspace       used 37723K, committed 38080K, reserved 1089536K
  class space    used 4776K, committed 4928K, reserved 1048576K
}
Event: 5.633 GC heap before
{Heap before GC invocations=17 (full 0):
 garbage-first heap   total 507904K, used 359477K [0x00000006ca000000, 0x0000000800000000)
  region size 4096K, 74 young (303104K), 8 survivors (32768K)
 Metaspace       used 37723K, committed 38080K, reserved 1089536K
  class space    used 4776K, committed 4928K, reserved 1048576K
}
Event: 5.653 GC heap after
{Heap after GC invocations=18 (full 0):
 garbage-first heap   total 507904K, used 105879K [0x00000006ca000000, 0x0000000800000000)
  region size 4096K, 6 young (24576K), 6 survivors (24576K)
 Metaspace       used 37723K, committed 38080K, reserved 1089536K
  class space    used 4776K, committed 4928K, reserved 1048576K
}
Event: 5.781 GC heap before
{Heap before GC invocations=18 (full 0):
 garbage-first heap   total 507904K, used 380311K [0x00000006ca000000, 0x0000000800000000)
  region size 4096K, 74 young (303104K), 6 survivors (24576K)
 Metaspace       used 37723K, committed 38080K, reserved 1089536K
  class space    used 4776K, committed 4928K, reserved 1048576K
}
Event: 5.802 GC heap after
{Heap after GC invocations=19 (full 0):
 garbage-first heap   total 995328K, used 116888K [0x00000006ca000000, 0x0000000800000000)
  region size 4096K, 6 young (24576K), 6 survivors (24576K)
 Metaspace       used 37723K, committed 38080K, reserved 1089536K
  class space    used 4776K, committed 4928K, reserved 1048576K
}
Event: 6.514 GC heap before
{Heap before GC invocations=19 (full 0):
 garbage-first heap   total 995328K, used 682136K [0x00000006ca000000, 0x0000000800000000)
  region size 4096K, 145 young (593920K), 6 survivors (24576K)
 Metaspace       used 37856K, committed 38144K, reserved 1089536K
  class space    used 4785K, committed 4928K, reserved 1048576K
}
Event: 6.542 GC heap after
{Heap after GC invocations=20 (full 0):
 garbage-first heap   total 995328K, used 148550K [0x00000006ca000000, 0x0000000800000000)
  region size 4096K, 14 young (57344K), 14 survivors (57344K)
 Metaspace       used 37856K, committed 38144K, reserved 1089536K
  class space    used 4785K, committed 4928K, reserved 1048576K
}
Event: 7.420 GC heap before
{Heap before GC invocations=20 (full 0):
 garbage-first heap   total 995328K, used 681030K [0x00000006ca000000, 0x0000000800000000)
  region size 4096K, 145 young (593920K), 14 survivors (57344K)
 Metaspace       used 37856K, committed 38144K, reserved 1089536K
  class space    used 4785K, committed 4928K, reserved 1048576K
}
Event: 7.454 GC heap after
{Heap after GC invocations=21 (full 0):
 garbage-first heap   total 995328K, used 175902K [0x00000006ca000000, 0x0000000800000000)
  region size 4096K, 15 young (61440K), 15 survivors (61440K)
 Metaspace       used 37856K, committed 38144K, reserved 1089536K
  class space    used 4785K, committed 4928K, reserved 1048576K
}
Event: 8.130 GC heap before
{Heap before GC invocations=21 (full 0):
 garbage-first heap   total 995328K, used 704286K [0x00000006ca000000, 0x0000000800000000)
  region size 4096K, 145 young (593920K), 15 survivors (61440K)
 Metaspace       used 37856K, committed 38144K, reserved 1089536K
  class space    used 4785K, committed 4928K, reserved 1048576K
}
Event: 8.166 GC heap after
{Heap after GC invocations=22 (full 0):
 garbage-first heap   total 995328K, used 201934K [0x00000006ca000000, 0x0000000800000000)
  region size 4096K, 13 young (53248K), 13 survivors (53248K)
 Metaspace       used 37856K, committed 38144K, reserved 1089536K
  class space    used 4785K, committed 4928K, reserved 1048576K
}
Event: 11.620 GC heap before
{Heap before GC invocations=22 (full 0):
 garbage-first heap   total 995328K, used 738510K [0x00000006ca000000, 0x0000000800000000)
  region size 4096K, 145 young (593920K), 13 survivors (53248K)
 Metaspace       used 44344K, committed 44672K, reserved 1089536K
  class space    used 6033K, committed 6144K, reserved 1048576K
}

Deoptimization events (20 events):
Event: 3.866 Thread 0x000002458c650220 DEOPT PACKING pc=0x00000245fa4a2a13 sp=0x000000a4f10fe7f0
Event: 3.866 Thread 0x000002458c650220 DEOPT UNPACKING pc=0x00000245f9de2b43 sp=0x000000a4f10fdd38 mode 3
Event: 4.152 Thread 0x000002458c64f3b0 DEOPT PACKING pc=0x00000245fa2cd309 sp=0x000000a4f16fed10
Event: 4.152 Thread 0x000002458c64f3b0 DEOPT UNPACKING pc=0x00000245f9de2b43 sp=0x000000a4f16fe1a0 mode 3
Event: 4.363 Thread 0x000002458e60cdc0 DEOPT PACKING pc=0x00000245fa61666d sp=0x000000a4f23fd990
Event: 4.363 Thread 0x000002458e60cdc0 DEOPT UNPACKING pc=0x00000245f9de2b43 sp=0x000000a4f23fceb8 mode 3
Event: 4.652 Thread 0x000002458e60cdc0 DEOPT PACKING pc=0x00000245fa402b3c sp=0x000000a4f23f87f0
Event: 4.652 Thread 0x000002458e60cdc0 DEOPT UNPACKING pc=0x00000245f9de2b43 sp=0x000000a4f23f7c70 mode 3
Event: 4.704 Thread 0x000002458e60bf50 DEOPT PACKING pc=0x00000245fa2c541f sp=0x000000a4f1ffefd0
Event: 4.704 Thread 0x000002458e60bf50 DEOPT UNPACKING pc=0x00000245f9de2b43 sp=0x000000a4f1ffe428 mode 3
Event: 10.260 Thread 0x000002458c650220 DEOPT PACKING pc=0x00000245fa2a86e2 sp=0x000000a4f10fd880
Event: 10.260 Thread 0x000002458c650220 DEOPT UNPACKING pc=0x00000245f9de2b43 sp=0x000000a4f10fcd88 mode 3
Event: 11.362 Thread 0x000002458c650220 DEOPT PACKING pc=0x00000245fa979e3c sp=0x000000a4f10fe0f0
Event: 11.362 Thread 0x000002458c650220 DEOPT UNPACKING pc=0x00000245f9de2b43 sp=0x000000a4f10fd5e8 mode 0
Event: 11.362 Thread 0x000002458c650220 DEOPT PACKING pc=0x00000245fa933d34 sp=0x000000a4f10fe1c0
Event: 11.362 Thread 0x000002458c650220 DEOPT UNPACKING pc=0x00000245f9de2b43 sp=0x000000a4f10fd698 mode 0
Event: 11.362 Thread 0x000002458c650220 DEOPT PACKING pc=0x00000245fa9326fc sp=0x000000a4f10fe270
Event: 11.362 Thread 0x000002458c650220 DEOPT UNPACKING pc=0x00000245f9de2b43 sp=0x000000a4f10fd7f0 mode 0
Event: 11.363 Thread 0x000002458c650220 DEOPT PACKING pc=0x00000245fa959d9c sp=0x000000a4f10fe570
Event: 11.363 Thread 0x000002458c650220 DEOPT UNPACKING pc=0x00000245f9de2b43 sp=0x000000a4f10fda00 mode 0

Classes unloaded (0 events):
No events

Classes redefined (0 events):
No events

Internal exceptions (20 events):
Event: 9.828 Thread 0x000002458e611f90 Exception <a 'sun/nio/fs/WindowsException'{0x00000006f06b9df0}> (0x00000006f06b9df0) 
thrown [e:\jenkins\tmp\workspace\build\src\src\hotspot\share\prims\jni.cpp, line 516]
Event: 9.828 Thread 0x000002458e611f90 Exception <a 'sun/nio/fs/WindowsException'{0x00000006f06ba200}> (0x00000006f06ba200) 
thrown [e:\jenkins\tmp\workspace\build\src\src\hotspot\share\prims\jni.cpp, line 516]
Event: 9.828 Thread 0x000002458e611f90 Exception <a 'sun/nio/fs/WindowsException'{0x00000006f06bac28}> (0x00000006f06bac28) 
thrown [e:\jenkins\tmp\workspace\build\src\src\hotspot\share\prims\jni.cpp, line 516]
Event: 9.828 Thread 0x000002458e611f90 Exception <a 'sun/nio/fs/WindowsException'{0x00000006f06bb008}> (0x00000006f06bb008) 
thrown [e:\jenkins\tmp\workspace\build\src\src\hotspot\share\prims\jni.cpp, line 516]
Event: 9.828 Thread 0x000002458e611f90 Exception <a 'sun/nio/fs/WindowsException'{0x00000006f06bba08}> (0x00000006f06bba08) 
thrown [e:\jenkins\tmp\workspace\build\src\src\hotspot\share\prims\jni.cpp, line 516]
Event: 9.828 Thread 0x000002458e611f90 Exception <a 'sun/nio/fs/WindowsException'{0x00000006f06bbdb8}> (0x00000006f06bbdb8) 
thrown [e:\jenkins\tmp\workspace\build\src\src\hotspot\share\prims\jni.cpp, line 516]
Event: 9.828 Thread 0x000002458e611f90 Exception <a 'sun/nio/fs/WindowsException'{0x00000006f06bc7c0}> (0x00000006f06bc7c0) 
thrown [e:\jenkins\tmp\workspace\build\src\src\hotspot\share\prims\jni.cpp, line 516]
Event: 9.828 Thread 0x000002458e611f90 Exception <a 'sun/nio/fs/WindowsException'{0x00000006f06bcb80}> (0x00000006f06bcb80) 
thrown [e:\jenkins\tmp\workspace\build\src\src\hotspot\share\prims\jni.cpp, line 516]
Event: 9.828 Thread 0x000002458e611f90 Exception <a 'sun/nio/fs/WindowsException'{0x00000006f06bd580}> (0x00000006f06bd580) 
thrown [e:\jenkins\tmp\workspace\build\src\src\hotspot\share\prims\jni.cpp, line 516]
Event: 9.828 Thread 0x000002458e611f90 Exception <a 'sun/nio/fs/WindowsException'{0x00000006f06bd930}> (0x00000006f06bd930) 
thrown [e:\jenkins\tmp\workspace\build\src\src\hotspot\share\prims\jni.cpp, line 516]
Event: 9.828 Thread 0x000002458e611f90 Exception <a 'sun/nio/fs/WindowsException'{0x00000006f06be338}> (0x00000006f06be338) 
thrown [e:\jenkins\tmp\workspace\build\src\src\hotspot\share\prims\jni.cpp, line 516]
Event: 9.828 Thread 0x000002458e611f90 Exception <a 'sun/nio/fs/WindowsException'{0x00000006f06be6f8}> (0x00000006f06be6f8) 
thrown [e:\jenkins\tmp\workspace\build\src\src\hotspot\share\prims\jni.cpp, line 516]
Event: 9.828 Thread 0x000002458e611f90 Exception <a 'sun/nio/fs/WindowsException'{0x00000006f06bf120}> (0x00000006f06bf120) 
thrown [e:\jenkins\tmp\workspace\build\src\src\hotspot\share\prims\jni.cpp, line 516]
Event: 9.828 Thread 0x000002458e611f90 Exception <a 'sun/nio/fs/WindowsException'{0x00000006f06bf500}> (0x00000006f06bf500) 
thrown [e:\jenkins\tmp\workspace\build\src\src\hotspot\share\prims\jni.cpp, line 516]
Event: 9.828 Thread 0x000002458e60fde0 Exception <a 'java/lang/NoSuchMethodError'{0x00000006f0008300}: 'java.lang.Object java.lang.invoke.Invokers$Holder.invoke_MT(java.lang.Object, java.lang.Object, java.lang.Object)'> (0x00000006f0008300) 
thrown [e:\jenkins\tmp\workspace\build\src\src\hotspot\share\interpreter\linkResolver.cpp, line 766]
Event: 9.829 Thread 0x000002458e611f90 Exception <a 'sun/nio/fs/WindowsException'{0x00000006f06bff38}> (0x00000006f06bff38) 
thrown [e:\jenkins\tmp\workspace\build\src\src\hotspot\share\prims\jni.cpp, line 516]
Event: 9.829 Thread 0x000002458e611f90 Exception <a 'sun/nio/fs/WindowsException'{0x00000006f06c0328}> (0x00000006f06c0328) 
thrown [e:\jenkins\tmp\workspace\build\src\src\hotspot\share\prims\jni.cpp, line 516]
Event: 9.829 Thread 0x000002458e611f90 Exception <a 'sun/nio/fs/WindowsException'{0x00000006f06c0d58}> (0x00000006f06c0d58) 
thrown [e:\jenkins\tmp\workspace\build\src\src\hotspot\share\prims\jni.cpp, line 516]
Event: 9.829 Thread 0x000002458e611f90 Exception <a 'sun/nio/fs/WindowsException'{0x00000006f06c1148}> (0x00000006f06c1148) 
thrown [e:\jenkins\tmp\workspace\build\src\src\hotspot\share\prims\jni.cpp, line 516]
Event: 9.927 Thread 0x000002458c650220 Exception <a 'java/lang/NoSuchMethodError'{0x00000006f05a7198}: 'void java.lang.invoke.DirectMethodHandle$Holder.invokeStatic(java.lang.Object, java.lang.Object, java.lang.Object, java.lang.Object, java.lang.Object, java.lang.Object)'> (0x00000006f05a7198) 
thrown [e:\jenkins\tmp\workspace\build\src\src\hotspot\share\interpreter\linkResolver.cpp, line 766]

VM Operations (20 events):
Event: 9.901 Executing VM operation: ICBufferFull done
Event: 9.901 Executing VM operation: ICBufferFull
Event: 9.902 Executing VM operation: ICBufferFull done
Event: 9.904 Executing VM operation: ICBufferFull
Event: 9.904 Executing VM operation: ICBufferFull done
Event: 10.020 Executing VM operation: HandshakeAllThreads
Event: 10.020 Executing VM operation: HandshakeAllThreads done
Event: 10.131 Executing VM operation: HandshakeAllThreads
Event: 10.131 Executing VM operation: HandshakeAllThreads done
Event: 10.268 Executing VM operation: ICBufferFull
Event: 10.268 Executing VM operation: ICBufferFull done
Event: 10.300 Executing VM operation: HandshakeAllThreads
Event: 10.300 Executing VM operation: HandshakeAllThreads done
Event: 10.771 Executing VM operation: ICBufferFull
Event: 10.771 Executing VM operation: ICBufferFull done
Event: 11.360 Executing VM operation: HandshakeAllThreads
Event: 11.360 Executing VM operation: HandshakeAllThreads done
Event: 11.360 Executing VM operation: HandshakeAllThreads
Event: 11.360 Executing VM operation: HandshakeAllThreads done
Event: 11.620 Executing VM operation: G1CollectForAllocation

Events (20 events):
Event: 10.223 loading class java/io/ObjectStreamConstants done
Event: 10.223 loading class java/io/ObjectInputStream done
Event: 10.223 loading class java/io/ObjectOutputStream
Event: 10.224 loading class java/io/ObjectOutput
Event: 10.224 loading class java/io/ObjectOutput done
Event: 10.224 loading class java/io/ObjectOutputStream done
Event: 10.225 loading class java/util/concurrent/ConcurrentHashMap$TreeNode
Event: 10.225 loading class java/util/concurrent/ConcurrentHashMap$TreeNode done
Event: 10.226 loading class java/util/concurrent/ConcurrentHashMap$TreeBin
Event: 10.226 loading class java/util/concurrent/ConcurrentHashMap$TreeBin done
Event: 10.427 loading class sun/reflect/generics/scope/ConstructorScope
Event: 10.428 loading class sun/reflect/generics/scope/ConstructorScope done
Event: 10.537 loading class java/util/stream/Collectors$Partition$1
Event: 10.537 loading class java/util/stream/Collectors$Partition$1 done
Event: 11.423 loading class java/util/stream/Streams$ConcatSpliterator$OfRef
Event: 11.423 loading class java/util/stream/Streams$ConcatSpliterator
Event: 11.423 loading class java/util/stream/Streams$ConcatSpliterator done
Event: 11.424 loading class java/util/stream/Streams$ConcatSpliterator$OfRef done
Event: 11.424 loading class java/util/stream/Streams$2
Event: 11.424 loading class java/util/stream/Streams$2 done


Dynamic libraries:
0x00007ff642e90000 - 0x00007ff642e9e000 	c:\Users\LENOVO\.vscode\extensions\redhat.java-1.9.0-win32-x64\jre\17.0.3-win32-x86_64\bin\java.exe
0x00007fffca2a0000 - 0x00007fffca4a9000 	C:\WINDOWS\SYSTEM32\ntdll.dll
0x00007fffbfb10000 - 0x00007fffbfb27000 	C:\Program Files\Avast Software\Avast\aswhook.dll
0x00007fffc9220000 - 0x00007fffc92dd000 	C:\WINDOWS\System32\KERNEL32.DLL
0x00007fffc7a80000 - 0x00007fffc7df9000 	C:\WINDOWS\System32\KERNELBASE.dll
0x00007fffc8010000 - 0x00007fffc8121000 	C:\WINDOWS\System32\ucrtbase.dll
0x00007fffab5e0000 - 0x00007fffab5f8000 	c:\Users\LENOVO\.vscode\extensions\redhat.java-1.9.0-win32-x64\jre\17.0.3-win32-x86_64\bin\jli.dll
0x00007fffa0890000 - 0x00007fffa08a9000 	c:\Users\LENOVO\.vscode\extensions\redhat.java-1.9.0-win32-x64\jre\17.0.3-win32-x86_64\bin\VCRUNTIME140.dll
0x00007fffc8760000 - 0x00007fffc890c000 	C:\WINDOWS\System32\USER32.dll
0x00007fffb8de0000 - 0x00007fffb9085000 	C:\WINDOWS\WinSxS\amd64_microsoft.windows.common-controls_6595b64144ccf1df_6.0.22000.120_none_9d947278b86cc467\COMCTL32.dll
0x00007fffc7e00000 - 0x00007fffc7e26000 	C:\WINDOWS\System32\win32u.dll
0x00007fffc9050000 - 0x00007fffc90f3000 	C:\WINDOWS\System32\msvcrt.dll
0x00007fffc8610000 - 0x00007fffc8639000 	C:\WINDOWS\System32\GDI32.dll
0x00007fffc7e30000 - 0x00007fffc7f42000 	C:\WINDOWS\System32\gdi32full.dll
0x00007fffc7960000 - 0x00007fffc79fd000 	C:\WINDOWS\System32\msvcp_win.dll
0x00007fffca180000 - 0x00007fffca1b1000 	C:\WINDOWS\System32\IMM32.DLL
0x00007fffb4470000 - 0x00007fffb447c000 	c:\Users\LENOVO\.vscode\extensions\redhat.java-1.9.0-win32-x64\jre\17.0.3-win32-x86_64\bin\vcruntime140_1.dll
0x00007fff8a590000 - 0x00007fff8a621000 	c:\Users\LENOVO\.vscode\extensions\redhat.java-1.9.0-win32-x64\jre\17.0.3-win32-x86_64\bin\msvcp140.dll
0x00007fff643f0000 - 0x00007fff65038000 	c:\Users\LENOVO\.vscode\extensions\redhat.java-1.9.0-win32-x64\jre\17.0.3-win32-x86_64\bin\server\jvm.dll
0x00007fffc96c0000 - 0x00007fffc976e000 	C:\WINDOWS\System32\ADVAPI32.dll
0x00007fffca1c0000 - 0x00007fffca25e000 	C:\WINDOWS\System32\sechost.dll
0x00007fffc9520000 - 0x00007fffc9640000 	C:\WINDOWS\System32\RPCRT4.dll
0x00007fffc97d0000 - 0x00007fffc97d8000 	C:\WINDOWS\System32\PSAPI.DLL
0x00007fffbe580000 - 0x00007fffbe589000 	C:\WINDOWS\SYSTEM32\WSOCK32.dll
0x00007fffc30e0000 - 0x00007fffc3113000 	C:\WINDOWS\SYSTEM32\WINMM.dll
0x00007fffc92f0000 - 0x00007fffc935f000 	C:\WINDOWS\System32\WS2_32.dll
0x00007fffc1000000 - 0x00007fffc100a000 	C:\WINDOWS\SYSTEM32\VERSION.dll
0x00007fffc6860000 - 0x00007fffc6878000 	C:\WINDOWS\SYSTEM32\kernel.appcore.dll
0x00007fffb3b80000 - 0x00007fffb3b8a000 	c:\Users\LENOVO\.vscode\extensions\redhat.java-1.9.0-win32-x64\jre\17.0.3-win32-x86_64\bin\jimage.dll
0x00007fffc5390000 - 0x00007fffc55b1000 	C:\WINDOWS\SYSTEM32\DBGHELP.DLL
0x00007fffc0e40000 - 0x00007fffc0e71000 	C:\WINDOWS\SYSTEM32\dbgcore.DLL
0x00007fffc7a00000 - 0x00007fffc7a7f000 	C:\WINDOWS\System32\bcryptPrimitives.dll
0x00007fff9f7d0000 - 0x00007fff9f7f5000 	c:\Users\LENOVO\.vscode\extensions\redhat.java-1.9.0-win32-x64\jre\17.0.3-win32-x86_64\bin\java.dll
0x00007fff9f5a0000 - 0x00007fff9f5b8000 	c:\Users\LENOVO\.vscode\extensions\redhat.java-1.9.0-win32-x64\jre\17.0.3-win32-x86_64\bin\zip.dll
0x00007fffc9840000 - 0x00007fffc9ff8000 	C:\WINDOWS\System32\SHELL32.dll
0x00007fffc58b0000 - 0x00007fffc6117000 	C:\WINDOWS\SYSTEM32\windows.storage.dll
0x00007fffc8a00000 - 0x00007fffc8d79000 	C:\WINDOWS\System32\combase.dll
0x00007fffc5740000 - 0x00007fffc58a6000 	C:\WINDOWS\SYSTEM32\wintypes.dll
0x00007fffca000000 - 0x00007fffca0ea000 	C:\WINDOWS\System32\SHCORE.dll
0x00007fffc8130000 - 0x00007fffc818d000 	C:\WINDOWS\System32\shlwapi.dll
0x00007fffc76b0000 - 0x00007fffc76d1000 	C:\WINDOWS\SYSTEM32\profapi.dll
0x00007fff9f4c0000 - 0x00007fff9f4d9000 	C:\Users\LENOVO\.vscode\extensions\redhat.java-1.9.0-win32-x64\jre\17.0.3-win32-x86_64\bin\net.dll
0x00007fffc2740000 - 0x00007fffc284c000 	C:\WINDOWS\SYSTEM32\WINHTTP.dll
0x00007fffc6d10000 - 0x00007fffc6d77000 	C:\WINDOWS\system32\mswsock.dll
0x00007fff9d0e0000 - 0x00007fff9d0f5000 	C:\Users\LENOVO\.vscode\extensions\redhat.java-1.9.0-win32-x64\jre\17.0.3-win32-x86_64\bin\nio.dll
0x00007fffae350000 - 0x00007fffae360000 	c:\Users\LENOVO\.vscode\extensions\redhat.java-1.9.0-win32-x64\jre\17.0.3-win32-x86_64\bin\verify.dll
0x00007fffae2f0000 - 0x00007fffae2f9000 	C:\Users\LENOVO\.vscode\extensions\redhat.java-1.9.0-win32-x64\jre\17.0.3-win32-x86_64\bin\management.dll
0x00007fffae250000 - 0x00007fffae25b000 	C:\Users\LENOVO\.vscode\extensions\redhat.java-1.9.0-win32-x64\jre\17.0.3-win32-x86_64\bin\management_ext.dll
0x00007fffafce0000 - 0x00007fffafcf7000 	C:\WINDOWS\system32\napinsp.dll
0x00007fffaf8f0000 - 0x00007fffaf90b000 	C:\WINDOWS\system32\pnrpnsp.dll
0x00007fffc63f0000 - 0x00007fffc64d8000 	C:\WINDOWS\SYSTEM32\DNSAPI.dll
0x00007fffc6380000 - 0x00007fffc63ad000 	C:\WINDOWS\SYSTEM32\IPHLPAPI.DLL
0x00007fffc8190000 - 0x00007fffc8199000 	C:\WINDOWS\System32\NSI.dll
0x00007fffac580000 - 0x00007fffac592000 	C:\WINDOWS\System32\winrnr.dll
0x00007fffac5a0000 - 0x00007fffac5b5000 	C:\WINDOWS\system32\wshbth.dll
0x00007fffac560000 - 0x00007fffac57f000 	C:\WINDOWS\system32\nlansp_c.dll
0x00007fffc14c0000 - 0x00007fffc14ca000 	C:\Windows\System32\rasadhlp.dll
0x00007fffc2850000 - 0x00007fffc28d1000 	C:\WINDOWS\System32\fwpuclnt.dll
0x00007fffc6f60000 - 0x00007fffc6f78000 	C:\WINDOWS\SYSTEM32\CRYPTSP.dll
0x00007fffc67b0000 - 0x00007fffc67e5000 	C:\WINDOWS\system32\rsaenh.dll
0x00007fffc6e10000 - 0x00007fffc6e39000 	C:\WINDOWS\SYSTEM32\USERENV.dll
0x00007fffc70e0000 - 0x00007fffc7107000 	C:\WINDOWS\SYSTEM32\bcrypt.dll
0x00007fffc6f80000 - 0x00007fffc6f8c000 	C:\WINDOWS\SYSTEM32\CRYPTBASE.dll
0x00007fffc2b50000 - 0x00007fffc2b69000 	C:\WINDOWS\SYSTEM32\dhcpcsvc6.DLL
0x00007fffc3120000 - 0x00007fffc313e000 	C:\WINDOWS\SYSTEM32\dhcpcsvc.DLL

dbghelp: loaded successfully - version: 4.0.5 - missing functions: none
symbol engine: initialized successfully - sym options: 0x614 - pdb path: .;c:\Users\LENOVO\.vscode\extensions\redhat.java-1.9.0-win32-x64\jre\17.0.3-win32-x86_64\bin;C:\WINDOWS\SYSTEM32;C:\Program Files\Avast Software\Avast;C:\WINDOWS\WinSxS\amd64_microsoft.windows.common-controls_6595b64144ccf1df_6.0.22000.120_none_9d947278b86cc467;c:\Users\LENOVO\.vscode\extensions\redhat.java-1.9.0-win32-x64\jre\17.0.3-win32-x86_64\bin\server

VM Arguments:
jvm_args: -Dsts.lsp.client=vscode -Dsts.log.file=/dev/null -XX:TieredStopAtLevel=1 -Dspring.config.location=file:c:\Users\LENOVO\.vscode\extensions\pivotal.vscode-spring-boot-1.38.0\language-server\BOOT-INF\classes\application.properties 
java_command: org.springframework.ide.vscode.boot.app.BootLanguageServerBootApp
java_class_path (initial): c:\Users\LENOVO\.vscode\extensions\pivotal.vscode-spring-boot-1.38.0\language-server\BOOT-INF\classes;c:\Users\LENOVO\.vscode\extensions\pivotal.vscode-spring-boot-1.38.0\language-server\BOOT-INF\lib\annotations-23.0.0.jar;c:\Users\LENOVO\.vscode\extensions\pivotal.vscode-spring-boot-1.38.0\language-server\BOOT-INF\lib\antlr-runtime-3.5.2.jar;c:\Users\LENOVO\.vscode\extensions\pivotal.vscode-spring-boot-1.38.0\language-server\BOOT-INF\lib\antlr4-4.9.3.jar;c:\Users\LENOVO\.vscode\extensions\pivotal.vscode-spring-boot-1.38.0\language-server\BOOT-INF\lib\antlr4-runtime-4.9.3.jar;c:\Users\LENOVO\.vscode\extensions\pivotal.vscode-spring-boot-1.38.0\language-server\BOOT-INF\lib\asm-9.3.jar;c:\Users\LENOVO\.vscode\extensions\pivotal.vscode-spring-boot-1.38.0\language-server\BOOT-INF\lib\asm-analysis-9.3.jar;c:\Users\LENOVO\.vscode\extensions\pivotal.vscode-spring-boot-1.38.0\language-server\BOOT-INF\lib\asm-tree-9.3.jar;c:\Users\LENOVO\.vscode\extensions\pivotal.vscode-spring-boot-1.38.0\language-server\BOOT-INF\lib\asm-util-9.3.jar;c:\Users\LENOVO\.vscode\extensions\pivotal.vscode-spring-boot-1.38.0\language-server\BOOT-INF\lib\byte-buddy-1.10.18.jar;c:\Users\LENOVO\.vscode\extensions\pivotal.vscode-spring-boot-1.38.0\language-server\BOOT-INF\lib\caffeine-2.8.6.jar;c:\Users\LENOVO\.vscode\extensions\pivotal.vscode-spring-boot-1.38.0\language-server\BOOT-INF\lib\checker-qual-3.12.0.jar;c:\Users\LENOVO\.vscode\extensions\pivotal.vscode-spring-boot-1.38.0\language-server\BOOT-INF\lib\classgraph-4.8.149.jar;c:\Users\LENOVO\.vscode\extensions\pivotal.vscode-spring-boot-1.38.0\language-server\BOOT-INF\lib\commons-codec-1.14.jar;c:\Users\LENOVO\.vscode\extensions\pivotal.vscode-spring-boot-1.38.0\language-server\BOOT-INF\lib\commons-compress-1.21.jar;c:\Users\LENOVO\.vscode\extensions\pivotal.vscode-spring-boot-1.38.0\language-server\BOOT-INF\lib\commons-exec-1.3.jar;c:\Users\LENOVO\.vscode\extensions\pivotal.vscode-spring-boot-1.38.0\language-server
Launcher Type: SUN_STANDARD

[Global flags]
     intx CICompilerCount                          = 4                                         {product} {ergonomic}
     uint ConcGCThreads                            = 2                                         {product} {ergonomic}
     uint G1ConcRefinementThreads                  = 8                                         {product} {ergonomic}
   size_t G1HeapRegionSize                         = 4194304                                   {product} {ergonomic}
    uintx GCDrainStackTargetSize                   = 64                                        {product} {ergonomic}
   size_t InitialHeapSize                          = 327155712                                 {product} {ergonomic}
   size_t MarkStackSize                            = 4194304                                   {product} {ergonomic}
   size_t MaxHeapSize                              = 5200936960                                {product} {ergonomic}
   size_t MaxNewSize                               = 3120562176                                {product} {ergonomic}
   size_t MinHeapDeltaBytes                        = 4194304                                   {product} {ergonomic}
   size_t MinHeapSize                              = 8388608                                   {product} {ergonomic}
    uintx NonProfiledCodeHeapSize                  = 0                                      {pd product} {ergonomic}
     bool ProfileInterpreter                       = false                                  {pd product} {command line}
    uintx ProfiledCodeHeapSize                     = 0                                      {pd product} {ergonomic}
   size_t SoftMaxHeapSize                          = 5200936960                             {manageable} {ergonomic}
     intx TieredStopAtLevel                        = 1                                         {product} {command line}
     bool UseCompressedClassPointers               = true                           {product lp64_product} {ergonomic}
     bool UseCompressedOops                        = true                           {product lp64_product} {ergonomic}
     bool UseG1GC                                  = true                                      {product} {ergonomic}
     bool UseLargePagesIndividualAllocation        = false                                  {pd product} {ergonomic}

Logging:
Log output configuration:
 #0: stdout all=warning uptime,level,tags
 #1: stderr all=off uptime,level,tags

Environment Variables:
JAVA_HOME=C:\Program Files\Java\jdk1.8.0_261
CLASSPATH=C:\Program Files\Java\jdk1.8.0_261\jre
PATH=C:\db_home\bin;C:\Program Files (x86)\Microsoft SDKs\Azure\CLI2\wbin;C:\Program Files\Java\jdk1.8.0_261\bin;C:\Program Files (x86)\Common Files\Oracle\Java\javapath;C:\Program Files\Common Files\Oracle\Java\javapath;C:\WINDOWS\system32;C:\WINDOWS;C:\WINDOWS\System32\Wbem;C:\WINDOWS\System32\WindowsPowerShell\v1.0\;C:\WINDOWS\System32\OpenSSH\;C:\Program Files\Java\jdk-11.0.10;C:\maven\apache-maven-3.6.3\bin;%M2_HOME%\bin;C:\xampp\php;C:\sonar-scanner-4.5.0.2216-windows\bin;C:\Program Files\PuTTY\;C:\Program Files\nodejs\;C:\Program Files\Git\cmd;C:\Program Files\Docker\Docker\resources\bin;C:\ProgramData\DockerDesktop\version-bin;C:\ProgramData\ComposerSetup\bin;C:\Users\LENOVO\.windows-build-tools\python27\;C:\Users\LENOVO\AppData\Roaming\npm\node_modules\windows-build-tools\node_modules\.bin;C:\Users\LENOVO\AppData\Roaming\npm\node_modules\node_modules\.bin;C:\Users\LENOVO\AppData\Roaming\npm\node_modules\.bin;C:\Users\LENOVO\AppData\Roaming\node_modules\.bin;C:\Users\LENOVO\AppData\node_modules\.bin;C:\Users\LENOVO\node_modules\.bin;C:\Users\node_modules\.bin;C:\node_modules\.bin;C:\Users\LENOVO\AppData\Roaming\npm\node_modules\npm\node_modules\@npmcli\run-script\lib\node-gyp-bin;C:\db_home\bin;C:\Program Files (x86)\Microsoft SDKs\Azure\CLI2\wbin;C:\Program Files\Java\jdk1.8.0_261\bin;C:\Program Files (x86)\Common Files\Oracle\Java\javapath;C:\Program Files\Common Files\Oracle\Java\javapath;C:\WINDOWS\system32;C:\WINDOWS;C:\WINDOWS\System32\Wbem;C:\WINDOWS\System32\WindowsPowerShell\v1.0\;C:\WINDOWS\System32\OpenSSH\;C:\Program Files\Java\jdk-11.0.10;C:\maven\apache-maven-3.6.3\bin;%M2_HOME%\bin;C:\xampp\php;C:\ProgramData\ComposerSetup\bin;C:\sonar-scanner-4.5.0.2216-windows\bin;C:\Program Files\PuTTY\;C:\Program Files\nodejs\;C:\Program Files\Git\cmd;C:\Program Files\Docker\Docker\resources\bin;C:\ProgramData\DockerDesktop\version-bin;C:\Users\LENOVO\AppData\Local\Microsoft\WindowsApps;C:\Users\LENOVO\AppData\Local\Programs\Microsoft VS Code\bin;C:\Users\LEN
USERNAME=LENOVO
OS=Windows_NT
PROCESSOR_IDENTIFIER=AMD64 Family 23 Model 96 Stepping 1, AuthenticAMD



---------------  S Y S T E M  ---------------

OS:
 Windows 11 , 64 bit Build 22000 (10.0.22000.708)
OS uptime: 12 days 22:49 hours
Hyper-V role detected

CPU: total 8 (initial active 8) (8 cores per cpu, 1 threads per core) family 23 model 96 stepping 1 microcode 0x0, cx8, cmov, fxsr, mmx, 3dnowpref, sse, sse2, sse3, ssse3, sse4a, sse4.1, sse4.2, popcnt, lzcnt, tsc, tscinvbit, avx, avx2, aes, clmul, bmi1, bmi2, adx, sha, fma, vzeroupper, clflush, clflushopt, hv

Memory: 4k page, system-wide physical 19830M (553M free)
TotalPageFile size 50547M (AvailPageFile size 77M)
current process WorkingSet (physical memory assigned to process): 1121M, peak: 1126M
current process commit charge ("private bytes"): 1154M, peak: 1518M

vm_info: OpenJDK 64-Bit Server VM (17.0.3+7) for windows-amd64 JRE (17.0.3+7), built on Apr 19 2022 16:55:35 by "" with MS VC++ 16.7 (VS2019)

END.
