#
# There is insufficient memory for the Java Runtime Environment to continue.
# Native memory allocation (mmap) failed to map 830472192 bytes for G1 virtual space
# Possible reasons:
#   The system is out of physical RAM or swap space
#   The process is running with CompressedOops enabled, and the Java Heap may be blocking the growth of the native heap
# Possible solutions:
#   Reduce memory load on the system
#   Increase physical memory or swap space
#   Check if swap backing store is full
#   Decrease Java heap size (-Xmx/-Xms)
#   Decrease number of Java threads
#   Decrease Java thread stack sizes (-Xss)
#   Set larger code cache with -XX:ReservedCodeCacheSize=
#   JVM is running with Zero Based Compressed Oops mode in which the Java heap is
#     placed in the first 32GB address space. The Java Heap base address is the
#     maximum limit for the native heap growth. Please use -XX:HeapBaseMinAddress
#     to set the Java Heap base and to place the Java Heap above 32GB virtual address.
# This output file may be truncated or incomplete.
#
#  Out of Memory Error (os_windows.cpp:3535), pid=51640, tid=100464
#
# JRE version: OpenJDK Runtime Environment Temurin-17.0.3+7 (17.0.3+7) (build 17.0.3+7)
# Java VM: OpenJDK 64-Bit Server VM Temurin-17.0.3+7 (17.0.3+7, mixed mode, emulated-client, tiered, compressed oops, compressed class ptrs, g1 gc, windows-amd64)
# No core dump will be written. Minidumps are not enabled by default on client versions of Windows
#

---------------  S U M M A R Y ------------

Command Line: -Dsts.lsp.client=vscode -Dsts.log.file=/dev/null -XX:TieredStopAtLevel=1 -Dspring.config.location=file:c:\Users\LENOVO\.vscode\extensions\pivotal.vscode-spring-boot-1.38.0\language-server\BOOT-INF\classes\application.properties org.springframework.ide.vscode.boot.app.BootLanguageServerBootApp

Host: AMD Ryzen 7 4700U with Radeon Graphics         , 8 cores, 19G,  Windows 11 , 64 bit Build 22000 (10.0.22000.708)
Time: Sat Aug 20 19:01:02 2022 Hora est. Pacífico, Sudamérica elapsed time: 6.215404 seconds (0d 0h 0m 6s)

---------------  T H R E A D  ---------------

Current thread (0x0000017eb4f04830):  VMThread "VM Thread" [stack: 0x000000549af00000,0x000000549b000000] [id=100464]

Stack: [0x000000549af00000,0x000000549b000000]
Native frames: (J=compiled Java code, j=interpreted, Vv=VM code, C=native code)
V  [jvm.dll+0x675efa]
V  [jvm.dll+0x830a24]
V  [jvm.dll+0x8321ce]
V  [jvm.dll+0x832833]
V  [jvm.dll+0x2454b5]
V  [jvm.dll+0x672de9]
V  [jvm.dll+0x667732]
V  [jvm.dll+0x3043ab]
V  [jvm.dll+0x30b8f6]
V  [jvm.dll+0x35b62e]
V  [jvm.dll+0x35b85f]
V  [jvm.dll+0x2db248]
V  [jvm.dll+0x2d94fc]
V  [jvm.dll+0x2d8acc]
V  [jvm.dll+0x31ca2b]
V  [jvm.dll+0x836cdb]
V  [jvm.dll+0x837a14]
V  [jvm.dll+0x837f2c]
V  [jvm.dll+0x838304]
V  [jvm.dll+0x8383d0]
V  [jvm.dll+0x7e0cfa]
V  [jvm.dll+0x674d85]
C  [ucrtbase.dll+0x26c0c]
C  [KERNEL32.DLL+0x154e0]
C  [ntdll.dll+0x485b]

VM_Operation (0x000000549cffe4c0): G1CollectForAllocation, mode: safepoint, requested by thread 0x0000017eb7a1ad10


---------------  P R O C E S S  ---------------

Threads class SMR info:
_java_thread_list=0x0000017eb79d9390, length=39, elements={
0x0000017eb58002c0, 0x0000017eb5802140, 0x0000017eb4f297e0, 0x0000017eb5830420,
0x0000017eb5834d00, 0x0000017eb58355c0, 0x0000017eb5837e90, 0x0000017eb5838f30,
0x0000017eb58b0170, 0x0000017eb5a48570, 0x0000017eb5a5f010, 0x0000017eb6466d60,
0x0000017eb64c00e0, 0x0000017eb78f4630, 0x0000017eb79fef50, 0x0000017eb79ffc80,
0x0000017ea0f0e490, 0x0000017eb7a057c0, 0x0000017eb7a05c90, 0x0000017eb7964930,
0x0000017eb7964e00, 0x0000017eb7a15880, 0x0000017eb7a15d50, 0x0000017eb7a1ad10,
0x0000017eb7a21520, 0x0000017eb7a201e0, 0x0000017eb7a1f840, 0x0000017eb7a1fd10,
0x0000017eb7a219f0, 0x0000017eb7a21ec0, 0x0000017eb7a22390, 0x0000017eb7a20b80,
0x0000017eb7a206b0, 0x0000017eb7a21050, 0x0000017eb7a22860, 0x0000017eb7a22d30,
0x0000017eb7a1f370, 0x0000017eb969e610, 0x0000017eb969c460
}

Java Threads: ( => current thread )
  0x0000017eb58002c0 JavaThread "Reference Handler" daemon [_thread_blocked, id=88896, stack(0x000000549b000000,0x000000549b100000)]
  0x0000017eb5802140 JavaThread "Finalizer" daemon [_thread_blocked, id=115120, stack(0x000000549b100000,0x000000549b200000)]
  0x0000017eb4f297e0 JavaThread "Signal Dispatcher" daemon [_thread_blocked, id=116132, stack(0x000000549b200000,0x000000549b300000)]
  0x0000017eb5830420 JavaThread "Attach Listener" daemon [_thread_blocked, id=117196, stack(0x000000549b300000,0x000000549b400000)]
  0x0000017eb5834d00 JavaThread "Service Thread" daemon [_thread_blocked, id=112516, stack(0x000000549b400000,0x000000549b500000)]
  0x0000017eb58355c0 JavaThread "Monitor Deflation Thread" daemon [_thread_blocked, id=116804, stack(0x000000549b500000,0x000000549b600000)]
  0x0000017eb5837e90 JavaThread "C1 CompilerThread0" daemon [_thread_blocked, id=106572, stack(0x000000549b600000,0x000000549b700000)]
  0x0000017eb5838f30 JavaThread "Sweeper thread" daemon [_thread_blocked, id=114900, stack(0x000000549b700000,0x000000549b800000)]
  0x0000017eb58b0170 JavaThread "C1 CompilerThread1" daemon [_thread_blocked, id=14892, stack(0x000000549b800000,0x000000549b900000)]
  0x0000017eb5a48570 JavaThread "Notification Thread" daemon [_thread_blocked, id=113436, stack(0x000000549b900000,0x000000549ba00000)]
  0x0000017eb5a5f010 JavaThread "Common-Cleaner" daemon [_thread_blocked, id=111700, stack(0x000000549bb00000,0x000000549bc00000)]
  0x0000017eb6466d60 JavaThread "C1 CompilerThread2" daemon [_thread_blocked, id=94528, stack(0x000000549bc00000,0x000000549bd00000)]
  0x0000017eb64c00e0 JavaThread "C1 CompilerThread3" daemon [_thread_blocked, id=115184, stack(0x000000549bd00000,0x000000549be00000)]
  0x0000017eb78f4630 JavaThread "ForkJoinPool.commonPool-worker-1" daemon [_thread_blocked, id=106736, stack(0x000000549c500000,0x000000549c600000)]
  0x0000017eb79fef50 JavaThread "pool-7-thread-1" [_thread_blocked, id=113584, stack(0x000000549c700000,0x000000549c800000)]
  0x0000017eb79ffc80 JavaThread "LanguageServerApp-lifecycle" [_thread_blocked, id=112972, stack(0x000000549c800000,0x000000549c900000)]
  0x0000017ea0f0e490 JavaThread "DestroyJavaVM" [_thread_blocked, id=47500, stack(0x000000549a900000,0x000000549aa00000)]
  0x0000017eb7a057c0 JavaThread "ClassGraph-worker-0" daemon [_thread_blocked, id=111840, stack(0x000000549c900000,0x000000549ca00000)]
  0x0000017eb7a05c90 JavaThread "ClassGraph-worker-1" daemon [_thread_blocked, id=110400, stack(0x000000549ca00000,0x000000549cb00000)]
  0x0000017eb7964930 JavaThread "ClassGraph-worker-2" daemon [_thread_blocked, id=90304, stack(0x000000549cb00000,0x000000549cc00000)]
  0x0000017eb7964e00 JavaThread "ClassGraph-worker-3" daemon [_thread_blocked, id=11480, stack(0x000000549cc00000,0x000000549cd00000)]
  0x0000017eb7a15880 JavaThread "ClassGraph-worker-4" daemon [_thread_blocked, id=115652, stack(0x000000549cd00000,0x000000549ce00000)]
  0x0000017eb7a15d50 JavaThread "ClassGraph-worker-5" daemon [_thread_blocked, id=107408, stack(0x000000549ce00000,0x000000549cf00000)]
  0x0000017eb7a1ad10 JavaThread "ClassGraph-worker-6" daemon [_thread_blocked, id=111564, stack(0x000000549cf00000,0x000000549d000000)]
  0x0000017eb7a21520 JavaThread "ClassGraph-worker-7" daemon [_thread_blocked, id=109944, stack(0x000000549d000000,0x000000549d100000)]
  0x0000017eb7a201e0 JavaThread "ClassGraph-worker-8" daemon [_thread_blocked, id=113772, stack(0x000000549d100000,0x000000549d200000)]
  0x0000017eb7a1f840 JavaThread "ClassGraph-worker-9" daemon [_thread_blocked, id=62312, stack(0x000000549d200000,0x000000549d300000)]
  0x0000017eb7a1fd10 JavaThread "ClassGraph-worker-10" daemon [_thread_blocked, id=110076, stack(0x000000549d300000,0x000000549d400000)]
  0x0000017eb7a219f0 JavaThread "ClassGraph-worker-11" daemon [_thread_blocked, id=113048, stack(0x000000549d400000,0x000000549d500000)]
  0x0000017eb7a21ec0 JavaThread "ClassGraph-worker-12" daemon [_thread_blocked, id=64044, stack(0x000000549d500000,0x000000549d600000)]
  0x0000017eb7a22390 JavaThread "ClassGraph-worker-13" daemon [_thread_blocked, id=105868, stack(0x000000549d600000,0x000000549d700000)]
  0x0000017eb7a20b80 JavaThread "pool-8-thread-1" [_thread_in_native, id=86544, stack(0x000000549d700000,0x000000549d800000)]
  0x0000017eb7a206b0 JavaThread "Simple-Language-Server main thread" daemon [_thread_blocked, id=115904, stack(0x000000549d800000,0x000000549d900000)]
  0x0000017eb7a21050 JavaThread "parallel-1" daemon [_thread_blocked, id=112168, stack(0x000000549d900000,0x000000549da00000)]
  0x0000017eb7a22860 JavaThread "pool-2-thread-1" [_thread_blocked, id=111008, stack(0x000000549db00000,0x000000549dc00000)]
  0x0000017eb7a22d30 JavaThread "ForkJoinPool.commonPool-worker-2" daemon [_thread_blocked, id=111868, stack(0x000000549dd00000,0x000000549de00000)]
  0x0000017eb7a1f370 JavaThread "pool-2-thread-2" [_thread_blocked, id=113332, stack(0x000000549de00000,0x000000549df00000)]
  0x0000017eb969e610 JavaThread "Reconciler-1" daemon [_thread_blocked, id=115376, stack(0x000000549df00000,0x000000549e000000)]
  0x0000017eb969c460 JavaThread "parallel-2" daemon [_thread_blocked, id=110304, stack(0x000000549e000000,0x000000549e100000)]

Other Threads:
=>0x0000017eb4f04830 VMThread "VM Thread" [stack: 0x000000549af00000,0x000000549b000000] [id=100464]
  0x0000017eb5a4b470 WatcherThread [stack: 0x000000549ba00000,0x000000549bb00000] [id=113312]
  0x0000017ea0f842b0 GCTaskThread "GC Thread#0" [stack: 0x000000549aa00000,0x000000549ab00000] [id=81972]
  0x0000017eb6503090 GCTaskThread "GC Thread#1" [stack: 0x000000549be00000,0x000000549bf00000] [id=91584]
  0x0000017eb6503340 GCTaskThread "GC Thread#2" [stack: 0x000000549bf00000,0x000000549c000000] [id=90008]
  0x0000017eb6503e00 GCTaskThread "GC Thread#3" [stack: 0x000000549c000000,0x000000549c100000] [id=114076]
  0x0000017eb6504ce0 GCTaskThread "GC Thread#4" [stack: 0x000000549c100000,0x000000549c200000] [id=116228]
  0x0000017eb650d3b0 GCTaskThread "GC Thread#5" [stack: 0x000000549c200000,0x000000549c300000] [id=116448]
  0x0000017eb650d660 GCTaskThread "GC Thread#6" [stack: 0x000000549c300000,0x000000549c400000] [id=111324]
  0x0000017eb710ea30 GCTaskThread "GC Thread#7" [stack: 0x000000549c400000,0x000000549c500000] [id=112148]
  0x0000017ea0f8ecf0 ConcurrentGCThread "G1 Main Marker" [stack: 0x000000549ab00000,0x000000549ac00000] [id=116048]
  0x0000017ea0f90f80 ConcurrentGCThread "G1 Conc#0" [stack: 0x000000549ac00000,0x000000549ad00000] [id=110024]
  0x0000017eb741a580 ConcurrentGCThread "G1 Conc#1" [stack: 0x000000549c600000,0x000000549c700000] [id=117660]
  0x0000017eb4d714b0 ConcurrentGCThread "G1 Refine#0" [stack: 0x000000549ad00000,0x000000549ae00000] [id=106076]
  0x0000017eb7ae08e0 ConcurrentGCThread "G1 Refine#1" [stack: 0x000000549da00000,0x000000549db00000] [id=96180]
  0x0000017eb7fce7b0 ConcurrentGCThread "G1 Refine#2" [stack: 0x000000549dc00000,0x000000549dd00000] [id=17084]
  0x0000017eb9713590 ConcurrentGCThread "G1 Refine#3" [stack: 0x000000549e100000,0x000000549e200000] [id=107964]
  0x0000017eb9725a90 ConcurrentGCThread "G1 Refine#4" [stack: 0x000000549e200000,0x000000549e300000] [id=89700]
  0x0000017eb7fceca0 ConcurrentGCThread "G1 Refine#5" [stack: 0x000000549e300000,0x000000549e400000] [id=102964]
  0x0000017eb4d73590 ConcurrentGCThread "G1 Service" [stack: 0x000000549ae00000,0x000000549af00000] [id=103684]

Threads with active compile tasks:

VM state: at safepoint (normal execution)

VM Mutex/Monitor currently owned by a thread:  ([mutex/lock_event])
[0x0000017e9eca92b0] Threads_lock - owner thread: 0x0000017eb4f04830
[0x0000017ea0f0c410] Heap_lock - owner thread: 0x0000017eb7a1ad10

Heap address: 0x00000006ca000000, size: 4960 MB, Compressed Oops mode: Zero based, Oop shift amount: 3

CDS archive(s) not mapped
Compressed class space mapped at: 0x0000000800000000-0x0000000840000000, reserved size: 1073741824
Narrow klass base: 0x0000000800000000, Narrow klass shift: 0, Narrow klass range: 0x40000000

GC Precious Log:
 CPUs: 8 total, 8 available
 Memory: 19830M
 Large Page Support: Disabled
 NUMA Support: Disabled
 Compressed Oops: Enabled (Zero based)
 Heap Region Size: 4M
 Heap Min Capacity: 8M
 Heap Initial Capacity: 312M
 Heap Max Capacity: 4960M
 Pre-touch: Disabled
 Parallel Workers: 8
 Concurrent Workers: 2
 Concurrent Refinement Workers: 8
 Periodic GC: Disabled

Heap:
 garbage-first heap   total 872448K, used 197163K [0x00000006ca000000, 0x0000000800000000)
  region size 4096K, 12 young (49152K), 12 survivors (49152K)
 Metaspace       used 35314K, committed 35584K, reserved 1081344K
  class space    used 4585K, committed 4736K, reserved 1048576K

Heap Regions: E=young(eden), S=young(survivor), O=old, HS=humongous(starts), HC=humongous(continues), CS=collection set, F=free, OA=open archive, CA=closed archive, TAMS=top-at-mark-start (previous, next)
|   0|0x00000006ca000000, 0x00000006ca400000, 0x00000006ca400000|100%| O|  |TAMS 0x00000006ca400000, 0x00000006ca000000| Untracked 
|   1|0x00000006ca400000, 0x00000006ca800000, 0x00000006ca800000|100%| O|  |TAMS 0x00000006ca400000, 0x00000006ca400000| Untracked 
|   2|0x00000006ca800000, 0x00000006cac00000, 0x00000006cac00000|100%| O|  |TAMS 0x00000006ca800000, 0x00000006ca800000| Untracked 
|   3|0x00000006cac00000, 0x00000006cb000000, 0x00000006cb000000|100%| O|  |TAMS 0x00000006cac00000, 0x00000006cac00000| Untracked 
|   4|0x00000006cb000000, 0x00000006cb400000, 0x00000006cb400000|100%| O|  |TAMS 0x00000006cb000000, 0x00000006cb000000| Untracked 
|   5|0x00000006cb400000, 0x00000006cb800000, 0x00000006cb800000|100%| O|  |TAMS 0x00000006cb400000, 0x00000006cb400000| Untracked 
|   6|0x00000006cb800000, 0x00000006cbc00000, 0x00000006cbc00000|100%| O|  |TAMS 0x00000006cb800000, 0x00000006cb800000| Untracked 
|   7|0x00000006cbc00000, 0x00000006cc000000, 0x00000006cc000000|100%| O|  |TAMS 0x00000006cbc00000, 0x00000006cbc00000| Untracked 
|   8|0x00000006cc000000, 0x00000006cc400000, 0x00000006cc400000|100%| O|  |TAMS 0x00000006cc000000, 0x00000006cc000000| Untracked 
|   9|0x00000006cc400000, 0x00000006cc800000, 0x00000006cc800000|100%| O|  |TAMS 0x00000006cc400000, 0x00000006cc400000| Untracked 
|  10|0x00000006cc800000, 0x00000006ccc00000, 0x00000006ccc00000|100%| O|  |TAMS 0x00000006cc800000, 0x00000006cc800000| Untracked 
|  11|0x00000006ccc00000, 0x00000006cd000000, 0x00000006cd000000|100%| O|  |TAMS 0x00000006ccc00000, 0x00000006ccc00000| Untracked 
|  12|0x00000006cd000000, 0x00000006cd400000, 0x00000006cd400000|100%| O|  |TAMS 0x00000006cd000000, 0x00000006cd000000| Untracked 
|  13|0x00000006cd400000, 0x00000006cd800000, 0x00000006cd800000|100%| O|  |TAMS 0x00000006cd400000, 0x00000006cd400000| Untracked 
|  14|0x00000006cd800000, 0x00000006cdc00000, 0x00000006cdc00000|100%| O|  |TAMS 0x00000006cd800000, 0x00000006cd800000| Untracked 
|  15|0x00000006cdc00000, 0x00000006ce000000, 0x00000006ce000000|100%| O|  |TAMS 0x00000006cdc00000, 0x00000006cdc00000| Untracked 
|  16|0x00000006ce000000, 0x00000006ce400000, 0x00000006ce400000|100%| O|  |TAMS 0x00000006ce000000, 0x00000006ce000000| Untracked 
|  17|0x00000006ce400000, 0x00000006ce800000, 0x00000006ce800000|100%| O|  |TAMS 0x00000006ce400000, 0x00000006ce400000| Untracked 
|  18|0x00000006ce800000, 0x00000006cec00000, 0x00000006cec00000|100%| O|  |TAMS 0x00000006ce800000, 0x00000006ce800000| Untracked 
|  19|0x00000006cec00000, 0x00000006cf000000, 0x00000006cf000000|100%| O|  |TAMS 0x00000006cec00000, 0x00000006cec00000| Untracked 
|  20|0x00000006cf000000, 0x00000006cf400000, 0x00000006cf400000|100%| O|  |TAMS 0x00000006cf000000, 0x00000006cf000000| Untracked 
|  21|0x00000006cf400000, 0x00000006cf800000, 0x00000006cf800000|100%| O|  |TAMS 0x00000006cf400000, 0x00000006cf400000| Untracked 
|  22|0x00000006cf800000, 0x00000006cfc00000, 0x00000006cfc00000|100%| O|  |TAMS 0x00000006cf800000, 0x00000006cf800000| Untracked 
|  23|0x00000006cfc00000, 0x00000006d0000000, 0x00000006d0000000|100%| O|  |TAMS 0x00000006cfc00000, 0x00000006cfc00000| Untracked 
|  24|0x00000006d0000000, 0x00000006d0400000, 0x00000006d0400000|100%| O|  |TAMS 0x00000006d0000000, 0x00000006d0000000| Untracked 
|  25|0x00000006d0400000, 0x00000006d0800000, 0x00000006d0800000|100%| O|  |TAMS 0x00000006d0400000, 0x00000006d0400000| Untracked 
|  26|0x00000006d0800000, 0x00000006d0c00000, 0x00000006d0c00000|100%| O|  |TAMS 0x00000006d0800000, 0x00000006d0800000| Untracked 
|  27|0x00000006d0c00000, 0x00000006d1000000, 0x00000006d1000000|100%| O|  |TAMS 0x00000006d0c00000, 0x00000006d0c00000| Untracked 
|  28|0x00000006d1000000, 0x00000006d1400000, 0x00000006d1400000|100%| O|  |TAMS 0x00000006d1000000, 0x00000006d1000000| Untracked 
|  29|0x00000006d1400000, 0x00000006d1800000, 0x00000006d1800000|100%| O|  |TAMS 0x00000006d1400000, 0x00000006d1400000| Untracked 
|  30|0x00000006d1800000, 0x00000006d1c00000, 0x00000006d1c00000|100%| O|  |TAMS 0x00000006d1800000, 0x00000006d1800000| Untracked 
|  31|0x00000006d1c00000, 0x00000006d2000000, 0x00000006d2000000|100%| O|  |TAMS 0x00000006d1c00000, 0x00000006d1c00000| Untracked 
|  32|0x00000006d2000000, 0x00000006d2400000, 0x00000006d2400000|100%| O|  |TAMS 0x00000006d2000000, 0x00000006d2000000| Untracked 
|  33|0x00000006d2400000, 0x00000006d2800000, 0x00000006d2800000|100%| O|  |TAMS 0x00000006d2400000, 0x00000006d2400000| Untracked 
|  34|0x00000006d2800000, 0x00000006d2c00000, 0x00000006d2c00000|100%| O|  |TAMS 0x00000006d2800000, 0x00000006d2800000| Untracked 
|  35|0x00000006d2c00000, 0x00000006d3000000, 0x00000006d3000000|100%| O|  |TAMS 0x00000006d2c00000, 0x00000006d2c00000| Untracked 
|  36|0x00000006d3000000, 0x00000006d308ae00, 0x00000006d3400000| 13%| O|  |TAMS 0x00000006d3000000, 0x00000006d3000000| Untracked 
|  37|0x00000006d3400000, 0x00000006d3400000, 0x00000006d3800000|  0%| F|  |TAMS 0x00000006d3400000, 0x00000006d3400000| Untracked 
|  38|0x00000006d3800000, 0x00000006d3800000, 0x00000006d3c00000|  0%| F|  |TAMS 0x00000006d3800000, 0x00000006d3800000| Untracked 
|  39|0x00000006d3c00000, 0x00000006d3c00000, 0x00000006d4000000|  0%| F|  |TAMS 0x00000006d3c00000, 0x00000006d3c00000| Untracked 
|  40|0x00000006d4000000, 0x00000006d4000000, 0x00000006d4400000|  0%| F|  |TAMS 0x00000006d4000000, 0x00000006d4000000| Untracked 
|  41|0x00000006d4400000, 0x00000006d4400000, 0x00000006d4800000|  0%| F|  |TAMS 0x00000006d4400000, 0x00000006d4400000| Untracked 
|  42|0x00000006d4800000, 0x00000006d4800000, 0x00000006d4c00000|  0%| F|  |TAMS 0x00000006d4800000, 0x00000006d4800000| Untracked 
|  43|0x00000006d4c00000, 0x00000006d4c00000, 0x00000006d5000000|  0%| F|  |TAMS 0x00000006d4c00000, 0x00000006d4c00000| Untracked 
|  44|0x00000006d5000000, 0x00000006d5000000, 0x00000006d5400000|  0%| F|  |TAMS 0x00000006d5000000, 0x00000006d5000000| Untracked 
|  45|0x00000006d5400000, 0x00000006d5400000, 0x00000006d5800000|  0%| F|  |TAMS 0x00000006d5400000, 0x00000006d5400000| Untracked 
|  46|0x00000006d5800000, 0x00000006d5800000, 0x00000006d5c00000|  0%| F|  |TAMS 0x00000006d5800000, 0x00000006d5800000| Untracked 
|  47|0x00000006d5c00000, 0x00000006d5c00000, 0x00000006d6000000|  0%| F|  |TAMS 0x00000006d5c00000, 0x00000006d5c00000| Untracked 
|  48|0x00000006d6000000, 0x00000006d6000000, 0x00000006d6400000|  0%| F|  |TAMS 0x00000006d6000000, 0x00000006d6000000| Untracked 
|  49|0x00000006d6400000, 0x00000006d6400000, 0x00000006d6800000|  0%| F|  |TAMS 0x00000006d6400000, 0x00000006d6400000| Untracked 
|  50|0x00000006d6800000, 0x00000006d6800000, 0x00000006d6c00000|  0%| F|  |TAMS 0x00000006d6800000, 0x00000006d6800000| Untracked 
|  51|0x00000006d6c00000, 0x00000006d6c00000, 0x00000006d7000000|  0%| F|  |TAMS 0x00000006d6c00000, 0x00000006d6c00000| Untracked 
|  52|0x00000006d7000000, 0x00000006d7000000, 0x00000006d7400000|  0%| F|  |TAMS 0x00000006d7000000, 0x00000006d7000000| Untracked 
|  53|0x00000006d7400000, 0x00000006d7400000, 0x00000006d7800000|  0%| F|  |TAMS 0x00000006d7400000, 0x00000006d7400000| Untracked 
|  54|0x00000006d7800000, 0x00000006d7800000, 0x00000006d7c00000|  0%| F|  |TAMS 0x00000006d7800000, 0x00000006d7800000| Untracked 
|  55|0x00000006d7c00000, 0x00000006d7c00000, 0x00000006d8000000|  0%| F|  |TAMS 0x00000006d7c00000, 0x00000006d7c00000| Untracked 
|  56|0x00000006d8000000, 0x00000006d8000000, 0x00000006d8400000|  0%| F|  |TAMS 0x00000006d8000000, 0x00000006d8000000| Untracked 
|  57|0x00000006d8400000, 0x00000006d8400000, 0x00000006d8800000|  0%| F|  |TAMS 0x00000006d8400000, 0x00000006d8400000| Untracked 
|  58|0x00000006d8800000, 0x00000006d8800000, 0x00000006d8c00000|  0%| F|  |TAMS 0x00000006d8800000, 0x00000006d8800000| Untracked 
|  59|0x00000006d8c00000, 0x00000006d8c00000, 0x00000006d9000000|  0%| F|  |TAMS 0x00000006d8c00000, 0x00000006d8c00000| Untracked 
|  60|0x00000006d9000000, 0x00000006d9000000, 0x00000006d9400000|  0%| F|  |TAMS 0x00000006d9000000, 0x00000006d9000000| Untracked 
|  61|0x00000006d9400000, 0x00000006d9400000, 0x00000006d9800000|  0%| F|  |TAMS 0x00000006d9400000, 0x00000006d9400000| Untracked 
|  62|0x00000006d9800000, 0x00000006d9800000, 0x00000006d9c00000|  0%| F|  |TAMS 0x00000006d9800000, 0x00000006d9800000| Untracked 
|  63|0x00000006d9c00000, 0x00000006d9c00000, 0x00000006da000000|  0%| F|  |TAMS 0x00000006d9c00000, 0x00000006d9c00000| Untracked 
|  64|0x00000006da000000, 0x00000006da000000, 0x00000006da400000|  0%| F|  |TAMS 0x00000006da000000, 0x00000006da000000| Untracked 
|  65|0x00000006da400000, 0x00000006da400000, 0x00000006da800000|  0%| F|  |TAMS 0x00000006da400000, 0x00000006da400000| Untracked 
|  66|0x00000006da800000, 0x00000006da800000, 0x00000006dac00000|  0%| F|  |TAMS 0x00000006da800000, 0x00000006da800000| Untracked 
|  67|0x00000006dac00000, 0x00000006dac00000, 0x00000006db000000|  0%| F|  |TAMS 0x00000006dac00000, 0x00000006dac00000| Untracked 
|  68|0x00000006db000000, 0x00000006db000000, 0x00000006db400000|  0%| F|  |TAMS 0x00000006db000000, 0x00000006db000000| Untracked 
|  69|0x00000006db400000, 0x00000006db400000, 0x00000006db800000|  0%| F|  |TAMS 0x00000006db400000, 0x00000006db400000| Untracked 
|  70|0x00000006db800000, 0x00000006db800000, 0x00000006dbc00000|  0%| F|  |TAMS 0x00000006db800000, 0x00000006db800000| Untracked 
|  71|0x00000006dbc00000, 0x00000006dbc00000, 0x00000006dc000000|  0%| F|  |TAMS 0x00000006dbc00000, 0x00000006dbc00000| Untracked 
|  72|0x00000006dc000000, 0x00000006dc000000, 0x00000006dc400000|  0%| F|  |TAMS 0x00000006dc000000, 0x00000006dc000000| Untracked 
|  73|0x00000006dc400000, 0x00000006dc400000, 0x00000006dc800000|  0%| F|  |TAMS 0x00000006dc400000, 0x00000006dc400000| Untracked 
|  74|0x00000006dc800000, 0x00000006dcc00000, 0x00000006dcc00000|100%| S|CS|TAMS 0x00000006dc800000, 0x00000006dc800000| Complete 
|  75|0x00000006dcc00000, 0x00000006dd000000, 0x00000006dd000000|100%| S|CS|TAMS 0x00000006dcc00000, 0x00000006dcc00000| Complete 
|  76|0x00000006dd000000, 0x00000006dd400000, 0x00000006dd400000|100%| S|CS|TAMS 0x00000006dd000000, 0x00000006dd000000| Complete 
|  77|0x00000006dd400000, 0x00000006dd800000, 0x00000006dd800000|100%| S|CS|TAMS 0x00000006dd400000, 0x00000006dd400000| Complete 
|  78|0x00000006dd800000, 0x00000006ddc00000, 0x00000006ddc00000|100%| S|CS|TAMS 0x00000006dd800000, 0x00000006dd800000| Complete 
|  79|0x00000006ddc00000, 0x00000006de000000, 0x00000006de000000|100%| S|CS|TAMS 0x00000006ddc00000, 0x00000006ddc00000| Complete 
|  80|0x00000006de000000, 0x00000006de400000, 0x00000006de400000|100%| S|CS|TAMS 0x00000006de000000, 0x00000006de000000| Complete 
|  81|0x00000006de400000, 0x00000006de400000, 0x00000006de800000|  0%| F|  |TAMS 0x00000006de400000, 0x00000006de400000| Untracked 
|  82|0x00000006de800000, 0x00000006de800000, 0x00000006dec00000|  0%| F|  |TAMS 0x00000006de800000, 0x00000006de800000| Untracked 
|  83|0x00000006dec00000, 0x00000006dec00000, 0x00000006df000000|  0%| F|  |TAMS 0x00000006dec00000, 0x00000006dec00000| Untracked 
|  84|0x00000006df000000, 0x00000006df000000, 0x00000006df400000|  0%| F|  |TAMS 0x00000006df000000, 0x00000006df000000| Untracked 
|  85|0x00000006df400000, 0x00000006df400000, 0x00000006df800000|  0%| F|  |TAMS 0x00000006df400000, 0x00000006df400000| Untracked 
|  86|0x00000006df800000, 0x00000006df800000, 0x00000006dfc00000|  0%| F|  |TAMS 0x00000006df800000, 0x00000006df800000| Untracked 
|  87|0x00000006dfc00000, 0x00000006dfc00000, 0x00000006e0000000|  0%| F|  |TAMS 0x00000006dfc00000, 0x00000006dfc00000| Untracked 
|  88|0x00000006e0000000, 0x00000006e0000000, 0x00000006e0400000|  0%| F|  |TAMS 0x00000006e0000000, 0x00000006e0000000| Untracked 
|  89|0x00000006e0400000, 0x00000006e0400000, 0x00000006e0800000|  0%| F|  |TAMS 0x00000006e0400000, 0x00000006e0400000| Untracked 
|  90|0x00000006e0800000, 0x00000006e0800000, 0x00000006e0c00000|  0%| F|  |TAMS 0x00000006e0800000, 0x00000006e0800000| Untracked 
|  91|0x00000006e0c00000, 0x00000006e1000000, 0x00000006e1000000|100%| S|CS|TAMS 0x00000006e0c00000, 0x00000006e0c00000| Complete 
|  92|0x00000006e1000000, 0x00000006e1400000, 0x00000006e1400000|100%| S|CS|TAMS 0x00000006e1000000, 0x00000006e1000000| Complete 
|  93|0x00000006e1400000, 0x00000006e1800000, 0x00000006e1800000|100%| S|CS|TAMS 0x00000006e1400000, 0x00000006e1400000| Complete 
|  94|0x00000006e1800000, 0x00000006e1c00000, 0x00000006e1c00000|100%| S|CS|TAMS 0x00000006e1800000, 0x00000006e1800000| Complete 
|  95|0x00000006e1c00000, 0x00000006e2000000, 0x00000006e2000000|100%| S|CS|TAMS 0x00000006e1c00000, 0x00000006e1c00000| Complete 
|  96|0x00000006e2000000, 0x00000006e2000000, 0x00000006e2400000|  0%| F|  |TAMS 0x00000006e2000000, 0x00000006e2000000| Untracked 
|  97|0x00000006e2400000, 0x00000006e2400000, 0x00000006e2800000|  0%| F|  |TAMS 0x00000006e2400000, 0x00000006e2400000| Untracked 
|  98|0x00000006e2800000, 0x00000006e2800000, 0x00000006e2c00000|  0%| F|  |TAMS 0x00000006e2800000, 0x00000006e2800000| Untracked 
|  99|0x00000006e2c00000, 0x00000006e2c00000, 0x00000006e3000000|  0%| F|  |TAMS 0x00000006e2c00000, 0x00000006e2c00000| Untracked 
| 100|0x00000006e3000000, 0x00000006e3000000, 0x00000006e3400000|  0%| F|  |TAMS 0x00000006e3000000, 0x00000006e3000000| Untracked 
| 101|0x00000006e3400000, 0x00000006e3400000, 0x00000006e3800000|  0%| F|  |TAMS 0x00000006e3400000, 0x00000006e3400000| Untracked 
| 102|0x00000006e3800000, 0x00000006e3800000, 0x00000006e3c00000|  0%| F|  |TAMS 0x00000006e3800000, 0x00000006e3800000| Untracked 
| 103|0x00000006e3c00000, 0x00000006e3c00000, 0x00000006e4000000|  0%| F|  |TAMS 0x00000006e3c00000, 0x00000006e3c00000| Untracked 
| 104|0x00000006e4000000, 0x00000006e4000000, 0x00000006e4400000|  0%| F|  |TAMS 0x00000006e4000000, 0x00000006e4000000| Untracked 
| 105|0x00000006e4400000, 0x00000006e4400000, 0x00000006e4800000|  0%| F|  |TAMS 0x00000006e4400000, 0x00000006e4400000| Untracked 
| 106|0x00000006e4800000, 0x00000006e4800000, 0x00000006e4c00000|  0%| F|  |TAMS 0x00000006e4800000, 0x00000006e4800000| Untracked 
| 107|0x00000006e4c00000, 0x00000006e4c00000, 0x00000006e5000000|  0%| F|  |TAMS 0x00000006e4c00000, 0x00000006e4c00000| Untracked 
| 108|0x00000006e5000000, 0x00000006e5000000, 0x00000006e5400000|  0%| F|  |TAMS 0x00000006e5000000, 0x00000006e5000000| Untracked 
| 109|0x00000006e5400000, 0x00000006e5400000, 0x00000006e5800000|  0%| F|  |TAMS 0x00000006e5400000, 0x00000006e5400000| Untracked 
| 110|0x00000006e5800000, 0x00000006e5800000, 0x00000006e5c00000|  0%| F|  |TAMS 0x00000006e5800000, 0x00000006e5800000| Untracked 
| 111|0x00000006e5c00000, 0x00000006e5c00000, 0x00000006e6000000|  0%| F|  |TAMS 0x00000006e5c00000, 0x00000006e5c00000| Untracked 
| 112|0x00000006e6000000, 0x00000006e6000000, 0x00000006e6400000|  0%| F|  |TAMS 0x00000006e6000000, 0x00000006e6000000| Untracked 
| 113|0x00000006e6400000, 0x00000006e6400000, 0x00000006e6800000|  0%| F|  |TAMS 0x00000006e6400000, 0x00000006e6400000| Untracked 
| 114|0x00000006e6800000, 0x00000006e6800000, 0x00000006e6c00000|  0%| F|  |TAMS 0x00000006e6800000, 0x00000006e6800000| Untracked 
| 115|0x00000006e6c00000, 0x00000006e6c00000, 0x00000006e7000000|  0%| F|  |TAMS 0x00000006e6c00000, 0x00000006e6c00000| Untracked 
| 116|0x00000006e7000000, 0x00000006e7000000, 0x00000006e7400000|  0%| F|  |TAMS 0x00000006e7000000, 0x00000006e7000000| Untracked 
| 117|0x00000006e7400000, 0x00000006e7400000, 0x00000006e7800000|  0%| F|  |TAMS 0x00000006e7400000, 0x00000006e7400000| Untracked 
| 118|0x00000006e7800000, 0x00000006e7800000, 0x00000006e7c00000|  0%| F|  |TAMS 0x00000006e7800000, 0x00000006e7800000| Untracked 
| 119|0x00000006e7c00000, 0x00000006e7c00000, 0x00000006e8000000|  0%| F|  |TAMS 0x00000006e7c00000, 0x00000006e7c00000| Untracked 
| 120|0x00000006e8000000, 0x00000006e8000000, 0x00000006e8400000|  0%| F|  |TAMS 0x00000006e8000000, 0x00000006e8000000| Untracked 
| 121|0x00000006e8400000, 0x00000006e8400000, 0x00000006e8800000|  0%| F|  |TAMS 0x00000006e8400000, 0x00000006e8400000| Untracked 
| 122|0x00000006e8800000, 0x00000006e8800000, 0x00000006e8c00000|  0%| F|  |TAMS 0x00000006e8800000, 0x00000006e8800000| Untracked 
| 123|0x00000006e8c00000, 0x00000006e8c00000, 0x00000006e9000000|  0%| F|  |TAMS 0x00000006e8c00000, 0x00000006e8c00000| Untracked 
| 124|0x00000006e9000000, 0x00000006e9000000, 0x00000006e9400000|  0%| F|  |TAMS 0x00000006e9000000, 0x00000006e9000000| Untracked 
| 125|0x00000006e9400000, 0x00000006e9400000, 0x00000006e9800000|  0%| F|  |TAMS 0x00000006e9400000, 0x00000006e9400000| Untracked 
| 126|0x00000006e9800000, 0x00000006e9800000, 0x00000006e9c00000|  0%| F|  |TAMS 0x00000006e9800000, 0x00000006e9800000| Untracked 
| 127|0x00000006e9c00000, 0x00000006e9c00000, 0x00000006ea000000|  0%| F|  |TAMS 0x00000006e9c00000, 0x00000006e9c00000| Untracked 
| 128|0x00000006ea000000, 0x00000006ea000000, 0x00000006ea400000|  0%| F|  |TAMS 0x00000006ea000000, 0x00000006ea000000| Untracked 
| 129|0x00000006ea400000, 0x00000006ea400000, 0x00000006ea800000|  0%| F|  |TAMS 0x00000006ea400000, 0x00000006ea400000| Untracked 
| 130|0x00000006ea800000, 0x00000006ea800000, 0x00000006eac00000|  0%| F|  |TAMS 0x00000006ea800000, 0x00000006ea800000| Untracked 
| 131|0x00000006eac00000, 0x00000006eac00000, 0x00000006eb000000|  0%| F|  |TAMS 0x00000006eac00000, 0x00000006eac00000| Untracked 
| 132|0x00000006eb000000, 0x00000006eb000000, 0x00000006eb400000|  0%| F|  |TAMS 0x00000006eb000000, 0x00000006eb000000| Untracked 
| 133|0x00000006eb400000, 0x00000006eb400000, 0x00000006eb800000|  0%| F|  |TAMS 0x00000006eb400000, 0x00000006eb400000| Untracked 
| 134|0x00000006eb800000, 0x00000006eb800000, 0x00000006ebc00000|  0%| F|  |TAMS 0x00000006eb800000, 0x00000006eb800000| Untracked 
| 135|0x00000006ebc00000, 0x00000006ebc00000, 0x00000006ec000000|  0%| F|  |TAMS 0x00000006ebc00000, 0x00000006ebc00000| Untracked 
| 136|0x00000006ec000000, 0x00000006ec000000, 0x00000006ec400000|  0%| F|  |TAMS 0x00000006ec000000, 0x00000006ec000000| Untracked 
| 137|0x00000006ec400000, 0x00000006ec400000, 0x00000006ec800000|  0%| F|  |TAMS 0x00000006ec400000, 0x00000006ec400000| Untracked 
| 138|0x00000006ec800000, 0x00000006ec800000, 0x00000006ecc00000|  0%| F|  |TAMS 0x00000006ec800000, 0x00000006ec800000| Untracked 
| 139|0x00000006ecc00000, 0x00000006ecc00000, 0x00000006ed000000|  0%| F|  |TAMS 0x00000006ecc00000, 0x00000006ecc00000| Untracked 
| 140|0x00000006ed000000, 0x00000006ed000000, 0x00000006ed400000|  0%| F|  |TAMS 0x00000006ed000000, 0x00000006ed000000| Untracked 
| 141|0x00000006ed400000, 0x00000006ed400000, 0x00000006ed800000|  0%| F|  |TAMS 0x00000006ed400000, 0x00000006ed400000| Untracked 
| 142|0x00000006ed800000, 0x00000006ed800000, 0x00000006edc00000|  0%| F|  |TAMS 0x00000006ed800000, 0x00000006ed800000| Untracked 
| 143|0x00000006edc00000, 0x00000006edc00000, 0x00000006ee000000|  0%| F|  |TAMS 0x00000006edc00000, 0x00000006edc00000| Untracked 
| 144|0x00000006ee000000, 0x00000006ee000000, 0x00000006ee400000|  0%| F|  |TAMS 0x00000006ee000000, 0x00000006ee000000| Untracked 
| 145|0x00000006ee400000, 0x00000006ee400000, 0x00000006ee800000|  0%| F|  |TAMS 0x00000006ee400000, 0x00000006ee400000| Untracked 
| 146|0x00000006ee800000, 0x00000006ee800000, 0x00000006eec00000|  0%| F|  |TAMS 0x00000006ee800000, 0x00000006ee800000| Untracked 
| 147|0x00000006eec00000, 0x00000006eec00000, 0x00000006ef000000|  0%| F|  |TAMS 0x00000006eec00000, 0x00000006eec00000| Untracked 
| 148|0x00000006ef000000, 0x00000006ef000000, 0x00000006ef400000|  0%| F|  |TAMS 0x00000006ef000000, 0x00000006ef000000| Untracked 
| 149|0x00000006ef400000, 0x00000006ef400000, 0x00000006ef800000|  0%| F|  |TAMS 0x00000006ef400000, 0x00000006ef400000| Untracked 
| 150|0x00000006ef800000, 0x00000006ef800000, 0x00000006efc00000|  0%| F|  |TAMS 0x00000006ef800000, 0x00000006ef800000| Untracked 
| 151|0x00000006efc00000, 0x00000006efc00000, 0x00000006f0000000|  0%| F|  |TAMS 0x00000006efc00000, 0x00000006efc00000| Untracked 
| 152|0x00000006f0000000, 0x00000006f0000000, 0x00000006f0400000|  0%| F|  |TAMS 0x00000006f0000000, 0x00000006f0000000| Untracked 
| 153|0x00000006f0400000, 0x00000006f0400000, 0x00000006f0800000|  0%| F|  |TAMS 0x00000006f0400000, 0x00000006f0400000| Untracked 
| 154|0x00000006f0800000, 0x00000006f0800000, 0x00000006f0c00000|  0%| F|  |TAMS 0x00000006f0800000, 0x00000006f0800000| Untracked 
| 155|0x00000006f0c00000, 0x00000006f0c00000, 0x00000006f1000000|  0%| F|  |TAMS 0x00000006f0c00000, 0x00000006f0c00000| Untracked 
| 156|0x00000006f1000000, 0x00000006f1000000, 0x00000006f1400000|  0%| F|  |TAMS 0x00000006f1000000, 0x00000006f1000000| Untracked 
| 157|0x00000006f1400000, 0x00000006f1400000, 0x00000006f1800000|  0%| F|  |TAMS 0x00000006f1400000, 0x00000006f1400000| Untracked 
| 158|0x00000006f1800000, 0x00000006f1800000, 0x00000006f1c00000|  0%| F|  |TAMS 0x00000006f1800000, 0x00000006f1800000| Untracked 
| 159|0x00000006f1c00000, 0x00000006f1c00000, 0x00000006f2000000|  0%| F|  |TAMS 0x00000006f1c00000, 0x00000006f1c00000| Untracked 
| 160|0x00000006f2000000, 0x00000006f2000000, 0x00000006f2400000|  0%| F|  |TAMS 0x00000006f2000000, 0x00000006f2000000| Untracked 
| 161|0x00000006f2400000, 0x00000006f2400000, 0x00000006f2800000|  0%| F|  |TAMS 0x00000006f2400000, 0x00000006f2400000| Untracked 
| 162|0x00000006f2800000, 0x00000006f2800000, 0x00000006f2c00000|  0%| F|  |TAMS 0x00000006f2800000, 0x00000006f2800000| Untracked 
| 163|0x00000006f2c00000, 0x00000006f2c00000, 0x00000006f3000000|  0%| F|  |TAMS 0x00000006f2c00000, 0x00000006f2c00000| Untracked 
| 164|0x00000006f3000000, 0x00000006f3000000, 0x00000006f3400000|  0%| F|  |TAMS 0x00000006f3000000, 0x00000006f3000000| Untracked 
| 165|0x00000006f3400000, 0x00000006f3400000, 0x00000006f3800000|  0%| F|  |TAMS 0x00000006f3400000, 0x00000006f3400000| Untracked 
| 166|0x00000006f3800000, 0x00000006f3800000, 0x00000006f3c00000|  0%| F|  |TAMS 0x00000006f3800000, 0x00000006f3800000| Untracked 
| 167|0x00000006f3c00000, 0x00000006f3c00000, 0x00000006f4000000|  0%| F|  |TAMS 0x00000006f3c00000, 0x00000006f3c00000| Untracked 
| 168|0x00000006f4000000, 0x00000006f4000000, 0x00000006f4400000|  0%| F|  |TAMS 0x00000006f4000000, 0x00000006f4000000| Untracked 
| 169|0x00000006f4400000, 0x00000006f4400000, 0x00000006f4800000|  0%| F|  |TAMS 0x00000006f4400000, 0x00000006f4400000| Untracked 
| 170|0x00000006f4800000, 0x00000006f4800000, 0x00000006f4c00000|  0%| F|  |TAMS 0x00000006f4800000, 0x00000006f4800000| Untracked 
| 171|0x00000006f4c00000, 0x00000006f4c00000, 0x00000006f5000000|  0%| F|  |TAMS 0x00000006f4c00000, 0x00000006f4c00000| Untracked 
| 172|0x00000006f5000000, 0x00000006f5000000, 0x00000006f5400000|  0%| F|  |TAMS 0x00000006f5000000, 0x00000006f5000000| Untracked 
| 173|0x00000006f5400000, 0x00000006f5400000, 0x00000006f5800000|  0%| F|  |TAMS 0x00000006f5400000, 0x00000006f5400000| Untracked 
| 174|0x00000006f5800000, 0x00000006f5800000, 0x00000006f5c00000|  0%| F|  |TAMS 0x00000006f5800000, 0x00000006f5800000| Untracked 
| 175|0x00000006f5c00000, 0x00000006f5c00000, 0x00000006f6000000|  0%| F|  |TAMS 0x00000006f5c00000, 0x00000006f5c00000| Untracked 
| 176|0x00000006f6000000, 0x00000006f6000000, 0x00000006f6400000|  0%| F|  |TAMS 0x00000006f6000000, 0x00000006f6000000| Untracked 
| 177|0x00000006f6400000, 0x00000006f6400000, 0x00000006f6800000|  0%| F|  |TAMS 0x00000006f6400000, 0x00000006f6400000| Untracked 
| 178|0x00000006f6800000, 0x00000006f6800000, 0x00000006f6c00000|  0%| F|  |TAMS 0x00000006f6800000, 0x00000006f6800000| Untracked 
| 179|0x00000006f6c00000, 0x00000006f6c00000, 0x00000006f7000000|  0%| F|  |TAMS 0x00000006f6c00000, 0x00000006f6c00000| Untracked 
| 180|0x00000006f7000000, 0x00000006f7000000, 0x00000006f7400000|  0%| F|  |TAMS 0x00000006f7000000, 0x00000006f7000000| Untracked 
| 181|0x00000006f7400000, 0x00000006f7400000, 0x00000006f7800000|  0%| F|  |TAMS 0x00000006f7400000, 0x00000006f7400000| Untracked 
| 182|0x00000006f7800000, 0x00000006f7800000, 0x00000006f7c00000|  0%| F|  |TAMS 0x00000006f7800000, 0x00000006f7800000| Untracked 
| 183|0x00000006f7c00000, 0x00000006f7c00000, 0x00000006f8000000|  0%| F|  |TAMS 0x00000006f7c00000, 0x00000006f7c00000| Untracked 
| 184|0x00000006f8000000, 0x00000006f8000000, 0x00000006f8400000|  0%| F|  |TAMS 0x00000006f8000000, 0x00000006f8000000| Untracked 
| 185|0x00000006f8400000, 0x00000006f8400000, 0x00000006f8800000|  0%| F|  |TAMS 0x00000006f8400000, 0x00000006f8400000| Untracked 
| 186|0x00000006f8800000, 0x00000006f8800000, 0x00000006f8c00000|  0%| F|  |TAMS 0x00000006f8800000, 0x00000006f8800000| Untracked 
| 187|0x00000006f8c00000, 0x00000006f8c00000, 0x00000006f9000000|  0%| F|  |TAMS 0x00000006f8c00000, 0x00000006f8c00000| Untracked 
| 188|0x00000006f9000000, 0x00000006f9000000, 0x00000006f9400000|  0%| F|  |TAMS 0x00000006f9000000, 0x00000006f9000000| Untracked 
| 189|0x00000006f9400000, 0x00000006f9400000, 0x00000006f9800000|  0%| F|  |TAMS 0x00000006f9400000, 0x00000006f9400000| Untracked 
| 190|0x00000006f9800000, 0x00000006f9800000, 0x00000006f9c00000|  0%| F|  |TAMS 0x00000006f9800000, 0x00000006f9800000| Untracked 
| 191|0x00000006f9c00000, 0x00000006f9c00000, 0x00000006fa000000|  0%| F|  |TAMS 0x00000006f9c00000, 0x00000006f9c00000| Untracked 
| 192|0x00000006fa000000, 0x00000006fa000000, 0x00000006fa400000|  0%| F|  |TAMS 0x00000006fa000000, 0x00000006fa000000| Untracked 
| 193|0x00000006fa400000, 0x00000006fa400000, 0x00000006fa800000|  0%| F|  |TAMS 0x00000006fa400000, 0x00000006fa400000| Untracked 
| 194|0x00000006fa800000, 0x00000006fa800000, 0x00000006fac00000|  0%| F|  |TAMS 0x00000006fa800000, 0x00000006fa800000| Untracked 
| 195|0x00000006fac00000, 0x00000006fac00000, 0x00000006fb000000|  0%| F|  |TAMS 0x00000006fac00000, 0x00000006fac00000| Untracked 
| 196|0x00000006fb000000, 0x00000006fb000000, 0x00000006fb400000|  0%| F|  |TAMS 0x00000006fb000000, 0x00000006fb000000| Untracked 
| 197|0x00000006fb400000, 0x00000006fb400000, 0x00000006fb800000|  0%| F|  |TAMS 0x00000006fb400000, 0x00000006fb400000| Untracked 
| 198|0x00000006fb800000, 0x00000006fb800000, 0x00000006fbc00000|  0%| F|  |TAMS 0x00000006fb800000, 0x00000006fb800000| Untracked 
| 199|0x00000006fbc00000, 0x00000006fbc00000, 0x00000006fc000000|  0%| F|  |TAMS 0x00000006fbc00000, 0x00000006fbc00000| Untracked 
| 200|0x00000006fc000000, 0x00000006fc000000, 0x00000006fc400000|  0%| F|  |TAMS 0x00000006fc000000, 0x00000006fc000000| Untracked 
| 201|0x00000006fc400000, 0x00000006fc400000, 0x00000006fc800000|  0%| F|  |TAMS 0x00000006fc400000, 0x00000006fc400000| Untracked 
| 202|0x00000006fc800000, 0x00000006fc800000, 0x00000006fcc00000|  0%| F|  |TAMS 0x00000006fc800000, 0x00000006fc800000| Untracked 
| 203|0x00000006fcc00000, 0x00000006fcc00000, 0x00000006fd000000|  0%| F|  |TAMS 0x00000006fcc00000, 0x00000006fcc00000| Untracked 
| 204|0x00000006fd000000, 0x00000006fd000000, 0x00000006fd400000|  0%| F|  |TAMS 0x00000006fd000000, 0x00000006fd000000| Untracked 
| 205|0x00000006fd400000, 0x00000006fd400000, 0x00000006fd800000|  0%| F|  |TAMS 0x00000006fd400000, 0x00000006fd400000| Untracked 
| 206|0x00000006fd800000, 0x00000006fd800000, 0x00000006fdc00000|  0%| F|  |TAMS 0x00000006fd800000, 0x00000006fd800000| Untracked 
| 207|0x00000006fdc00000, 0x00000006fdc00000, 0x00000006fe000000|  0%| F|  |TAMS 0x00000006fdc00000, 0x00000006fdc00000| Untracked 
| 208|0x00000006fe000000, 0x00000006fe000000, 0x00000006fe400000|  0%| F|  |TAMS 0x00000006fe000000, 0x00000006fe000000| Untracked 
| 209|0x00000006fe400000, 0x00000006fe400000, 0x00000006fe800000|  0%| F|  |TAMS 0x00000006fe400000, 0x00000006fe400000| Untracked 
| 210|0x00000006fe800000, 0x00000006fe800000, 0x00000006fec00000|  0%| F|  |TAMS 0x00000006fe800000, 0x00000006fe800000| Untracked 
| 211|0x00000006fec00000, 0x00000006fec00000, 0x00000006ff000000|  0%| F|  |TAMS 0x00000006fec00000, 0x00000006fec00000| Untracked 
| 212|0x00000006ff000000, 0x00000006ff000000, 0x00000006ff400000|  0%| F|  |TAMS 0x00000006ff000000, 0x00000006ff000000| Untracked 

Card table byte_map: [0x0000017ea7650000,0x0000017ea8000000] _byte_map_base: 0x0000017ea4000000

Marking Bits (Prev, Next): (CMBitMap*) 0x0000017ea0f84900, (CMBitMap*) 0x0000017ea0f848c0
 Prev Bits: [0x0000017ead730000, 0x0000017eb24b0000)
 Next Bits: [0x0000017ea89b0000, 0x0000017ead730000)

Polling page: 0x0000017e9eea0000

Metaspace:

Usage:
  Non-class:     30.01 MB used.
      Class:      4.48 MB used.
       Both:     34.49 MB used.

Virtual space:
  Non-class space:       32.00 MB reserved,      30.12 MB ( 94%) committed,  4 nodes.
      Class space:        1.00 GB reserved,       4.62 MB ( <1%) committed,  1 nodes.
             Both:        1.03 GB reserved,      34.75 MB (  3%) committed. 

Chunk freelists:
   Non-Class:  1.81 MB
       Class:  3.41 MB
        Both:  5.23 MB

MaxMetaspaceSize: unlimited
CompressedClassSpaceSize: 1.00 GB
Initial GC threshold: 21.00 MB
Current GC threshold: 35.31 MB
CDS: off
MetaspaceReclaimPolicy: balanced
 - commit_granule_bytes: 65536.
 - commit_granule_words: 8192.
 - virtual_space_node_default_size: 1048576.
 - enlarge_chunks_in_place: 1.
 - new_chunks_are_fully_committed: 0.
 - uncommit_free_chunks: 1.
 - use_allocation_guard: 0.
 - handle_deallocations: 1.


Internal statistics:

num_allocs_failed_limit: 3.
num_arena_births: 300.
num_arena_deaths: 0.
num_vsnodes_births: 5.
num_vsnodes_deaths: 0.
num_space_committed: 556.
num_space_uncommitted: 0.
num_chunks_returned_to_freelist: 3.
num_chunks_taken_from_freelist: 1306.
num_chunk_merges: 3.
num_chunk_splits: 900.
num_chunks_enlarged: 705.
num_purges: 0.
num_inconsistent_stats: 0.

CodeCache: size=49152Kb used=9294Kb max_used=9294Kb free=39857Kb
 bounds [0x0000017ea3b90000, 0x0000017ea44b0000, 0x0000017ea6b90000]
 total_blobs=4291 nmethods=3765 adapters=449
 compilation: enabled
              stopped_count=0, restarted_count=0
 full_count=0

Compilation events (20 events):
Event: 5.329 Thread 0x0000017eb6466d60 3756       1       io.github.classgraph.ObjectTypedValueWrapper::get (7 bytes)
Event: 5.329 Thread 0x0000017eb6466d60 nmethod 3756 0x0000017ea44a0710 code [0x0000017ea44a08a0, 0x0000017ea44a0988]
Event: 5.329 Thread 0x0000017eb6466d60 3757       1       io.github.classgraph.Classfile::extendScanningUpwardsFromAnnotationParameterValues (166 bytes)
Event: 5.330 Thread 0x0000017eb6466d60 nmethod 3757 0x0000017ea44a0a10 code [0x0000017ea44a0ca0, 0x0000017ea44a14c8]
Event: 5.330 Thread 0x0000017eb58b0170 3758       1       io.github.classgraph.AnnotationParameterValue::getValue (19 bytes)
Event: 5.330 Thread 0x0000017eb58b0170 nmethod 3758 0x0000017ea44a1a10 code [0x0000017ea44a1ba0, 0x0000017ea44a1cc8]
Event: 5.528 Thread 0x0000017eb58b0170 3759       1       io.github.classgraph.ClasspathElementModule::getResource (23 bytes)
Event: 5.529 Thread 0x0000017eb58b0170 nmethod 3759 0x0000017ea44a1d90 code [0x0000017ea44a1f40, 0x0000017ea44a22e8]
Event: 5.530 Thread 0x0000017eb5837e90 3760       1       sun.nio.fs.WindowsException::lastError (5 bytes)
Event: 5.530 Thread 0x0000017eb5837e90 nmethod 3760 0x0000017ea44a2410 code [0x0000017ea44a25a0, 0x0000017ea44a2678]
Event: 5.575 Thread 0x0000017eb64c00e0 3761       1       java.lang.Throwable::<init> (34 bytes)
Event: 5.576 Thread 0x0000017eb64c00e0 nmethod 3761 0x0000017ea44a2710 code [0x0000017ea44a28c0, 0x0000017ea44a2b68]
Event: 6.137 Thread 0x0000017eb64c00e0 3762       1       java.lang.Exception::<init> (6 bytes)
Event: 6.138 Thread 0x0000017eb64c00e0 nmethod 3762 0x0000017ea44a2c10 code [0x0000017ea44a2dc0, 0x0000017ea44a3068]
Event: 6.161 Thread 0x0000017eb64c00e0 3763       1       sun.nio.fs.WindowsPath::getPathForExceptionMessage (5 bytes)
Event: 6.161 Thread 0x0000017eb64c00e0 nmethod 3763 0x0000017ea44a3110 code [0x0000017ea44a32a0, 0x0000017ea44a3378]
Event: 6.173 Thread 0x0000017eb64c00e0 3764       1       io.github.classgraph.AnnotationParameterValueList::<init> (5 bytes)
Event: 6.173 Thread 0x0000017eb6466d60 3765       1       io.github.classgraph.MappableInfoList::<init> (5 bytes)
Event: 6.173 Thread 0x0000017eb64c00e0 nmethod 3764 0x0000017ea44a3410 code [0x0000017ea44a35a0, 0x0000017ea44a36d8]
Event: 6.173 Thread 0x0000017eb6466d60 nmethod 3765 0x0000017ea44a3790 code [0x0000017ea44a3920, 0x0000017ea44a3a58]

GC Heap History (20 events):
Event: 4.064 GC heap after
{Heap after GC invocations=10 (full 0):
 garbage-first heap   total 188416K, used 56986K [0x00000006ca000000, 0x0000000800000000)
  region size 4096K, 3 young (12288K), 3 survivors (12288K)
 Metaspace       used 35070K, committed 35392K, reserved 1081344K
  class space    used 4563K, committed 4736K, reserved 1048576K
}
Event: 4.082 GC heap before
{Heap before GC invocations=10 (full 0):
 garbage-first heap   total 188416K, used 118426K [0x00000006ca000000, 0x0000000800000000)
  region size 4096K, 19 young (77824K), 3 survivors (12288K)
 Metaspace       used 35077K, committed 35392K, reserved 1081344K
  class space    used 4563K, committed 4736K, reserved 1048576K
}
Event: 4.092 GC heap after
{Heap after GC invocations=11 (full 0):
 garbage-first heap   total 188416K, used 63158K [0x00000006ca000000, 0x0000000800000000)
  region size 4096K, 1 young (4096K), 1 survivors (4096K)
 Metaspace       used 35077K, committed 35392K, reserved 1081344K
  class space    used 4563K, committed 4736K, reserved 1048576K
}
Event: 4.111 GC heap before
{Heap before GC invocations=11 (full 0):
 garbage-first heap   total 188416K, used 124598K [0x00000006ca000000, 0x0000000800000000)
  region size 4096K, 17 young (69632K), 1 survivors (4096K)
 Metaspace       used 35135K, committed 35456K, reserved 1081344K
  class space    used 4571K, committed 4736K, reserved 1048576K
}
Event: 4.115 GC heap after
{Heap after GC invocations=12 (full 0):
 garbage-first heap   total 376832K, used 64623K [0x00000006ca000000, 0x0000000800000000)
  region size 4096K, 2 young (8192K), 2 survivors (8192K)
 Metaspace       used 35135K, committed 35456K, reserved 1081344K
  class space    used 4571K, committed 4736K, reserved 1048576K
}
Event: 4.191 GC heap before
{Heap before GC invocations=12 (full 0):
 garbage-first heap   total 376832K, used 257135K [0x00000006ca000000, 0x0000000800000000)
  region size 4096K, 50 young (204800K), 2 survivors (8192K)
 Metaspace       used 35181K, committed 35456K, reserved 1081344K
  class space    used 4576K, committed 4736K, reserved 1048576K
}
Event: 4.198 GC heap after
{Heap after GC invocations=13 (full 0):
 garbage-first heap   total 376832K, used 72245K [0x00000006ca000000, 0x0000000800000000)
  region size 4096K, 4 young (16384K), 4 survivors (16384K)
 Metaspace       used 35181K, committed 35456K, reserved 1081344K
  class space    used 4576K, committed 4736K, reserved 1048576K
}
Event: 4.242 GC heap before
{Heap before GC invocations=13 (full 0):
 garbage-first heap   total 376832K, used 272949K [0x00000006ca000000, 0x0000000800000000)
  region size 4096K, 54 young (221184K), 4 survivors (16384K)
 Metaspace       used 35181K, committed 35456K, reserved 1081344K
  class space    used 4576K, committed 4736K, reserved 1048576K
}
Event: 4.252 GC heap after
{Heap after GC invocations=14 (full 0):
 garbage-first heap   total 376832K, used 80608K [0x00000006ca000000, 0x0000000800000000)
  region size 4096K, 6 young (24576K), 6 survivors (24576K)
 Metaspace       used 35181K, committed 35456K, reserved 1081344K
  class space    used 4576K, committed 4736K, reserved 1048576K
}
Event: 4.295 GC heap before
{Heap before GC invocations=14 (full 0):
 garbage-first heap   total 376832K, used 277216K [0x00000006ca000000, 0x0000000800000000)
  region size 4096K, 56 young (229376K), 6 survivors (24576K)
 Metaspace       used 35181K, committed 35456K, reserved 1081344K
  class space    used 4576K, committed 4736K, reserved 1048576K
}
Event: 4.311 GC heap after
{Heap after GC invocations=15 (full 0):
 garbage-first heap   total 376832K, used 89211K [0x00000006ca000000, 0x0000000800000000)
  region size 4096K, 5 young (20480K), 5 survivors (20480K)
 Metaspace       used 35181K, committed 35456K, reserved 1081344K
  class space    used 4576K, committed 4736K, reserved 1048576K
}
Event: 4.364 GC heap before
{Heap before GC invocations=15 (full 0):
 garbage-first heap   total 376832K, used 289915K [0x00000006ca000000, 0x0000000800000000)
  region size 4096K, 55 young (225280K), 5 survivors (20480K)
 Metaspace       used 35181K, committed 35456K, reserved 1081344K
  class space    used 4576K, committed 4736K, reserved 1048576K
}
Event: 4.378 GC heap after
{Heap after GC invocations=16 (full 0):
 garbage-first heap   total 872448K, used 97454K [0x00000006ca000000, 0x0000000800000000)
  region size 4096K, 5 young (20480K), 5 survivors (20480K)
 Metaspace       used 35181K, committed 35456K, reserved 1081344K
  class space    used 4576K, committed 4736K, reserved 1048576K
}
Event: 4.533 GC heap before
{Heap before GC invocations=16 (full 0):
 garbage-first heap   total 872448K, used 593070K [0x00000006ca000000, 0x0000000800000000)
  region size 4096K, 127 young (520192K), 5 survivors (20480K)
 Metaspace       used 35181K, committed 35456K, reserved 1081344K
  class space    used 4576K, committed 4736K, reserved 1048576K
}
Event: 4.550 GC heap after
{Heap after GC invocations=17 (full 0):
 garbage-first heap   total 872448K, used 123957K [0x00000006ca000000, 0x0000000800000000)
  region size 4096K, 11 young (45056K), 11 survivors (45056K)
 Metaspace       used 35181K, committed 35456K, reserved 1081344K
  class space    used 4576K, committed 4736K, reserved 1048576K
}
Event: 5.103 GC heap before
{Heap before GC invocations=17 (full 0):
 garbage-first heap   total 872448K, used 594997K [0x00000006ca000000, 0x0000000800000000)
  region size 4096K, 127 young (520192K), 11 survivors (45056K)
 Metaspace       used 35314K, committed 35584K, reserved 1081344K
  class space    used 4585K, committed 4736K, reserved 1048576K
}
Event: 5.128 GC heap after
{Heap after GC invocations=18 (full 0):
 garbage-first heap   total 872448K, used 147344K [0x00000006ca000000, 0x0000000800000000)
  region size 4096K, 13 young (53248K), 13 survivors (53248K)
 Metaspace       used 35314K, committed 35584K, reserved 1081344K
  class space    used 4585K, committed 4736K, reserved 1048576K
}
Event: 5.656 GC heap before
{Heap before GC invocations=18 (full 0):
 garbage-first heap   total 872448K, used 610192K [0x00000006ca000000, 0x0000000800000000)
  region size 4096K, 127 young (520192K), 13 survivors (53248K)
 Metaspace       used 35314K, committed 35584K, reserved 1081344K
  class space    used 4585K, committed 4736K, reserved 1048576K
}
Event: 5.687 GC heap after
{Heap after GC invocations=19 (full 0):
 garbage-first heap   total 872448K, used 170976K [0x00000006ca000000, 0x0000000800000000)
  region size 4096K, 12 young (49152K), 12 survivors (49152K)
 Metaspace       used 35314K, committed 35584K, reserved 1081344K
  class space    used 4585K, committed 4736K, reserved 1048576K
}
Event: 6.184 GC heap before
{Heap before GC invocations=19 (full 0):
 garbage-first heap   total 872448K, used 637920K [0x00000006ca000000, 0x0000000800000000)
  region size 4096K, 127 young (520192K), 12 survivors (49152K)
 Metaspace       used 35314K, committed 35584K, reserved 1081344K
  class space    used 4585K, committed 4736K, reserved 1048576K
}

Deoptimization events (16 events):
Event: 0.909 Thread 0x0000017ea0f0e490 DEOPT PACKING pc=0x0000017ea3fa7d01 sp=0x000000549a9fd6f0
Event: 0.909 Thread 0x0000017ea0f0e490 DEOPT UNPACKING pc=0x0000017ea3be2b43 sp=0x000000549a9fcb60 mode 3
Event: 1.892 Thread 0x0000017ea0f0e490 DEOPT PACKING pc=0x0000017ea40c8bf9 sp=0x000000549a9fcea0
Event: 1.892 Thread 0x0000017ea0f0e490 DEOPT UNPACKING pc=0x0000017ea3be2b43 sp=0x000000549a9fc380 mode 3
Event: 2.237 Thread 0x0000017ea0f0e490 DEOPT PACKING pc=0x0000017ea4193d81 sp=0x000000549a9fdd30
Event: 2.237 Thread 0x0000017ea0f0e490 DEOPT UNPACKING pc=0x0000017ea3be2b43 sp=0x000000549a9fd1a0 mode 3
Event: 2.976 Thread 0x0000017ea0f0e490 DEOPT PACKING pc=0x0000017ea423cff9 sp=0x000000549a9fc410
Event: 2.976 Thread 0x0000017ea0f0e490 DEOPT UNPACKING pc=0x0000017ea3be2b43 sp=0x000000549a9fb8f0 mode 3
Event: 3.064 Thread 0x0000017eb78f4630 DEOPT PACKING pc=0x0000017ea429fa93 sp=0x000000549c5fe650
Event: 3.064 Thread 0x0000017eb78f4630 DEOPT UNPACKING pc=0x0000017ea3be2b43 sp=0x000000549c5fdb98 mode 3
Event: 3.301 Thread 0x0000017eb7964930 DEOPT PACKING pc=0x0000017ea40c9f09 sp=0x000000549cbfece0
Event: 3.301 Thread 0x0000017eb7964930 DEOPT UNPACKING pc=0x0000017ea3be2b43 sp=0x000000549cbfe170 mode 3
Event: 3.302 Thread 0x0000017eb7a21520 DEOPT PACKING pc=0x0000017ea40c2b9f sp=0x000000549d0feef0
Event: 3.302 Thread 0x0000017eb7a21520 DEOPT UNPACKING pc=0x0000017ea3be2b43 sp=0x000000549d0fe348 mode 3
Event: 3.456 Thread 0x0000017eb7a206b0 DEOPT PACKING pc=0x0000017ea44007ed sp=0x000000549d8fdd10
Event: 3.456 Thread 0x0000017eb7a206b0 DEOPT UNPACKING pc=0x0000017ea3be2b43 sp=0x000000549d8fd238 mode 3

Classes unloaded (0 events):
No events

Classes redefined (0 events):
No events

Internal exceptions (20 events):
Event: 6.179 Thread 0x0000017eb7a1ad10 Exception <a 'sun/nio/fs/WindowsException'{0x00000006e3103e18}> (0x00000006e3103e18) 
thrown [e:\jenkins\tmp\workspace\build\src\src\hotspot\share\prims\jni.cpp, line 516]
Event: 6.179 Thread 0x0000017eb7a201e0 Exception <a 'sun/nio/fs/WindowsException'{0x00000006e2e0cee8}> (0x00000006e2e0cee8) 
thrown [e:\jenkins\tmp\workspace\build\src\src\hotspot\share\prims\jni.cpp, line 516]
Event: 6.179 Thread 0x0000017eb7a1ad10 Exception <a 'sun/nio/fs/WindowsException'{0x00000006e3104310}> (0x00000006e3104310) 
thrown [e:\jenkins\tmp\workspace\build\src\src\hotspot\share\prims\jni.cpp, line 516]
Event: 6.179 Thread 0x0000017eb7a201e0 Exception <a 'sun/nio/fs/WindowsException'{0x00000006e2e0d3d8}> (0x00000006e2e0d3d8) 
thrown [e:\jenkins\tmp\workspace\build\src\src\hotspot\share\prims\jni.cpp, line 516]
Event: 6.180 Thread 0x0000017eb7964e00 Exception <a 'sun/nio/fs/WindowsException'{0x00000006e336f9e8}> (0x00000006e336f9e8) 
thrown [e:\jenkins\tmp\workspace\build\src\src\hotspot\share\prims\jni.cpp, line 516]
Event: 6.180 Thread 0x0000017eb7964e00 Exception <a 'sun/nio/fs/WindowsException'{0x00000006e336feb8}> (0x00000006e336feb8) 
thrown [e:\jenkins\tmp\workspace\build\src\src\hotspot\share\prims\jni.cpp, line 516]
Event: 6.180 Thread 0x0000017eb7a22390 Exception <a 'sun/nio/fs/WindowsException'{0x00000006e2ed08e0}> (0x00000006e2ed08e0) 
thrown [e:\jenkins\tmp\workspace\build\src\src\hotspot\share\prims\jni.cpp, line 516]
Event: 6.180 Thread 0x0000017eb7a22390 Exception <a 'sun/nio/fs/WindowsException'{0x00000006e2ed0dd8}> (0x00000006e2ed0dd8) 
thrown [e:\jenkins\tmp\workspace\build\src\src\hotspot\share\prims\jni.cpp, line 516]
Event: 6.180 Thread 0x0000017eb7964930 Exception <a 'sun/nio/fs/WindowsException'{0x00000006e2f84de0}> (0x00000006e2f84de0) 
thrown [e:\jenkins\tmp\workspace\build\src\src\hotspot\share\prims\jni.cpp, line 516]
Event: 6.180 Thread 0x0000017eb7964930 Exception <a 'sun/nio/fs/WindowsException'{0x00000006e2f852e0}> (0x00000006e2f852e0) 
thrown [e:\jenkins\tmp\workspace\build\src\src\hotspot\share\prims\jni.cpp, line 516]
Event: 6.180 Thread 0x0000017eb7a201e0 Exception <a 'sun/nio/fs/WindowsException'{0x00000006e2e18b08}> (0x00000006e2e18b08) 
thrown [e:\jenkins\tmp\workspace\build\src\src\hotspot\share\prims\jni.cpp, line 516]
Event: 6.180 Thread 0x0000017eb7a22390 Exception <a 'sun/nio/fs/WindowsException'{0x00000006e2edd490}> (0x00000006e2edd490) 
thrown [e:\jenkins\tmp\workspace\build\src\src\hotspot\share\prims\jni.cpp, line 516]
Event: 6.180 Thread 0x0000017eb7a201e0 Exception <a 'sun/nio/fs/WindowsException'{0x00000006e2e18f78}> (0x00000006e2e18f78) 
thrown [e:\jenkins\tmp\workspace\build\src\src\hotspot\share\prims\jni.cpp, line 516]
Event: 6.180 Thread 0x0000017eb7a22390 Exception <a 'sun/nio/fs/WindowsException'{0x00000006e2edd970}> (0x00000006e2edd970) 
thrown [e:\jenkins\tmp\workspace\build\src\src\hotspot\share\prims\jni.cpp, line 516]
Event: 6.181 Thread 0x0000017eb7a15d50 Exception <a 'sun/nio/fs/WindowsException'{0x00000006e377f868}> (0x00000006e377f868) 
thrown [e:\jenkins\tmp\workspace\build\src\src\hotspot\share\prims\jni.cpp, line 516]
Event: 6.181 Thread 0x0000017eb7a15d50 Exception <a 'sun/nio/fs/WindowsException'{0x00000006e377fce0}> (0x00000006e377fce0) 
thrown [e:\jenkins\tmp\workspace\build\src\src\hotspot\share\prims\jni.cpp, line 516]
Event: 6.183 Thread 0x0000017eb7a21520 Exception <a 'sun/nio/fs/WindowsException'{0x00000006e212e560}> (0x00000006e212e560) 
thrown [e:\jenkins\tmp\workspace\build\src\src\hotspot\share\prims\jni.cpp, line 516]
Event: 6.183 Thread 0x0000017eb7a21520 Exception <a 'sun/nio/fs/WindowsException'{0x00000006e212eaa0}> (0x00000006e212eaa0) 
thrown [e:\jenkins\tmp\workspace\build\src\src\hotspot\share\prims\jni.cpp, line 516]
Event: 6.183 Thread 0x0000017eb7a057c0 Exception <a 'sun/nio/fs/WindowsException'{0x00000006e2d95bd0}> (0x00000006e2d95bd0) 
thrown [e:\jenkins\tmp\workspace\build\src\src\hotspot\share\prims\jni.cpp, line 516]
Event: 6.183 Thread 0x0000017eb7a057c0 Exception <a 'sun/nio/fs/WindowsException'{0x00000006e2d96110}> (0x00000006e2d96110) 
thrown [e:\jenkins\tmp\workspace\build\src\src\hotspot\share\prims\jni.cpp, line 516]

VM Operations (20 events):
Event: 4.618 Executing VM operation: ICBufferFull done
Event: 4.619 Executing VM operation: ICBufferFull
Event: 4.621 Executing VM operation: ICBufferFull done
Event: 4.621 Executing VM operation: ICBufferFull
Event: 4.622 Executing VM operation: ICBufferFull done
Event: 4.622 Executing VM operation: ICBufferFull
Event: 4.623 Executing VM operation: ICBufferFull done
Event: 4.623 Executing VM operation: ICBufferFull
Event: 4.624 Executing VM operation: ICBufferFull done
Event: 4.624 Executing VM operation: ICBufferFull
Event: 4.624 Executing VM operation: ICBufferFull done
Event: 4.625 Executing VM operation: ICBufferFull
Event: 4.626 Executing VM operation: ICBufferFull done
Event: 5.102 Executing VM operation: G1CollectForAllocation
Event: 5.102 Executing VM operation: G1CollectForAllocation done
Event: 5.103 Executing VM operation: G1CollectForAllocation
Event: 5.128 Executing VM operation: G1CollectForAllocation done
Event: 5.656 Executing VM operation: G1CollectForAllocation
Event: 5.687 Executing VM operation: G1CollectForAllocation done
Event: 6.183 Executing VM operation: G1CollectForAllocation

Events (20 events):
Event: 3.517 Thread 0x0000017eb7a22d30 Thread added: 0x0000017eb7a22d30
Event: 3.518 Thread 0x0000017eb7a1f370 Thread added: 0x0000017eb7a1f370
Event: 3.518 loading class java/util/concurrent/CompletableFuture$UniRelay
Event: 3.518 loading class java/util/concurrent/CompletableFuture$UniRelay done
Event: 3.592 Thread 0x0000017eb969e610 Thread added: 0x0000017eb969e610
Event: 3.677 Thread 0x0000017eb969c460 Thread added: 0x0000017eb969c460
Event: 3.705 loading class java/util/concurrent/CompletionException
Event: 3.705 loading class java/util/concurrent/CompletionException done
Event: 3.715 loading class java/io/PrintWriter
Event: 3.715 loading class java/io/PrintWriter done
Event: 3.718 loading class sun/nio/cs/StringUTF16
Event: 3.718 loading class sun/nio/cs/StringUTF16 done
Event: 3.719 loading class java/util/WeakHashMap$EntrySet
Event: 3.719 loading class java/util/WeakHashMap$EntrySet done
Event: 3.720 loading class java/util/WeakHashMap$EntryIterator
Event: 3.720 loading class java/util/WeakHashMap$HashIterator
Event: 3.720 loading class java/util/WeakHashMap$HashIterator done
Event: 3.720 loading class java/util/WeakHashMap$EntryIterator done
Event: 4.564 loading class sun/nio/fs/WindowsChannelFactory$2
Event: 4.564 loading class sun/nio/fs/WindowsChannelFactory$2 done


Dynamic libraries:
0x00007ff642e90000 - 0x00007ff642e9e000 	c:\Users\LENOVO\.vscode\extensions\redhat.java-1.9.0-win32-x64\jre\17.0.3-win32-x86_64\bin\java.exe
0x00007fffca2a0000 - 0x00007fffca4a9000 	C:\WINDOWS\SYSTEM32\ntdll.dll
0x00007fffbfb10000 - 0x00007fffbfb27000 	C:\Program Files\Avast Software\Avast\aswhook.dll
0x00007fffc9220000 - 0x00007fffc92dd000 	C:\WINDOWS\System32\KERNEL32.DLL
0x00007fffc7a80000 - 0x00007fffc7df9000 	C:\WINDOWS\System32\KERNELBASE.dll
0x00007fffc8010000 - 0x00007fffc8121000 	C:\WINDOWS\System32\ucrtbase.dll
0x00007fffa0890000 - 0x00007fffa08a9000 	c:\Users\LENOVO\.vscode\extensions\redhat.java-1.9.0-win32-x64\jre\17.0.3-win32-x86_64\bin\VCRUNTIME140.dll
0x00007fffab5e0000 - 0x00007fffab5f8000 	c:\Users\LENOVO\.vscode\extensions\redhat.java-1.9.0-win32-x64\jre\17.0.3-win32-x86_64\bin\jli.dll
0x00007fffc8760000 - 0x00007fffc890c000 	C:\WINDOWS\System32\USER32.dll
0x00007fffc7e00000 - 0x00007fffc7e26000 	C:\WINDOWS\System32\win32u.dll
0x00007fffb8de0000 - 0x00007fffb9085000 	C:\WINDOWS\WinSxS\amd64_microsoft.windows.common-controls_6595b64144ccf1df_6.0.22000.120_none_9d947278b86cc467\COMCTL32.dll
0x00007fffc8610000 - 0x00007fffc8639000 	C:\WINDOWS\System32\GDI32.dll
0x00007fffc9050000 - 0x00007fffc90f3000 	C:\WINDOWS\System32\msvcrt.dll
0x00007fffc7e30000 - 0x00007fffc7f42000 	C:\WINDOWS\System32\gdi32full.dll
0x00007fffc7960000 - 0x00007fffc79fd000 	C:\WINDOWS\System32\msvcp_win.dll
0x00007fffca180000 - 0x00007fffca1b1000 	C:\WINDOWS\System32\IMM32.DLL
0x00007fffb4470000 - 0x00007fffb447c000 	c:\Users\LENOVO\.vscode\extensions\redhat.java-1.9.0-win32-x64\jre\17.0.3-win32-x86_64\bin\vcruntime140_1.dll
0x00007fff8a590000 - 0x00007fff8a621000 	c:\Users\LENOVO\.vscode\extensions\redhat.java-1.9.0-win32-x64\jre\17.0.3-win32-x86_64\bin\msvcp140.dll
0x00007fff643f0000 - 0x00007fff65038000 	c:\Users\LENOVO\.vscode\extensions\redhat.java-1.9.0-win32-x64\jre\17.0.3-win32-x86_64\bin\server\jvm.dll
0x00007fffc96c0000 - 0x00007fffc976e000 	C:\WINDOWS\System32\ADVAPI32.dll
0x00007fffca1c0000 - 0x00007fffca25e000 	C:\WINDOWS\System32\sechost.dll
0x00007fffc9520000 - 0x00007fffc9640000 	C:\WINDOWS\System32\RPCRT4.dll
0x00007fffc97d0000 - 0x00007fffc97d8000 	C:\WINDOWS\System32\PSAPI.DLL
0x00007fffbe580000 - 0x00007fffbe589000 	C:\WINDOWS\SYSTEM32\WSOCK32.dll
0x00007fffc92f0000 - 0x00007fffc935f000 	C:\WINDOWS\System32\WS2_32.dll
0x00007fffc30e0000 - 0x00007fffc3113000 	C:\WINDOWS\SYSTEM32\WINMM.dll
0x00007fffc1000000 - 0x00007fffc100a000 	C:\WINDOWS\SYSTEM32\VERSION.dll
0x00007fffc6860000 - 0x00007fffc6878000 	C:\WINDOWS\SYSTEM32\kernel.appcore.dll
0x00007fffb3b80000 - 0x00007fffb3b8a000 	c:\Users\LENOVO\.vscode\extensions\redhat.java-1.9.0-win32-x64\jre\17.0.3-win32-x86_64\bin\jimage.dll
0x00007fffc5390000 - 0x00007fffc55b1000 	C:\WINDOWS\SYSTEM32\DBGHELP.DLL
0x00007fffc0e40000 - 0x00007fffc0e71000 	C:\WINDOWS\SYSTEM32\dbgcore.DLL
0x00007fffc7a00000 - 0x00007fffc7a7f000 	C:\WINDOWS\System32\bcryptPrimitives.dll
0x00007fff9f7d0000 - 0x00007fff9f7f5000 	c:\Users\LENOVO\.vscode\extensions\redhat.java-1.9.0-win32-x64\jre\17.0.3-win32-x86_64\bin\java.dll
0x00007fff9f5a0000 - 0x00007fff9f5b8000 	c:\Users\LENOVO\.vscode\extensions\redhat.java-1.9.0-win32-x64\jre\17.0.3-win32-x86_64\bin\zip.dll
0x00007fffc9840000 - 0x00007fffc9ff8000 	C:\WINDOWS\System32\SHELL32.dll
0x00007fffc58b0000 - 0x00007fffc6117000 	C:\WINDOWS\SYSTEM32\windows.storage.dll
0x00007fffc8a00000 - 0x00007fffc8d79000 	C:\WINDOWS\System32\combase.dll
0x00007fffc5740000 - 0x00007fffc58a6000 	C:\WINDOWS\SYSTEM32\wintypes.dll
0x00007fffca000000 - 0x00007fffca0ea000 	C:\WINDOWS\System32\SHCORE.dll
0x00007fffc8130000 - 0x00007fffc818d000 	C:\WINDOWS\System32\shlwapi.dll
0x00007fffc76b0000 - 0x00007fffc76d1000 	C:\WINDOWS\SYSTEM32\profapi.dll
0x00007fff9f4c0000 - 0x00007fff9f4d9000 	C:\Users\LENOVO\.vscode\extensions\redhat.java-1.9.0-win32-x64\jre\17.0.3-win32-x86_64\bin\net.dll
0x00007fffc2740000 - 0x00007fffc284c000 	C:\WINDOWS\SYSTEM32\WINHTTP.dll
0x00007fffc6d10000 - 0x00007fffc6d77000 	C:\WINDOWS\system32\mswsock.dll
0x00007fff9d0e0000 - 0x00007fff9d0f5000 	C:\Users\LENOVO\.vscode\extensions\redhat.java-1.9.0-win32-x64\jre\17.0.3-win32-x86_64\bin\nio.dll
0x00007fffae350000 - 0x00007fffae360000 	c:\Users\LENOVO\.vscode\extensions\redhat.java-1.9.0-win32-x64\jre\17.0.3-win32-x86_64\bin\verify.dll
0x00007fffba150000 - 0x00007fffba159000 	C:\Users\LENOVO\.vscode\extensions\redhat.java-1.9.0-win32-x64\jre\17.0.3-win32-x86_64\bin\management.dll
0x00007fffb9b80000 - 0x00007fffb9b8b000 	C:\Users\LENOVO\.vscode\extensions\redhat.java-1.9.0-win32-x64\jre\17.0.3-win32-x86_64\bin\management_ext.dll
0x00007fffafce0000 - 0x00007fffafcf7000 	C:\WINDOWS\system32\napinsp.dll
0x00007fffaf8f0000 - 0x00007fffaf90b000 	C:\WINDOWS\system32\pnrpnsp.dll
0x00007fffc63f0000 - 0x00007fffc64d8000 	C:\WINDOWS\SYSTEM32\DNSAPI.dll
0x00007fffc6380000 - 0x00007fffc63ad000 	C:\WINDOWS\SYSTEM32\IPHLPAPI.DLL
0x00007fffc8190000 - 0x00007fffc8199000 	C:\WINDOWS\System32\NSI.dll
0x00007fffac580000 - 0x00007fffac592000 	C:\WINDOWS\System32\winrnr.dll
0x00007fffac5a0000 - 0x00007fffac5b5000 	C:\WINDOWS\system32\wshbth.dll
0x00007fffac560000 - 0x00007fffac57f000 	C:\WINDOWS\system32\nlansp_c.dll
0x00007fffc14c0000 - 0x00007fffc14ca000 	C:\Windows\System32\rasadhlp.dll
0x00007fffc2850000 - 0x00007fffc28d1000 	C:\WINDOWS\System32\fwpuclnt.dll
0x00007fffc6f60000 - 0x00007fffc6f78000 	C:\WINDOWS\SYSTEM32\CRYPTSP.dll
0x00007fffc67b0000 - 0x00007fffc67e5000 	C:\WINDOWS\system32\rsaenh.dll
0x00007fffc6e10000 - 0x00007fffc6e39000 	C:\WINDOWS\SYSTEM32\USERENV.dll
0x00007fffc70e0000 - 0x00007fffc7107000 	C:\WINDOWS\SYSTEM32\bcrypt.dll
0x00007fffc6f80000 - 0x00007fffc6f8c000 	C:\WINDOWS\SYSTEM32\CRYPTBASE.dll
0x00007fffc2b50000 - 0x00007fffc2b69000 	C:\WINDOWS\SYSTEM32\dhcpcsvc6.DLL
0x00007fffc3120000 - 0x00007fffc313e000 	C:\WINDOWS\SYSTEM32\dhcpcsvc.DLL

dbghelp: loaded successfully - version: 4.0.5 - missing functions: none
symbol engine: initialized successfully - sym options: 0x614 - pdb path: .;c:\Users\LENOVO\.vscode\extensions\redhat.java-1.9.0-win32-x64\jre\17.0.3-win32-x86_64\bin;C:\WINDOWS\SYSTEM32;C:\Program Files\Avast Software\Avast;C:\WINDOWS\WinSxS\amd64_microsoft.windows.common-controls_6595b64144ccf1df_6.0.22000.120_none_9d947278b86cc467;c:\Users\LENOVO\.vscode\extensions\redhat.java-1.9.0-win32-x64\jre\17.0.3-win32-x86_64\bin\server

VM Arguments:
jvm_args: -Dsts.lsp.client=vscode -Dsts.log.file=/dev/null -XX:TieredStopAtLevel=1 -Dspring.config.location=file:c:\Users\LENOVO\.vscode\extensions\pivotal.vscode-spring-boot-1.38.0\language-server\BOOT-INF\classes\application.properties 
java_command: org.springframework.ide.vscode.boot.app.BootLanguageServerBootApp
java_class_path (initial): c:\Users\LENOVO\.vscode\extensions\pivotal.vscode-spring-boot-1.38.0\language-server\BOOT-INF\classes;c:\Users\LENOVO\.vscode\extensions\pivotal.vscode-spring-boot-1.38.0\language-server\BOOT-INF\lib\annotations-23.0.0.jar;c:\Users\LENOVO\.vscode\extensions\pivotal.vscode-spring-boot-1.38.0\language-server\BOOT-INF\lib\antlr-runtime-3.5.2.jar;c:\Users\LENOVO\.vscode\extensions\pivotal.vscode-spring-boot-1.38.0\language-server\BOOT-INF\lib\antlr4-4.9.3.jar;c:\Users\LENOVO\.vscode\extensions\pivotal.vscode-spring-boot-1.38.0\language-server\BOOT-INF\lib\antlr4-runtime-4.9.3.jar;c:\Users\LENOVO\.vscode\extensions\pivotal.vscode-spring-boot-1.38.0\language-server\BOOT-INF\lib\asm-9.3.jar;c:\Users\LENOVO\.vscode\extensions\pivotal.vscode-spring-boot-1.38.0\language-server\BOOT-INF\lib\asm-analysis-9.3.jar;c:\Users\LENOVO\.vscode\extensions\pivotal.vscode-spring-boot-1.38.0\language-server\BOOT-INF\lib\asm-tree-9.3.jar;c:\Users\LENOVO\.vscode\extensions\pivotal.vscode-spring-boot-1.38.0\language-server\BOOT-INF\lib\asm-util-9.3.jar;c:\Users\LENOVO\.vscode\extensions\pivotal.vscode-spring-boot-1.38.0\language-server\BOOT-INF\lib\byte-buddy-1.10.18.jar;c:\Users\LENOVO\.vscode\extensions\pivotal.vscode-spring-boot-1.38.0\language-server\BOOT-INF\lib\caffeine-2.8.6.jar;c:\Users\LENOVO\.vscode\extensions\pivotal.vscode-spring-boot-1.38.0\language-server\BOOT-INF\lib\checker-qual-3.12.0.jar;c:\Users\LENOVO\.vscode\extensions\pivotal.vscode-spring-boot-1.38.0\language-server\BOOT-INF\lib\classgraph-4.8.149.jar;c:\Users\LENOVO\.vscode\extensions\pivotal.vscode-spring-boot-1.38.0\language-server\BOOT-INF\lib\commons-codec-1.14.jar;c:\Users\LENOVO\.vscode\extensions\pivotal.vscode-spring-boot-1.38.0\language-server\BOOT-INF\lib\commons-compress-1.21.jar;c:\Users\LENOVO\.vscode\extensions\pivotal.vscode-spring-boot-1.38.0\language-server\BOOT-INF\lib\commons-exec-1.3.jar;c:\Users\LENOVO\.vscode\extensions\pivotal.vscode-spring-boot-1.38.0\language-server
Launcher Type: SUN_STANDARD

[Global flags]
     intx CICompilerCount                          = 4                                         {product} {ergonomic}
     uint ConcGCThreads                            = 2                                         {product} {ergonomic}
     uint G1ConcRefinementThreads                  = 8                                         {product} {ergonomic}
   size_t G1HeapRegionSize                         = 4194304                                   {product} {ergonomic}
    uintx GCDrainStackTargetSize                   = 64                                        {product} {ergonomic}
   size_t InitialHeapSize                          = 327155712                                 {product} {ergonomic}
   size_t MarkStackSize                            = 4194304                                   {product} {ergonomic}
   size_t MaxHeapSize                              = 5200936960                                {product} {ergonomic}
   size_t MaxNewSize                               = 3120562176                                {product} {ergonomic}
   size_t MinHeapDeltaBytes                        = 4194304                                   {product} {ergonomic}
   size_t MinHeapSize                              = 8388608                                   {product} {ergonomic}
    uintx NonProfiledCodeHeapSize                  = 0                                      {pd product} {ergonomic}
     bool ProfileInterpreter                       = false                                  {pd product} {command line}
    uintx ProfiledCodeHeapSize                     = 0                                      {pd product} {ergonomic}
   size_t SoftMaxHeapSize                          = 5200936960                             {manageable} {ergonomic}
     intx TieredStopAtLevel                        = 1                                         {product} {command line}
     bool UseCompressedClassPointers               = true                           {product lp64_product} {ergonomic}
     bool UseCompressedOops                        = true                           {product lp64_product} {ergonomic}
     bool UseG1GC                                  = true                                      {product} {ergonomic}
     bool UseLargePagesIndividualAllocation        = false                                  {pd product} {ergonomic}

Logging:
Log output configuration:
 #0: stdout all=warning uptime,level,tags
 #1: stderr all=off uptime,level,tags

Environment Variables:
JAVA_HOME=C:\Program Files\Java\jdk1.8.0_261
CLASSPATH=C:\Program Files\Java\jdk1.8.0_261\jre
PATH=C:\db_home\bin;C:\Program Files (x86)\Microsoft SDKs\Azure\CLI2\wbin;C:\Program Files\Java\jdk1.8.0_261\bin;C:\Program Files (x86)\Common Files\Oracle\Java\javapath;C:\Program Files\Common Files\Oracle\Java\javapath;C:\WINDOWS\system32;C:\WINDOWS;C:\WINDOWS\System32\Wbem;C:\WINDOWS\System32\WindowsPowerShell\v1.0\;C:\WINDOWS\System32\OpenSSH\;C:\Program Files\Java\jdk-11.0.10;C:\maven\apache-maven-3.6.3\bin;%M2_HOME%\bin;C:\xampp\php;C:\sonar-scanner-4.5.0.2216-windows\bin;C:\Program Files\PuTTY\;C:\Program Files\nodejs\;C:\Program Files\Git\cmd;C:\Program Files\Docker\Docker\resources\bin;C:\ProgramData\DockerDesktop\version-bin;C:\ProgramData\ComposerSetup\bin;C:\Users\LENOVO\.windows-build-tools\python27\;C:\Users\LENOVO\AppData\Roaming\npm\node_modules\windows-build-tools\node_modules\.bin;C:\Users\LENOVO\AppData\Roaming\npm\node_modules\node_modules\.bin;C:\Users\LENOVO\AppData\Roaming\npm\node_modules\.bin;C:\Users\LENOVO\AppData\Roaming\node_modules\.bin;C:\Users\LENOVO\AppData\node_modules\.bin;C:\Users\LENOVO\node_modules\.bin;C:\Users\node_modules\.bin;C:\node_modules\.bin;C:\Users\LENOVO\AppData\Roaming\npm\node_modules\npm\node_modules\@npmcli\run-script\lib\node-gyp-bin;C:\db_home\bin;C:\Program Files (x86)\Microsoft SDKs\Azure\CLI2\wbin;C:\Program Files\Java\jdk1.8.0_261\bin;C:\Program Files (x86)\Common Files\Oracle\Java\javapath;C:\Program Files\Common Files\Oracle\Java\javapath;C:\WINDOWS\system32;C:\WINDOWS;C:\WINDOWS\System32\Wbem;C:\WINDOWS\System32\WindowsPowerShell\v1.0\;C:\WINDOWS\System32\OpenSSH\;C:\Program Files\Java\jdk-11.0.10;C:\maven\apache-maven-3.6.3\bin;%M2_HOME%\bin;C:\xampp\php;C:\ProgramData\ComposerSetup\bin;C:\sonar-scanner-4.5.0.2216-windows\bin;C:\Program Files\PuTTY\;C:\Program Files\nodejs\;C:\Program Files\Git\cmd;C:\Program Files\Docker\Docker\resources\bin;C:\ProgramData\DockerDesktop\version-bin;C:\Users\LENOVO\AppData\Local\Microsoft\WindowsApps;C:\Users\LENOVO\AppData\Local\Programs\Microsoft VS Code\bin;C:\Users\LEN
USERNAME=LENOVO
OS=Windows_NT
PROCESSOR_IDENTIFIER=AMD64 Family 23 Model 96 Stepping 1, AuthenticAMD



---------------  S Y S T E M  ---------------

OS:
 Windows 11 , 64 bit Build 22000 (10.0.22000.708)
OS uptime: 12 days 22:50 hours
Hyper-V role detected

CPU: total 8 (initial active 8) (8 cores per cpu, 1 threads per core) family 23 model 96 stepping 1 microcode 0x0, cx8, cmov, fxsr, mmx, 3dnowpref, sse, sse2, sse3, ssse3, sse4a, sse4.1, sse4.2, popcnt, lzcnt, tsc, tscinvbit, avx, avx2, aes, clmul, bmi1, bmi2, adx, sha, fma, vzeroupper, clflush, clflushopt, hv

Memory: 4k page, system-wide physical 19830M (999M free)
TotalPageFile size 50547M (AvailPageFile size 701M)
current process WorkingSet (physical memory assigned to process): 985M, peak: 988M
current process commit charge ("private bytes"): 1018M, peak: 1809M

vm_info: OpenJDK 64-Bit Server VM (17.0.3+7) for windows-amd64 JRE (17.0.3+7), built on Apr 19 2022 16:55:35 by "" with MS VC++ 16.7 (VS2019)

END.
