#
# There is insufficient memory for the Java Runtime Environment to continue.
# Native memory allocation (mmap) failed to map 864026624 bytes for G1 virtual space
# Possible reasons:
#   The system is out of physical RAM or swap space
#   The process is running with CompressedOops enabled, and the Java Heap may be blocking the growth of the native heap
# Possible solutions:
#   Reduce memory load on the system
#   Increase physical memory or swap space
#   Check if swap backing store is full
#   Decrease Java heap size (-Xmx/-Xms)
#   Decrease number of Java threads
#   Decrease Java thread stack sizes (-Xss)
#   Set larger code cache with -XX:ReservedCodeCacheSize=
#   JVM is running with Zero Based Compressed Oops mode in which the Java heap is
#     placed in the first 32GB address space. The Java Heap base address is the
#     maximum limit for the native heap growth. Please use -XX:HeapBaseMinAddress
#     to set the Java Heap base and to place the Java Heap above 32GB virtual address.
# This output file may be truncated or incomplete.
#
#  Out of Memory Error (os_windows.cpp:3535), pid=112672, tid=115956
#
# JRE version: OpenJDK Runtime Environment Temurin-17.0.3+7 (17.0.3+7) (build 17.0.3+7)
# Java VM: OpenJDK 64-Bit Server VM Temurin-17.0.3+7 (17.0.3+7, mixed mode, emulated-client, tiered, compressed oops, compressed class ptrs, g1 gc, windows-amd64)
# No core dump will be written. Minidumps are not enabled by default on client versions of Windows
#

---------------  S U M M A R Y ------------

Command Line: -Dsts.lsp.client=vscode -Dsts.log.file=/dev/null -XX:TieredStopAtLevel=1 -Dspring.config.location=file:c:\Users\LENOVO\.vscode\extensions\pivotal.vscode-spring-boot-1.38.0\language-server\BOOT-INF\classes\application.properties org.springframework.ide.vscode.boot.app.BootLanguageServerBootApp

Host: AMD Ryzen 7 4700U with Radeon Graphics         , 8 cores, 19G,  Windows 11 , 64 bit Build 22000 (10.0.22000.708)
Time: Sat Aug 20 19:01:13 2022 Hora est. Pacífico, Sudamérica elapsed time: 5.282033 seconds (0d 0h 0m 5s)

---------------  T H R E A D  ---------------

Current thread (0x000001c0dadd8c70):  VMThread "VM Thread" [stack: 0x000000928d600000,0x000000928d700000] [id=115956]

Stack: [0x000000928d600000,0x000000928d700000]
Native frames: (J=compiled Java code, j=interpreted, Vv=VM code, C=native code)
V  [jvm.dll+0x675efa]
V  [jvm.dll+0x830a24]
V  [jvm.dll+0x8321ce]
V  [jvm.dll+0x832833]
V  [jvm.dll+0x2454b5]
V  [jvm.dll+0x672de9]
V  [jvm.dll+0x667732]
V  [jvm.dll+0x3043ab]
V  [jvm.dll+0x30b8f6]
V  [jvm.dll+0x35b62e]
V  [jvm.dll+0x35b85f]
V  [jvm.dll+0x2db248]
V  [jvm.dll+0x2d94fc]
V  [jvm.dll+0x2d8acc]
V  [jvm.dll+0x31ca2b]
V  [jvm.dll+0x836cdb]
V  [jvm.dll+0x837a14]
V  [jvm.dll+0x837f2c]
V  [jvm.dll+0x838304]
V  [jvm.dll+0x8383d0]
V  [jvm.dll+0x7e0cfa]
V  [jvm.dll+0x674d85]
C  [ucrtbase.dll+0x26c0c]
C  [KERNEL32.DLL+0x154e0]
C  [ntdll.dll+0x485b]

VM_Operation (0x000000928f6fe8b0): G1CollectForAllocation, mode: safepoint, requested by thread 0x000001c0dd9c4a40


---------------  P R O C E S S  ---------------

Threads class SMR info:
_java_thread_list=0x000001c0df580c50, length=36, elements={
0x000001c0dadaf030, 0x000001c0db802750, 0x000001c0db826d50, 0x000001c0db828620,
0x000001c0db828ee0, 0x000001c0db8297a0, 0x000001c0db82c070, 0x000001c0db82c970,
0x000001c0dba5b620, 0x000001c0dba62c90, 0x000001c0dd902990, 0x000001c0dd96cce0,
0x000001c0dd9835d0, 0x000001c0c6d75230, 0x000001c0dd914e70, 0x000001c0dd95d680,
0x000001c0dd9a1c70, 0x000001c0dd9a2140, 0x000001c0dd9c40a0, 0x000001c0dd9c1550,
0x000001c0dd9c4a40, 0x000001c0dd9c2d60, 0x000001c0dd9c1a20, 0x000001c0dd9c3230,
0x000001c0dd9c1080, 0x000001c0dd9c1ef0, 0x000001c0dd9c3bd0, 0x000001c0dd9c4570,
0x000001c0dd9c23c0, 0x000001c0dd9c2890, 0x000001c0dd9c3700, 0x000001c0df5bfa20,
0x000001c0df5bc060, 0x000001c0df5bfef0, 0x000001c0df5bbb90, 0x000001c0df5bc530
}

Java Threads: ( => current thread )
  0x000001c0dadaf030 JavaThread "Reference Handler" daemon [_thread_blocked, id=113676, stack(0x000000928d700000,0x000000928d800000)]
  0x000001c0db802750 JavaThread "Finalizer" daemon [_thread_blocked, id=78308, stack(0x000000928d800000,0x000000928d900000)]
  0x000001c0db826d50 JavaThread "Signal Dispatcher" daemon [_thread_blocked, id=102588, stack(0x000000928d900000,0x000000928da00000)]
  0x000001c0db828620 JavaThread "Attach Listener" daemon [_thread_blocked, id=84624, stack(0x000000928da00000,0x000000928db00000)]
  0x000001c0db828ee0 JavaThread "Service Thread" daemon [_thread_blocked, id=76048, stack(0x000000928db00000,0x000000928dc00000)]
  0x000001c0db8297a0 JavaThread "Monitor Deflation Thread" daemon [_thread_blocked, id=113964, stack(0x000000928dc00000,0x000000928dd00000)]
  0x000001c0db82c070 JavaThread "C1 CompilerThread0" daemon [_thread_blocked, id=109052, stack(0x000000928dd00000,0x000000928de00000)]
  0x000001c0db82c970 JavaThread "Sweeper thread" daemon [_thread_blocked, id=113056, stack(0x000000928de00000,0x000000928df00000)]
  0x000001c0dba5b620 JavaThread "Notification Thread" daemon [_thread_blocked, id=64032, stack(0x000000928e000000,0x000000928e100000)]
  0x000001c0dba62c90 JavaThread "Common-Cleaner" daemon [_thread_blocked, id=77684, stack(0x000000928e200000,0x000000928e300000)]
  0x000001c0dd902990 JavaThread "ForkJoinPool.commonPool-worker-1" daemon [_thread_blocked, id=113036, stack(0x000000928ec00000,0x000000928ed00000)]
  0x000001c0dd96cce0 JavaThread "pool-7-thread-1" [_thread_blocked, id=108832, stack(0x000000928ee00000,0x000000928ef00000)]
  0x000001c0dd9835d0 JavaThread "LanguageServerApp-lifecycle" [_thread_blocked, id=113108, stack(0x000000928ef00000,0x000000928f000000)]
  0x000001c0c6d75230 JavaThread "DestroyJavaVM" [_thread_blocked, id=113196, stack(0x000000928d000000,0x000000928d100000)]
  0x000001c0dd914e70 JavaThread "ClassGraph-worker-0" daemon [_thread_blocked, id=15412, stack(0x000000928f000000,0x000000928f100000)]
  0x000001c0dd95d680 JavaThread "ClassGraph-worker-1" daemon [_thread_blocked, id=13616, stack(0x000000928f100000,0x000000928f200000)]
  0x000001c0dd9a1c70 JavaThread "ClassGraph-worker-2" daemon [_thread_blocked, id=111448, stack(0x000000928f200000,0x000000928f300000)]
  0x000001c0dd9a2140 JavaThread "ClassGraph-worker-3" daemon [_thread_blocked, id=103084, stack(0x000000928f300000,0x000000928f400000)]
  0x000001c0dd9c40a0 JavaThread "ClassGraph-worker-4" daemon [_thread_blocked, id=105604, stack(0x000000928f400000,0x000000928f500000)]
  0x000001c0dd9c1550 JavaThread "ClassGraph-worker-5" daemon [_thread_blocked, id=117012, stack(0x000000928f500000,0x000000928f600000)]
  0x000001c0dd9c4a40 JavaThread "ClassGraph-worker-6" daemon [_thread_blocked, id=111408, stack(0x000000928f600000,0x000000928f700000)]
  0x000001c0dd9c2d60 JavaThread "ClassGraph-worker-7" daemon [_thread_blocked, id=4968, stack(0x000000928f700000,0x000000928f800000)]
  0x000001c0dd9c1a20 JavaThread "ClassGraph-worker-8" daemon [_thread_blocked, id=114280, stack(0x000000928f800000,0x000000928f900000)]
  0x000001c0dd9c3230 JavaThread "ClassGraph-worker-9" daemon [_thread_blocked, id=22228, stack(0x000000928f900000,0x000000928fa00000)]
  0x000001c0dd9c1080 JavaThread "ClassGraph-worker-10" daemon [_thread_blocked, id=89192, stack(0x000000928fa00000,0x000000928fb00000)]
  0x000001c0dd9c1ef0 JavaThread "ClassGraph-worker-11" daemon [_thread_blocked, id=18616, stack(0x000000928fb00000,0x000000928fc00000)]
  0x000001c0dd9c3bd0 JavaThread "ClassGraph-worker-12" daemon [_thread_blocked, id=112004, stack(0x000000928fc00000,0x000000928fd00000)]
  0x000001c0dd9c4570 JavaThread "ClassGraph-worker-13" daemon [_thread_blocked, id=101868, stack(0x000000928fd00000,0x000000928fe00000)]
  0x000001c0dd9c23c0 JavaThread "pool-8-thread-1" [_thread_in_native, id=108736, stack(0x000000928fe00000,0x000000928ff00000)]
  0x000001c0dd9c2890 JavaThread "Simple-Language-Server main thread" daemon [_thread_blocked, id=81628, stack(0x000000928ff00000,0x0000009290000000)]
  0x000001c0dd9c3700 JavaThread "parallel-1" daemon [_thread_blocked, id=108652, stack(0x0000009290000000,0x0000009290100000)]
  0x000001c0df5bfa20 JavaThread "pool-2-thread-1" [_thread_blocked, id=20536, stack(0x0000009290200000,0x0000009290300000)]
  0x000001c0df5bc060 JavaThread "ForkJoinPool.commonPool-worker-2" daemon [_thread_blocked, id=112708, stack(0x0000009290500000,0x0000009290600000)]
  0x000001c0df5bfef0 JavaThread "pool-2-thread-2" [_thread_blocked, id=115104, stack(0x0000009290600000,0x0000009290700000)]
  0x000001c0df5bbb90 JavaThread "parallel-2" daemon [_thread_blocked, id=84212, stack(0x0000009290700000,0x0000009290800000)]
  0x000001c0df5bc530 JavaThread "Reconciler-1" daemon [_thread_blocked, id=111752, stack(0x0000009290800000,0x0000009290900000)]

Other Threads:
=>0x000001c0dadd8c70 VMThread "VM Thread" [stack: 0x000000928d600000,0x000000928d700000] [id=115956]
  0x000001c0c6e0f930 WatcherThread [stack: 0x000000928e100000,0x000000928e200000] [id=112312]
  0x000001c0c6deba50 GCTaskThread "GC Thread#0" [stack: 0x000000928d100000,0x000000928d200000] [id=116384]
  0x000001c0dc325300 GCTaskThread "GC Thread#1" [stack: 0x000000928e500000,0x000000928e600000] [id=116996]
  0x000001c0dc3255b0 GCTaskThread "GC Thread#2" [stack: 0x000000928e600000,0x000000928e700000] [id=112716]
  0x000001c0dc325c70 GCTaskThread "GC Thread#3" [stack: 0x000000928e700000,0x000000928e800000] [id=111168]
  0x000001c0dc325f20 GCTaskThread "GC Thread#4" [stack: 0x000000928e800000,0x000000928e900000] [id=95264]
  0x000001c0dc3261d0 GCTaskThread "GC Thread#5" [stack: 0x000000928e900000,0x000000928ea00000] [id=115200]
  0x000001c0dc326480 GCTaskThread "GC Thread#6" [stack: 0x000000928ea00000,0x000000928eb00000] [id=83208]
  0x000001c0dd110c50 GCTaskThread "GC Thread#7" [stack: 0x000000928eb00000,0x000000928ec00000] [id=117512]
  0x000001c0c6df62a0 ConcurrentGCThread "G1 Main Marker" [stack: 0x000000928d200000,0x000000928d300000] [id=115312]
  0x000001c0c6df7260 ConcurrentGCThread "G1 Conc#0" [stack: 0x000000928d300000,0x000000928d400000] [id=110276]
  0x000001c0dd41fd10 ConcurrentGCThread "G1 Conc#1" [stack: 0x000000928ed00000,0x000000928ee00000] [id=115276]
  0x000001c0c6e3eb40 ConcurrentGCThread "G1 Refine#0" [stack: 0x000000928d400000,0x000000928d500000] [id=117088]
  0x000001c0ddb7b790 ConcurrentGCThread "G1 Refine#1" [stack: 0x0000009290100000,0x0000009290200000] [id=116172]
  0x000001c0ddb7bd50 ConcurrentGCThread "G1 Refine#2" [stack: 0x0000009290300000,0x0000009290400000] [id=107120]
  0x000001c0ddb7ce90 ConcurrentGCThread "G1 Refine#3" [stack: 0x0000009290400000,0x0000009290500000] [id=115188]
  0x000001c0ddb7ba70 ConcurrentGCThread "G1 Refine#4" [stack: 0x0000009290900000,0x0000009290a00000] [id=95348]
  0x000001c0ddb7d450 ConcurrentGCThread "G1 Refine#5" [stack: 0x0000009290a00000,0x0000009290b00000] [id=96636]
  0x000001c0ddb7c030 ConcurrentGCThread "G1 Refine#6" [stack: 0x0000009290b00000,0x0000009290c00000] [id=108668]
  0x000001c0dac3a4f0 ConcurrentGCThread "G1 Service" [stack: 0x000000928d500000,0x000000928d600000] [id=87136]

Threads with active compile tasks:

VM state: at safepoint (normal execution)

VM Mutex/Monitor currently owned by a thread:  ([mutex/lock_event])
[0x000001c0c4aceef0] Threads_lock - owner thread: 0x000001c0dadd8c70
[0x000001c0c6d738e0] Heap_lock - owner thread: 0x000001c0dd9c4a40

Heap address: 0x00000006ca000000, size: 4960 MB, Compressed Oops mode: Zero based, Oop shift amount: 3

CDS archive(s) not mapped
Compressed class space mapped at: 0x0000000800000000-0x0000000840000000, reserved size: 1073741824
Narrow klass base: 0x0000000800000000, Narrow klass shift: 0, Narrow klass range: 0x40000000

GC Precious Log:
 CPUs: 8 total, 8 available
 Memory: 19830M
 Large Page Support: Disabled
 NUMA Support: Disabled
 Compressed Oops: Enabled (Zero based)
 Heap Region Size: 4M
 Heap Min Capacity: 8M
 Heap Initial Capacity: 312M
 Heap Max Capacity: 4960M
 Pre-touch: Disabled
 Parallel Workers: 8
 Concurrent Workers: 2
 Concurrent Refinement Workers: 8
 Periodic GC: Disabled

Heap:
 garbage-first heap   total 872448K, used 194555K [0x00000006ca000000, 0x0000000800000000)
  region size 4096K, 12 young (49152K), 12 survivors (49152K)
 Metaspace       used 35310K, committed 35584K, reserved 1081344K
  class space    used 4580K, committed 4736K, reserved 1048576K

Heap Regions: E=young(eden), S=young(survivor), O=old, HS=humongous(starts), HC=humongous(continues), CS=collection set, F=free, OA=open archive, CA=closed archive, TAMS=top-at-mark-start (previous, next)
|   0|0x00000006ca000000, 0x00000006ca400000, 0x00000006ca400000|100%| O|  |TAMS 0x00000006ca400000, 0x00000006ca000000| Untracked 
|   1|0x00000006ca400000, 0x00000006ca800000, 0x00000006ca800000|100%| O|  |TAMS 0x00000006ca400000, 0x00000006ca400000| Untracked 
|   2|0x00000006ca800000, 0x00000006cac00000, 0x00000006cac00000|100%| O|  |TAMS 0x00000006ca800000, 0x00000006ca800000| Untracked 
|   3|0x00000006cac00000, 0x00000006cb000000, 0x00000006cb000000|100%| O|  |TAMS 0x00000006cac00000, 0x00000006cac00000| Untracked 
|   4|0x00000006cb000000, 0x00000006cb400000, 0x00000006cb400000|100%| O|  |TAMS 0x00000006cb000000, 0x00000006cb000000| Untracked 
|   5|0x00000006cb400000, 0x00000006cb800000, 0x00000006cb800000|100%| O|  |TAMS 0x00000006cb400000, 0x00000006cb400000| Untracked 
|   6|0x00000006cb800000, 0x00000006cbc00000, 0x00000006cbc00000|100%| O|  |TAMS 0x00000006cb800000, 0x00000006cb800000| Untracked 
|   7|0x00000006cbc00000, 0x00000006cc000000, 0x00000006cc000000|100%| O|  |TAMS 0x00000006cbc00000, 0x00000006cbc00000| Untracked 
|   8|0x00000006cc000000, 0x00000006cc400000, 0x00000006cc400000|100%| O|  |TAMS 0x00000006cc000000, 0x00000006cc000000| Untracked 
|   9|0x00000006cc400000, 0x00000006cc800000, 0x00000006cc800000|100%| O|  |TAMS 0x00000006cc400000, 0x00000006cc400000| Untracked 
|  10|0x00000006cc800000, 0x00000006ccc00000, 0x00000006ccc00000|100%| O|  |TAMS 0x00000006cc800000, 0x00000006cc800000| Untracked 
|  11|0x00000006ccc00000, 0x00000006cd000000, 0x00000006cd000000|100%| O|  |TAMS 0x00000006ccc00000, 0x00000006ccc00000| Untracked 
|  12|0x00000006cd000000, 0x00000006cd400000, 0x00000006cd400000|100%| O|  |TAMS 0x00000006cd000000, 0x00000006cd000000| Untracked 
|  13|0x00000006cd400000, 0x00000006cd800000, 0x00000006cd800000|100%| O|  |TAMS 0x00000006cd400000, 0x00000006cd400000| Untracked 
|  14|0x00000006cd800000, 0x00000006cdc00000, 0x00000006cdc00000|100%| O|  |TAMS 0x00000006cd800000, 0x00000006cd800000| Untracked 
|  15|0x00000006cdc00000, 0x00000006ce000000, 0x00000006ce000000|100%| O|  |TAMS 0x00000006cdc00000, 0x00000006cdc00000| Untracked 
|  16|0x00000006ce000000, 0x00000006ce400000, 0x00000006ce400000|100%| O|  |TAMS 0x00000006ce000000, 0x00000006ce000000| Untracked 
|  17|0x00000006ce400000, 0x00000006ce800000, 0x00000006ce800000|100%| O|  |TAMS 0x00000006ce400000, 0x00000006ce400000| Untracked 
|  18|0x00000006ce800000, 0x00000006cec00000, 0x00000006cec00000|100%| O|  |TAMS 0x00000006ce800000, 0x00000006ce800000| Untracked 
|  19|0x00000006cec00000, 0x00000006cf000000, 0x00000006cf000000|100%| O|  |TAMS 0x00000006cec00000, 0x00000006cec00000| Untracked 
|  20|0x00000006cf000000, 0x00000006cf400000, 0x00000006cf400000|100%| O|  |TAMS 0x00000006cf000000, 0x00000006cf000000| Untracked 
|  21|0x00000006cf400000, 0x00000006cf800000, 0x00000006cf800000|100%| O|  |TAMS 0x00000006cf400000, 0x00000006cf400000| Untracked 
|  22|0x00000006cf800000, 0x00000006cfc00000, 0x00000006cfc00000|100%| O|  |TAMS 0x00000006cf800000, 0x00000006cf800000| Untracked 
|  23|0x00000006cfc00000, 0x00000006d0000000, 0x00000006d0000000|100%| O|  |TAMS 0x00000006cfc00000, 0x00000006cfc00000| Untracked 
|  24|0x00000006d0000000, 0x00000006d0400000, 0x00000006d0400000|100%| O|  |TAMS 0x00000006d0000000, 0x00000006d0000000| Untracked 
|  25|0x00000006d0400000, 0x00000006d0800000, 0x00000006d0800000|100%| O|  |TAMS 0x00000006d0400000, 0x00000006d0400000| Untracked 
|  26|0x00000006d0800000, 0x00000006d0c00000, 0x00000006d0c00000|100%| O|  |TAMS 0x00000006d0800000, 0x00000006d0800000| Untracked 
|  27|0x00000006d0c00000, 0x00000006d1000000, 0x00000006d1000000|100%| O|  |TAMS 0x00000006d0c00000, 0x00000006d0c00000| Untracked 
|  28|0x00000006d1000000, 0x00000006d1400000, 0x00000006d1400000|100%| O|  |TAMS 0x00000006d1000000, 0x00000006d1000000| Untracked 
|  29|0x00000006d1400000, 0x00000006d1800000, 0x00000006d1800000|100%| O|  |TAMS 0x00000006d1400000, 0x00000006d1400000| Untracked 
|  30|0x00000006d1800000, 0x00000006d1c00000, 0x00000006d1c00000|100%| O|  |TAMS 0x00000006d1800000, 0x00000006d1800000| Untracked 
|  31|0x00000006d1c00000, 0x00000006d2000000, 0x00000006d2000000|100%| O|  |TAMS 0x00000006d1c00000, 0x00000006d1c00000| Untracked 
|  32|0x00000006d2000000, 0x00000006d2400000, 0x00000006d2400000|100%| O|  |TAMS 0x00000006d2000000, 0x00000006d2000000| Untracked 
|  33|0x00000006d2400000, 0x00000006d2800000, 0x00000006d2800000|100%| O|  |TAMS 0x00000006d2400000, 0x00000006d2400000| Untracked 
|  34|0x00000006d2800000, 0x00000006d2c00000, 0x00000006d2c00000|100%| O|  |TAMS 0x00000006d2800000, 0x00000006d2800000| Untracked 
|  35|0x00000006d2c00000, 0x00000006d2eb9000, 0x00000006d3000000| 68%| O|  |TAMS 0x00000006d2c00000, 0x00000006d2c00000| Untracked 
|  36|0x00000006d3000000, 0x00000006d3000000, 0x00000006d3400000|  0%| F|  |TAMS 0x00000006d3000000, 0x00000006d3000000| Untracked 
|  37|0x00000006d3400000, 0x00000006d3400000, 0x00000006d3800000|  0%| F|  |TAMS 0x00000006d3400000, 0x00000006d3400000| Untracked 
|  38|0x00000006d3800000, 0x00000006d3800000, 0x00000006d3c00000|  0%| F|  |TAMS 0x00000006d3800000, 0x00000006d3800000| Untracked 
|  39|0x00000006d3c00000, 0x00000006d3c00000, 0x00000006d4000000|  0%| F|  |TAMS 0x00000006d3c00000, 0x00000006d3c00000| Untracked 
|  40|0x00000006d4000000, 0x00000006d4000000, 0x00000006d4400000|  0%| F|  |TAMS 0x00000006d4000000, 0x00000006d4000000| Untracked 
|  41|0x00000006d4400000, 0x00000006d4400000, 0x00000006d4800000|  0%| F|  |TAMS 0x00000006d4400000, 0x00000006d4400000| Untracked 
|  42|0x00000006d4800000, 0x00000006d4800000, 0x00000006d4c00000|  0%| F|  |TAMS 0x00000006d4800000, 0x00000006d4800000| Untracked 
|  43|0x00000006d4c00000, 0x00000006d4c00000, 0x00000006d5000000|  0%| F|  |TAMS 0x00000006d4c00000, 0x00000006d4c00000| Untracked 
|  44|0x00000006d5000000, 0x00000006d5000000, 0x00000006d5400000|  0%| F|  |TAMS 0x00000006d5000000, 0x00000006d5000000| Untracked 
|  45|0x00000006d5400000, 0x00000006d5400000, 0x00000006d5800000|  0%| F|  |TAMS 0x00000006d5400000, 0x00000006d5400000| Untracked 
|  46|0x00000006d5800000, 0x00000006d5800000, 0x00000006d5c00000|  0%| F|  |TAMS 0x00000006d5800000, 0x00000006d5800000| Untracked 
|  47|0x00000006d5c00000, 0x00000006d5c00000, 0x00000006d6000000|  0%| F|  |TAMS 0x00000006d5c00000, 0x00000006d5c00000| Untracked 
|  48|0x00000006d6000000, 0x00000006d6000000, 0x00000006d6400000|  0%| F|  |TAMS 0x00000006d6000000, 0x00000006d6000000| Untracked 
|  49|0x00000006d6400000, 0x00000006d6400000, 0x00000006d6800000|  0%| F|  |TAMS 0x00000006d6400000, 0x00000006d6400000| Untracked 
|  50|0x00000006d6800000, 0x00000006d6800000, 0x00000006d6c00000|  0%| F|  |TAMS 0x00000006d6800000, 0x00000006d6800000| Untracked 
|  51|0x00000006d6c00000, 0x00000006d6c00000, 0x00000006d7000000|  0%| F|  |TAMS 0x00000006d6c00000, 0x00000006d6c00000| Untracked 
|  52|0x00000006d7000000, 0x00000006d7000000, 0x00000006d7400000|  0%| F|  |TAMS 0x00000006d7000000, 0x00000006d7000000| Untracked 
|  53|0x00000006d7400000, 0x00000006d7400000, 0x00000006d7800000|  0%| F|  |TAMS 0x00000006d7400000, 0x00000006d7400000| Untracked 
|  54|0x00000006d7800000, 0x00000006d7800000, 0x00000006d7c00000|  0%| F|  |TAMS 0x00000006d7800000, 0x00000006d7800000| Untracked 
|  55|0x00000006d7c00000, 0x00000006d7c00000, 0x00000006d8000000|  0%| F|  |TAMS 0x00000006d7c00000, 0x00000006d7c00000| Untracked 
|  56|0x00000006d8000000, 0x00000006d8000000, 0x00000006d8400000|  0%| F|  |TAMS 0x00000006d8000000, 0x00000006d8000000| Untracked 
|  57|0x00000006d8400000, 0x00000006d8400000, 0x00000006d8800000|  0%| F|  |TAMS 0x00000006d8400000, 0x00000006d8400000| Untracked 
|  58|0x00000006d8800000, 0x00000006d8800000, 0x00000006d8c00000|  0%| F|  |TAMS 0x00000006d8800000, 0x00000006d8800000| Untracked 
|  59|0x00000006d8c00000, 0x00000006d8c00000, 0x00000006d9000000|  0%| F|  |TAMS 0x00000006d8c00000, 0x00000006d8c00000| Untracked 
|  60|0x00000006d9000000, 0x00000006d9000000, 0x00000006d9400000|  0%| F|  |TAMS 0x00000006d9000000, 0x00000006d9000000| Untracked 
|  61|0x00000006d9400000, 0x00000006d9400000, 0x00000006d9800000|  0%| F|  |TAMS 0x00000006d9400000, 0x00000006d9400000| Untracked 
|  62|0x00000006d9800000, 0x00000006d9800000, 0x00000006d9c00000|  0%| F|  |TAMS 0x00000006d9800000, 0x00000006d9800000| Untracked 
|  63|0x00000006d9c00000, 0x00000006d9c00000, 0x00000006da000000|  0%| F|  |TAMS 0x00000006d9c00000, 0x00000006d9c00000| Untracked 
|  64|0x00000006da000000, 0x00000006da000000, 0x00000006da400000|  0%| F|  |TAMS 0x00000006da000000, 0x00000006da000000| Untracked 
|  65|0x00000006da400000, 0x00000006da400000, 0x00000006da800000|  0%| F|  |TAMS 0x00000006da400000, 0x00000006da400000| Untracked 
|  66|0x00000006da800000, 0x00000006da800000, 0x00000006dac00000|  0%| F|  |TAMS 0x00000006da800000, 0x00000006da800000| Untracked 
|  67|0x00000006dac00000, 0x00000006dac00000, 0x00000006db000000|  0%| F|  |TAMS 0x00000006dac00000, 0x00000006dac00000| Untracked 
|  68|0x00000006db000000, 0x00000006db000000, 0x00000006db400000|  0%| F|  |TAMS 0x00000006db000000, 0x00000006db000000| Untracked 
|  69|0x00000006db400000, 0x00000006db400000, 0x00000006db800000|  0%| F|  |TAMS 0x00000006db400000, 0x00000006db400000| Untracked 
|  70|0x00000006db800000, 0x00000006db800000, 0x00000006dbc00000|  0%| F|  |TAMS 0x00000006db800000, 0x00000006db800000| Untracked 
|  71|0x00000006dbc00000, 0x00000006dbc00000, 0x00000006dc000000|  0%| F|  |TAMS 0x00000006dbc00000, 0x00000006dbc00000| Untracked 
|  72|0x00000006dc000000, 0x00000006dc000000, 0x00000006dc400000|  0%| F|  |TAMS 0x00000006dc000000, 0x00000006dc000000| Untracked 
|  73|0x00000006dc400000, 0x00000006dc400000, 0x00000006dc800000|  0%| F|  |TAMS 0x00000006dc400000, 0x00000006dc400000| Untracked 
|  74|0x00000006dc800000, 0x00000006dcb45e70, 0x00000006dcc00000| 81%| S|CS|TAMS 0x00000006dc800000, 0x00000006dc800000| Complete 
|  75|0x00000006dcc00000, 0x00000006dd000000, 0x00000006dd000000|100%| S|CS|TAMS 0x00000006dcc00000, 0x00000006dcc00000| Complete 
|  76|0x00000006dd000000, 0x00000006dd400000, 0x00000006dd400000|100%| S|CS|TAMS 0x00000006dd000000, 0x00000006dd000000| Complete 
|  77|0x00000006dd400000, 0x00000006dd800000, 0x00000006dd800000|100%| S|CS|TAMS 0x00000006dd400000, 0x00000006dd400000| Complete 
|  78|0x00000006dd800000, 0x00000006ddc00000, 0x00000006ddc00000|100%| S|CS|TAMS 0x00000006dd800000, 0x00000006dd800000| Complete 
|  79|0x00000006ddc00000, 0x00000006de000000, 0x00000006de000000|100%| S|CS|TAMS 0x00000006ddc00000, 0x00000006ddc00000| Complete 
|  80|0x00000006de000000, 0x00000006de400000, 0x00000006de400000|100%| S|CS|TAMS 0x00000006de000000, 0x00000006de000000| Complete 
|  81|0x00000006de400000, 0x00000006de400000, 0x00000006de800000|  0%| F|  |TAMS 0x00000006de400000, 0x00000006de400000| Untracked 
|  82|0x00000006de800000, 0x00000006de800000, 0x00000006dec00000|  0%| F|  |TAMS 0x00000006de800000, 0x00000006de800000| Untracked 
|  83|0x00000006dec00000, 0x00000006dec00000, 0x00000006df000000|  0%| F|  |TAMS 0x00000006dec00000, 0x00000006dec00000| Untracked 
|  84|0x00000006df000000, 0x00000006df000000, 0x00000006df400000|  0%| F|  |TAMS 0x00000006df000000, 0x00000006df000000| Untracked 
|  85|0x00000006df400000, 0x00000006df400000, 0x00000006df800000|  0%| F|  |TAMS 0x00000006df400000, 0x00000006df400000| Untracked 
|  86|0x00000006df800000, 0x00000006df800000, 0x00000006dfc00000|  0%| F|  |TAMS 0x00000006df800000, 0x00000006df800000| Untracked 
|  87|0x00000006dfc00000, 0x00000006dfc00000, 0x00000006e0000000|  0%| F|  |TAMS 0x00000006dfc00000, 0x00000006dfc00000| Untracked 
|  88|0x00000006e0000000, 0x00000006e0000000, 0x00000006e0400000|  0%| F|  |TAMS 0x00000006e0000000, 0x00000006e0000000| Untracked 
|  89|0x00000006e0400000, 0x00000006e0400000, 0x00000006e0800000|  0%| F|  |TAMS 0x00000006e0400000, 0x00000006e0400000| Untracked 
|  90|0x00000006e0800000, 0x00000006e0800000, 0x00000006e0c00000|  0%| F|  |TAMS 0x00000006e0800000, 0x00000006e0800000| Untracked 
|  91|0x00000006e0c00000, 0x00000006e1000000, 0x00000006e1000000|100%| S|CS|TAMS 0x00000006e0c00000, 0x00000006e0c00000| Complete 
|  92|0x00000006e1000000, 0x00000006e1400000, 0x00000006e1400000|100%| S|CS|TAMS 0x00000006e1000000, 0x00000006e1000000| Complete 
|  93|0x00000006e1400000, 0x00000006e1800000, 0x00000006e1800000|100%| S|CS|TAMS 0x00000006e1400000, 0x00000006e1400000| Complete 
|  94|0x00000006e1800000, 0x00000006e1c00000, 0x00000006e1c00000|100%| S|CS|TAMS 0x00000006e1800000, 0x00000006e1800000| Complete 
|  95|0x00000006e1c00000, 0x00000006e2000000, 0x00000006e2000000|100%| S|CS|TAMS 0x00000006e1c00000, 0x00000006e1c00000| Complete 
|  96|0x00000006e2000000, 0x00000006e2000000, 0x00000006e2400000|  0%| F|  |TAMS 0x00000006e2000000, 0x00000006e2000000| Untracked 
|  97|0x00000006e2400000, 0x00000006e2400000, 0x00000006e2800000|  0%| F|  |TAMS 0x00000006e2400000, 0x00000006e2400000| Untracked 
|  98|0x00000006e2800000, 0x00000006e2800000, 0x00000006e2c00000|  0%| F|  |TAMS 0x00000006e2800000, 0x00000006e2800000| Untracked 
|  99|0x00000006e2c00000, 0x00000006e2c00000, 0x00000006e3000000|  0%| F|  |TAMS 0x00000006e2c00000, 0x00000006e2c00000| Untracked 
| 100|0x00000006e3000000, 0x00000006e3000000, 0x00000006e3400000|  0%| F|  |TAMS 0x00000006e3000000, 0x00000006e3000000| Untracked 
| 101|0x00000006e3400000, 0x00000006e3400000, 0x00000006e3800000|  0%| F|  |TAMS 0x00000006e3400000, 0x00000006e3400000| Untracked 
| 102|0x00000006e3800000, 0x00000006e3800000, 0x00000006e3c00000|  0%| F|  |TAMS 0x00000006e3800000, 0x00000006e3800000| Untracked 
| 103|0x00000006e3c00000, 0x00000006e3c00000, 0x00000006e4000000|  0%| F|  |TAMS 0x00000006e3c00000, 0x00000006e3c00000| Untracked 
| 104|0x00000006e4000000, 0x00000006e4000000, 0x00000006e4400000|  0%| F|  |TAMS 0x00000006e4000000, 0x00000006e4000000| Untracked 
| 105|0x00000006e4400000, 0x00000006e4400000, 0x00000006e4800000|  0%| F|  |TAMS 0x00000006e4400000, 0x00000006e4400000| Untracked 
| 106|0x00000006e4800000, 0x00000006e4800000, 0x00000006e4c00000|  0%| F|  |TAMS 0x00000006e4800000, 0x00000006e4800000| Untracked 
| 107|0x00000006e4c00000, 0x00000006e4c00000, 0x00000006e5000000|  0%| F|  |TAMS 0x00000006e4c00000, 0x00000006e4c00000| Untracked 
| 108|0x00000006e5000000, 0x00000006e5000000, 0x00000006e5400000|  0%| F|  |TAMS 0x00000006e5000000, 0x00000006e5000000| Untracked 
| 109|0x00000006e5400000, 0x00000006e5400000, 0x00000006e5800000|  0%| F|  |TAMS 0x00000006e5400000, 0x00000006e5400000| Untracked 
| 110|0x00000006e5800000, 0x00000006e5800000, 0x00000006e5c00000|  0%| F|  |TAMS 0x00000006e5800000, 0x00000006e5800000| Untracked 
| 111|0x00000006e5c00000, 0x00000006e5c00000, 0x00000006e6000000|  0%| F|  |TAMS 0x00000006e5c00000, 0x00000006e5c00000| Untracked 
| 112|0x00000006e6000000, 0x00000006e6000000, 0x00000006e6400000|  0%| F|  |TAMS 0x00000006e6000000, 0x00000006e6000000| Untracked 
| 113|0x00000006e6400000, 0x00000006e6400000, 0x00000006e6800000|  0%| F|  |TAMS 0x00000006e6400000, 0x00000006e6400000| Untracked 
| 114|0x00000006e6800000, 0x00000006e6800000, 0x00000006e6c00000|  0%| F|  |TAMS 0x00000006e6800000, 0x00000006e6800000| Untracked 
| 115|0x00000006e6c00000, 0x00000006e6c00000, 0x00000006e7000000|  0%| F|  |TAMS 0x00000006e6c00000, 0x00000006e6c00000| Untracked 
| 116|0x00000006e7000000, 0x00000006e7000000, 0x00000006e7400000|  0%| F|  |TAMS 0x00000006e7000000, 0x00000006e7000000| Untracked 
| 117|0x00000006e7400000, 0x00000006e7400000, 0x00000006e7800000|  0%| F|  |TAMS 0x00000006e7400000, 0x00000006e7400000| Untracked 
| 118|0x00000006e7800000, 0x00000006e7800000, 0x00000006e7c00000|  0%| F|  |TAMS 0x00000006e7800000, 0x00000006e7800000| Untracked 
| 119|0x00000006e7c00000, 0x00000006e7c00000, 0x00000006e8000000|  0%| F|  |TAMS 0x00000006e7c00000, 0x00000006e7c00000| Untracked 
| 120|0x00000006e8000000, 0x00000006e8000000, 0x00000006e8400000|  0%| F|  |TAMS 0x00000006e8000000, 0x00000006e8000000| Untracked 
| 121|0x00000006e8400000, 0x00000006e8400000, 0x00000006e8800000|  0%| F|  |TAMS 0x00000006e8400000, 0x00000006e8400000| Untracked 
| 122|0x00000006e8800000, 0x00000006e8800000, 0x00000006e8c00000|  0%| F|  |TAMS 0x00000006e8800000, 0x00000006e8800000| Untracked 
| 123|0x00000006e8c00000, 0x00000006e8c00000, 0x00000006e9000000|  0%| F|  |TAMS 0x00000006e8c00000, 0x00000006e8c00000| Untracked 
| 124|0x00000006e9000000, 0x00000006e9000000, 0x00000006e9400000|  0%| F|  |TAMS 0x00000006e9000000, 0x00000006e9000000| Untracked 
| 125|0x00000006e9400000, 0x00000006e9400000, 0x00000006e9800000|  0%| F|  |TAMS 0x00000006e9400000, 0x00000006e9400000| Untracked 
| 126|0x00000006e9800000, 0x00000006e9800000, 0x00000006e9c00000|  0%| F|  |TAMS 0x00000006e9800000, 0x00000006e9800000| Untracked 
| 127|0x00000006e9c00000, 0x00000006e9c00000, 0x00000006ea000000|  0%| F|  |TAMS 0x00000006e9c00000, 0x00000006e9c00000| Untracked 
| 128|0x00000006ea000000, 0x00000006ea000000, 0x00000006ea400000|  0%| F|  |TAMS 0x00000006ea000000, 0x00000006ea000000| Untracked 
| 129|0x00000006ea400000, 0x00000006ea400000, 0x00000006ea800000|  0%| F|  |TAMS 0x00000006ea400000, 0x00000006ea400000| Untracked 
| 130|0x00000006ea800000, 0x00000006ea800000, 0x00000006eac00000|  0%| F|  |TAMS 0x00000006ea800000, 0x00000006ea800000| Untracked 
| 131|0x00000006eac00000, 0x00000006eac00000, 0x00000006eb000000|  0%| F|  |TAMS 0x00000006eac00000, 0x00000006eac00000| Untracked 
| 132|0x00000006eb000000, 0x00000006eb000000, 0x00000006eb400000|  0%| F|  |TAMS 0x00000006eb000000, 0x00000006eb000000| Untracked 
| 133|0x00000006eb400000, 0x00000006eb400000, 0x00000006eb800000|  0%| F|  |TAMS 0x00000006eb400000, 0x00000006eb400000| Untracked 
| 134|0x00000006eb800000, 0x00000006eb800000, 0x00000006ebc00000|  0%| F|  |TAMS 0x00000006eb800000, 0x00000006eb800000| Untracked 
| 135|0x00000006ebc00000, 0x00000006ebc00000, 0x00000006ec000000|  0%| F|  |TAMS 0x00000006ebc00000, 0x00000006ebc00000| Untracked 
| 136|0x00000006ec000000, 0x00000006ec000000, 0x00000006ec400000|  0%| F|  |TAMS 0x00000006ec000000, 0x00000006ec000000| Untracked 
| 137|0x00000006ec400000, 0x00000006ec400000, 0x00000006ec800000|  0%| F|  |TAMS 0x00000006ec400000, 0x00000006ec400000| Untracked 
| 138|0x00000006ec800000, 0x00000006ec800000, 0x00000006ecc00000|  0%| F|  |TAMS 0x00000006ec800000, 0x00000006ec800000| Untracked 
| 139|0x00000006ecc00000, 0x00000006ecc00000, 0x00000006ed000000|  0%| F|  |TAMS 0x00000006ecc00000, 0x00000006ecc00000| Untracked 
| 140|0x00000006ed000000, 0x00000006ed000000, 0x00000006ed400000|  0%| F|  |TAMS 0x00000006ed000000, 0x00000006ed000000| Untracked 
| 141|0x00000006ed400000, 0x00000006ed400000, 0x00000006ed800000|  0%| F|  |TAMS 0x00000006ed400000, 0x00000006ed400000| Untracked 
| 142|0x00000006ed800000, 0x00000006ed800000, 0x00000006edc00000|  0%| F|  |TAMS 0x00000006ed800000, 0x00000006ed800000| Untracked 
| 143|0x00000006edc00000, 0x00000006edc00000, 0x00000006ee000000|  0%| F|  |TAMS 0x00000006edc00000, 0x00000006edc00000| Untracked 
| 144|0x00000006ee000000, 0x00000006ee000000, 0x00000006ee400000|  0%| F|  |TAMS 0x00000006ee000000, 0x00000006ee000000| Untracked 
| 145|0x00000006ee400000, 0x00000006ee400000, 0x00000006ee800000|  0%| F|  |TAMS 0x00000006ee400000, 0x00000006ee400000| Untracked 
| 146|0x00000006ee800000, 0x00000006ee800000, 0x00000006eec00000|  0%| F|  |TAMS 0x00000006ee800000, 0x00000006ee800000| Untracked 
| 147|0x00000006eec00000, 0x00000006eec00000, 0x00000006ef000000|  0%| F|  |TAMS 0x00000006eec00000, 0x00000006eec00000| Untracked 
| 148|0x00000006ef000000, 0x00000006ef000000, 0x00000006ef400000|  0%| F|  |TAMS 0x00000006ef000000, 0x00000006ef000000| Untracked 
| 149|0x00000006ef400000, 0x00000006ef400000, 0x00000006ef800000|  0%| F|  |TAMS 0x00000006ef400000, 0x00000006ef400000| Untracked 
| 150|0x00000006ef800000, 0x00000006ef800000, 0x00000006efc00000|  0%| F|  |TAMS 0x00000006ef800000, 0x00000006ef800000| Untracked 
| 151|0x00000006efc00000, 0x00000006efc00000, 0x00000006f0000000|  0%| F|  |TAMS 0x00000006efc00000, 0x00000006efc00000| Untracked 
| 152|0x00000006f0000000, 0x00000006f0000000, 0x00000006f0400000|  0%| F|  |TAMS 0x00000006f0000000, 0x00000006f0000000| Untracked 
| 153|0x00000006f0400000, 0x00000006f0400000, 0x00000006f0800000|  0%| F|  |TAMS 0x00000006f0400000, 0x00000006f0400000| Untracked 
| 154|0x00000006f0800000, 0x00000006f0800000, 0x00000006f0c00000|  0%| F|  |TAMS 0x00000006f0800000, 0x00000006f0800000| Untracked 
| 155|0x00000006f0c00000, 0x00000006f0c00000, 0x00000006f1000000|  0%| F|  |TAMS 0x00000006f0c00000, 0x00000006f0c00000| Untracked 
| 156|0x00000006f1000000, 0x00000006f1000000, 0x00000006f1400000|  0%| F|  |TAMS 0x00000006f1000000, 0x00000006f1000000| Untracked 
| 157|0x00000006f1400000, 0x00000006f1400000, 0x00000006f1800000|  0%| F|  |TAMS 0x00000006f1400000, 0x00000006f1400000| Untracked 
| 158|0x00000006f1800000, 0x00000006f1800000, 0x00000006f1c00000|  0%| F|  |TAMS 0x00000006f1800000, 0x00000006f1800000| Untracked 
| 159|0x00000006f1c00000, 0x00000006f1c00000, 0x00000006f2000000|  0%| F|  |TAMS 0x00000006f1c00000, 0x00000006f1c00000| Untracked 
| 160|0x00000006f2000000, 0x00000006f2000000, 0x00000006f2400000|  0%| F|  |TAMS 0x00000006f2000000, 0x00000006f2000000| Untracked 
| 161|0x00000006f2400000, 0x00000006f2400000, 0x00000006f2800000|  0%| F|  |TAMS 0x00000006f2400000, 0x00000006f2400000| Untracked 
| 162|0x00000006f2800000, 0x00000006f2800000, 0x00000006f2c00000|  0%| F|  |TAMS 0x00000006f2800000, 0x00000006f2800000| Untracked 
| 163|0x00000006f2c00000, 0x00000006f2c00000, 0x00000006f3000000|  0%| F|  |TAMS 0x00000006f2c00000, 0x00000006f2c00000| Untracked 
| 164|0x00000006f3000000, 0x00000006f3000000, 0x00000006f3400000|  0%| F|  |TAMS 0x00000006f3000000, 0x00000006f3000000| Untracked 
| 165|0x00000006f3400000, 0x00000006f3400000, 0x00000006f3800000|  0%| F|  |TAMS 0x00000006f3400000, 0x00000006f3400000| Untracked 
| 166|0x00000006f3800000, 0x00000006f3800000, 0x00000006f3c00000|  0%| F|  |TAMS 0x00000006f3800000, 0x00000006f3800000| Untracked 
| 167|0x00000006f3c00000, 0x00000006f3c00000, 0x00000006f4000000|  0%| F|  |TAMS 0x00000006f3c00000, 0x00000006f3c00000| Untracked 
| 168|0x00000006f4000000, 0x00000006f4000000, 0x00000006f4400000|  0%| F|  |TAMS 0x00000006f4000000, 0x00000006f4000000| Untracked 
| 169|0x00000006f4400000, 0x00000006f4400000, 0x00000006f4800000|  0%| F|  |TAMS 0x00000006f4400000, 0x00000006f4400000| Untracked 
| 170|0x00000006f4800000, 0x00000006f4800000, 0x00000006f4c00000|  0%| F|  |TAMS 0x00000006f4800000, 0x00000006f4800000| Untracked 
| 171|0x00000006f4c00000, 0x00000006f4c00000, 0x00000006f5000000|  0%| F|  |TAMS 0x00000006f4c00000, 0x00000006f4c00000| Untracked 
| 172|0x00000006f5000000, 0x00000006f5000000, 0x00000006f5400000|  0%| F|  |TAMS 0x00000006f5000000, 0x00000006f5000000| Untracked 
| 173|0x00000006f5400000, 0x00000006f5400000, 0x00000006f5800000|  0%| F|  |TAMS 0x00000006f5400000, 0x00000006f5400000| Untracked 
| 174|0x00000006f5800000, 0x00000006f5800000, 0x00000006f5c00000|  0%| F|  |TAMS 0x00000006f5800000, 0x00000006f5800000| Untracked 
| 175|0x00000006f5c00000, 0x00000006f5c00000, 0x00000006f6000000|  0%| F|  |TAMS 0x00000006f5c00000, 0x00000006f5c00000| Untracked 
| 176|0x00000006f6000000, 0x00000006f6000000, 0x00000006f6400000|  0%| F|  |TAMS 0x00000006f6000000, 0x00000006f6000000| Untracked 
| 177|0x00000006f6400000, 0x00000006f6400000, 0x00000006f6800000|  0%| F|  |TAMS 0x00000006f6400000, 0x00000006f6400000| Untracked 
| 178|0x00000006f6800000, 0x00000006f6800000, 0x00000006f6c00000|  0%| F|  |TAMS 0x00000006f6800000, 0x00000006f6800000| Untracked 
| 179|0x00000006f6c00000, 0x00000006f6c00000, 0x00000006f7000000|  0%| F|  |TAMS 0x00000006f6c00000, 0x00000006f6c00000| Untracked 
| 180|0x00000006f7000000, 0x00000006f7000000, 0x00000006f7400000|  0%| F|  |TAMS 0x00000006f7000000, 0x00000006f7000000| Untracked 
| 181|0x00000006f7400000, 0x00000006f7400000, 0x00000006f7800000|  0%| F|  |TAMS 0x00000006f7400000, 0x00000006f7400000| Untracked 
| 182|0x00000006f7800000, 0x00000006f7800000, 0x00000006f7c00000|  0%| F|  |TAMS 0x00000006f7800000, 0x00000006f7800000| Untracked 
| 183|0x00000006f7c00000, 0x00000006f7c00000, 0x00000006f8000000|  0%| F|  |TAMS 0x00000006f7c00000, 0x00000006f7c00000| Untracked 
| 184|0x00000006f8000000, 0x00000006f8000000, 0x00000006f8400000|  0%| F|  |TAMS 0x00000006f8000000, 0x00000006f8000000| Untracked 
| 185|0x00000006f8400000, 0x00000006f8400000, 0x00000006f8800000|  0%| F|  |TAMS 0x00000006f8400000, 0x00000006f8400000| Untracked 
| 186|0x00000006f8800000, 0x00000006f8800000, 0x00000006f8c00000|  0%| F|  |TAMS 0x00000006f8800000, 0x00000006f8800000| Untracked 
| 187|0x00000006f8c00000, 0x00000006f8c00000, 0x00000006f9000000|  0%| F|  |TAMS 0x00000006f8c00000, 0x00000006f8c00000| Untracked 
| 188|0x00000006f9000000, 0x00000006f9000000, 0x00000006f9400000|  0%| F|  |TAMS 0x00000006f9000000, 0x00000006f9000000| Untracked 
| 189|0x00000006f9400000, 0x00000006f9400000, 0x00000006f9800000|  0%| F|  |TAMS 0x00000006f9400000, 0x00000006f9400000| Untracked 
| 190|0x00000006f9800000, 0x00000006f9800000, 0x00000006f9c00000|  0%| F|  |TAMS 0x00000006f9800000, 0x00000006f9800000| Untracked 
| 191|0x00000006f9c00000, 0x00000006f9c00000, 0x00000006fa000000|  0%| F|  |TAMS 0x00000006f9c00000, 0x00000006f9c00000| Untracked 
| 192|0x00000006fa000000, 0x00000006fa000000, 0x00000006fa400000|  0%| F|  |TAMS 0x00000006fa000000, 0x00000006fa000000| Untracked 
| 193|0x00000006fa400000, 0x00000006fa400000, 0x00000006fa800000|  0%| F|  |TAMS 0x00000006fa400000, 0x00000006fa400000| Untracked 
| 194|0x00000006fa800000, 0x00000006fa800000, 0x00000006fac00000|  0%| F|  |TAMS 0x00000006fa800000, 0x00000006fa800000| Untracked 
| 195|0x00000006fac00000, 0x00000006fac00000, 0x00000006fb000000|  0%| F|  |TAMS 0x00000006fac00000, 0x00000006fac00000| Untracked 
| 196|0x00000006fb000000, 0x00000006fb000000, 0x00000006fb400000|  0%| F|  |TAMS 0x00000006fb000000, 0x00000006fb000000| Untracked 
| 197|0x00000006fb400000, 0x00000006fb400000, 0x00000006fb800000|  0%| F|  |TAMS 0x00000006fb400000, 0x00000006fb400000| Untracked 
| 198|0x00000006fb800000, 0x00000006fb800000, 0x00000006fbc00000|  0%| F|  |TAMS 0x00000006fb800000, 0x00000006fb800000| Untracked 
| 199|0x00000006fbc00000, 0x00000006fbc00000, 0x00000006fc000000|  0%| F|  |TAMS 0x00000006fbc00000, 0x00000006fbc00000| Untracked 
| 200|0x00000006fc000000, 0x00000006fc000000, 0x00000006fc400000|  0%| F|  |TAMS 0x00000006fc000000, 0x00000006fc000000| Untracked 
| 201|0x00000006fc400000, 0x00000006fc400000, 0x00000006fc800000|  0%| F|  |TAMS 0x00000006fc400000, 0x00000006fc400000| Untracked 
| 202|0x00000006fc800000, 0x00000006fc800000, 0x00000006fcc00000|  0%| F|  |TAMS 0x00000006fc800000, 0x00000006fc800000| Untracked 
| 203|0x00000006fcc00000, 0x00000006fcc00000, 0x00000006fd000000|  0%| F|  |TAMS 0x00000006fcc00000, 0x00000006fcc00000| Untracked 
| 204|0x00000006fd000000, 0x00000006fd000000, 0x00000006fd400000|  0%| F|  |TAMS 0x00000006fd000000, 0x00000006fd000000| Untracked 
| 205|0x00000006fd400000, 0x00000006fd400000, 0x00000006fd800000|  0%| F|  |TAMS 0x00000006fd400000, 0x00000006fd400000| Untracked 
| 206|0x00000006fd800000, 0x00000006fd800000, 0x00000006fdc00000|  0%| F|  |TAMS 0x00000006fd800000, 0x00000006fd800000| Untracked 
| 207|0x00000006fdc00000, 0x00000006fdc00000, 0x00000006fe000000|  0%| F|  |TAMS 0x00000006fdc00000, 0x00000006fdc00000| Untracked 
| 208|0x00000006fe000000, 0x00000006fe000000, 0x00000006fe400000|  0%| F|  |TAMS 0x00000006fe000000, 0x00000006fe000000| Untracked 
| 209|0x00000006fe400000, 0x00000006fe400000, 0x00000006fe800000|  0%| F|  |TAMS 0x00000006fe400000, 0x00000006fe400000| Untracked 
| 210|0x00000006fe800000, 0x00000006fe800000, 0x00000006fec00000|  0%| F|  |TAMS 0x00000006fe800000, 0x00000006fe800000| Untracked 
| 211|0x00000006fec00000, 0x00000006fec00000, 0x00000006ff000000|  0%| F|  |TAMS 0x00000006fec00000, 0x00000006fec00000| Untracked 
| 212|0x00000006ff000000, 0x00000006ff000000, 0x00000006ff400000|  0%| F|  |TAMS 0x00000006ff000000, 0x00000006ff000000| Untracked 

Card table byte_map: [0x000001c0cd4b0000,0x000001c0cde60000] _byte_map_base: 0x000001c0c9e60000

Marking Bits (Prev, Next): (CMBitMap*) 0x000001c0c6debeb0, (CMBitMap*) 0x000001c0c6debe70
 Prev Bits: [0x000001c0d3590000, 0x000001c0d8310000)
 Next Bits: [0x000001c0ce810000, 0x000001c0d3590000)

Polling page: 0x000001c0c6540000

Metaspace:

Usage:
  Non-class:     30.01 MB used.
      Class:      4.47 MB used.
       Both:     34.48 MB used.

Virtual space:
  Non-class space:       32.00 MB reserved,      30.12 MB ( 94%) committed,  4 nodes.
      Class space:        1.00 GB reserved,       4.62 MB ( <1%) committed,  1 nodes.
             Both:        1.03 GB reserved,      34.75 MB (  3%) committed. 

Chunk freelists:
   Non-Class:  1.44 MB
       Class:  3.33 MB
        Both:  4.77 MB

MaxMetaspaceSize: unlimited
CompressedClassSpaceSize: 1.00 GB
Initial GC threshold: 21.00 MB
Current GC threshold: 35.25 MB
CDS: off
MetaspaceReclaimPolicy: balanced
 - commit_granule_bytes: 65536.
 - commit_granule_words: 8192.
 - virtual_space_node_default_size: 1048576.
 - enlarge_chunks_in_place: 1.
 - new_chunks_are_fully_committed: 0.
 - uncommit_free_chunks: 1.
 - use_allocation_guard: 0.
 - handle_deallocations: 1.


Internal statistics:

num_allocs_failed_limit: 5.
num_arena_births: 300.
num_arena_deaths: 0.
num_vsnodes_births: 5.
num_vsnodes_deaths: 0.
num_space_committed: 556.
num_space_uncommitted: 0.
num_chunks_returned_to_freelist: 5.
num_chunks_taken_from_freelist: 1319.
num_chunk_merges: 5.
num_chunk_splits: 890.
num_chunks_enlarged: 701.
num_purges: 0.
num_inconsistent_stats: 0.

CodeCache: size=49152Kb used=7600Kb max_used=9287Kb free=41551Kb
 bounds [0x000001c0c99f0000, 0x000001c0ca310000, 0x000001c0cc9f0000]
 total_blobs=4279 nmethods=3757 adapters=449
 compilation: enabled
              stopped_count=0, restarted_count=0
 full_count=0

Compilation events (20 events):
Event: 4.384 Thread 0x000001c0db890290 nmethod 3747 0x000001c0ca2fb890 code [0x000001c0ca2fba40, 0x000001c0ca2fbc68]
Event: 4.384 Thread 0x000001c0db890290 3749       1       io.github.classgraph.MethodInfoList::<init> (5 bytes)
Event: 4.384 Thread 0x000001c0dc2cdc80 nmethod 3750 0x000001c0ca2fbd10 code [0x000001c0ca2fbea0, 0x000001c0ca2fbf88]
Event: 4.384 Thread 0x000001c0db890290 nmethod 3749 0x000001c0ca2fc010 code [0x000001c0ca2fc1a0, 0x000001c0ca2fc2d8]
Event: 4.384 Thread 0x000001c0db82c070 nmethod 3744 0x000001c0ca2fc390 code [0x000001c0ca2fc780, 0x000001c0ca2fe528]
Event: 4.385 Thread 0x000001c0dc2cd770 nmethod 3743 0x000001c0ca2feb10 code [0x000001c0ca2fef80, 0x000001c0ca300398]
Event: 4.606 Thread 0x000001c0db82c070 3751       1       io.github.classgraph.ClasspathElementModule::getResource (23 bytes)
Event: 4.606 Thread 0x000001c0db82c070 nmethod 3751 0x000001c0ca300e10 code [0x000001c0ca300fc0, 0x000001c0ca301368]
Event: 4.608 Thread 0x000001c0db82c070 3752       1       sun.nio.fs.WindowsException::lastError (5 bytes)
Event: 4.608 Thread 0x000001c0db82c070 nmethod 3752 0x000001c0ca301490 code [0x000001c0ca301620, 0x000001c0ca3016f8]
Event: 4.649 Thread 0x000001c0db82c070 3753       1       java.lang.Throwable::<init> (34 bytes)
Event: 4.650 Thread 0x000001c0db82c070 nmethod 3753 0x000001c0ca301790 code [0x000001c0ca301940, 0x000001c0ca301be8]
Event: 5.197 Thread 0x000001c0db82c070 3754       1       java.lang.Exception::<init> (6 bytes)
Event: 5.198 Thread 0x000001c0db82c070 nmethod 3754 0x000001c0c9b88d10 code [0x000001c0c9b88ec0, 0x000001c0c9b89168]
Event: 5.220 Thread 0x000001c0db82c070 3755       1       sun.nio.fs.WindowsPath::getPathForExceptionMessage (5 bytes)
Event: 5.220 Thread 0x000001c0db82c070 nmethod 3755 0x000001c0c9b88a10 code [0x000001c0c9b88ba0, 0x000001c0c9b88c78]
Event: 5.232 Thread 0x000001c0db82c070 3756       1       io.github.classgraph.AnnotationParameterValueList::<init> (5 bytes)
Event: 5.233 Thread 0x000001c0db82c070 nmethod 3756 0x000001c0c9b88690 code [0x000001c0c9b88820, 0x000001c0c9b88958]
Event: 5.233 Thread 0x000001c0db82c070 3757       1       io.github.classgraph.MappableInfoList::<init> (5 bytes)
Event: 5.233 Thread 0x000001c0db82c070 nmethod 3757 0x000001c0c9b88310 code [0x000001c0c9b884a0, 0x000001c0c9b885d8]

GC Heap History (20 events):
Event: 3.127 GC heap after
{Heap after GC invocations=10 (full 0):
 garbage-first heap   total 188416K, used 56302K [0x00000006ca000000, 0x0000000800000000)
  region size 4096K, 3 young (12288K), 3 survivors (12288K)
 Metaspace       used 35065K, committed 35392K, reserved 1081344K
  class space    used 4557K, committed 4736K, reserved 1048576K
}
Event: 3.150 GC heap before
{Heap before GC invocations=10 (full 0):
 garbage-first heap   total 188416K, used 113646K [0x00000006ca000000, 0x0000000800000000)
  region size 4096K, 18 young (73728K), 3 survivors (12288K)
 Metaspace       used 35079K, committed 35392K, reserved 1081344K
  class space    used 4557K, committed 4736K, reserved 1048576K
}
Event: 3.161 GC heap after
{Heap after GC invocations=11 (full 0):
 garbage-first heap   total 188416K, used 61272K [0x00000006ca000000, 0x0000000800000000)
  region size 4096K, 1 young (4096K), 1 survivors (4096K)
 Metaspace       used 35079K, committed 35392K, reserved 1081344K
  class space    used 4557K, committed 4736K, reserved 1048576K
}
Event: 3.184 GC heap before
{Heap before GC invocations=11 (full 0):
 garbage-first heap   total 188416K, used 126808K [0x00000006ca000000, 0x0000000800000000)
  region size 4096K, 18 young (73728K), 1 survivors (4096K)
 Metaspace       used 35176K, committed 35456K, reserved 1081344K
  class space    used 4570K, committed 4736K, reserved 1048576K
}
Event: 3.189 GC heap after
{Heap after GC invocations=12 (full 0):
 garbage-first heap   total 376832K, used 62892K [0x00000006ca000000, 0x0000000800000000)
  region size 4096K, 2 young (8192K), 2 survivors (8192K)
 Metaspace       used 35176K, committed 35456K, reserved 1081344K
  class space    used 4570K, committed 4736K, reserved 1048576K
}
Event: 3.255 GC heap before
{Heap before GC invocations=12 (full 0):
 garbage-first heap   total 376832K, used 259500K [0x00000006ca000000, 0x0000000800000000)
  region size 4096K, 51 young (208896K), 2 survivors (8192K)
 Metaspace       used 35176K, committed 35456K, reserved 1081344K
  class space    used 4570K, committed 4736K, reserved 1048576K
}
Event: 3.263 GC heap after
{Heap after GC invocations=13 (full 0):
 garbage-first heap   total 376832K, used 71144K [0x00000006ca000000, 0x0000000800000000)
  region size 4096K, 4 young (16384K), 4 survivors (16384K)
 Metaspace       used 35176K, committed 35456K, reserved 1081344K
  class space    used 4570K, committed 4736K, reserved 1048576K
}
Event: 3.308 GC heap before
{Heap before GC invocations=13 (full 0):
 garbage-first heap   total 376832K, used 275944K [0x00000006ca000000, 0x0000000800000000)
  region size 4096K, 55 young (225280K), 4 survivors (16384K)
 Metaspace       used 35177K, committed 35456K, reserved 1081344K
  class space    used 4571K, committed 4736K, reserved 1048576K
}
Event: 3.320 GC heap after
{Heap after GC invocations=14 (full 0):
 garbage-first heap   total 376832K, used 79333K [0x00000006ca000000, 0x0000000800000000)
  region size 4096K, 6 young (24576K), 6 survivors (24576K)
 Metaspace       used 35177K, committed 35456K, reserved 1081344K
  class space    used 4571K, committed 4736K, reserved 1048576K
}
Event: 3.372 GC heap before
{Heap before GC invocations=14 (full 0):
 garbage-first heap   total 376832K, used 275941K [0x00000006ca000000, 0x0000000800000000)
  region size 4096K, 55 young (225280K), 6 survivors (24576K)
 Metaspace       used 35177K, committed 35456K, reserved 1081344K
  class space    used 4571K, committed 4736K, reserved 1048576K
}
Event: 3.388 GC heap after
{Heap after GC invocations=15 (full 0):
 garbage-first heap   total 376832K, used 88128K [0x00000006ca000000, 0x0000000800000000)
  region size 4096K, 5 young (20480K), 5 survivors (20480K)
 Metaspace       used 35177K, committed 35456K, reserved 1081344K
  class space    used 4571K, committed 4736K, reserved 1048576K
}
Event: 3.431 GC heap before
{Heap before GC invocations=15 (full 0):
 garbage-first heap   total 376832K, used 288832K [0x00000006ca000000, 0x0000000800000000)
  region size 4096K, 55 young (225280K), 5 survivors (20480K)
 Metaspace       used 35177K, committed 35456K, reserved 1081344K
  class space    used 4571K, committed 4736K, reserved 1048576K
}
Event: 3.445 GC heap after
{Heap after GC invocations=16 (full 0):
 garbage-first heap   total 872448K, used 96783K [0x00000006ca000000, 0x0000000800000000)
  region size 4096K, 5 young (20480K), 5 survivors (20480K)
 Metaspace       used 35177K, committed 35456K, reserved 1081344K
  class space    used 4571K, committed 4736K, reserved 1048576K
}
Event: 3.640 GC heap before
{Heap before GC invocations=16 (full 0):
 garbage-first heap   total 872448K, used 592399K [0x00000006ca000000, 0x0000000800000000)
  region size 4096K, 127 young (520192K), 5 survivors (20480K)
 Metaspace       used 35177K, committed 35456K, reserved 1081344K
  class space    used 4571K, committed 4736K, reserved 1048576K
}
Event: 3.660 GC heap after
{Heap after GC invocations=17 (full 0):
 garbage-first heap   total 872448K, used 122493K [0x00000006ca000000, 0x0000000800000000)
  region size 4096K, 11 young (45056K), 11 survivors (45056K)
 Metaspace       used 35177K, committed 35456K, reserved 1081344K
  class space    used 4571K, committed 4736K, reserved 1048576K
}
Event: 4.192 GC heap before
{Heap before GC invocations=17 (full 0):
 garbage-first heap   total 872448K, used 593533K [0x00000006ca000000, 0x0000000800000000)
  region size 4096K, 127 young (520192K), 11 survivors (45056K)
 Metaspace       used 35310K, committed 35584K, reserved 1081344K
  class space    used 4580K, committed 4736K, reserved 1048576K
}
Event: 4.217 GC heap after
{Heap after GC invocations=18 (full 0):
 garbage-first heap   total 872448K, used 146741K [0x00000006ca000000, 0x0000000800000000)
  region size 4096K, 13 young (53248K), 13 survivors (53248K)
 Metaspace       used 35310K, committed 35584K, reserved 1081344K
  class space    used 4580K, committed 4736K, reserved 1048576K
}
Event: 4.730 GC heap before
{Heap before GC invocations=18 (full 0):
 garbage-first heap   total 872448K, used 609589K [0x00000006ca000000, 0x0000000800000000)
  region size 4096K, 127 young (520192K), 13 survivors (53248K)
 Metaspace       used 35310K, committed 35584K, reserved 1081344K
  class space    used 4580K, committed 4736K, reserved 1048576K
}
Event: 4.758 GC heap after
{Heap after GC invocations=19 (full 0):
 garbage-first heap   total 872448K, used 170163K [0x00000006ca000000, 0x0000000800000000)
  region size 4096K, 12 young (49152K), 12 survivors (49152K)
 Metaspace       used 35310K, committed 35584K, reserved 1081344K
  class space    used 4580K, committed 4736K, reserved 1048576K
}
Event: 5.251 GC heap before
{Heap before GC invocations=19 (full 0):
 garbage-first heap   total 872448K, used 637107K [0x00000006ca000000, 0x0000000800000000)
  region size 4096K, 127 young (520192K), 12 survivors (49152K)
 Metaspace       used 35310K, committed 35584K, reserved 1081344K
  class space    used 4580K, committed 4736K, reserved 1048576K
}

Deoptimization events (16 events):
Event: 0.655 Thread 0x000001c0c6d75230 DEOPT PACKING pc=0x000001c0c9e08001 sp=0x000000928d0fd750
Event: 0.655 Thread 0x000001c0c6d75230 DEOPT UNPACKING pc=0x000001c0c9a42b43 sp=0x000000928d0fcbc0 mode 3
Event: 1.239 Thread 0x000001c0c6d75230 DEOPT PACKING pc=0x000001c0c9f274f9 sp=0x000000928d0fcf00
Event: 1.239 Thread 0x000001c0c6d75230 DEOPT UNPACKING pc=0x000001c0c9a42b43 sp=0x000000928d0fc3e0 mode 3
Event: 1.554 Thread 0x000001c0c6d75230 DEOPT PACKING pc=0x000001c0c9ff1f01 sp=0x000000928d0fdd90
Event: 1.554 Thread 0x000001c0c6d75230 DEOPT UNPACKING pc=0x000001c0c9a42b43 sp=0x000000928d0fd200 mode 3
Event: 2.185 Thread 0x000001c0c6d75230 DEOPT PACKING pc=0x000001c0ca0934f9 sp=0x000000928d0fc400
Event: 2.185 Thread 0x000001c0c6d75230 DEOPT UNPACKING pc=0x000001c0c9a42b43 sp=0x000000928d0fb8e0 mode 3
Event: 2.246 Thread 0x000001c0dd902990 DEOPT PACKING pc=0x000001c0ca0fab13 sp=0x000000928ecfe9c0
Event: 2.246 Thread 0x000001c0dd902990 DEOPT UNPACKING pc=0x000001c0c9a42b43 sp=0x000000928ecfdf08 mode 3
Event: 2.443 Thread 0x000001c0dd95d680 DEOPT PACKING pc=0x000001c0c9f28509 sp=0x000000928f1fed30
Event: 2.443 Thread 0x000001c0dd95d680 DEOPT UNPACKING pc=0x000001c0c9a42b43 sp=0x000000928f1fe1c0 mode 3
Event: 2.459 Thread 0x000001c0dd9c40a0 DEOPT PACKING pc=0x000001c0c9f22e9f sp=0x000000928f4ff260
Event: 2.459 Thread 0x000001c0dd9c40a0 DEOPT UNPACKING pc=0x000001c0c9a42b43 sp=0x000000928f4fe6b8 mode 3
Event: 2.616 Thread 0x000001c0dd9c2890 DEOPT PACKING pc=0x000001c0ca25c1ed sp=0x000000928fffdad0
Event: 2.616 Thread 0x000001c0dd9c2890 DEOPT UNPACKING pc=0x000001c0c9a42b43 sp=0x000000928fffcff8 mode 3

Classes unloaded (0 events):
No events

Classes redefined (0 events):
No events

Internal exceptions (20 events):
Event: 5.240 Thread 0x000001c0dd9c1550 Exception <a 'sun/nio/fs/WindowsException'{0x00000006e38a4808}> (0x00000006e38a4808) 
thrown [e:\jenkins\tmp\workspace\build\src\src\hotspot\share\prims\jni.cpp, line 516]
Event: 5.240 Thread 0x000001c0dd9c1550 Exception <a 'sun/nio/fs/WindowsException'{0x00000006e38a4d08}> (0x00000006e38a4d08) 
thrown [e:\jenkins\tmp\workspace\build\src\src\hotspot\share\prims\jni.cpp, line 516]
Event: 5.240 Thread 0x000001c0dd9a2140 Exception <a 'sun/nio/fs/WindowsException'{0x00000006e3a7fa68}> (0x00000006e3a7fa68) 
thrown [e:\jenkins\tmp\workspace\build\src\src\hotspot\share\prims\jni.cpp, line 516]
Event: 5.240 Thread 0x000001c0dd9a2140 Exception <a 'sun/nio/fs/WindowsException'{0x00000006e3a7ff48}> (0x00000006e3a7ff48) 
thrown [e:\jenkins\tmp\workspace\build\src\src\hotspot\share\prims\jni.cpp, line 516]
Event: 5.242 Thread 0x000001c0dd9c40a0 Exception <a 'sun/nio/fs/WindowsException'{0x00000006e37df200}> (0x00000006e37df200) 
thrown [e:\jenkins\tmp\workspace\build\src\src\hotspot\share\prims\jni.cpp, line 516]
Event: 5.242 Thread 0x000001c0dd9c40a0 Exception <a 'sun/nio/fs/WindowsException'{0x00000006e37df740}> (0x00000006e37df740) 
thrown [e:\jenkins\tmp\workspace\build\src\src\hotspot\share\prims\jni.cpp, line 516]
Event: 5.242 Thread 0x000001c0dd9a2140 Exception <a 'sun/nio/fs/WindowsException'{0x00000006e32bfc30}> (0x00000006e32bfc30) 
thrown [e:\jenkins\tmp\workspace\build\src\src\hotspot\share\prims\jni.cpp, line 516]
Event: 5.242 Thread 0x000001c0dd9a2140 Exception <a 'sun/nio/fs/WindowsException'{0x00000006e32c0170}> (0x00000006e32c0170) 
thrown [e:\jenkins\tmp\workspace\build\src\src\hotspot\share\prims\jni.cpp, line 516]
Event: 5.244 Thread 0x000001c0dd9c1550 Exception <a 'sun/nio/fs/WindowsException'{0x00000006e3366ab8}> (0x00000006e3366ab8) 
thrown [e:\jenkins\tmp\workspace\build\src\src\hotspot\share\prims\jni.cpp, line 516]
Event: 5.244 Thread 0x000001c0dd9c1550 Exception <a 'sun/nio/fs/WindowsException'{0x00000006e3366fc8}> (0x00000006e3366fc8) 
thrown [e:\jenkins\tmp\workspace\build\src\src\hotspot\share\prims\jni.cpp, line 516]
Event: 5.244 Thread 0x000001c0dd9c4570 Exception <a 'sun/nio/fs/WindowsException'{0x00000006e2cdf100}> (0x00000006e2cdf100) 
thrown [e:\jenkins\tmp\workspace\build\src\src\hotspot\share\prims\jni.cpp, line 516]
Event: 5.244 Thread 0x000001c0dd9c4570 Exception <a 'sun/nio/fs/WindowsException'{0x00000006e2cdf640}> (0x00000006e2cdf640) 
thrown [e:\jenkins\tmp\workspace\build\src\src\hotspot\share\prims\jni.cpp, line 516]
Event: 5.245 Thread 0x000001c0dd9c1080 Exception <a 'sun/nio/fs/WindowsException'{0x00000006e31dcaa0}> (0x00000006e31dcaa0) 
thrown [e:\jenkins\tmp\workspace\build\src\src\hotspot\share\prims\jni.cpp, line 516]
Event: 5.245 Thread 0x000001c0dd9c1080 Exception <a 'sun/nio/fs/WindowsException'{0x00000006e31dcf70}> (0x00000006e31dcf70) 
thrown [e:\jenkins\tmp\workspace\build\src\src\hotspot\share\prims\jni.cpp, line 516]
Event: 5.246 Thread 0x000001c0dd9c4570 Exception <a 'sun/nio/fs/WindowsException'{0x00000006e2d02190}> (0x00000006e2d02190) 
thrown [e:\jenkins\tmp\workspace\build\src\src\hotspot\share\prims\jni.cpp, line 516]
Event: 5.246 Thread 0x000001c0dd9c4570 Exception <a 'sun/nio/fs/WindowsException'{0x00000006e2d026a0}> (0x00000006e2d026a0) 
thrown [e:\jenkins\tmp\workspace\build\src\src\hotspot\share\prims\jni.cpp, line 516]
Event: 5.249 Thread 0x000001c0dd9c4a40 Exception <a 'sun/nio/fs/WindowsException'{0x00000006e2fd5748}> (0x00000006e2fd5748) 
thrown [e:\jenkins\tmp\workspace\build\src\src\hotspot\share\prims\jni.cpp, line 516]
Event: 5.249 Thread 0x000001c0dd9c4a40 Exception <a 'sun/nio/fs/WindowsException'{0x00000006e2fd5c28}> (0x00000006e2fd5c28) 
thrown [e:\jenkins\tmp\workspace\build\src\src\hotspot\share\prims\jni.cpp, line 516]
Event: 5.250 Thread 0x000001c0dd9c4570 Exception <a 'sun/nio/fs/WindowsException'{0x00000006e2d4dc08}> (0x00000006e2d4dc08) 
thrown [e:\jenkins\tmp\workspace\build\src\src\hotspot\share\prims\jni.cpp, line 516]
Event: 5.250 Thread 0x000001c0dd9c4570 Exception <a 'sun/nio/fs/WindowsException'{0x00000006e2d4e118}> (0x00000006e2d4e118) 
thrown [e:\jenkins\tmp\workspace\build\src\src\hotspot\share\prims\jni.cpp, line 516]

VM Operations (20 events):
Event: 3.733 Executing VM operation: ICBufferFull done
Event: 3.733 Executing VM operation: ICBufferFull
Event: 3.733 Executing VM operation: ICBufferFull done
Event: 3.734 Executing VM operation: ICBufferFull
Event: 3.734 Executing VM operation: ICBufferFull done
Event: 3.734 Executing VM operation: ICBufferFull
Event: 3.734 Executing VM operation: ICBufferFull done
Event: 3.734 Executing VM operation: ICBufferFull
Event: 3.734 Executing VM operation: ICBufferFull done
Event: 3.734 Executing VM operation: ICBufferFull
Event: 3.734 Executing VM operation: ICBufferFull done
Event: 4.192 Executing VM operation: G1CollectForAllocation
Event: 4.217 Executing VM operation: G1CollectForAllocation done
Event: 4.730 Executing VM operation: G1CollectForAllocation
Event: 4.730 Executing VM operation: G1CollectForAllocation done
Event: 4.730 Executing VM operation: G1CollectForAllocation
Event: 4.758 Executing VM operation: G1CollectForAllocation done
Event: 5.251 Executing VM operation: G1CollectForAllocation
Event: 5.251 Executing VM operation: G1CollectForAllocation done
Event: 5.251 Executing VM operation: G1CollectForAllocation

Events (20 events):
Event: 2.672 loading class java/util/concurrent/CompletableFuture$UniRelay done
Event: 2.755 Thread 0x000001c0df5bbb90 Thread added: 0x000001c0df5bbb90
Event: 2.759 loading class java/util/concurrent/CompletionException
Event: 2.759 loading class java/util/concurrent/CompletionException done
Event: 2.767 loading class java/io/PrintWriter
Event: 2.767 loading class java/io/PrintWriter done
Event: 2.769 loading class sun/nio/cs/StringUTF16
Event: 2.769 loading class sun/nio/cs/StringUTF16 done
Event: 2.771 loading class java/util/WeakHashMap$EntrySet
Event: 2.771 loading class java/util/WeakHashMap$EntrySet done
Event: 2.771 loading class java/util/WeakHashMap$EntryIterator
Event: 2.771 loading class java/util/WeakHashMap$HashIterator
Event: 2.772 loading class java/util/WeakHashMap$HashIterator done
Event: 2.772 loading class java/util/WeakHashMap$EntryIterator done
Event: 2.773 Thread 0x000001c0df5bc530 Thread added: 0x000001c0df5bc530
Event: 3.675 loading class sun/nio/fs/WindowsChannelFactory$2
Event: 3.675 loading class sun/nio/fs/WindowsChannelFactory$2 done
Event: 5.197 Thread 0x000001c0dc2cdc80 Thread exited: 0x000001c0dc2cdc80
Event: 5.198 Thread 0x000001c0dc2cd770 Thread exited: 0x000001c0dc2cd770
Event: 5.198 Thread 0x000001c0db890290 Thread exited: 0x000001c0db890290


Dynamic libraries:
0x00007ff642e90000 - 0x00007ff642e9e000 	c:\Users\LENOVO\.vscode\extensions\redhat.java-1.9.0-win32-x64\jre\17.0.3-win32-x86_64\bin\java.exe
0x00007fffca2a0000 - 0x00007fffca4a9000 	C:\WINDOWS\SYSTEM32\ntdll.dll
0x00007fffbfb10000 - 0x00007fffbfb27000 	C:\Program Files\Avast Software\Avast\aswhook.dll
0x00007fffc9220000 - 0x00007fffc92dd000 	C:\WINDOWS\System32\KERNEL32.DLL
0x00007fffc7a80000 - 0x00007fffc7df9000 	C:\WINDOWS\System32\KERNELBASE.dll
0x00007fffc8010000 - 0x00007fffc8121000 	C:\WINDOWS\System32\ucrtbase.dll
0x00007fffab5e0000 - 0x00007fffab5f8000 	c:\Users\LENOVO\.vscode\extensions\redhat.java-1.9.0-win32-x64\jre\17.0.3-win32-x86_64\bin\jli.dll
0x00007fffa0890000 - 0x00007fffa08a9000 	c:\Users\LENOVO\.vscode\extensions\redhat.java-1.9.0-win32-x64\jre\17.0.3-win32-x86_64\bin\VCRUNTIME140.dll
0x00007fffc8760000 - 0x00007fffc890c000 	C:\WINDOWS\System32\USER32.dll
0x00007fffb8de0000 - 0x00007fffb9085000 	C:\WINDOWS\WinSxS\amd64_microsoft.windows.common-controls_6595b64144ccf1df_6.0.22000.120_none_9d947278b86cc467\COMCTL32.dll
0x00007fffc7e00000 - 0x00007fffc7e26000 	C:\WINDOWS\System32\win32u.dll
0x00007fffc9050000 - 0x00007fffc90f3000 	C:\WINDOWS\System32\msvcrt.dll
0x00007fffc8610000 - 0x00007fffc8639000 	C:\WINDOWS\System32\GDI32.dll
0x00007fffc7e30000 - 0x00007fffc7f42000 	C:\WINDOWS\System32\gdi32full.dll
0x00007fffc7960000 - 0x00007fffc79fd000 	C:\WINDOWS\System32\msvcp_win.dll
0x00007fffca180000 - 0x00007fffca1b1000 	C:\WINDOWS\System32\IMM32.DLL
0x00007fffb4470000 - 0x00007fffb447c000 	c:\Users\LENOVO\.vscode\extensions\redhat.java-1.9.0-win32-x64\jre\17.0.3-win32-x86_64\bin\vcruntime140_1.dll
0x00007fff8a590000 - 0x00007fff8a621000 	c:\Users\LENOVO\.vscode\extensions\redhat.java-1.9.0-win32-x64\jre\17.0.3-win32-x86_64\bin\msvcp140.dll
0x00007fff643f0000 - 0x00007fff65038000 	c:\Users\LENOVO\.vscode\extensions\redhat.java-1.9.0-win32-x64\jre\17.0.3-win32-x86_64\bin\server\jvm.dll
0x00007fffc96c0000 - 0x00007fffc976e000 	C:\WINDOWS\System32\ADVAPI32.dll
0x00007fffca1c0000 - 0x00007fffca25e000 	C:\WINDOWS\System32\sechost.dll
0x00007fffc9520000 - 0x00007fffc9640000 	C:\WINDOWS\System32\RPCRT4.dll
0x00007fffc97d0000 - 0x00007fffc97d8000 	C:\WINDOWS\System32\PSAPI.DLL
0x00007fffc30e0000 - 0x00007fffc3113000 	C:\WINDOWS\SYSTEM32\WINMM.dll
0x00007fffc1000000 - 0x00007fffc100a000 	C:\WINDOWS\SYSTEM32\VERSION.dll
0x00007fffbe580000 - 0x00007fffbe589000 	C:\WINDOWS\SYSTEM32\WSOCK32.dll
0x00007fffc92f0000 - 0x00007fffc935f000 	C:\WINDOWS\System32\WS2_32.dll
0x00007fffc6860000 - 0x00007fffc6878000 	C:\WINDOWS\SYSTEM32\kernel.appcore.dll
0x00007fffb3b80000 - 0x00007fffb3b8a000 	c:\Users\LENOVO\.vscode\extensions\redhat.java-1.9.0-win32-x64\jre\17.0.3-win32-x86_64\bin\jimage.dll
0x00007fffc5390000 - 0x00007fffc55b1000 	C:\WINDOWS\SYSTEM32\DBGHELP.DLL
0x00007fffc0e40000 - 0x00007fffc0e71000 	C:\WINDOWS\SYSTEM32\dbgcore.DLL
0x00007fffc7a00000 - 0x00007fffc7a7f000 	C:\WINDOWS\System32\bcryptPrimitives.dll
0x00007fff9f7d0000 - 0x00007fff9f7f5000 	c:\Users\LENOVO\.vscode\extensions\redhat.java-1.9.0-win32-x64\jre\17.0.3-win32-x86_64\bin\java.dll
0x00007fff9f5a0000 - 0x00007fff9f5b8000 	c:\Users\LENOVO\.vscode\extensions\redhat.java-1.9.0-win32-x64\jre\17.0.3-win32-x86_64\bin\zip.dll
0x00007fffc9840000 - 0x00007fffc9ff8000 	C:\WINDOWS\System32\SHELL32.dll
0x00007fffc58b0000 - 0x00007fffc6117000 	C:\WINDOWS\SYSTEM32\windows.storage.dll
0x00007fffc8a00000 - 0x00007fffc8d79000 	C:\WINDOWS\System32\combase.dll
0x00007fffc5740000 - 0x00007fffc58a6000 	C:\WINDOWS\SYSTEM32\wintypes.dll
0x00007fffca000000 - 0x00007fffca0ea000 	C:\WINDOWS\System32\SHCORE.dll
0x00007fffc8130000 - 0x00007fffc818d000 	C:\WINDOWS\System32\shlwapi.dll
0x00007fffc76b0000 - 0x00007fffc76d1000 	C:\WINDOWS\SYSTEM32\profapi.dll
0x00007fff9f4c0000 - 0x00007fff9f4d9000 	C:\Users\LENOVO\.vscode\extensions\redhat.java-1.9.0-win32-x64\jre\17.0.3-win32-x86_64\bin\net.dll
0x00007fffc2740000 - 0x00007fffc284c000 	C:\WINDOWS\SYSTEM32\WINHTTP.dll
0x00007fffc6d10000 - 0x00007fffc6d77000 	C:\WINDOWS\system32\mswsock.dll
0x00007fff9d0e0000 - 0x00007fff9d0f5000 	C:\Users\LENOVO\.vscode\extensions\redhat.java-1.9.0-win32-x64\jre\17.0.3-win32-x86_64\bin\nio.dll
0x00007fffae350000 - 0x00007fffae360000 	c:\Users\LENOVO\.vscode\extensions\redhat.java-1.9.0-win32-x64\jre\17.0.3-win32-x86_64\bin\verify.dll
0x00007fffba150000 - 0x00007fffba159000 	C:\Users\LENOVO\.vscode\extensions\redhat.java-1.9.0-win32-x64\jre\17.0.3-win32-x86_64\bin\management.dll
0x00007fffb9b80000 - 0x00007fffb9b8b000 	C:\Users\LENOVO\.vscode\extensions\redhat.java-1.9.0-win32-x64\jre\17.0.3-win32-x86_64\bin\management_ext.dll
0x00007fffafce0000 - 0x00007fffafcf7000 	C:\WINDOWS\system32\napinsp.dll
0x00007fffaf8f0000 - 0x00007fffaf90b000 	C:\WINDOWS\system32\pnrpnsp.dll
0x00007fffc63f0000 - 0x00007fffc64d8000 	C:\WINDOWS\SYSTEM32\DNSAPI.dll
0x00007fffc6380000 - 0x00007fffc63ad000 	C:\WINDOWS\SYSTEM32\IPHLPAPI.DLL
0x00007fffc8190000 - 0x00007fffc8199000 	C:\WINDOWS\System32\NSI.dll
0x00007fffac580000 - 0x00007fffac592000 	C:\WINDOWS\System32\winrnr.dll
0x00007fffac5a0000 - 0x00007fffac5b5000 	C:\WINDOWS\system32\wshbth.dll
0x00007fffac560000 - 0x00007fffac57f000 	C:\WINDOWS\system32\nlansp_c.dll
0x00007fffc14c0000 - 0x00007fffc14ca000 	C:\Windows\System32\rasadhlp.dll
0x00007fffc2850000 - 0x00007fffc28d1000 	C:\WINDOWS\System32\fwpuclnt.dll
0x00007fffc6f60000 - 0x00007fffc6f78000 	C:\WINDOWS\SYSTEM32\CRYPTSP.dll
0x00007fffc67b0000 - 0x00007fffc67e5000 	C:\WINDOWS\system32\rsaenh.dll
0x00007fffc6e10000 - 0x00007fffc6e39000 	C:\WINDOWS\SYSTEM32\USERENV.dll
0x00007fffc70e0000 - 0x00007fffc7107000 	C:\WINDOWS\SYSTEM32\bcrypt.dll
0x00007fffc6f80000 - 0x00007fffc6f8c000 	C:\WINDOWS\SYSTEM32\CRYPTBASE.dll
0x00007fffc2b50000 - 0x00007fffc2b69000 	C:\WINDOWS\SYSTEM32\dhcpcsvc6.DLL
0x00007fffc3120000 - 0x00007fffc313e000 	C:\WINDOWS\SYSTEM32\dhcpcsvc.DLL

dbghelp: loaded successfully - version: 4.0.5 - missing functions: none
symbol engine: initialized successfully - sym options: 0x614 - pdb path: .;c:\Users\LENOVO\.vscode\extensions\redhat.java-1.9.0-win32-x64\jre\17.0.3-win32-x86_64\bin;C:\WINDOWS\SYSTEM32;C:\Program Files\Avast Software\Avast;C:\WINDOWS\WinSxS\amd64_microsoft.windows.common-controls_6595b64144ccf1df_6.0.22000.120_none_9d947278b86cc467;c:\Users\LENOVO\.vscode\extensions\redhat.java-1.9.0-win32-x64\jre\17.0.3-win32-x86_64\bin\server

VM Arguments:
jvm_args: -Dsts.lsp.client=vscode -Dsts.log.file=/dev/null -XX:TieredStopAtLevel=1 -Dspring.config.location=file:c:\Users\LENOVO\.vscode\extensions\pivotal.vscode-spring-boot-1.38.0\language-server\BOOT-INF\classes\application.properties 
java_command: org.springframework.ide.vscode.boot.app.BootLanguageServerBootApp
java_class_path (initial): c:\Users\LENOVO\.vscode\extensions\pivotal.vscode-spring-boot-1.38.0\language-server\BOOT-INF\classes;c:\Users\LENOVO\.vscode\extensions\pivotal.vscode-spring-boot-1.38.0\language-server\BOOT-INF\lib\annotations-23.0.0.jar;c:\Users\LENOVO\.vscode\extensions\pivotal.vscode-spring-boot-1.38.0\language-server\BOOT-INF\lib\antlr-runtime-3.5.2.jar;c:\Users\LENOVO\.vscode\extensions\pivotal.vscode-spring-boot-1.38.0\language-server\BOOT-INF\lib\antlr4-4.9.3.jar;c:\Users\LENOVO\.vscode\extensions\pivotal.vscode-spring-boot-1.38.0\language-server\BOOT-INF\lib\antlr4-runtime-4.9.3.jar;c:\Users\LENOVO\.vscode\extensions\pivotal.vscode-spring-boot-1.38.0\language-server\BOOT-INF\lib\asm-9.3.jar;c:\Users\LENOVO\.vscode\extensions\pivotal.vscode-spring-boot-1.38.0\language-server\BOOT-INF\lib\asm-analysis-9.3.jar;c:\Users\LENOVO\.vscode\extensions\pivotal.vscode-spring-boot-1.38.0\language-server\BOOT-INF\lib\asm-tree-9.3.jar;c:\Users\LENOVO\.vscode\extensions\pivotal.vscode-spring-boot-1.38.0\language-server\BOOT-INF\lib\asm-util-9.3.jar;c:\Users\LENOVO\.vscode\extensions\pivotal.vscode-spring-boot-1.38.0\language-server\BOOT-INF\lib\byte-buddy-1.10.18.jar;c:\Users\LENOVO\.vscode\extensions\pivotal.vscode-spring-boot-1.38.0\language-server\BOOT-INF\lib\caffeine-2.8.6.jar;c:\Users\LENOVO\.vscode\extensions\pivotal.vscode-spring-boot-1.38.0\language-server\BOOT-INF\lib\checker-qual-3.12.0.jar;c:\Users\LENOVO\.vscode\extensions\pivotal.vscode-spring-boot-1.38.0\language-server\BOOT-INF\lib\classgraph-4.8.149.jar;c:\Users\LENOVO\.vscode\extensions\pivotal.vscode-spring-boot-1.38.0\language-server\BOOT-INF\lib\commons-codec-1.14.jar;c:\Users\LENOVO\.vscode\extensions\pivotal.vscode-spring-boot-1.38.0\language-server\BOOT-INF\lib\commons-compress-1.21.jar;c:\Users\LENOVO\.vscode\extensions\pivotal.vscode-spring-boot-1.38.0\language-server\BOOT-INF\lib\commons-exec-1.3.jar;c:\Users\LENOVO\.vscode\extensions\pivotal.vscode-spring-boot-1.38.0\language-server
Launcher Type: SUN_STANDARD

[Global flags]
     intx CICompilerCount                          = 4                                         {product} {ergonomic}
     uint ConcGCThreads                            = 2                                         {product} {ergonomic}
     uint G1ConcRefinementThreads                  = 8                                         {product} {ergonomic}
   size_t G1HeapRegionSize                         = 4194304                                   {product} {ergonomic}
    uintx GCDrainStackTargetSize                   = 64                                        {product} {ergonomic}
   size_t InitialHeapSize                          = 327155712                                 {product} {ergonomic}
   size_t MarkStackSize                            = 4194304                                   {product} {ergonomic}
   size_t MaxHeapSize                              = 5200936960                                {product} {ergonomic}
   size_t MaxNewSize                               = 3120562176                                {product} {ergonomic}
   size_t MinHeapDeltaBytes                        = 4194304                                   {product} {ergonomic}
   size_t MinHeapSize                              = 8388608                                   {product} {ergonomic}
    uintx NonProfiledCodeHeapSize                  = 0                                      {pd product} {ergonomic}
     bool ProfileInterpreter                       = false                                  {pd product} {command line}
    uintx ProfiledCodeHeapSize                     = 0                                      {pd product} {ergonomic}
   size_t SoftMaxHeapSize                          = 5200936960                             {manageable} {ergonomic}
     intx TieredStopAtLevel                        = 1                                         {product} {command line}
     bool UseCompressedClassPointers               = true                           {product lp64_product} {ergonomic}
     bool UseCompressedOops                        = true                           {product lp64_product} {ergonomic}
     bool UseG1GC                                  = true                                      {product} {ergonomic}
     bool UseLargePagesIndividualAllocation        = false                                  {pd product} {ergonomic}

Logging:
Log output configuration:
 #0: stdout all=warning uptime,level,tags
 #1: stderr all=off uptime,level,tags

Environment Variables:
JAVA_HOME=C:\Program Files\Java\jdk1.8.0_261
CLASSPATH=C:\Program Files\Java\jdk1.8.0_261\jre
PATH=C:\db_home\bin;C:\Program Files (x86)\Microsoft SDKs\Azure\CLI2\wbin;C:\Program Files\Java\jdk1.8.0_261\bin;C:\Program Files (x86)\Common Files\Oracle\Java\javapath;C:\Program Files\Common Files\Oracle\Java\javapath;C:\WINDOWS\system32;C:\WINDOWS;C:\WINDOWS\System32\Wbem;C:\WINDOWS\System32\WindowsPowerShell\v1.0\;C:\WINDOWS\System32\OpenSSH\;C:\Program Files\Java\jdk-11.0.10;C:\maven\apache-maven-3.6.3\bin;%M2_HOME%\bin;C:\xampp\php;C:\sonar-scanner-4.5.0.2216-windows\bin;C:\Program Files\PuTTY\;C:\Program Files\nodejs\;C:\Program Files\Git\cmd;C:\Program Files\Docker\Docker\resources\bin;C:\ProgramData\DockerDesktop\version-bin;C:\ProgramData\ComposerSetup\bin;C:\Users\LENOVO\.windows-build-tools\python27\;C:\Users\LENOVO\AppData\Roaming\npm\node_modules\windows-build-tools\node_modules\.bin;C:\Users\LENOVO\AppData\Roaming\npm\node_modules\node_modules\.bin;C:\Users\LENOVO\AppData\Roaming\npm\node_modules\.bin;C:\Users\LENOVO\AppData\Roaming\node_modules\.bin;C:\Users\LENOVO\AppData\node_modules\.bin;C:\Users\LENOVO\node_modules\.bin;C:\Users\node_modules\.bin;C:\node_modules\.bin;C:\Users\LENOVO\AppData\Roaming\npm\node_modules\npm\node_modules\@npmcli\run-script\lib\node-gyp-bin;C:\db_home\bin;C:\Program Files (x86)\Microsoft SDKs\Azure\CLI2\wbin;C:\Program Files\Java\jdk1.8.0_261\bin;C:\Program Files (x86)\Common Files\Oracle\Java\javapath;C:\Program Files\Common Files\Oracle\Java\javapath;C:\WINDOWS\system32;C:\WINDOWS;C:\WINDOWS\System32\Wbem;C:\WINDOWS\System32\WindowsPowerShell\v1.0\;C:\WINDOWS\System32\OpenSSH\;C:\Program Files\Java\jdk-11.0.10;C:\maven\apache-maven-3.6.3\bin;%M2_HOME%\bin;C:\xampp\php;C:\ProgramData\ComposerSetup\bin;C:\sonar-scanner-4.5.0.2216-windows\bin;C:\Program Files\PuTTY\;C:\Program Files\nodejs\;C:\Program Files\Git\cmd;C:\Program Files\Docker\Docker\resources\bin;C:\ProgramData\DockerDesktop\version-bin;C:\Users\LENOVO\AppData\Local\Microsoft\WindowsApps;C:\Users\LENOVO\AppData\Local\Programs\Microsoft VS Code\bin;C:\Users\LEN
USERNAME=LENOVO
OS=Windows_NT
PROCESSOR_IDENTIFIER=AMD64 Family 23 Model 96 Stepping 1, AuthenticAMD



---------------  S Y S T E M  ---------------

OS:
 Windows 11 , 64 bit Build 22000 (10.0.22000.708)
OS uptime: 12 days 22:50 hours
Hyper-V role detected

CPU: total 8 (initial active 8) (8 cores per cpu, 1 threads per core) family 23 model 96 stepping 1 microcode 0x0, cx8, cmov, fxsr, mmx, 3dnowpref, sse, sse2, sse3, ssse3, sse4a, sse4.1, sse4.2, popcnt, lzcnt, tsc, tscinvbit, avx, avx2, aes, clmul, bmi1, bmi2, adx, sha, fma, vzeroupper, clflush, clflushopt, hv

Memory: 4k page, system-wide physical 19830M (1060M free)
TotalPageFile size 50547M (AvailPageFile size 726M)
current process WorkingSet (physical memory assigned to process): 985M, peak: 989M
current process commit charge ("private bytes"): 1015M, peak: 1839M

vm_info: OpenJDK 64-Bit Server VM (17.0.3+7) for windows-amd64 JRE (17.0.3+7), built on Apr 19 2022 16:55:35 by "" with MS VC++ 16.7 (VS2019)

END.
