#
# There is insufficient memory for the Java Runtime Environment to continue.
# Native memory allocation (mmap) failed to map 432013312 bytes for G1 virtual space
# Possible reasons:
#   The system is out of physical RAM or swap space
#   The process is running with CompressedOops enabled, and the Java Heap may be blocking the growth of the native heap
# Possible solutions:
#   Reduce memory load on the system
#   Increase physical memory or swap space
#   Check if swap backing store is full
#   Decrease Java heap size (-Xmx/-Xms)
#   Decrease number of Java threads
#   Decrease Java thread stack sizes (-Xss)
#   Set larger code cache with -XX:ReservedCodeCacheSize=
#   JVM is running with Zero Based Compressed Oops mode in which the Java heap is
#     placed in the first 32GB address space. The Java Heap base address is the
#     maximum limit for the native heap growth. Please use -XX:HeapBaseMinAddress
#     to set the Java Heap base and to place the Java Heap above 32GB virtual address.
# This output file may be truncated or incomplete.
#
#  Out of Memory Error (os_windows.cpp:3535), pid=114492, tid=91992
#
# JRE version: OpenJDK Runtime Environment Temurin-17.0.3+7 (17.0.3+7) (build 17.0.3+7)
# Java VM: OpenJDK 64-Bit Server VM Temurin-17.0.3+7 (17.0.3+7, mixed mode, emulated-client, tiered, compressed oops, compressed class ptrs, g1 gc, windows-amd64)
# No core dump will be written. Minidumps are not enabled by default on client versions of Windows
#

---------------  S U M M A R Y ------------

Command Line: -Dsts.lsp.client=vscode -Dsts.log.file=/dev/null -XX:TieredStopAtLevel=1 -Dspring.config.location=file:c:\Users\LENOVO\.vscode\extensions\pivotal.vscode-spring-boot-1.38.0\language-server\BOOT-INF\classes\application.properties org.springframework.ide.vscode.boot.app.BootLanguageServerBootApp

Host: AMD Ryzen 7 4700U with Radeon Graphics         , 8 cores, 19G,  Windows 11 , 64 bit Build 22000 (10.0.22000.708)
Time: Sat Aug 20 18:26:03 2022 Hora est. Pacífico, Sudamérica elapsed time: 14.278244 seconds (0d 0h 0m 14s)

---------------  T H R E A D  ---------------

Current thread (0x0000022c0d67eb60):  VMThread "VM Thread" [stack: 0x0000007ea5100000,0x0000007ea5200000] [id=91992]

Stack: [0x0000007ea5100000,0x0000007ea5200000]
Native frames: (J=compiled Java code, j=interpreted, Vv=VM code, C=native code)
V  [jvm.dll+0x675efa]
V  [jvm.dll+0x830a24]
V  [jvm.dll+0x8321ce]
V  [jvm.dll+0x832833]
V  [jvm.dll+0x2454b5]
V  [jvm.dll+0x672de9]
V  [jvm.dll+0x667732]
V  [jvm.dll+0x3043ab]
V  [jvm.dll+0x30b8f6]
V  [jvm.dll+0x35b62e]
V  [jvm.dll+0x35b85f]
V  [jvm.dll+0x2db248]
V  [jvm.dll+0x2d94fc]
V  [jvm.dll+0x2d8acc]
V  [jvm.dll+0x31ca2b]
V  [jvm.dll+0x836cdb]
V  [jvm.dll+0x837a14]
V  [jvm.dll+0x837f2c]
V  [jvm.dll+0x838304]
V  [jvm.dll+0x8383d0]
V  [jvm.dll+0x7e0cfa]
V  [jvm.dll+0x674d85]
C  [ucrtbase.dll+0x26c0c]
C  [KERNEL32.DLL+0x154e0]
C  [ntdll.dll+0x485b]

VM_Operation (0x0000007ea6dfe410): G1CollectForAllocation, mode: safepoint, requested by thread 0x0000022c0e047d40


---------------  P R O C E S S  ---------------

Threads class SMR info:
_java_thread_list=0x0000022c120feff0, length=40, elements={
0x0000022c0e013380, 0x0000022c0e0154c0, 0x0000022c0e048210, 0x0000022c0e047870,
0x0000022c0e0486e0, 0x0000022c0e049550, 0x0000022c0e04ebd0, 0x0000022c0e04fce0,
0x0000022c0e046060, 0x0000022c0e046ed0, 0x0000022c0eac3970, 0x0000022c0e6511c0,
0x0000022c0e1a6dd0, 0x0000022c0e0473a0, 0x0000022c0e049080, 0x0000022c0e048bb0,
0x0000022c0e049a20, 0x0000022c0e046530, 0x0000022c0e046a00, 0x0000022c0e047d40,
0x0000022c101a86f0, 0x0000022c101a4860, 0x0000022c101a56d0, 0x0000022c101a5200,
0x0000022c101a6a10, 0x0000022c101aa3d0, 0x0000022c101a9560, 0x0000022c101a4d30,
0x0000022c101a6ee0, 0x0000022c101a5ba0, 0x0000022c101a6070, 0x0000022c101a9a30,
0x0000022c101a8bc0, 0x0000022c101a3520, 0x0000022c101a3050, 0x0000022c101a39f0,
0x0000022c101a73b0, 0x0000022c101a3ec0, 0x0000022c101a6540, 0x0000022c101a4390
}

Java Threads: ( => current thread )
  0x0000022c0e013380 JavaThread "Reference Handler" daemon [_thread_blocked, id=45364, stack(0x0000007ea5200000,0x0000007ea5300000)]
  0x0000022c0e0154c0 JavaThread "Finalizer" daemon [_thread_blocked, id=117696, stack(0x0000007ea5300000,0x0000007ea5400000)]
  0x0000022c0e048210 JavaThread "Signal Dispatcher" daemon [_thread_blocked, id=46236, stack(0x0000007ea5400000,0x0000007ea5500000)]
  0x0000022c0e047870 JavaThread "Attach Listener" daemon [_thread_blocked, id=117440, stack(0x0000007ea5500000,0x0000007ea5600000)]
  0x0000022c0e0486e0 JavaThread "Service Thread" daemon [_thread_blocked, id=94940, stack(0x0000007ea5600000,0x0000007ea5700000)]
  0x0000022c0e049550 JavaThread "Monitor Deflation Thread" daemon [_thread_blocked, id=109828, stack(0x0000007ea5700000,0x0000007ea5800000)]
  0x0000022c0e04ebd0 JavaThread "C1 CompilerThread0" daemon [_thread_blocked, id=73080, stack(0x0000007ea5800000,0x0000007ea5900000)]
  0x0000022c0e04fce0 JavaThread "Sweeper thread" daemon [_thread_blocked, id=109236, stack(0x0000007ea5900000,0x0000007ea5a00000)]
  0x0000022c0e046060 JavaThread "Notification Thread" daemon [_thread_blocked, id=116716, stack(0x0000007ea5b00000,0x0000007ea5c00000)]
  0x0000022c0e046ed0 JavaThread "Common-Cleaner" daemon [_thread_blocked, id=85792, stack(0x0000007ea5d00000,0x0000007ea5e00000)]
  0x0000022c0eac3970 JavaThread "C1 CompilerThread1" daemon [_thread_blocked, id=99304, stack(0x0000007ea5a00000,0x0000007ea5b00000)]
  0x0000022c0e6511c0 JavaThread "C1 CompilerThread2" daemon [_thread_blocked, id=113072, stack(0x0000007ea5e00000,0x0000007ea5f00000)]
  0x0000022c0e1a6dd0 JavaThread "C1 CompilerThread3" daemon [_thread_blocked, id=114272, stack(0x0000007ea5f00000,0x0000007ea6000000)]
  0x0000022c0e0473a0 JavaThread "ForkJoinPool.commonPool-worker-1" daemon [_thread_blocked, id=116092, stack(0x0000007ea6700000,0x0000007ea6800000)]
  0x0000022c0e049080 JavaThread "pool-7-thread-1" [_thread_blocked, id=105088, stack(0x0000007ea6900000,0x0000007ea6a00000)]
  0x0000022c0e048bb0 JavaThread "LanguageServerApp-lifecycle" [_thread_blocked, id=115188, stack(0x0000007ea6a00000,0x0000007ea6b00000)]
  0x0000022c0e049a20 JavaThread "DestroyJavaVM" [_thread_blocked, id=114840, stack(0x0000007ea4b00000,0x0000007ea4c00000)]
  0x0000022c0e046530 JavaThread "ClassGraph-worker-0" daemon [_thread_blocked, id=102472, stack(0x0000007ea6b00000,0x0000007ea6c00000)]
  0x0000022c0e046a00 JavaThread "ClassGraph-worker-1" daemon [_thread_blocked, id=117724, stack(0x0000007ea6c00000,0x0000007ea6d00000)]
  0x0000022c0e047d40 JavaThread "ClassGraph-worker-2" daemon [_thread_blocked, id=115316, stack(0x0000007ea6d00000,0x0000007ea6e00000)]
  0x0000022c101a86f0 JavaThread "ClassGraph-worker-3" daemon [_thread_blocked, id=99068, stack(0x0000007ea6e00000,0x0000007ea6f00000)]
  0x0000022c101a4860 JavaThread "ClassGraph-worker-4" daemon [_thread_blocked, id=113308, stack(0x0000007ea6f00000,0x0000007ea7000000)]
  0x0000022c101a56d0 JavaThread "ClassGraph-worker-5" daemon [_thread_blocked, id=114652, stack(0x0000007ea7000000,0x0000007ea7100000)]
  0x0000022c101a5200 JavaThread "ClassGraph-worker-6" daemon [_thread_blocked, id=116952, stack(0x0000007ea7100000,0x0000007ea7200000)]
  0x0000022c101a6a10 JavaThread "ClassGraph-worker-7" daemon [_thread_blocked, id=114984, stack(0x0000007ea7200000,0x0000007ea7300000)]
  0x0000022c101aa3d0 JavaThread "ClassGraph-worker-8" daemon [_thread_blocked, id=110524, stack(0x0000007ea7300000,0x0000007ea7400000)]
  0x0000022c101a9560 JavaThread "ClassGraph-worker-9" daemon [_thread_blocked, id=72460, stack(0x0000007ea7400000,0x0000007ea7500000)]
  0x0000022c101a4d30 JavaThread "ClassGraph-worker-10" daemon [_thread_blocked, id=85620, stack(0x0000007ea7500000,0x0000007ea7600000)]
  0x0000022c101a6ee0 JavaThread "ClassGraph-worker-11" daemon [_thread_blocked, id=85776, stack(0x0000007ea7600000,0x0000007ea7700000)]
  0x0000022c101a5ba0 JavaThread "ClassGraph-worker-12" daemon [_thread_blocked, id=96276, stack(0x0000007ea7700000,0x0000007ea7800000)]
  0x0000022c101a6070 JavaThread "ClassGraph-worker-13" daemon [_thread_blocked, id=87124, stack(0x0000007ea7800000,0x0000007ea7900000)]
  0x0000022c101a9a30 JavaThread "pool-8-thread-1" [_thread_in_native, id=35240, stack(0x0000007ea7900000,0x0000007ea7a00000)]
  0x0000022c101a8bc0 JavaThread "Simple-Language-Server main thread" daemon [_thread_blocked, id=92844, stack(0x0000007ea7a00000,0x0000007ea7b00000)]
  0x0000022c101a3520 JavaThread "parallel-1" daemon [_thread_blocked, id=115732, stack(0x0000007ea7f00000,0x0000007ea8000000)]
  0x0000022c101a3050 JavaThread "parallel-2" daemon [_thread_blocked, id=96156, stack(0x0000007ea8000000,0x0000007ea8100000)]
  0x0000022c101a39f0 JavaThread "pool-2-thread-1" [_thread_blocked, id=115556, stack(0x0000007ea8100000,0x0000007ea8200000)]
  0x0000022c101a73b0 JavaThread "ForkJoinPool.commonPool-worker-2" daemon [_thread_blocked, id=107000, stack(0x0000007ea8200000,0x0000007ea8300000)]
  0x0000022c101a3ec0 JavaThread "pool-2-thread-2" [_thread_blocked, id=102508, stack(0x0000007ea8300000,0x0000007ea8400000)]
  0x0000022c101a6540 JavaThread "Reconciler-1" daemon [_thread_blocked, id=39980, stack(0x0000007ea8400000,0x0000007ea8500000)]
  0x0000022c101a4390 JavaThread "pool-3-thread-1" [_thread_blocked, id=107948, stack(0x0000007ea8500000,0x0000007ea8600000)]

Other Threads:
=>0x0000022c0d67eb60 VMThread "VM Thread" [stack: 0x0000007ea5100000,0x0000007ea5200000] [id=91992]
  0x0000022c7962c820 WatcherThread [stack: 0x0000007ea5c00000,0x0000007ea5d00000] [id=115904]
  0x0000022c796076b0 GCTaskThread "GC Thread#0" [stack: 0x0000007ea4c00000,0x0000007ea4d00000] [id=114912]
  0x0000022c0eb81850 GCTaskThread "GC Thread#1" [stack: 0x0000007ea6000000,0x0000007ea6100000] [id=81972]
  0x0000022c0eb81b00 GCTaskThread "GC Thread#2" [stack: 0x0000007ea6100000,0x0000007ea6200000] [id=112936]
  0x0000022c0eb821c0 GCTaskThread "GC Thread#3" [stack: 0x0000007ea6200000,0x0000007ea6300000] [id=109136]
  0x0000022c0eb82470 GCTaskThread "GC Thread#4" [stack: 0x0000007ea6300000,0x0000007ea6400000] [id=115612]
  0x0000022c0eb8ab40 GCTaskThread "GC Thread#5" [stack: 0x0000007ea6400000,0x0000007ea6500000] [id=47064]
  0x0000022c0eb8b200 GCTaskThread "GC Thread#6" [stack: 0x0000007ea6500000,0x0000007ea6600000] [id=110144]
  0x0000022c0f8f4ff0 GCTaskThread "GC Thread#7" [stack: 0x0000007ea6600000,0x0000007ea6700000] [id=116448]
  0x0000022c796120f0 ConcurrentGCThread "G1 Main Marker" [stack: 0x0000007ea4d00000,0x0000007ea4e00000] [id=117712]
  0x0000022c79613370 ConcurrentGCThread "G1 Conc#0" [stack: 0x0000007ea4e00000,0x0000007ea4f00000] [id=106588]
  0x0000022c0fbbd580 ConcurrentGCThread "G1 Conc#1" [stack: 0x0000007ea6800000,0x0000007ea6900000] [id=110288]
  0x0000022c7964e940 ConcurrentGCThread "G1 Refine#0" [stack: 0x0000007ea4f00000,0x0000007ea5000000] [id=109356]
  0x0000022c107cecd0 ConcurrentGCThread "G1 Refine#1" [stack: 0x0000007ea7b00000,0x0000007ea7c00000] [id=71848]
  0x0000022c11e3f470 ConcurrentGCThread "G1 Refine#2" [stack: 0x0000007ea7c00000,0x0000007ea7d00000] [id=107980]
  0x0000022c11e3a150 ConcurrentGCThread "G1 Refine#3" [stack: 0x0000007ea7d00000,0x0000007ea7e00000] [id=22296]
  0x0000022c11e3a430 ConcurrentGCThread "G1 Refine#4" [stack: 0x0000007ea7e00000,0x0000007ea7f00000] [id=89700]
  0x0000022c0d5234c0 ConcurrentGCThread "G1 Service" [stack: 0x0000007ea5000000,0x0000007ea5100000] [id=87092]

Threads with active compile tasks:

VM state: at safepoint (normal execution)

VM Mutex/Monitor currently owned by a thread:  ([mutex/lock_event])
[0x0000022c774be3c0] Threads_lock - owner thread: 0x0000022c0d67eb60
[0x0000022c7958f330] Heap_lock - owner thread: 0x0000022c0e047d40

Heap address: 0x00000006ca000000, size: 4960 MB, Compressed Oops mode: Zero based, Oop shift amount: 3

CDS archive(s) not mapped
Compressed class space mapped at: 0x0000000800000000-0x0000000840000000, reserved size: 1073741824
Narrow klass base: 0x0000000800000000, Narrow klass shift: 0, Narrow klass range: 0x40000000

GC Precious Log:
 CPUs: 8 total, 8 available
 Memory: 19830M
 Large Page Support: Disabled
 NUMA Support: Disabled
 Compressed Oops: Enabled (Zero based)
 Heap Region Size: 4M
 Heap Min Capacity: 8M
 Heap Initial Capacity: 312M
 Heap Max Capacity: 4960M
 Pre-touch: Disabled
 Parallel Workers: 8
 Concurrent Workers: 2
 Concurrent Refinement Workers: 8
 Periodic GC: Disabled

Heap:
 garbage-first heap   total 380928K, used 104743K [0x00000006ca000000, 0x0000000800000000)
  region size 4096K, 5 young (20480K), 5 survivors (20480K)
 Metaspace       used 37732K, committed 38080K, reserved 1089536K
  class space    used 4782K, committed 4928K, reserved 1048576K

Heap Regions: E=young(eden), S=young(survivor), O=old, HS=humongous(starts), HC=humongous(continues), CS=collection set, F=free, OA=open archive, CA=closed archive, TAMS=top-at-mark-start (previous, next)
|   0|0x00000006ca000000, 0x00000006ca400000, 0x00000006ca400000|100%| O|  |TAMS 0x00000006ca400000, 0x00000006ca000000| Untracked 
|   1|0x00000006ca400000, 0x00000006ca800000, 0x00000006ca800000|100%| O|  |TAMS 0x00000006ca800000, 0x00000006ca400000| Untracked 
|   2|0x00000006ca800000, 0x00000006cac00000, 0x00000006cac00000|100%| O|  |TAMS 0x00000006cac00000, 0x00000006ca800000| Untracked 
|   3|0x00000006cac00000, 0x00000006cb000000, 0x00000006cb000000|100%| O|  |TAMS 0x00000006cb000000, 0x00000006cac00000| Untracked 
|   4|0x00000006cb000000, 0x00000006cb400000, 0x00000006cb400000|100%| O|  |TAMS 0x00000006cb400000, 0x00000006cb000000| Untracked 
|   5|0x00000006cb400000, 0x00000006cb800000, 0x00000006cb800000|100%| O|  |TAMS 0x00000006cb64f600, 0x00000006cb400000| Untracked 
|   6|0x00000006cb800000, 0x00000006cbc00000, 0x00000006cbc00000|100%| O|  |TAMS 0x00000006cb800000, 0x00000006cb800000| Untracked 
|   7|0x00000006cbc00000, 0x00000006cc000000, 0x00000006cc000000|100%| O|  |TAMS 0x00000006cbc00000, 0x00000006cbc00000| Untracked 
|   8|0x00000006cc000000, 0x00000006cc400000, 0x00000006cc400000|100%| O|  |TAMS 0x00000006cc000000, 0x00000006cc000000| Untracked 
|   9|0x00000006cc400000, 0x00000006cc800000, 0x00000006cc800000|100%| O|  |TAMS 0x00000006cc400000, 0x00000006cc400000| Untracked 
|  10|0x00000006cc800000, 0x00000006ccc00000, 0x00000006ccc00000|100%| O|  |TAMS 0x00000006cc800000, 0x00000006cc800000| Untracked 
|  11|0x00000006ccc00000, 0x00000006cd000000, 0x00000006cd000000|100%| O|  |TAMS 0x00000006ccc00000, 0x00000006ccc00000| Untracked 
|  12|0x00000006cd000000, 0x00000006cd400000, 0x00000006cd400000|100%| O|  |TAMS 0x00000006cd000000, 0x00000006cd000000| Untracked 
|  13|0x00000006cd400000, 0x00000006cd800000, 0x00000006cd800000|100%| O|  |TAMS 0x00000006cd400000, 0x00000006cd400000| Untracked 
|  14|0x00000006cd800000, 0x00000006cdc00000, 0x00000006cdc00000|100%| O|  |TAMS 0x00000006cd800000, 0x00000006cd800000| Untracked 
|  15|0x00000006cdc00000, 0x00000006ce000000, 0x00000006ce000000|100%| O|  |TAMS 0x00000006cdc00000, 0x00000006cdc00000| Untracked 
|  16|0x00000006ce000000, 0x00000006ce400000, 0x00000006ce400000|100%| O|  |TAMS 0x00000006ce000000, 0x00000006ce000000| Untracked 
|  17|0x00000006ce400000, 0x00000006ce800000, 0x00000006ce800000|100%| O|  |TAMS 0x00000006ce400000, 0x00000006ce400000| Untracked 
|  18|0x00000006ce800000, 0x00000006cec00000, 0x00000006cec00000|100%| O|  |TAMS 0x00000006ce800000, 0x00000006ce800000| Untracked 
|  19|0x00000006cec00000, 0x00000006cf000000, 0x00000006cf000000|100%| O|  |TAMS 0x00000006cec00000, 0x00000006cec00000| Untracked 
|  20|0x00000006cf000000, 0x00000006cf400000, 0x00000006cf400000|100%| O|  |TAMS 0x00000006cf000000, 0x00000006cf000000| Untracked 
|  21|0x00000006cf400000, 0x00000006cf570800, 0x00000006cf800000| 35%| O|  |TAMS 0x00000006cf400000, 0x00000006cf400000| Untracked 
|  22|0x00000006cf800000, 0x00000006cf800000, 0x00000006cfc00000|  0%| F|  |TAMS 0x00000006cf800000, 0x00000006cf800000| Untracked 
|  23|0x00000006cfc00000, 0x00000006cfc00000, 0x00000006d0000000|  0%| F|  |TAMS 0x00000006cfc00000, 0x00000006cfc00000| Untracked 
|  24|0x00000006d0000000, 0x00000006d0000000, 0x00000006d0400000|  0%| F|  |TAMS 0x00000006d0000000, 0x00000006d0000000| Untracked 
|  25|0x00000006d0400000, 0x00000006d0400000, 0x00000006d0800000|  0%| F|  |TAMS 0x00000006d0400000, 0x00000006d0400000| Untracked 
|  26|0x00000006d0800000, 0x00000006d0800000, 0x00000006d0c00000|  0%| F|  |TAMS 0x00000006d0800000, 0x00000006d0800000| Untracked 
|  27|0x00000006d0c00000, 0x00000006d0c00000, 0x00000006d1000000|  0%| F|  |TAMS 0x00000006d0c00000, 0x00000006d0c00000| Untracked 
|  28|0x00000006d1000000, 0x00000006d1000000, 0x00000006d1400000|  0%| F|  |TAMS 0x00000006d1000000, 0x00000006d1000000| Untracked 
|  29|0x00000006d1400000, 0x00000006d1400000, 0x00000006d1800000|  0%| F|  |TAMS 0x00000006d1400000, 0x00000006d1400000| Untracked 
|  30|0x00000006d1800000, 0x00000006d1800000, 0x00000006d1c00000|  0%| F|  |TAMS 0x00000006d1800000, 0x00000006d1800000| Untracked 
|  31|0x00000006d1c00000, 0x00000006d1c00000, 0x00000006d2000000|  0%| F|  |TAMS 0x00000006d1c00000, 0x00000006d1c00000| Untracked 
|  32|0x00000006d2000000, 0x00000006d2000000, 0x00000006d2400000|  0%| F|  |TAMS 0x00000006d2000000, 0x00000006d2000000| Untracked 
|  33|0x00000006d2400000, 0x00000006d2400000, 0x00000006d2800000|  0%| F|  |TAMS 0x00000006d2400000, 0x00000006d2400000| Untracked 
|  34|0x00000006d2800000, 0x00000006d28d9630, 0x00000006d2c00000| 21%| S|CS|TAMS 0x00000006d2800000, 0x00000006d2800000| Complete 
|  35|0x00000006d2c00000, 0x00000006d3000000, 0x00000006d3000000|100%| S|CS|TAMS 0x00000006d2c00000, 0x00000006d2c00000| Complete 
|  36|0x00000006d3000000, 0x00000006d3400000, 0x00000006d3400000|100%| S|CS|TAMS 0x00000006d3000000, 0x00000006d3000000| Complete 
|  37|0x00000006d3400000, 0x00000006d3800000, 0x00000006d3800000|100%| S|CS|TAMS 0x00000006d3400000, 0x00000006d3400000| Complete 
|  38|0x00000006d3800000, 0x00000006d3c00000, 0x00000006d3c00000|100%| S|CS|TAMS 0x00000006d3800000, 0x00000006d3800000| Complete 
|  39|0x00000006d3c00000, 0x00000006d3c00000, 0x00000006d4000000|  0%| F|  |TAMS 0x00000006d3c00000, 0x00000006d3c00000| Untracked 
|  40|0x00000006d4000000, 0x00000006d4000000, 0x00000006d4400000|  0%| F|  |TAMS 0x00000006d4000000, 0x00000006d4000000| Untracked 
|  41|0x00000006d4400000, 0x00000006d4400000, 0x00000006d4800000|  0%| F|  |TAMS 0x00000006d4400000, 0x00000006d4400000| Untracked 
|  42|0x00000006d4800000, 0x00000006d4800000, 0x00000006d4c00000|  0%| F|  |TAMS 0x00000006d4800000, 0x00000006d4800000| Untracked 
|  43|0x00000006d4c00000, 0x00000006d4c00000, 0x00000006d5000000|  0%| F|  |TAMS 0x00000006d4c00000, 0x00000006d4c00000| Untracked 
|  44|0x00000006d5000000, 0x00000006d5000000, 0x00000006d5400000|  0%| F|  |TAMS 0x00000006d5000000, 0x00000006d5000000| Untracked 
|  45|0x00000006d5400000, 0x00000006d5400000, 0x00000006d5800000|  0%| F|  |TAMS 0x00000006d5400000, 0x00000006d5400000| Untracked 
|  46|0x00000006d5800000, 0x00000006d5800000, 0x00000006d5c00000|  0%| F|  |TAMS 0x00000006d5800000, 0x00000006d5800000| Untracked 
|  47|0x00000006d5c00000, 0x00000006d5c00000, 0x00000006d6000000|  0%| F|  |TAMS 0x00000006d5c00000, 0x00000006d5c00000| Untracked 
|  48|0x00000006d6000000, 0x00000006d6000000, 0x00000006d6400000|  0%| F|  |TAMS 0x00000006d6000000, 0x00000006d6000000| Untracked 
|  49|0x00000006d6400000, 0x00000006d6400000, 0x00000006d6800000|  0%| F|  |TAMS 0x00000006d6400000, 0x00000006d6400000| Untracked 
|  50|0x00000006d6800000, 0x00000006d6800000, 0x00000006d6c00000|  0%| F|  |TAMS 0x00000006d6800000, 0x00000006d6800000| Untracked 
|  51|0x00000006d6c00000, 0x00000006d6c00000, 0x00000006d7000000|  0%| F|  |TAMS 0x00000006d6c00000, 0x00000006d6c00000| Untracked 
|  52|0x00000006d7000000, 0x00000006d7000000, 0x00000006d7400000|  0%| F|  |TAMS 0x00000006d7000000, 0x00000006d7000000| Untracked 
|  53|0x00000006d7400000, 0x00000006d7400000, 0x00000006d7800000|  0%| F|  |TAMS 0x00000006d7400000, 0x00000006d7400000| Untracked 
|  54|0x00000006d7800000, 0x00000006d7800000, 0x00000006d7c00000|  0%| F|  |TAMS 0x00000006d7800000, 0x00000006d7800000| Untracked 
|  55|0x00000006d7c00000, 0x00000006d7c00000, 0x00000006d8000000|  0%| F|  |TAMS 0x00000006d7c00000, 0x00000006d7c00000| Untracked 
|  56|0x00000006d8000000, 0x00000006d8000000, 0x00000006d8400000|  0%| F|  |TAMS 0x00000006d8000000, 0x00000006d8000000| Untracked 
|  57|0x00000006d8400000, 0x00000006d8400000, 0x00000006d8800000|  0%| F|  |TAMS 0x00000006d8400000, 0x00000006d8400000| Untracked 
|  58|0x00000006d8800000, 0x00000006d8800000, 0x00000006d8c00000|  0%| F|  |TAMS 0x00000006d8800000, 0x00000006d8800000| Untracked 
|  59|0x00000006d8c00000, 0x00000006d8c00000, 0x00000006d9000000|  0%| F|  |TAMS 0x00000006d8c00000, 0x00000006d8c00000| Untracked 
|  60|0x00000006d9000000, 0x00000006d9000000, 0x00000006d9400000|  0%| F|  |TAMS 0x00000006d9000000, 0x00000006d9000000| Untracked 
|  61|0x00000006d9400000, 0x00000006d9400000, 0x00000006d9800000|  0%| F|  |TAMS 0x00000006d9400000, 0x00000006d9400000| Untracked 
|  62|0x00000006d9800000, 0x00000006d9800000, 0x00000006d9c00000|  0%| F|  |TAMS 0x00000006d9800000, 0x00000006d9800000| Untracked 
|  63|0x00000006d9c00000, 0x00000006d9c00000, 0x00000006da000000|  0%| F|  |TAMS 0x00000006d9c00000, 0x00000006d9c00000| Untracked 
|  64|0x00000006da000000, 0x00000006da000000, 0x00000006da400000|  0%| F|  |TAMS 0x00000006da000000, 0x00000006da000000| Untracked 
|  65|0x00000006da400000, 0x00000006da400000, 0x00000006da800000|  0%| F|  |TAMS 0x00000006da400000, 0x00000006da400000| Untracked 
|  66|0x00000006da800000, 0x00000006da800000, 0x00000006dac00000|  0%| F|  |TAMS 0x00000006da800000, 0x00000006da800000| Untracked 
|  67|0x00000006dac00000, 0x00000006dac00000, 0x00000006db000000|  0%| F|  |TAMS 0x00000006dac00000, 0x00000006dac00000| Untracked 
|  68|0x00000006db000000, 0x00000006db000000, 0x00000006db400000|  0%| F|  |TAMS 0x00000006db000000, 0x00000006db000000| Untracked 
|  69|0x00000006db400000, 0x00000006db400000, 0x00000006db800000|  0%| F|  |TAMS 0x00000006db400000, 0x00000006db400000| Untracked 
|  70|0x00000006db800000, 0x00000006db800000, 0x00000006dbc00000|  0%| F|  |TAMS 0x00000006db800000, 0x00000006db800000| Untracked 
|  71|0x00000006dbc00000, 0x00000006dbc00000, 0x00000006dc000000|  0%| F|  |TAMS 0x00000006dbc00000, 0x00000006dbc00000| Untracked 
|  72|0x00000006dc000000, 0x00000006dc000000, 0x00000006dc400000|  0%| F|  |TAMS 0x00000006dc000000, 0x00000006dc000000| Untracked 
|  73|0x00000006dc400000, 0x00000006dc400000, 0x00000006dc800000|  0%| F|  |TAMS 0x00000006dc400000, 0x00000006dc400000| Untracked 
|  74|0x00000006dc800000, 0x00000006dc800000, 0x00000006dcc00000|  0%| F|  |TAMS 0x00000006dc800000, 0x00000006dc800000| Untracked 
|  75|0x00000006dcc00000, 0x00000006dcc00000, 0x00000006dd000000|  0%| F|  |TAMS 0x00000006dcc00000, 0x00000006dcc00000| Untracked 
|  76|0x00000006dd000000, 0x00000006dd000000, 0x00000006dd400000|  0%| F|  |TAMS 0x00000006dd000000, 0x00000006dd000000| Untracked 
|  77|0x00000006dd400000, 0x00000006dd400000, 0x00000006dd800000|  0%| F|  |TAMS 0x00000006dd400000, 0x00000006dd400000| Untracked 
|  78|0x00000006dd800000, 0x00000006dd800000, 0x00000006ddc00000|  0%| F|  |TAMS 0x00000006dd800000, 0x00000006dd800000| Untracked 
|  79|0x00000006ddc00000, 0x00000006ddc00000, 0x00000006de000000|  0%| F|  |TAMS 0x00000006ddc00000, 0x00000006ddc00000| Untracked 
|  80|0x00000006de000000, 0x00000006de000000, 0x00000006de400000|  0%| F|  |TAMS 0x00000006de000000, 0x00000006de000000| Untracked 
|  81|0x00000006de400000, 0x00000006de400000, 0x00000006de800000|  0%| F|  |TAMS 0x00000006de400000, 0x00000006de400000| Untracked 
|  82|0x00000006de800000, 0x00000006de800000, 0x00000006dec00000|  0%| F|  |TAMS 0x00000006de800000, 0x00000006de800000| Untracked 
|  83|0x00000006dec00000, 0x00000006dec00000, 0x00000006df000000|  0%| F|  |TAMS 0x00000006dec00000, 0x00000006dec00000| Untracked 
|  84|0x00000006df000000, 0x00000006df000000, 0x00000006df400000|  0%| F|  |TAMS 0x00000006df000000, 0x00000006df000000| Untracked 
|  85|0x00000006df400000, 0x00000006df400000, 0x00000006df800000|  0%| F|  |TAMS 0x00000006df400000, 0x00000006df400000| Untracked 
|  86|0x00000006df800000, 0x00000006df800000, 0x00000006dfc00000|  0%| F|  |TAMS 0x00000006df800000, 0x00000006df800000| Untracked 
|  87|0x00000006dfc00000, 0x00000006dfc00000, 0x00000006e0000000|  0%| F|  |TAMS 0x00000006dfc00000, 0x00000006dfc00000| Untracked 
|  88|0x00000006e0000000, 0x00000006e0000000, 0x00000006e0400000|  0%| F|  |TAMS 0x00000006e0000000, 0x00000006e0000000| Untracked 
|  89|0x00000006e0400000, 0x00000006e0400000, 0x00000006e0800000|  0%| F|  |TAMS 0x00000006e0400000, 0x00000006e0400000| Untracked 
|  90|0x00000006e0800000, 0x00000006e0800000, 0x00000006e0c00000|  0%| F|  |TAMS 0x00000006e0800000, 0x00000006e0800000| Untracked 
|  91|0x00000006e0c00000, 0x00000006e0c00000, 0x00000006e1000000|  0%| F|  |TAMS 0x00000006e0c00000, 0x00000006e0c00000| Untracked 
|  92|0x00000006e1000000, 0x00000006e1000000, 0x00000006e1400000|  0%| F|  |TAMS 0x00000006e1000000, 0x00000006e1000000| Untracked 

Card table byte_map: [0x0000022c00000000,0x0000022c009b0000] _byte_map_base: 0x0000022bfc9b0000

Marking Bits (Prev, Next): (CMBitMap*) 0x0000022c79607cc0, (CMBitMap*) 0x0000022c79607d00
 Prev Bits: [0x0000022c01360000, 0x0000022c060e0000)
 Next Bits: [0x0000022c060e0000, 0x0000022c0ae60000)

Polling page: 0x0000022c78d50000

Metaspace:

Usage:
  Non-class:     32.18 MB used.
      Class:      4.67 MB used.
       Both:     36.85 MB used.

Virtual space:
  Non-class space:       40.00 MB reserved,      32.38 MB ( 81%) committed,  5 nodes.
      Class space:        1.00 GB reserved,       4.81 MB ( <1%) committed,  1 nodes.
             Both:        1.04 GB reserved,      37.19 MB (  3%) committed. 

Chunk freelists:
   Non-Class:  3.67 MB
       Class:  3.21 MB
        Both:  6.89 MB

MaxMetaspaceSize: unlimited
CompressedClassSpaceSize: 1.00 GB
Initial GC threshold: 21.00 MB
Current GC threshold: 59.50 MB
CDS: off
MetaspaceReclaimPolicy: balanced
 - commit_granule_bytes: 65536.
 - commit_granule_words: 8192.
 - virtual_space_node_default_size: 1048576.
 - enlarge_chunks_in_place: 1.
 - new_chunks_are_fully_committed: 0.
 - uncommit_free_chunks: 1.
 - use_allocation_guard: 0.
 - handle_deallocations: 1.


Internal statistics:

num_allocs_failed_limit: 8.
num_arena_births: 340.
num_arena_deaths: 0.
num_vsnodes_births: 6.
num_vsnodes_deaths: 0.
num_space_committed: 595.
num_space_uncommitted: 0.
num_chunks_returned_to_freelist: 8.
num_chunks_taken_from_freelist: 1448.
num_chunk_merges: 8.
num_chunk_splits: 1002.
num_chunks_enlarged: 777.
num_purges: 0.
num_inconsistent_stats: 0.

CodeCache: size=49152Kb used=9296Kb max_used=9296Kb free=39855Kb
 bounds [0x0000022c7c200000, 0x0000022c7cb20000, 0x0000022c7f200000]
 total_blobs=4303 nmethods=3766 adapters=461
 compilation: enabled
              stopped_count=0, restarted_count=0
 full_count=0

Compilation events (20 events):
Event: 14.177 Thread 0x0000022c0e6511c0 3757   !   1       jdk.internal.module.ModuleReferenceImpl::open (19 bytes)
Event: 14.177 Thread 0x0000022c0e1a6dd0 3758       1       jdk.internal.module.SystemModuleFinders$SystemModuleReader::<init> (14 bytes)
Event: 14.177 Thread 0x0000022c0e04ebd0 3759   !   1       jdk.internal.module.SystemModuleFinders$SystemModuleReader::checkPermissionToConnect (38 bytes)
Event: 14.177 Thread 0x0000022c0eac3970 3760       1       jdk.internal.module.SystemModuleFinders$2::get (5 bytes)
Event: 14.178 Thread 0x0000022c0eac3970 nmethod 3760 0x0000022c7cb10b90 code [0x0000022c7cb10d20, 0x0000022c7cb10ec8]
Event: 14.178 Thread 0x0000022c0e1a6dd0 nmethod 3758 0x0000022c7cb10f90 code [0x0000022c7cb11120, 0x0000022c7cb11268]
Event: 14.178 Thread 0x0000022c0eac3970 3761       1       jdk.internal.module.SystemModuleFinders$2::get (16 bytes)
Event: 14.178 Thread 0x0000022c0e04ebd0 nmethod 3759 0x0000022c7cb11310 code [0x0000022c7cb114e0, 0x0000022c7cb11708]
Event: 14.178 Thread 0x0000022c0e6511c0 nmethod 3757 0x0000022c7cb11910 code [0x0000022c7cb11ac0, 0x0000022c7cb11c58]
Event: 14.178 Thread 0x0000022c0eac3970 nmethod 3761 0x0000022c7cb11d90 code [0x0000022c7cb11f20, 0x0000022c7cb120c8]
Event: 14.185 Thread 0x0000022c0eac3970 3762       1       nonapi.io.github.classgraph.fastzipfilereader.NestedJarHandler$5$1::newInstance (5 bytes)
Event: 14.185 Thread 0x0000022c0e6511c0 3763       1       nonapi.io.github.classgraph.fastzipfilereader.NestedJarHandler$5$1::newInstance (8 bytes)
Event: 14.185 Thread 0x0000022c0e04ebd0 3764   !   1       io.github.classgraph.ModuleReaderProxy::<init> (74 bytes)
Event: 14.185 Thread 0x0000022c0e6511c0 nmethod 3763 0x0000022c7cb12190 code [0x0000022c7cb12320, 0x0000022c7cb12468]
Event: 14.185 Thread 0x0000022c0e6511c0 3765       1       io.github.classgraph.ModuleRef::open (9 bytes)
Event: 14.185 Thread 0x0000022c0eac3970 nmethod 3762 0x0000022c7cb12590 code [0x0000022c7cb12720, 0x0000022c7cb12868]
Event: 14.185 Thread 0x0000022c0e6511c0 nmethod 3765 0x0000022c7cb12990 code [0x0000022c7cb12b20, 0x0000022c7cb12c68]
Event: 14.185 Thread 0x0000022c0e04ebd0 nmethod 3764 0x0000022c7cb12d10 code [0x0000022c7cb12f20, 0x0000022c7cb134d8]
Event: 14.242 Thread 0x0000022c0e04ebd0 3766   !   1       jdk.internal.reflect.GeneratedMethodAccessor25::invoke (61 bytes)
Event: 14.242 Thread 0x0000022c0e04ebd0 nmethod 3766 0x0000022c7cb13810 code [0x0000022c7cb13a20, 0x0000022c7cb13ec8]

GC Heap History (20 events):
Event: 12.858 GC heap after
{Heap after GC invocations=7 (full 0):
 garbage-first heap   total 57344K, used 15177K [0x00000006ca000000, 0x0000000800000000)
  region size 4096K, 1 young (4096K), 1 survivors (4096K)
 Metaspace       used 29653K, committed 29952K, reserved 1081344K
  class space    used 3734K, committed 3904K, reserved 1048576K
}
Event: 13.082 GC heap before
{Heap before GC invocations=7 (full 0):
 garbage-first heap   total 57344K, used 35657K [0x00000006ca000000, 0x0000000800000000)
  region size 4096K, 6 young (24576K), 1 survivors (4096K)
 Metaspace       used 32584K, committed 32832K, reserved 1081344K
  class space    used 4133K, committed 4224K, reserved 1048576K
}
Event: 13.087 GC heap after
{Heap after GC invocations=8 (full 0):
 garbage-first heap   total 188416K, used 18070K [0x00000006ca000000, 0x0000000800000000)
  region size 4096K, 1 young (4096K), 1 survivors (4096K)
 Metaspace       used 32584K, committed 32832K, reserved 1081344K
  class space    used 4133K, committed 4224K, reserved 1048576K
}
Event: 13.349 GC heap before
{Heap before GC invocations=8 (full 0):
 garbage-first heap   total 188416K, used 124566K [0x00000006ca000000, 0x0000000800000000)
  region size 4096K, 27 young (110592K), 1 survivors (4096K)
 Metaspace       used 34026K, committed 34304K, reserved 1081344K
  class space    used 4349K, committed 4480K, reserved 1048576K
}
Event: 13.364 GC heap after
{Heap after GC invocations=9 (full 0):
 garbage-first heap   total 188416K, used 39229K [0x00000006ca000000, 0x0000000800000000)
  region size 4096K, 4 young (16384K), 4 survivors (16384K)
 Metaspace       used 34026K, committed 34304K, reserved 1081344K
  class space    used 4349K, committed 4480K, reserved 1048576K
}
Event: 13.719 GC heap before
{Heap before GC invocations=9 (full 0):
 garbage-first heap   total 188416K, used 76093K [0x00000006ca000000, 0x0000000800000000)
  region size 4096K, 15 young (61440K), 4 survivors (16384K)
 Metaspace       used 36000K, committed 36288K, reserved 1081344K
  class space    used 4631K, committed 4800K, reserved 1048576K
}
Event: 13.732 GC heap after
{Heap after GC invocations=10 (full 0):
 garbage-first heap   total 188416K, used 48737K [0x00000006ca000000, 0x0000000800000000)
  region size 4096K, 3 young (12288K), 3 survivors (12288K)
 Metaspace       used 36000K, committed 36288K, reserved 1081344K
  class space    used 4631K, committed 4800K, reserved 1048576K
}
Event: 13.866 GC heap before
{Heap before GC invocations=11 (full 0):
 garbage-first heap   total 188416K, used 114273K [0x00000006ca000000, 0x0000000800000000)
  region size 4096K, 20 young (81920K), 3 survivors (12288K)
 Metaspace       used 37021K, committed 37312K, reserved 1081344K
  class space    used 4701K, committed 4864K, reserved 1048576K
}
Event: 13.877 GC heap after
{Heap after GC invocations=12 (full 0):
 garbage-first heap   total 188416K, used 60679K [0x00000006ca000000, 0x0000000800000000)
  region size 4096K, 3 young (12288K), 3 survivors (12288K)
 Metaspace       used 37021K, committed 37312K, reserved 1081344K
  class space    used 4701K, committed 4864K, reserved 1048576K
}
Event: 13.902 GC heap before
{Heap before GC invocations=12 (full 0):
 garbage-first heap   total 188416K, used 122119K [0x00000006ca000000, 0x0000000800000000)
  region size 4096K, 19 young (77824K), 3 survivors (12288K)
 Metaspace       used 37149K, committed 37440K, reserved 1081344K
  class space    used 4721K, committed 4864K, reserved 1048576K
}
Event: 13.914 GC heap after
{Heap after GC invocations=13 (full 0):
 garbage-first heap   total 188416K, used 64447K [0x00000006ca000000, 0x0000000800000000)
  region size 4096K, 1 young (4096K), 1 survivors (4096K)
 Metaspace       used 37149K, committed 37440K, reserved 1081344K
  class space    used 4721K, committed 4864K, reserved 1048576K
}
Event: 13.935 GC heap before
{Heap before GC invocations=13 (full 0):
 garbage-first heap   total 188416K, used 129983K [0x00000006ca000000, 0x0000000800000000)
  region size 4096K, 18 young (73728K), 1 survivors (4096K)
 Metaspace       used 37339K, committed 37632K, reserved 1089536K
  class space    used 4728K, committed 4864K, reserved 1048576K
}
Event: 13.939 GC heap after
{Heap after GC invocations=14 (full 0):
 garbage-first heap   total 380928K, used 66318K [0x00000006ca000000, 0x0000000800000000)
  region size 4096K, 2 young (8192K), 2 survivors (8192K)
 Metaspace       used 37339K, committed 37632K, reserved 1089536K
  class space    used 4728K, committed 4864K, reserved 1048576K
}
Event: 14.044 GC heap before
{Heap before GC invocations=14 (full 0):
 garbage-first heap   total 380928K, used 258830K [0x00000006ca000000, 0x0000000800000000)
  region size 4096K, 50 young (204800K), 2 survivors (8192K)
 Metaspace       used 37392K, committed 37696K, reserved 1089536K
  class space    used 4739K, committed 4864K, reserved 1048576K
}
Event: 14.052 GC heap after
{Heap after GC invocations=15 (full 0):
 garbage-first heap   total 380928K, used 75274K [0x00000006ca000000, 0x0000000800000000)
  region size 4096K, 4 young (16384K), 4 survivors (16384K)
 Metaspace       used 37392K, committed 37696K, reserved 1089536K
  class space    used 4739K, committed 4864K, reserved 1048576K
}
Event: 14.122 GC heap before
{Heap before GC invocations=15 (full 0):
 garbage-first heap   total 380928K, used 280074K [0x00000006ca000000, 0x0000000800000000)
  region size 4096K, 55 young (225280K), 4 survivors (16384K)
 Metaspace       used 37624K, committed 37952K, reserved 1089536K
  class space    used 4766K, committed 4928K, reserved 1048576K
}
Event: 14.132 GC heap after
{Heap after GC invocations=16 (full 0):
 garbage-first heap   total 380928K, used 87532K [0x00000006ca000000, 0x0000000800000000)
  region size 4096K, 7 young (28672K), 7 survivors (28672K)
 Metaspace       used 37624K, committed 37952K, reserved 1089536K
  class space    used 4766K, committed 4928K, reserved 1048576K
}
Event: 14.192 GC heap before
{Heap before GC invocations=16 (full 0):
 garbage-first heap   total 380928K, used 280044K [0x00000006ca000000, 0x0000000800000000)
  region size 4096K, 55 young (225280K), 7 survivors (28672K)
 Metaspace       used 37732K, committed 38080K, reserved 1089536K
  class space    used 4782K, committed 4928K, reserved 1048576K
}
Event: 14.207 GC heap after
{Heap after GC invocations=17 (full 0):
 garbage-first heap   total 380928K, used 96307K [0x00000006ca000000, 0x0000000800000000)
  region size 4096K, 6 young (24576K), 6 survivors (24576K)
 Metaspace       used 37732K, committed 38080K, reserved 1089536K
  class space    used 4782K, committed 4928K, reserved 1048576K
}
Event: 14.264 GC heap before
{Heap before GC invocations=17 (full 0):
 garbage-first heap   total 380928K, used 288819K [0x00000006ca000000, 0x0000000800000000)
  region size 4096K, 54 young (221184K), 6 survivors (24576K)
 Metaspace       used 37732K, committed 38080K, reserved 1089536K
  class space    used 4782K, committed 4928K, reserved 1048576K
}

Deoptimization events (18 events):
Event: 11.348 Thread 0x0000022c79591340 DEOPT PACKING pc=0x0000022c7c619c81 sp=0x0000007ea4bfdae0
Event: 11.348 Thread 0x0000022c79591340 DEOPT UNPACKING pc=0x0000022c7c252b43 sp=0x0000007ea4bfcf50 mode 3
Event: 11.914 Thread 0x0000022c79591340 DEOPT PACKING pc=0x0000022c7c736cf9 sp=0x0000007ea4bfd290
Event: 11.914 Thread 0x0000022c79591340 DEOPT UNPACKING pc=0x0000022c7c252b43 sp=0x0000007ea4bfc770 mode 3
Event: 12.220 Thread 0x0000022c79591340 DEOPT PACKING pc=0x0000022c7c804901 sp=0x0000007ea4bfe120
Event: 12.220 Thread 0x0000022c79591340 DEOPT UNPACKING pc=0x0000022c7c252b43 sp=0x0000007ea4bfd590 mode 3
Event: 12.937 Thread 0x0000022c79591340 DEOPT PACKING pc=0x0000022c7c8aaef9 sp=0x0000007ea4bfc800
Event: 12.937 Thread 0x0000022c79591340 DEOPT UNPACKING pc=0x0000022c7c252b43 sp=0x0000007ea4bfbce0 mode 3
Event: 12.998 Thread 0x0000022c0e0473a0 DEOPT PACKING pc=0x0000022c7c90b313 sp=0x0000007ea67fe7b0
Event: 12.998 Thread 0x0000022c0e0473a0 DEOPT UNPACKING pc=0x0000022c7c252b43 sp=0x0000007ea67fdcf8 mode 3
Event: 13.170 Thread 0x0000022c101a4860 DEOPT PACKING pc=0x0000022c7c738e09 sp=0x0000007ea6fff000
Event: 13.170 Thread 0x0000022c101a4860 DEOPT UNPACKING pc=0x0000022c7c252b43 sp=0x0000007ea6ffe490 mode 3
Event: 13.341 Thread 0x0000022c101a8bc0 DEOPT PACKING pc=0x0000022c7ca8106d sp=0x0000007ea7afd9f0
Event: 13.341 Thread 0x0000022c101a8bc0 DEOPT UNPACKING pc=0x0000022c7c252b43 sp=0x0000007ea7afcf18 mode 3
Event: 13.613 Thread 0x0000022c101a8bc0 DEOPT PACKING pc=0x0000022c7c86d3bc sp=0x0000007ea7af8850
Event: 13.613 Thread 0x0000022c101a8bc0 DEOPT UNPACKING pc=0x0000022c7c252b43 sp=0x0000007ea7af7cd0 mode 3
Event: 13.629 Thread 0x0000022c101a4860 DEOPT PACKING pc=0x0000022c7c73319f sp=0x0000007ea6fff130
Event: 13.629 Thread 0x0000022c101a4860 DEOPT UNPACKING pc=0x0000022c7c252b43 sp=0x0000007ea6ffe588 mode 3

Classes unloaded (0 events):
No events

Classes redefined (0 events):
No events

Internal exceptions (20 events):
Event: 13.068 Thread 0x0000022c0e046a00 Exception <a 'sun/nio/fs/WindowsException'{0x00000006cc97d480}> (0x00000006cc97d480) 
thrown [e:\jenkins\tmp\workspace\build\src\src\hotspot\share\prims\jni.cpp, line 516]
Event: 13.068 Thread 0x0000022c0e046a00 Exception <a 'sun/nio/fs/WindowsException'{0x00000006cc97d830}> (0x00000006cc97d830) 
thrown [e:\jenkins\tmp\workspace\build\src\src\hotspot\share\prims\jni.cpp, line 516]
Event: 13.068 Thread 0x0000022c0e046a00 Exception <a 'sun/nio/fs/WindowsException'{0x00000006cc97e238}> (0x00000006cc97e238) 
thrown [e:\jenkins\tmp\workspace\build\src\src\hotspot\share\prims\jni.cpp, line 516]
Event: 13.069 Thread 0x0000022c0e046a00 Exception <a 'sun/nio/fs/WindowsException'{0x00000006cc97e5f8}> (0x00000006cc97e5f8) 
thrown [e:\jenkins\tmp\workspace\build\src\src\hotspot\share\prims\jni.cpp, line 516]
Event: 13.069 Thread 0x0000022c0e046a00 Exception <a 'sun/nio/fs/WindowsException'{0x00000006cc97eff8}> (0x00000006cc97eff8) 
thrown [e:\jenkins\tmp\workspace\build\src\src\hotspot\share\prims\jni.cpp, line 516]
Event: 13.069 Thread 0x0000022c0e046a00 Exception <a 'sun/nio/fs/WindowsException'{0x00000006cc97f3a8}> (0x00000006cc97f3a8) 
thrown [e:\jenkins\tmp\workspace\build\src\src\hotspot\share\prims\jni.cpp, line 516]
Event: 13.069 Thread 0x0000022c0e046a00 Exception <a 'sun/nio/fs/WindowsException'{0x00000006cc97fdb0}> (0x00000006cc97fdb0) 
thrown [e:\jenkins\tmp\workspace\build\src\src\hotspot\share\prims\jni.cpp, line 516]
Event: 13.069 Thread 0x0000022c0e046a00 Exception <a 'sun/nio/fs/WindowsException'{0x00000006cc980170}> (0x00000006cc980170) 
thrown [e:\jenkins\tmp\workspace\build\src\src\hotspot\share\prims\jni.cpp, line 516]
Event: 13.069 Thread 0x0000022c0e046a00 Exception <a 'sun/nio/fs/WindowsException'{0x00000006cc980b98}> (0x00000006cc980b98) 
thrown [e:\jenkins\tmp\workspace\build\src\src\hotspot\share\prims\jni.cpp, line 516]
Event: 13.069 Thread 0x0000022c0e046a00 Exception <a 'sun/nio/fs/WindowsException'{0x00000006cc980f78}> (0x00000006cc980f78) 
thrown [e:\jenkins\tmp\workspace\build\src\src\hotspot\share\prims\jni.cpp, line 516]
Event: 13.069 Thread 0x0000022c0e046a00 Exception <a 'sun/nio/fs/WindowsException'{0x00000006cc9819b0}> (0x00000006cc9819b0) 
thrown [e:\jenkins\tmp\workspace\build\src\src\hotspot\share\prims\jni.cpp, line 516]
Event: 13.069 Thread 0x0000022c0e046a00 Exception <a 'sun/nio/fs/WindowsException'{0x00000006cc981da0}> (0x00000006cc981da0) 
thrown [e:\jenkins\tmp\workspace\build\src\src\hotspot\share\prims\jni.cpp, line 516]
Event: 13.070 Thread 0x0000022c0e046a00 Exception <a 'sun/nio/fs/WindowsException'{0x00000006cc9827d0}> (0x00000006cc9827d0) 
thrown [e:\jenkins\tmp\workspace\build\src\src\hotspot\share\prims\jni.cpp, line 516]
Event: 13.070 Thread 0x0000022c0e046a00 Exception <a 'sun/nio/fs/WindowsException'{0x00000006cc982bc0}> (0x00000006cc982bc0) 
thrown [e:\jenkins\tmp\workspace\build\src\src\hotspot\share\prims\jni.cpp, line 516]
Event: 13.330 Thread 0x0000022c101a9a30 Exception <a 'java/lang/NoSuchMethodError'{0x00000006cf448940}: 'java.lang.Object java.lang.invoke.DirectMethodHandle$Holder.invokeStatic(java.lang.Object, java.lang.Object, java.lang.Object, int, java.lang.Object, java.lang.Object)'> (0x00000006cf448940) 
thrown [e:\jenkins\tmp\workspace\build\src\src\hotspot\share\interpreter\linkResolver.cpp, line 766]
Event: 13.336 Thread 0x0000022c101a8bc0 Exception <a 'java/lang/NoSuchMethodError'{0x00000006cf4d2310}: 'java.lang.Object java.lang.invoke.DirectMethodHandle$Holder.invokeStatic(java.lang.Object, int, java.lang.Object)'> (0x00000006cf4d2310) 
thrown [e:\jenkins\tmp\workspace\build\src\src\hotspot\share\interpreter\linkResolver.cpp, line 766]
Event: 13.429 Thread 0x0000022c101a8bc0 Exception <a 'java/lang/NoSuchMethodError'{0x00000006d40548c0}: 'int java.lang.invoke.DirectMethodHandle$Holder.invokeStatic(java.lang.Object)'> (0x00000006d40548c0) 
thrown [e:\jenkins\tmp\workspace\build\src\src\hotspot\share\interpreter\linkResolver.cpp, line 766]
Event: 13.429 Thread 0x0000022c101a8bc0 Exception <a 'java/lang/NoSuchMethodError'{0x00000006d4058018}: 'int java.lang.invoke.DirectMethodHandle$Holder.invokeStaticInit(java.lang.Object)'> (0x00000006d4058018) 
thrown [e:\jenkins\tmp\workspace\build\src\src\hotspot\share\interpreter\linkResolver.cpp, line 766]
Event: 14.113 Thread 0x0000022c101a8bc0 Exception <a 'java/lang/NoSuchMethodError'{0x00000006d6b87bc0}: 'java.lang.Object java.lang.invoke.DirectMethodHandle$Holder.newInvokeSpecial(java.lang.Object, java.lang.Object, int)'> (0x00000006d6b87bc0) 
thrown [e:\jenkins\tmp\workspace\build\src\src\hotspot\share\interpreter\linkResolver.cpp, line 766]
Event: 14.144 Thread 0x0000022c101a4390 Exception <a 'java/lang/NoSuchMethodError'{0x00000006df6a6818}: 'java.lang.Object java.lang.invoke.Invokers$Holder.linkToTargetMethod(java.lang.Object, long, java.lang.Object)'> (0x00000006df6a6818) 
thrown [e:\jenkins\tmp\workspace\build\src\src\hotspot\share\interpreter\linkResolver.cpp, line 766]

VM Operations (20 events):
Event: 13.887 Executing VM operation: HandshakeAllThreads done
Event: 13.901 Executing VM operation: G1CollectForAllocation
Event: 13.902 Executing VM operation: G1CollectForAllocation done
Event: 13.902 Executing VM operation: G1CollectForAllocation
Event: 13.914 Executing VM operation: G1CollectForAllocation done
Event: 13.934 Executing VM operation: G1CollectForAllocation
Event: 13.934 Executing VM operation: G1CollectForAllocation done
Event: 13.934 Executing VM operation: G1CollectForAllocation
Event: 13.939 Executing VM operation: G1CollectForAllocation done
Event: 14.044 Executing VM operation: G1CollectForAllocation
Event: 14.053 Executing VM operation: G1CollectForAllocation done
Event: 14.121 Executing VM operation: G1CollectForAllocation
Event: 14.134 Executing VM operation: G1CollectForAllocation done
Event: 14.191 Executing VM operation: G1CollectForAllocation
Event: 14.192 Executing VM operation: G1CollectForAllocation done
Event: 14.192 Executing VM operation: G1CollectForAllocation
Event: 14.207 Executing VM operation: G1CollectForAllocation done
Event: 14.263 Executing VM operation: G1CollectForAllocation
Event: 14.263 Executing VM operation: G1CollectForAllocation done
Event: 14.264 Executing VM operation: G1CollectForAllocation

Events (20 events):
Event: 14.040 loading class sun/util/PropertyResourceBundleCharset done
Event: 14.040 loading class sun/util/PropertyResourceBundleCharset$PropertiesFileDecoder
Event: 14.041 loading class sun/util/PropertyResourceBundleCharset$PropertiesFileDecoder done
Event: 14.053 loading class java/util/ResourceBundle$BundleReference
Event: 14.053 loading class java/util/ResourceBundle$BundleReference done
Event: 14.077 loading class java/nio/file/FileVisitor
Event: 14.077 loading class java/nio/file/FileVisitor done
Event: 14.107 loading class java/util/WeakHashMap$EntrySet
Event: 14.108 loading class java/util/WeakHashMap$EntrySet done
Event: 14.108 loading class java/util/WeakHashMap$EntryIterator
Event: 14.108 loading class java/util/WeakHashMap$HashIterator
Event: 14.108 loading class java/util/WeakHashMap$HashIterator done
Event: 14.108 loading class java/util/WeakHashMap$EntryIterator done
Event: 14.116 Thread 0x0000022c101a4390 Thread added: 0x0000022c101a4390
Event: 14.148 loading class java/security/NoSuchAlgorithmException
Event: 14.148 loading class java/security/NoSuchAlgorithmException done
Event: 14.149 loading class sun/security/provider/MD5
Event: 14.149 loading class sun/security/provider/MD5 done
Event: 14.149 loading class sun/security/provider/ByteArrayAccess$LE
Event: 14.149 loading class sun/security/provider/ByteArrayAccess$LE done


Dynamic libraries:
0x00007ff642e90000 - 0x00007ff642e9e000 	c:\Users\LENOVO\.vscode\extensions\redhat.java-1.9.0-win32-x64\jre\17.0.3-win32-x86_64\bin\java.exe
0x00007fffca2a0000 - 0x00007fffca4a9000 	C:\WINDOWS\SYSTEM32\ntdll.dll
0x00007fffbfb10000 - 0x00007fffbfb27000 	C:\Program Files\Avast Software\Avast\aswhook.dll
0x00007fffc9220000 - 0x00007fffc92dd000 	C:\WINDOWS\System32\KERNEL32.DLL
0x00007fffc7a80000 - 0x00007fffc7df9000 	C:\WINDOWS\System32\KERNELBASE.dll
0x00007fffc4970000 - 0x00007fffc4a01000 	C:\WINDOWS\SYSTEM32\apphelp.dll
0x00007fffc8010000 - 0x00007fffc8121000 	C:\WINDOWS\System32\ucrtbase.dll
0x00007fffb9960000 - 0x00007fffb9978000 	c:\Users\LENOVO\.vscode\extensions\redhat.java-1.9.0-win32-x64\jre\17.0.3-win32-x86_64\bin\jli.dll
0x00007fffb99a0000 - 0x00007fffb99b9000 	c:\Users\LENOVO\.vscode\extensions\redhat.java-1.9.0-win32-x64\jre\17.0.3-win32-x86_64\bin\VCRUNTIME140.dll
0x00007fffc8760000 - 0x00007fffc890c000 	C:\WINDOWS\System32\USER32.dll
0x00007fffc7e00000 - 0x00007fffc7e26000 	C:\WINDOWS\System32\win32u.dll
0x00007fffb8de0000 - 0x00007fffb9085000 	C:\WINDOWS\WinSxS\amd64_microsoft.windows.common-controls_6595b64144ccf1df_6.0.22000.120_none_9d947278b86cc467\COMCTL32.dll
0x00007fffc8610000 - 0x00007fffc8639000 	C:\WINDOWS\System32\GDI32.dll
0x00007fffc9050000 - 0x00007fffc90f3000 	C:\WINDOWS\System32\msvcrt.dll
0x00007fffc7e30000 - 0x00007fffc7f42000 	C:\WINDOWS\System32\gdi32full.dll
0x00007fffc7960000 - 0x00007fffc79fd000 	C:\WINDOWS\System32\msvcp_win.dll
0x00007fffca180000 - 0x00007fffca1b1000 	C:\WINDOWS\System32\IMM32.DLL
0x00007fffc3b80000 - 0x00007fffc3b8c000 	c:\Users\LENOVO\.vscode\extensions\redhat.java-1.9.0-win32-x64\jre\17.0.3-win32-x86_64\bin\vcruntime140_1.dll
0x00007fff94830000 - 0x00007fff948c1000 	c:\Users\LENOVO\.vscode\extensions\redhat.java-1.9.0-win32-x64\jre\17.0.3-win32-x86_64\bin\msvcp140.dll
0x00007fff643f0000 - 0x00007fff65038000 	c:\Users\LENOVO\.vscode\extensions\redhat.java-1.9.0-win32-x64\jre\17.0.3-win32-x86_64\bin\server\jvm.dll
0x00007fffc96c0000 - 0x00007fffc976e000 	C:\WINDOWS\System32\ADVAPI32.dll
0x00007fffca1c0000 - 0x00007fffca25e000 	C:\WINDOWS\System32\sechost.dll
0x00007fffc9520000 - 0x00007fffc9640000 	C:\WINDOWS\System32\RPCRT4.dll
0x00007fffc97d0000 - 0x00007fffc97d8000 	C:\WINDOWS\System32\PSAPI.DLL
0x00007fffc1000000 - 0x00007fffc100a000 	C:\WINDOWS\SYSTEM32\VERSION.dll
0x00007fffbe580000 - 0x00007fffbe589000 	C:\WINDOWS\SYSTEM32\WSOCK32.dll
0x00007fffc30e0000 - 0x00007fffc3113000 	C:\WINDOWS\SYSTEM32\WINMM.dll
0x00007fffc92f0000 - 0x00007fffc935f000 	C:\WINDOWS\System32\WS2_32.dll
0x00007fffc6860000 - 0x00007fffc6878000 	C:\WINDOWS\SYSTEM32\kernel.appcore.dll
0x00007fffba410000 - 0x00007fffba41a000 	c:\Users\LENOVO\.vscode\extensions\redhat.java-1.9.0-win32-x64\jre\17.0.3-win32-x86_64\bin\jimage.dll
0x00007fffc5390000 - 0x00007fffc55b1000 	C:\WINDOWS\SYSTEM32\DBGHELP.DLL
0x00007fffc0e40000 - 0x00007fffc0e71000 	C:\WINDOWS\SYSTEM32\dbgcore.DLL
0x00007fffc7a00000 - 0x00007fffc7a7f000 	C:\WINDOWS\System32\bcryptPrimitives.dll
0x00007fff9f440000 - 0x00007fff9f465000 	c:\Users\LENOVO\.vscode\extensions\redhat.java-1.9.0-win32-x64\jre\17.0.3-win32-x86_64\bin\java.dll
0x00007fffa0890000 - 0x00007fffa08a8000 	c:\Users\LENOVO\.vscode\extensions\redhat.java-1.9.0-win32-x64\jre\17.0.3-win32-x86_64\bin\zip.dll
0x00007fffc9840000 - 0x00007fffc9ff8000 	C:\WINDOWS\System32\SHELL32.dll
0x00007fffc58b0000 - 0x00007fffc6117000 	C:\WINDOWS\SYSTEM32\windows.storage.dll
0x00007fffc8a00000 - 0x00007fffc8d79000 	C:\WINDOWS\System32\combase.dll
0x00007fffc5740000 - 0x00007fffc58a6000 	C:\WINDOWS\SYSTEM32\wintypes.dll
0x00007fffca000000 - 0x00007fffca0ea000 	C:\WINDOWS\System32\SHCORE.dll
0x00007fffc8130000 - 0x00007fffc818d000 	C:\WINDOWS\System32\shlwapi.dll
0x00007fffc76b0000 - 0x00007fffc76d1000 	C:\WINDOWS\SYSTEM32\profapi.dll
0x00007fff9f5a0000 - 0x00007fff9f5b9000 	C:\Users\LENOVO\.vscode\extensions\redhat.java-1.9.0-win32-x64\jre\17.0.3-win32-x86_64\bin\net.dll
0x00007fffc2740000 - 0x00007fffc284c000 	C:\WINDOWS\SYSTEM32\WINHTTP.dll
0x00007fffc6d10000 - 0x00007fffc6d77000 	C:\WINDOWS\system32\mswsock.dll
0x00007fff9f4c0000 - 0x00007fff9f4d5000 	C:\Users\LENOVO\.vscode\extensions\redhat.java-1.9.0-win32-x64\jre\17.0.3-win32-x86_64\bin\nio.dll
0x00007fffb94d0000 - 0x00007fffb94e0000 	c:\Users\LENOVO\.vscode\extensions\redhat.java-1.9.0-win32-x64\jre\17.0.3-win32-x86_64\bin\verify.dll
0x00007fffb3b80000 - 0x00007fffb3b89000 	C:\Users\LENOVO\.vscode\extensions\redhat.java-1.9.0-win32-x64\jre\17.0.3-win32-x86_64\bin\management.dll
0x00007fffae350000 - 0x00007fffae35b000 	C:\Users\LENOVO\.vscode\extensions\redhat.java-1.9.0-win32-x64\jre\17.0.3-win32-x86_64\bin\management_ext.dll
0x00007fffafce0000 - 0x00007fffafcf7000 	C:\WINDOWS\system32\napinsp.dll
0x00007fffaf8f0000 - 0x00007fffaf90b000 	C:\WINDOWS\system32\pnrpnsp.dll
0x00007fffc63f0000 - 0x00007fffc64d8000 	C:\WINDOWS\SYSTEM32\DNSAPI.dll
0x00007fffc6380000 - 0x00007fffc63ad000 	C:\WINDOWS\SYSTEM32\IPHLPAPI.DLL
0x00007fffc8190000 - 0x00007fffc8199000 	C:\WINDOWS\System32\NSI.dll
0x00007fffac580000 - 0x00007fffac592000 	C:\WINDOWS\System32\winrnr.dll
0x00007fffac5a0000 - 0x00007fffac5b5000 	C:\WINDOWS\system32\wshbth.dll
0x00007fffac560000 - 0x00007fffac57f000 	C:\WINDOWS\system32\nlansp_c.dll
0x00007fffc14c0000 - 0x00007fffc14ca000 	C:\Windows\System32\rasadhlp.dll
0x00007fffc2850000 - 0x00007fffc28d1000 	C:\WINDOWS\System32\fwpuclnt.dll
0x00007fffc6f60000 - 0x00007fffc6f78000 	C:\WINDOWS\SYSTEM32\CRYPTSP.dll
0x00007fffc67b0000 - 0x00007fffc67e5000 	C:\WINDOWS\system32\rsaenh.dll
0x00007fffc6e10000 - 0x00007fffc6e39000 	C:\WINDOWS\SYSTEM32\USERENV.dll
0x00007fffc70e0000 - 0x00007fffc7107000 	C:\WINDOWS\SYSTEM32\bcrypt.dll
0x00007fffc6f80000 - 0x00007fffc6f8c000 	C:\WINDOWS\SYSTEM32\CRYPTBASE.dll
0x00007fffc2b50000 - 0x00007fffc2b69000 	C:\WINDOWS\SYSTEM32\dhcpcsvc6.DLL
0x00007fffc3120000 - 0x00007fffc313e000 	C:\WINDOWS\SYSTEM32\dhcpcsvc.DLL

dbghelp: loaded successfully - version: 4.0.5 - missing functions: none
symbol engine: initialized successfully - sym options: 0x614 - pdb path: .;c:\Users\LENOVO\.vscode\extensions\redhat.java-1.9.0-win32-x64\jre\17.0.3-win32-x86_64\bin;C:\WINDOWS\SYSTEM32;C:\Program Files\Avast Software\Avast;C:\WINDOWS\WinSxS\amd64_microsoft.windows.common-controls_6595b64144ccf1df_6.0.22000.120_none_9d947278b86cc467;c:\Users\LENOVO\.vscode\extensions\redhat.java-1.9.0-win32-x64\jre\17.0.3-win32-x86_64\bin\server

VM Arguments:
jvm_args: -Dsts.lsp.client=vscode -Dsts.log.file=/dev/null -XX:TieredStopAtLevel=1 -Dspring.config.location=file:c:\Users\LENOVO\.vscode\extensions\pivotal.vscode-spring-boot-1.38.0\language-server\BOOT-INF\classes\application.properties 
java_command: org.springframework.ide.vscode.boot.app.BootLanguageServerBootApp
java_class_path (initial): c:\Users\LENOVO\.vscode\extensions\pivotal.vscode-spring-boot-1.38.0\language-server\BOOT-INF\classes;c:\Users\LENOVO\.vscode\extensions\pivotal.vscode-spring-boot-1.38.0\language-server\BOOT-INF\lib\annotations-23.0.0.jar;c:\Users\LENOVO\.vscode\extensions\pivotal.vscode-spring-boot-1.38.0\language-server\BOOT-INF\lib\antlr-runtime-3.5.2.jar;c:\Users\LENOVO\.vscode\extensions\pivotal.vscode-spring-boot-1.38.0\language-server\BOOT-INF\lib\antlr4-4.9.3.jar;c:\Users\LENOVO\.vscode\extensions\pivotal.vscode-spring-boot-1.38.0\language-server\BOOT-INF\lib\antlr4-runtime-4.9.3.jar;c:\Users\LENOVO\.vscode\extensions\pivotal.vscode-spring-boot-1.38.0\language-server\BOOT-INF\lib\asm-9.3.jar;c:\Users\LENOVO\.vscode\extensions\pivotal.vscode-spring-boot-1.38.0\language-server\BOOT-INF\lib\asm-analysis-9.3.jar;c:\Users\LENOVO\.vscode\extensions\pivotal.vscode-spring-boot-1.38.0\language-server\BOOT-INF\lib\asm-tree-9.3.jar;c:\Users\LENOVO\.vscode\extensions\pivotal.vscode-spring-boot-1.38.0\language-server\BOOT-INF\lib\asm-util-9.3.jar;c:\Users\LENOVO\.vscode\extensions\pivotal.vscode-spring-boot-1.38.0\language-server\BOOT-INF\lib\byte-buddy-1.10.18.jar;c:\Users\LENOVO\.vscode\extensions\pivotal.vscode-spring-boot-1.38.0\language-server\BOOT-INF\lib\caffeine-2.8.6.jar;c:\Users\LENOVO\.vscode\extensions\pivotal.vscode-spring-boot-1.38.0\language-server\BOOT-INF\lib\checker-qual-3.12.0.jar;c:\Users\LENOVO\.vscode\extensions\pivotal.vscode-spring-boot-1.38.0\language-server\BOOT-INF\lib\classgraph-4.8.149.jar;c:\Users\LENOVO\.vscode\extensions\pivotal.vscode-spring-boot-1.38.0\language-server\BOOT-INF\lib\commons-codec-1.14.jar;c:\Users\LENOVO\.vscode\extensions\pivotal.vscode-spring-boot-1.38.0\language-server\BOOT-INF\lib\commons-compress-1.21.jar;c:\Users\LENOVO\.vscode\extensions\pivotal.vscode-spring-boot-1.38.0\language-server\BOOT-INF\lib\commons-exec-1.3.jar;c:\Users\LENOVO\.vscode\extensions\pivotal.vscode-spring-boot-1.38.0\language-server
Launcher Type: SUN_STANDARD

[Global flags]
     intx CICompilerCount                          = 4                                         {product} {ergonomic}
     uint ConcGCThreads                            = 2                                         {product} {ergonomic}
     uint G1ConcRefinementThreads                  = 8                                         {product} {ergonomic}
   size_t G1HeapRegionSize                         = 4194304                                   {product} {ergonomic}
    uintx GCDrainStackTargetSize                   = 64                                        {product} {ergonomic}
   size_t InitialHeapSize                          = 327155712                                 {product} {ergonomic}
   size_t MarkStackSize                            = 4194304                                   {product} {ergonomic}
   size_t MaxHeapSize                              = 5200936960                                {product} {ergonomic}
   size_t MaxNewSize                               = 3120562176                                {product} {ergonomic}
   size_t MinHeapDeltaBytes                        = 4194304                                   {product} {ergonomic}
   size_t MinHeapSize                              = 8388608                                   {product} {ergonomic}
    uintx NonProfiledCodeHeapSize                  = 0                                      {pd product} {ergonomic}
     bool ProfileInterpreter                       = false                                  {pd product} {command line}
    uintx ProfiledCodeHeapSize                     = 0                                      {pd product} {ergonomic}
   size_t SoftMaxHeapSize                          = 5200936960                             {manageable} {ergonomic}
     intx TieredStopAtLevel                        = 1                                         {product} {command line}
     bool UseCompressedClassPointers               = true                           {product lp64_product} {ergonomic}
     bool UseCompressedOops                        = true                           {product lp64_product} {ergonomic}
     bool UseG1GC                                  = true                                      {product} {ergonomic}
     bool UseLargePagesIndividualAllocation        = false                                  {pd product} {ergonomic}

Logging:
Log output configuration:
 #0: stdout all=warning uptime,level,tags
 #1: stderr all=off uptime,level,tags

Environment Variables:
JAVA_HOME=C:\Program Files\Java\jdk1.8.0_261
CLASSPATH=C:\Program Files\Java\jdk1.8.0_261\jre
PATH=C:\db_home\bin;C:\Program Files (x86)\Microsoft SDKs\Azure\CLI2\wbin;C:\Program Files\Java\jdk1.8.0_261\bin;C:\Program Files (x86)\Common Files\Oracle\Java\javapath;C:\Program Files\Common Files\Oracle\Java\javapath;C:\WINDOWS\system32;C:\WINDOWS;C:\WINDOWS\System32\Wbem;C:\WINDOWS\System32\WindowsPowerShell\v1.0\;C:\WINDOWS\System32\OpenSSH\;C:\Program Files\Java\jdk-11.0.10;C:\maven\apache-maven-3.6.3\bin;%M2_HOME%\bin;C:\xampp\php;C:\sonar-scanner-4.5.0.2216-windows\bin;C:\Program Files\PuTTY\;C:\Program Files\nodejs\;C:\Program Files\Git\cmd;C:\Program Files\Docker\Docker\resources\bin;C:\ProgramData\DockerDesktop\version-bin;C:\ProgramData\ComposerSetup\bin;C:\Users\LENOVO\.windows-build-tools\python27\;C:\Users\LENOVO\AppData\Roaming\npm\node_modules\windows-build-tools\node_modules\.bin;C:\Users\LENOVO\AppData\Roaming\npm\node_modules\node_modules\.bin;C:\Users\LENOVO\AppData\Roaming\npm\node_modules\.bin;C:\Users\LENOVO\AppData\Roaming\node_modules\.bin;C:\Users\LENOVO\AppData\node_modules\.bin;C:\Users\LENOVO\node_modules\.bin;C:\Users\node_modules\.bin;C:\node_modules\.bin;C:\Users\LENOVO\AppData\Roaming\npm\node_modules\npm\node_modules\@npmcli\run-script\lib\node-gyp-bin;C:\db_home\bin;C:\Program Files (x86)\Microsoft SDKs\Azure\CLI2\wbin;C:\Program Files\Java\jdk1.8.0_261\bin;C:\Program Files (x86)\Common Files\Oracle\Java\javapath;C:\Program Files\Common Files\Oracle\Java\javapath;C:\WINDOWS\system32;C:\WINDOWS;C:\WINDOWS\System32\Wbem;C:\WINDOWS\System32\WindowsPowerShell\v1.0\;C:\WINDOWS\System32\OpenSSH\;C:\Program Files\Java\jdk-11.0.10;C:\maven\apache-maven-3.6.3\bin;%M2_HOME%\bin;C:\xampp\php;C:\ProgramData\ComposerSetup\bin;C:\sonar-scanner-4.5.0.2216-windows\bin;C:\Program Files\PuTTY\;C:\Program Files\nodejs\;C:\Program Files\Git\cmd;C:\Program Files\Docker\Docker\resources\bin;C:\ProgramData\DockerDesktop\version-bin;C:\Users\LENOVO\AppData\Local\Microsoft\WindowsApps;C:\Users\LENOVO\AppData\Local\Programs\Microsoft VS Code\bin;C:\Users\LEN
USERNAME=LENOVO
OS=Windows_NT
PROCESSOR_IDENTIFIER=AMD64 Family 23 Model 96 Stepping 1, AuthenticAMD



---------------  S Y S T E M  ---------------

OS:
 Windows 11 , 64 bit Build 22000 (10.0.22000.708)
OS uptime: 12 days 22:15 hours
Hyper-V role detected

CPU: total 8 (initial active 8) (8 cores per cpu, 1 threads per core) family 23 model 96 stepping 1 microcode 0x0, cx8, cmov, fxsr, mmx, 3dnowpref, sse, sse2, sse3, ssse3, sse4a, sse4.1, sse4.2, popcnt, lzcnt, tsc, tscinvbit, avx, avx2, aes, clmul, bmi1, bmi2, adx, sha, fma, vzeroupper, clflush, clflushopt, hv

Memory: 4k page, system-wide physical 19830M (851M free)
TotalPageFile size 50547M (AvailPageFile size 134M)
current process WorkingSet (physical memory assigned to process): 499M, peak: 499M
current process commit charge ("private bytes"): 525M, peak: 937M

vm_info: OpenJDK 64-Bit Server VM (17.0.3+7) for windows-amd64 JRE (17.0.3+7), built on Apr 19 2022 16:55:35 by "" with MS VC++ 16.7 (VS2019)

END.
